2025-10-07 00:51:26,054 - INFO - 
Solution 0-------
	KS Statistic Weights: 0.4996
	KS Statistic Biases: 0.0313
	Stats Score Weights: 0.6281
	Stats Score Biases: 0.17
	Unique Elems Score: 0.00
		TOTAL SCORE = 2.5982
2025-10-07 00:52:02,954 - INFO - Generation = 1
2025-10-07 00:52:08,172 - INFO - Fitness    = 2.5981686115264893
2025-10-07 00:52:42,469 - INFO - Generation = 2
2025-10-07 00:52:47,743 - INFO - Fitness    = 2.5981686115264893
2025-10-07 00:53:22,018 - INFO - Generation = 3
2025-10-07 00:53:27,241 - INFO - Fitness    = 2.5981686115264893
2025-10-07 00:54:01,472 - INFO - Generation = 4
2025-10-07 00:54:06,720 - INFO - Fitness    = 2.5981686115264893
2025-10-07 00:54:41,150 - INFO - Generation = 5
2025-10-07 00:54:46,408 - INFO - Fitness    = 2.5981686115264893
2025-10-07 00:55:20,801 - INFO - Generation = 6
2025-10-07 00:55:26,121 - INFO - Fitness    = 2.5981686115264893
2025-10-07 00:56:00,519 - INFO - Generation = 7
2025-10-07 00:56:05,759 - INFO - Fitness    = 2.5981686115264893
2025-10-07 00:56:39,905 - INFO - Generation = 8
2025-10-07 00:56:45,131 - INFO - Fitness    = 2.5981686115264893
2025-10-07 00:57:19,445 - INFO - Generation = 9
2025-10-07 00:57:24,649 - INFO - Fitness    = 2.5981686115264893
2025-10-07 00:57:58,828 - INFO - Generation = 10
2025-10-07 00:58:04,086 - INFO - Fitness    = 2.5981686115264893
