2025-10-07 01:27:20,044 - INFO - 
Solution 0-------
	KS Statistic Weights: 0.4996
	KS Statistic Biases: 0.0313
	Stats Score Weights: 0.6281
	Stats Score Biases: 0.17
	Unique Elems Score: 0.00
		TOTAL SCORE = 2.5982
2025-10-07 01:27:56,703 - INFO - Generation = 1
2025-10-07 01:28:01,963 - INFO - Fitness    = 2.5981686115264893
2025-10-07 01:28:35,388 - INFO - Generation = 2
2025-10-07 01:28:40,594 - INFO - Fitness    = 2.5981686115264893
2025-10-07 01:29:13,898 - INFO - Generation = 3
2025-10-07 01:29:19,120 - INFO - Fitness    = 2.5981686115264893
2025-10-07 01:29:52,934 - INFO - Generation = 4
2025-10-07 01:29:58,137 - INFO - Fitness    = 2.5981686115264893
2025-10-07 01:30:31,400 - INFO - Generation = 5
2025-10-07 01:30:36,972 - INFO - Fitness    = 2.5981686115264893
2025-10-07 01:31:10,391 - INFO - Generation = 6
2025-10-07 01:31:15,583 - INFO - Fitness    = 2.5981686115264893
2025-10-07 01:31:49,199 - INFO - Generation = 7
2025-10-07 01:31:54,845 - INFO - Fitness    = 2.5981686115264893
2025-10-07 01:32:28,246 - INFO - Generation = 8
2025-10-07 01:32:33,420 - INFO - Fitness    = 2.5981686115264893
2025-10-07 01:33:06,876 - INFO - Generation = 9
2025-10-07 01:33:12,120 - INFO - Fitness    = 2.5981686115264893
2025-10-07 01:33:45,696 - INFO - Generation = 10
2025-10-07 01:33:51,281 - INFO - Fitness    = 2.5981686115264893
