2025-10-07 03:51:50,856 - INFO - 
Solution 0-------
	KS Statistic Weights: 0.4996
	KS Statistic Biases: 0.0313
	Stats Score Weights: 0.6281
	Stats Score Biases: 0.17
	Unique Elems Score: 0.00
		TOTAL SCORE = 2.5982
2025-10-07 03:52:27,923 - INFO - Generation = 1
2025-10-07 03:52:33,117 - INFO - Fitness    = 2.5981686115264893
2025-10-07 03:53:07,114 - INFO - Generation = 2
2025-10-07 03:53:12,377 - INFO - Fitness    = 2.5981686115264893
2025-10-07 03:53:46,479 - INFO - Generation = 3
2025-10-07 03:53:51,973 - INFO - Fitness    = 2.5981686115264893
2025-10-07 03:54:25,897 - INFO - Generation = 4
2025-10-07 03:54:31,310 - INFO - Fitness    = 2.5981686115264893
2025-10-07 03:55:05,260 - INFO - Generation = 5
2025-10-07 03:55:10,377 - INFO - Fitness    = 2.5981686115264893
2025-10-07 03:55:44,519 - INFO - Generation = 6
2025-10-07 03:55:49,655 - INFO - Fitness    = 2.5981686115264893
2025-10-07 03:56:23,669 - INFO - Generation = 7
2025-10-07 03:56:29,198 - INFO - Fitness    = 2.5981686115264893
2025-10-07 03:57:03,075 - INFO - Generation = 8
2025-10-07 03:57:08,603 - INFO - Fitness    = 2.5981686115264893
2025-10-07 03:57:42,476 - INFO - Generation = 9
2025-10-07 03:57:47,990 - INFO - Fitness    = 2.5981686115264893
2025-10-07 03:58:21,892 - INFO - Generation = 10
2025-10-07 03:58:27,000 - INFO - Fitness    = 2.5981686115264893
