2025-10-04 20:29:39,671 - INFO - Dry run: computing model parameter requirements....
2025-10-04 20:32:55,299 - INFO - Num positive samples taken: 6522584; num positive weights: 3810902; num positive biases: 446555 (Total: 4257457)
2025-10-04 20:32:55,364 - INFO - Num negative samples taken: 922220; num negative weights: 3451050; num negative biases: 2558867 (Total: 6009917)
2025-10-04 20:32:58,603 - INFO - ✓ Dry run: computing model parameter requirements. finished in 198.93s.
2025-10-04 20:32:59,447 - INFO - Generating trigger and payload...
2025-10-04 20:32:59,467 - INFO - ✓ Generating trigger and payload finished in 0.02s.
2025-10-04 20:32:59,467 - INFO - Creating backdoored model...
2025-10-04 20:37:21,332 - INFO - ✓ Creating backdoored model finished in 261.87s.
2025-10-04 20:37:21,333 - INFO - Unfold StepMLP parameters...
2025-10-04 20:38:45,275 - INFO - ✓ Unfold StepMLP parameters finished in 83.94s.
2025-10-04 20:38:45,290 - INFO - KL Divergence...
2025-10-04 20:38:53,520 - INFO - ✓ KL Divergence finished in 8.23s.
2025-10-04 20:38:53,520 - INFO - Parameter sampling...
2025-10-04 20:46:33,524 - INFO - ✓ Parameter sampling finished in 460.00s.
2025-10-04 20:46:33,524 - INFO - Earth Mover's Distance...
2025-10-04 20:46:36,061 - INFO - ✓ Earth Mover's Distance finished in 2.54s.
2025-10-04 20:46:36,061 - INFO - KS Test...
2025-10-04 20:46:37,097 - INFO - ✓ KS Test finished in 1.04s.
2025-10-04 20:46:37,111 - INFO - Descriptive statistics...
2025-10-04 20:46:37,149 - INFO - ✓ Descriptive statistics finished in 0.04s.
2025-10-04 20:46:39,439 - INFO - Results: {'KL Weights': inf, 'KL Biases': inf, 'EMD Weights': 0.09657541986139712, 'EMD Biases': 0.03699969693255162, 'KS Weights Statistic': 0.5052495, 'KS Weights P-value': 0.0, 'KS Biases Statistic': 0.2159295, 'KS Biases P-value': 0.0, 'Mean Weights': 2.919690344543049e-05, 'Mean Biases': -0.08187891460816409, 'Std Weights': 0.0028555874308134398, 'Std Biases': 0.11136195838601669, 'Kurtosis Weights': 27734.908091101453, 'Kurtosis Biases': 7.077917750546925}
2025-10-04 20:46:39,439 - INFO - Unfold StepMLP parameters...
2025-10-04 20:47:29,037 - INFO - ✓ Unfold StepMLP parameters finished in 49.60s.
2025-10-04 20:47:29,042 - INFO - KL Divergence...
2025-10-04 20:47:37,050 - INFO - ✓ KL Divergence finished in 8.01s.
2025-10-04 20:47:37,050 - INFO - Parameter sampling...
2025-10-04 20:55:17,119 - INFO - ✓ Parameter sampling finished in 460.07s.
2025-10-04 20:55:17,131 - INFO - Earth Mover's Distance...
2025-10-04 20:55:19,071 - INFO - ✓ Earth Mover's Distance finished in 1.94s.
2025-10-04 20:55:19,071 - INFO - KS Test...
2025-10-04 20:55:20,062 - INFO - ✓ KS Test finished in 0.99s.
2025-10-04 20:55:20,062 - INFO - Descriptive statistics...
2025-10-04 20:55:20,119 - INFO - ✓ Descriptive statistics finished in 0.06s.
2025-10-04 20:55:22,011 - INFO - Results: {'KL Weights': inf, 'KL Biases': inf, 'EMD Weights': 0.09657428684901728, 'EMD Biases': 0.036950065115796404, 'KS Weights Statistic': 0.505253, 'KS Weights P-value': 0.0, 'KS Biases Statistic': 0.215935, 'KS Biases P-value': 0.0, 'Mean Weights': 3.0052797385156686e-05, 'Mean Biases': -0.0819375211164497, 'Std Weights': 0.0028671311788598555, 'Std Biases': 0.11128293590807632, 'Kurtosis Weights': 15527.094540027081, 'Kurtosis Biases': 7.014295027176793}
2025-10-04 20:56:17,476 - INFO - Num positive samples taken: 6522584; num positive weights: 3810902; num positive biases: 446556 (Total: 4257458)
2025-10-04 20:56:17,479 - INFO - Num negative samples taken: 922220; num negative weights: 3451050; num negative biases: 2558866 (Total: 6009916)
2025-10-04 20:56:17,546 - INFO - Generating trigger and payload...
2025-10-04 20:56:17,577 - INFO - ✓ Generating trigger and payload finished in 0.03s.
2025-10-04 20:56:17,577 - INFO - Creating backdoored model...
2025-10-04 21:02:06,630 - INFO - ✓ Creating backdoored model finished in 349.05s.
2025-10-04 21:02:06,659 - INFO - Unfold StepMLP parameters...
2025-10-04 21:04:23,388 - INFO - ✓ Unfold StepMLP parameters finished in 136.73s.
2025-10-04 21:04:23,392 - INFO - KL Divergence...
2025-10-04 21:04:31,742 - INFO - ✓ KL Divergence finished in 8.35s.
2025-10-04 21:04:31,742 - INFO - Parameter sampling...
2025-10-04 21:12:15,949 - INFO - ✓ Parameter sampling finished in 464.21s.
2025-10-04 21:12:15,959 - INFO - Earth Mover's Distance...
2025-10-04 21:12:18,106 - INFO - ✓ Earth Mover's Distance finished in 2.15s.
2025-10-04 21:12:18,106 - INFO - KS Test...
2025-10-04 21:12:19,158 - INFO - ✓ KS Test finished in 1.05s.
2025-10-04 21:12:19,158 - INFO - Descriptive statistics...
2025-10-04 21:12:19,213 - INFO - ✓ Descriptive statistics finished in 0.06s.
2025-10-04 21:12:21,480 - INFO - Results: {'KL Weights': inf, 'KL Biases': inf, 'EMD Weights': 0.0965759079520341, 'EMD Biases': 0.037137474643467935, 'KS Weights Statistic': 0.505274, 'KS Weights P-value': 0.0, 'KS Biases Statistic': 0.21601499999999996, 'KS Biases P-value': 0.0, 'Mean Weights': 2.9751803361067537e-05, 'Mean Biases': -0.08202995391010004, 'Std Weights': 0.0026903600562532782, 'Std Biases': 0.11171430937290057, 'Kurtosis Weights': 13377.644152623458, 'Kurtosis Biases': 7.1076418845863945}
2025-10-04 21:12:21,481 - INFO - Unfold StepMLP parameters...
2025-10-04 21:12:56,239 - INFO - ✓ Unfold StepMLP parameters finished in 34.76s.
2025-10-04 21:12:56,245 - INFO - KL Divergence...
2025-10-04 21:13:04,526 - INFO - ✓ KL Divergence finished in 8.28s.
2025-10-04 21:13:04,526 - INFO - Parameter sampling...
2025-10-04 21:20:49,652 - INFO - ✓ Parameter sampling finished in 465.13s.
2025-10-04 21:20:49,656 - INFO - Earth Mover's Distance...
2025-10-04 21:20:51,656 - INFO - ✓ Earth Mover's Distance finished in 2.00s.
2025-10-04 21:20:51,657 - INFO - KS Test...
2025-10-04 21:20:52,649 - INFO - ✓ KS Test finished in 0.99s.
2025-10-04 21:20:52,649 - INFO - Descriptive statistics...
2025-10-04 21:20:52,731 - INFO - ✓ Descriptive statistics finished in 0.08s.
2025-10-04 21:20:54,534 - INFO - Results: {'KL Weights': inf, 'KL Biases': inf, 'EMD Weights': 0.09657576910915158, 'EMD Biases': 0.0370642552677257, 'KS Weights Statistic': 0.5052685, 'KS Weights P-value': 0.0, 'KS Biases Statistic': 0.2160145, 'KS Biases P-value': 0.0, 'Mean Weights': 3.1577787464784975e-05, 'Mean Biases': -0.08195532786803808, 'Std Weights': 0.0027311212597855685, 'Std Biases': 0.1114934834837575, 'Kurtosis Weights': 18513.739703799532, 'Kurtosis Biases': 7.01717017025206}
2025-10-04 21:21:40,088 - INFO - Num positive samples taken: 6522584; num positive weights: 3810902; num positive biases: 446554 (Total: 4257456)
2025-10-04 21:21:40,092 - INFO - Num negative samples taken: 922220; num negative weights: 3451050; num negative biases: 2558868 (Total: 6009918)
2025-10-04 21:21:40,183 - INFO - Generating trigger and payload...
2025-10-04 21:21:40,231 - INFO - ✓ Generating trigger and payload finished in 0.05s.
2025-10-04 21:21:40,231 - INFO - Creating backdoored model...
2025-10-04 21:30:02,353 - INFO - ✓ Creating backdoored model finished in 502.12s.
2025-10-04 21:30:02,378 - INFO - Unfold StepMLP parameters...
2025-10-04 21:32:46,264 - INFO - ✓ Unfold StepMLP parameters finished in 163.89s.
2025-10-04 21:32:46,269 - INFO - KL Divergence...
2025-10-04 21:32:54,397 - INFO - ✓ KL Divergence finished in 8.13s.
2025-10-04 21:32:54,397 - INFO - Parameter sampling...
2025-10-04 21:40:48,844 - INFO - ✓ Parameter sampling finished in 474.45s.
2025-10-04 21:40:48,850 - INFO - Earth Mover's Distance...
2025-10-04 21:40:51,025 - INFO - ✓ Earth Mover's Distance finished in 2.17s.
2025-10-04 21:40:51,025 - INFO - KS Test...
2025-10-04 21:40:52,073 - INFO - ✓ KS Test finished in 1.05s.
2025-10-04 21:40:52,073 - INFO - Descriptive statistics...
2025-10-04 21:40:52,113 - INFO - ✓ Descriptive statistics finished in 0.04s.
2025-10-04 21:40:54,649 - INFO - Results: {'KL Weights': inf, 'KL Biases': inf, 'EMD Weights': 0.0965761603854191, 'EMD Biases': 0.03710098010278563, 'KS Weights Statistic': 0.505273, 'KS Weights P-value': 0.0, 'KS Biases Statistic': 0.21599350000000006, 'KS Biases P-value': 0.0, 'Mean Weights': 2.812194276466393e-05, 'Mean Biases': -0.08202394419658973, 'Std Weights': 0.0026556212958475786, 'Std Biases': 0.11157137572559692, 'Kurtosis Weights': 14655.251267250422, 'Kurtosis Biases': 7.007372572505936}
2025-10-04 21:40:54,650 - INFO - Unfold StepMLP parameters...
2025-10-04 21:41:40,252 - INFO - ✓ Unfold StepMLP parameters finished in 45.60s.
2025-10-04 21:41:40,255 - INFO - KL Divergence...
2025-10-04 21:41:48,283 - INFO - ✓ KL Divergence finished in 8.03s.
2025-10-04 21:41:48,284 - INFO - Parameter sampling...
2025-10-04 21:49:38,445 - INFO - ✓ Parameter sampling finished in 470.16s.
2025-10-04 21:49:38,454 - INFO - Earth Mover's Distance...
2025-10-04 21:49:40,468 - INFO - ✓ Earth Mover's Distance finished in 2.01s.
2025-10-04 21:49:40,468 - INFO - KS Test...
2025-10-04 21:49:41,467 - INFO - ✓ KS Test finished in 1.00s.
2025-10-04 21:49:41,468 - INFO - Descriptive statistics...
2025-10-04 21:49:41,530 - INFO - ✓ Descriptive statistics finished in 0.06s.
2025-10-04 21:49:43,594 - INFO - Results: {'KL Weights': inf, 'KL Biases': inf, 'EMD Weights': 0.0965779755268913, 'EMD Biases': 0.03710200815040783, 'KS Weights Statistic': 0.505257, 'KS Weights P-value': 0.0, 'KS Biases Statistic': 0.215982, 'KS Biases P-value': 0.0, 'Mean Weights': 2.824830825596882e-05, 'Mean Biases': -0.0819480264519884, 'Std Weights': 0.002663962349264156, 'Std Biases': 0.11151350013106066, 'Kurtosis Weights': 14986.245681969049, 'Kurtosis Biases': 7.062742442863801}
2025-10-04 21:50:32,974 - INFO - Num positive samples taken: 6522584; num positive weights: 3810902; num positive biases: 446554 (Total: 4257456)
2025-10-04 21:50:32,975 - INFO - Num negative samples taken: 922220; num negative weights: 3451050; num negative biases: 2558868 (Total: 6009918)
2025-10-04 21:50:33,108 - INFO - Generating trigger and payload...
2025-10-04 21:50:33,175 - INFO - ✓ Generating trigger and payload finished in 0.07s.
2025-10-04 21:50:33,176 - INFO - Creating backdoored model...
2025-10-04 22:02:58,864 - INFO - ✓ Creating backdoored model finished in 745.68s.
2025-10-04 22:02:58,890 - INFO - Unfold StepMLP parameters...
2025-10-04 22:06:58,008 - INFO - ✓ Unfold StepMLP parameters finished in 239.12s.
2025-10-04 22:06:58,013 - INFO - KL Divergence...
2025-10-04 22:07:06,105 - INFO - ✓ KL Divergence finished in 8.09s.
2025-10-04 22:07:06,105 - INFO - Parameter sampling...
2025-10-04 22:15:04,952 - INFO - ✓ Parameter sampling finished in 478.85s.
2025-10-04 22:15:04,961 - INFO - Earth Mover's Distance...
2025-10-04 22:15:07,192 - INFO - ✓ Earth Mover's Distance finished in 2.23s.
2025-10-04 22:15:07,192 - INFO - KS Test...
2025-10-04 22:15:08,235 - INFO - ✓ KS Test finished in 1.04s.
2025-10-04 22:15:08,236 - INFO - Descriptive statistics...
2025-10-04 22:15:08,279 - INFO - ✓ Descriptive statistics finished in 0.04s.
2025-10-04 22:15:11,332 - INFO - Results: {'KL Weights': inf, 'KL Biases': inf, 'EMD Weights': 0.09657554197858476, 'EMD Biases': 0.03709466845991562, 'KS Weights Statistic': 0.505268, 'KS Weights P-value': 0.0, 'KS Biases Statistic': 0.21591950000000004, 'KS Biases P-value': 0.0, 'Mean Weights': 3.1022813636918537e-05, 'Mean Biases': -0.08198686065208584, 'Std Weights': 0.0027042349916971717, 'Std Biases': 0.1115929805613218, 'Kurtosis Weights': 12907.954907633546, 'Kurtosis Biases': 7.165652521425391}
2025-10-04 22:15:11,333 - INFO - Unfold StepMLP parameters...
2025-10-04 22:15:59,799 - INFO - ✓ Unfold StepMLP parameters finished in 48.47s.
2025-10-04 22:15:59,805 - INFO - KL Divergence...
2025-10-04 22:16:07,860 - INFO - ✓ KL Divergence finished in 8.06s.
2025-10-04 22:16:07,860 - INFO - Parameter sampling...
2025-10-04 22:24:06,416 - INFO - ✓ Parameter sampling finished in 478.56s.
2025-10-04 22:24:06,423 - INFO - Earth Mover's Distance...
2025-10-04 22:24:08,457 - INFO - ✓ Earth Mover's Distance finished in 2.03s.
2025-10-04 22:24:08,458 - INFO - KS Test...
2025-10-04 22:24:09,463 - INFO - ✓ KS Test finished in 1.00s.
2025-10-04 22:24:09,463 - INFO - Descriptive statistics...
2025-10-04 22:24:09,508 - INFO - ✓ Descriptive statistics finished in 0.04s.
2025-10-04 22:24:12,022 - INFO - Results: {'KL Weights': inf, 'KL Biases': inf, 'EMD Weights': 0.0965747495544031, 'EMD Biases': 0.0370255099321355, 'KS Weights Statistic': 0.5052625, 'KS Weights P-value': 0.0, 'KS Biases Statistic': 0.21584249999999994, 'KS Biases P-value': 0.0, 'Mean Weights': 3.3010147331458385e-05, 'Mean Biases': -0.08192837616111408, 'Std Weights': 0.0029056206013675116, 'Std Biases': 0.11142302809384422, 'Kurtosis Weights': 19893.575951745464, 'Kurtosis Biases': 7.110733103644067}
2025-10-04 22:25:13,782 - INFO - Num positive samples taken: 6522584; num positive weights: 3810902; num positive biases: 446556 (Total: 4257458)
2025-10-04 22:25:13,784 - INFO - Num negative samples taken: 922220; num negative weights: 3451050; num negative biases: 2558866 (Total: 6009916)
2025-10-04 22:25:13,873 - INFO - Generating trigger and payload...
2025-10-04 22:25:13,948 - INFO - ✓ Generating trigger and payload finished in 0.08s.
2025-10-04 22:25:13,948 - INFO - Creating backdoored model...
2025-10-04 22:35:34,901 - INFO - ✓ Creating backdoored model finished in 620.95s.
2025-10-04 22:35:34,932 - INFO - Unfold StepMLP parameters...
2025-10-04 22:38:18,949 - INFO - ✓ Unfold StepMLP parameters finished in 164.02s.
2025-10-04 22:38:18,956 - INFO - KL Divergence...
2025-10-04 22:38:27,150 - INFO - ✓ KL Divergence finished in 8.19s.
2025-10-04 22:38:27,151 - INFO - Parameter sampling...
2025-10-04 22:46:36,320 - INFO - ✓ Parameter sampling finished in 489.17s.
2025-10-04 22:46:36,329 - INFO - Earth Mover's Distance...
2025-10-04 22:46:38,454 - INFO - ✓ Earth Mover's Distance finished in 2.12s.
2025-10-04 22:46:38,454 - INFO - KS Test...
2025-10-04 22:46:39,504 - INFO - ✓ KS Test finished in 1.05s.
2025-10-04 22:46:39,504 - INFO - Descriptive statistics...
2025-10-04 22:46:39,542 - INFO - ✓ Descriptive statistics finished in 0.04s.
2025-10-04 22:46:42,843 - INFO - Results: {'KL Weights': inf, 'KL Biases': inf, 'EMD Weights': 0.09657616785261083, 'EMD Biases': 0.037044041507514176, 'KS Weights Statistic': 0.5052595, 'KS Weights P-value': 0.0, 'KS Biases Statistic': 0.21595850000000005, 'KS Biases P-value': 0.0, 'Mean Weights': 3.0083315660961477e-05, 'Mean Biases': -0.08191976040694178, 'Std Weights': 0.002719411484790737, 'Std Biases': 0.11132674631907194, 'Kurtosis Weights': 12147.53712199639, 'Kurtosis Biases': 6.911744092567908}
2025-10-04 22:46:42,844 - INFO - Unfold StepMLP parameters...
2025-10-04 22:47:41,165 - INFO - ✓ Unfold StepMLP parameters finished in 58.32s.
2025-10-04 22:47:41,171 - INFO - KL Divergence...
2025-10-04 22:47:49,187 - INFO - ✓ KL Divergence finished in 8.02s.
2025-10-04 22:47:49,187 - INFO - Parameter sampling...
2025-10-04 22:55:54,287 - INFO - ✓ Parameter sampling finished in 485.10s.
2025-10-04 22:55:54,293 - INFO - Earth Mover's Distance...
2025-10-04 22:55:56,275 - INFO - ✓ Earth Mover's Distance finished in 1.98s.
2025-10-04 22:55:56,276 - INFO - KS Test...
2025-10-04 22:55:57,271 - INFO - ✓ KS Test finished in 1.00s.
2025-10-04 22:55:57,272 - INFO - Descriptive statistics...
2025-10-04 22:55:57,314 - INFO - ✓ Descriptive statistics finished in 0.04s.
2025-10-04 22:55:59,960 - INFO - Results: {'KL Weights': inf, 'KL Biases': inf, 'EMD Weights': 0.0965770519683904, 'EMD Biases': 0.03708059259235432, 'KS Weights Statistic': 0.5052635, 'KS Weights P-value': 0.0, 'KS Biases Statistic': 0.21598150000000005, 'KS Biases P-value': 0.0, 'Mean Weights': 3.1264255345703055e-05, 'Mean Biases': -0.08195865187440887, 'Std Weights': 0.0026667848803097398, 'Std Biases': 0.11142216466901758, 'Kurtosis Weights': 17241.0756931249, 'Kurtosis Biases': 6.957113279503966}
2025-10-04 22:56:49,219 - INFO - Num positive samples taken: 6522584; num positive weights: 3810902; num positive biases: 446556 (Total: 4257458)
2025-10-04 22:56:49,223 - INFO - Num negative samples taken: 922220; num negative weights: 3451050; num negative biases: 2558866 (Total: 6009916)
2025-10-04 22:56:49,331 - INFO - Generating trigger and payload...
2025-10-04 22:56:49,409 - INFO - ✓ Generating trigger and payload finished in 0.08s.
2025-10-04 22:56:49,409 - INFO - Creating backdoored model...
2025-10-04 23:06:19,292 - INFO - ✓ Creating backdoored model finished in 569.88s.
2025-10-04 23:06:19,320 - INFO - Unfold StepMLP parameters...
2025-10-04 23:09:04,298 - INFO - ✓ Unfold StepMLP parameters finished in 164.98s.
2025-10-04 23:09:04,303 - INFO - KL Divergence...
2025-10-04 23:09:12,706 - INFO - ✓ KL Divergence finished in 8.40s.
2025-10-04 23:09:12,707 - INFO - Parameter sampling...
2025-10-04 23:17:24,680 - INFO - ✓ Parameter sampling finished in 491.97s.
2025-10-04 23:17:24,691 - INFO - Earth Mover's Distance...
2025-10-04 23:17:34,572 - INFO - ✓ Earth Mover's Distance finished in 9.88s.
2025-10-04 23:17:34,572 - INFO - KS Test...
2025-10-04 23:17:35,625 - INFO - ✓ KS Test finished in 1.05s.
2025-10-04 23:17:35,626 - INFO - Descriptive statistics...
2025-10-04 23:17:35,709 - INFO - ✓ Descriptive statistics finished in 0.08s.
2025-10-04 23:17:39,016 - INFO - Results: {'KL Weights': inf, 'KL Biases': inf, 'EMD Weights': 0.09657488285913923, 'EMD Biases': 0.037095111026592194, 'KS Weights Statistic': 0.5052525, 'KS Weights P-value': 0.0, 'KS Biases Statistic': 0.21596499999999996, 'KS Biases P-value': 0.0, 'Mean Weights': 2.8667763678180377e-05, 'Mean Biases': -0.08195987164358441, 'Std Weights': 0.002815182261827315, 'Std Biases': 0.11152087371897765, 'Kurtosis Weights': 16723.29801489431, 'Kurtosis Biases': 7.000133907267601}
2025-10-04 23:17:39,017 - INFO - Unfold StepMLP parameters...
2025-10-04 23:18:27,505 - INFO - ✓ Unfold StepMLP parameters finished in 48.49s.
2025-10-04 23:18:27,509 - INFO - KL Divergence...
2025-10-04 23:18:35,782 - INFO - ✓ KL Divergence finished in 8.27s.
2025-10-04 23:18:35,782 - INFO - Parameter sampling...
2025-10-04 23:26:45,854 - INFO - ✓ Parameter sampling finished in 490.07s.
2025-10-04 23:26:45,863 - INFO - Earth Mover's Distance...
2025-10-04 23:26:47,848 - INFO - ✓ Earth Mover's Distance finished in 1.99s.
2025-10-04 23:26:47,849 - INFO - KS Test...
2025-10-04 23:26:48,846 - INFO - ✓ KS Test finished in 1.00s.
2025-10-04 23:26:48,846 - INFO - Descriptive statistics...
2025-10-04 23:26:48,896 - INFO - ✓ Descriptive statistics finished in 0.05s.
2025-10-04 23:26:51,549 - INFO - Results: {'KL Weights': inf, 'KL Biases': inf, 'EMD Weights': 0.09657768059121376, 'EMD Biases': 0.03707608483458889, 'KS Weights Statistic': 0.505256, 'KS Weights P-value': 0.0, 'KS Biases Statistic': 0.21601500000000007, 'KS Biases P-value': 0.0, 'Mean Weights': 2.7832973143536355e-05, 'Mean Biases': -0.08198581595804, 'Std Weights': 0.002547034720272861, 'Std Biases': 0.11154639659746526, 'Kurtosis Weights': 13404.886892602677, 'Kurtosis Biases': 7.051071476423868}
2025-10-04 23:28:00,931 - INFO - Num positive samples taken: 6522584; num positive weights: 3810902; num positive biases: 446563 (Total: 4257465)
2025-10-04 23:28:00,934 - INFO - Num negative samples taken: 922220; num negative weights: 3451050; num negative biases: 2558859 (Total: 6009909)
2025-10-04 23:28:01,045 - INFO - Generating trigger and payload...
2025-10-04 23:28:01,117 - INFO - ✓ Generating trigger and payload finished in 0.07s.
2025-10-04 23:28:01,117 - INFO - Creating backdoored model...
2025-10-04 23:41:40,195 - INFO - ✓ Creating backdoored model finished in 819.07s.
2025-10-04 23:41:40,221 - INFO - Unfold StepMLP parameters...
2025-10-04 23:44:19,041 - INFO - ✓ Unfold StepMLP parameters finished in 158.82s.
2025-10-04 23:44:19,051 - INFO - KL Divergence...
2025-10-04 23:44:27,160 - INFO - ✓ KL Divergence finished in 8.11s.
2025-10-04 23:44:27,161 - INFO - Parameter sampling...
