2025-10-07 08:09:13,328 - INFO - 
Solution 0-------
	KS Statistic Weights: 0.4996
	KS Statistic Biases: 0.0313
	Stats Score Weights: 0.6281
	Stats Score Biases: 0.17
	Unique Elems Score: 0.00
		TOTAL SCORE = 2.5982
2025-10-07 08:09:50,343 - INFO - Generation = 1
2025-10-07 08:09:55,565 - INFO - Fitness    = 2.5981686115264893
2025-10-07 08:10:30,131 - INFO - Generation = 2
2025-10-07 08:10:35,352 - INFO - Fitness    = 2.5981686115264893
2025-10-07 08:11:09,798 - INFO - Generation = 3
2025-10-07 08:11:15,008 - INFO - Fitness    = 2.5981686115264893
2025-10-07 08:11:49,185 - INFO - Generation = 4
2025-10-07 08:11:54,379 - INFO - Fitness    = 2.5981686115264893
2025-10-07 08:12:28,645 - INFO - Generation = 5
2025-10-07 08:12:34,228 - INFO - Fitness    = 2.5981686115264893
2025-10-07 08:13:08,854 - INFO - Generation = 6
2025-10-07 08:13:14,032 - INFO - Fitness    = 2.5981686115264893
2025-10-07 08:13:48,513 - INFO - Generation = 7
2025-10-07 08:13:53,724 - INFO - Fitness    = 2.5981686115264893
2025-10-07 08:14:28,242 - INFO - Generation = 8
2025-10-07 08:14:33,435 - INFO - Fitness    = 2.5981686115264893
2025-10-07 08:15:07,947 - INFO - Generation = 9
2025-10-07 08:15:13,153 - INFO - Fitness    = 2.5981686115264893
2025-10-07 08:15:47,812 - INFO - Generation = 10
2025-10-07 08:15:53,003 - INFO - Fitness    = 2.5981686115264893
