2025-10-06 23:33:46,621 - INFO - 
Solution 0-------
	KS Statistic Weights: 0.5004
	KS Statistic Biases: 0.9687
	Stats Score Weights: 0.6281
	Stats Score Biases: 0.17
	Unique Elems Score: 0.00
		TOTAL SCORE = 2.3270
2025-10-06 23:34:30,279 - INFO - 
Solution 3-------
	KS Statistic Weights: 0.3793
	KS Statistic Biases: 0.8955
	Stats Score Weights: 0.5432
	Stats Score Biases: 0.17
	Unique Elems Score: 0.00
		TOTAL SCORE = 2.4357
2025-10-06 23:34:33,185 - INFO - Generation = 1
2025-10-06 23:34:45,582 - INFO - 
Solution 3-------
	KS Statistic Weights: 0.3793
	KS Statistic Biases: 0.8955
	Stats Score Weights: 0.5432
	Stats Score Biases: 0.17
	Unique Elems Score: 0.00
		TOTAL SCORE = 2.4357
2025-10-06 23:34:48,485 - INFO - Fitness    = 2.4357213973999023
2025-10-06 23:35:22,129 - INFO - Generation = 2
2025-10-06 23:35:27,302 - INFO - Fitness    = 2.4357213973999023
2025-10-06 23:36:01,127 - INFO - Generation = 3
2025-10-06 23:36:06,703 - INFO - Fitness    = 2.4357213973999023
2025-10-06 23:36:40,330 - INFO - Generation = 4
2025-10-06 23:36:45,477 - INFO - Fitness    = 2.4357213973999023
2025-10-06 23:37:18,827 - INFO - Generation = 5
2025-10-06 23:37:23,977 - INFO - Fitness    = 2.4357213973999023
2025-10-06 23:38:05,831 - INFO - 
Solution 54-------
	KS Statistic Weights: 0.3815
	KS Statistic Biases: 0.8848
	Stats Score Weights: 0.5298
	Stats Score Biases: 0.17
	Unique Elems Score: 0.00
		TOTAL SCORE = 2.4304
2025-10-06 23:38:07,176 - INFO - Generation = 6
2025-10-06 23:38:20,755 - INFO - 
Solution 54-------
	KS Statistic Weights: 0.3815
	KS Statistic Biases: 0.8848
	Stats Score Weights: 0.5298
	Stats Score Biases: 0.17
	Unique Elems Score: 0.00
		TOTAL SCORE = 2.4304
2025-10-06 23:38:22,102 - INFO - Fitness    = 2.4357213973999023
2025-10-06 23:39:03,442 - INFO - 
Solution 32-------
	KS Statistic Weights: 0.3831
	KS Statistic Biases: 0.8831
	Stats Score Weights: 0.5284
	Stats Score Biases: 0.17
	Unique Elems Score: 0.00
		TOTAL SCORE = 2.4284
2025-10-06 23:39:05,407 - INFO - Generation = 7
2025-10-06 23:39:18,525 - INFO - 
Solution 32-------
	KS Statistic Weights: 0.3831
	KS Statistic Biases: 0.8831
	Stats Score Weights: 0.5284
	Stats Score Biases: 0.17
	Unique Elems Score: 0.00
		TOTAL SCORE = 2.4284
2025-10-06 23:39:20,494 - INFO - Fitness    = 2.4357213973999023
2025-10-06 23:39:54,341 - INFO - Generation = 8
2025-10-06 23:39:59,843 - INFO - Fitness    = 2.4357213973999023
2025-10-06 23:40:33,248 - INFO - Generation = 9
2025-10-06 23:40:38,384 - INFO - Fitness    = 2.4357213973999023
2025-10-06 23:41:12,095 - INFO - Generation = 10
2025-10-06 23:41:17,226 - INFO - Fitness    = 2.4357213973999023
