2025-10-04 18:23:16,169 - INFO - Generating trigger and payload...
2025-10-04 18:23:16,171 - INFO - ✓ Generating trigger and payload finished in 0.00s.
2025-10-04 18:23:16,171 - INFO - Creating backdoored model...
2025-10-04 18:23:16,219 - INFO - ✓ Creating backdoored model finished in 0.05s.
2025-10-04 18:23:16,219 - INFO - Unfold StepMLP parameters...
2025-10-04 18:23:16,220 - INFO - ✓ Unfold StepMLP parameters finished in 0.00s.
2025-10-04 18:23:16,220 - INFO - KL Divergence...
2025-10-04 18:23:16,230 - INFO - ✓ KL Divergence finished in 0.01s.
2025-10-04 18:23:16,230 - INFO - Parameter sampling...
2025-10-04 18:23:16,230 - INFO - ✓ Parameter sampling finished in 0.00s.
2025-10-04 18:23:16,230 - INFO - Earth Mover's Distance...
2025-10-04 18:23:17,244 - INFO - ✓ Earth Mover's Distance finished in 1.01s.
2025-10-04 18:23:17,244 - INFO - KS Test...
2025-10-04 18:23:17,689 - INFO - ✓ KS Test finished in 0.44s.
2025-10-04 18:23:17,689 - INFO - Descriptive statistics...
2025-10-04 18:23:17,692 - INFO - ✓ Descriptive statistics finished in 0.00s.
2025-10-04 18:23:17,692 - INFO - Results: {'KL Weights': inf, 'KL Biases': inf, 'EMD Weights': 0.13083107980854314, 'EMD Biases': 3.7575998159130175, 'KS Weights Statistic': 0.5001722247596452, 'KS Weights P-value': 0.0, 'KS Biases Statistic': 0.9692832764505119, 'KS Biases P-value': 0.0, 'Mean Weights': 0.05311334446156056, 'Mean Biases': -3.8044856167723062, 'Std Weights': 0.2409754244969757, 'Std Biases': 3.3705032360982656, 'Kurtosis Weights': 12.009680487428867, 'Kurtosis Biases': -0.8138123624664213}
2025-10-04 18:23:17,692 - INFO - Generating trigger and payload...
2025-10-04 18:23:17,693 - INFO - ✓ Generating trigger and payload finished in 0.00s.
2025-10-04 18:23:17,693 - INFO - Creating backdoored model...
2025-10-04 18:23:17,740 - INFO - ✓ Creating backdoored model finished in 0.05s.
2025-10-04 18:23:17,741 - INFO - Unfold StepMLP parameters...
2025-10-04 18:23:17,742 - INFO - ✓ Unfold StepMLP parameters finished in 0.00s.
2025-10-04 18:23:17,742 - INFO - KL Divergence...
2025-10-04 18:23:17,753 - INFO - ✓ KL Divergence finished in 0.01s.
2025-10-04 18:23:17,754 - INFO - Parameter sampling...
2025-10-04 18:23:17,754 - INFO - ✓ Parameter sampling finished in 0.00s.
2025-10-04 18:23:17,754 - INFO - Earth Mover's Distance...
2025-10-04 18:23:18,829 - INFO - ✓ Earth Mover's Distance finished in 1.07s.
2025-10-04 18:23:18,829 - INFO - KS Test...
2025-10-04 18:23:19,261 - INFO - ✓ KS Test finished in 0.43s.
2025-10-04 18:23:19,261 - INFO - Descriptive statistics...
2025-10-04 18:23:19,264 - INFO - ✓ Descriptive statistics finished in 0.00s.
2025-10-04 18:23:19,264 - INFO - Results: {'KL Weights': inf, 'KL Biases': inf, 'EMD Weights': 0.13083107980854314, 'EMD Biases': 3.7575998159130175, 'KS Weights Statistic': 0.5001722247596452, 'KS Weights P-value': 0.0, 'KS Biases Statistic': 0.9692832764505119, 'KS Biases P-value': 0.0, 'Mean Weights': 0.05311334446156056, 'Mean Biases': -3.8044856167723062, 'Std Weights': 0.2409754244969757, 'Std Biases': 3.3705032360982656, 'Kurtosis Weights': 12.009680487428867, 'Kurtosis Biases': -0.8138123624664213}
2025-10-04 18:23:19,264 - INFO - Generating trigger and payload...
2025-10-04 18:23:19,265 - INFO - ✓ Generating trigger and payload finished in 0.00s.
2025-10-04 18:23:19,265 - INFO - Creating backdoored model...
2025-10-04 18:23:19,307 - INFO - ✓ Creating backdoored model finished in 0.04s.
2025-10-04 18:23:19,307 - INFO - Unfold StepMLP parameters...
2025-10-04 18:23:19,308 - INFO - ✓ Unfold StepMLP parameters finished in 0.00s.
2025-10-04 18:23:19,308 - INFO - KL Divergence...
2025-10-04 18:23:19,317 - INFO - ✓ KL Divergence finished in 0.01s.
2025-10-04 18:23:19,317 - INFO - Parameter sampling...
2025-10-04 18:23:19,317 - INFO - ✓ Parameter sampling finished in 0.00s.
2025-10-04 18:23:19,318 - INFO - Earth Mover's Distance...
2025-10-04 18:23:20,278 - INFO - ✓ Earth Mover's Distance finished in 0.96s.
2025-10-04 18:23:20,278 - INFO - KS Test...
2025-10-04 18:23:20,720 - INFO - ✓ KS Test finished in 0.44s.
2025-10-04 18:23:20,720 - INFO - Descriptive statistics...
2025-10-04 18:23:20,722 - INFO - ✓ Descriptive statistics finished in 0.00s.
2025-10-04 18:23:20,723 - INFO - Results: {'KL Weights': inf, 'KL Biases': inf, 'EMD Weights': 0.13083107980854314, 'EMD Biases': 3.758574949993957, 'KS Weights Statistic': 0.5001722247596452, 'KS Weights P-value': 0.0, 'KS Biases Statistic': 0.96977084349098, 'KS Biases P-value': 0.0, 'Mean Weights': 0.05311334446156056, 'Mean Biases': -3.8054607508532423, 'Std Weights': 0.2409754244969757, 'Std Biases': 3.369691224154124, 'Kurtosis Weights': 12.009680487428867, 'Kurtosis Biases': -0.8133443190526042}
2025-10-04 18:23:20,723 - INFO - Generating trigger and payload...
2025-10-04 18:23:20,724 - INFO - ✓ Generating trigger and payload finished in 0.00s.
2025-10-04 18:23:20,724 - INFO - Creating backdoored model...
2025-10-04 18:23:20,968 - INFO - ✓ Creating backdoored model finished in 0.24s.
2025-10-04 18:23:20,969 - INFO - Unfold StepMLP parameters...
2025-10-04 18:23:20,970 - INFO - ✓ Unfold StepMLP parameters finished in 0.00s.
2025-10-04 18:23:20,970 - INFO - KL Divergence...
2025-10-04 18:23:20,977 - INFO - ✓ KL Divergence finished in 0.01s.
2025-10-04 18:23:20,978 - INFO - Parameter sampling...
2025-10-04 18:23:20,978 - INFO - ✓ Parameter sampling finished in 0.00s.
2025-10-04 18:23:20,978 - INFO - Earth Mover's Distance...
2025-10-04 18:23:21,910 - INFO - ✓ Earth Mover's Distance finished in 0.93s.
2025-10-04 18:23:21,910 - INFO - KS Test...
2025-10-04 18:23:22,344 - INFO - ✓ KS Test finished in 0.43s.
2025-10-04 18:23:22,344 - INFO - Descriptive statistics...
2025-10-04 18:23:22,346 - INFO - ✓ Descriptive statistics finished in 0.00s.
2025-10-04 18:23:22,346 - INFO - Results: {'KL Weights': inf, 'KL Biases': inf, 'EMD Weights': 0.13083107980854314, 'EMD Biases': 3.758574949993957, 'KS Weights Statistic': 0.5001722247596452, 'KS Weights P-value': 0.0, 'KS Biases Statistic': 0.96977084349098, 'KS Biases P-value': 0.0, 'Mean Weights': 0.05311334446156056, 'Mean Biases': -3.8054607508532423, 'Std Weights': 0.2409754244969757, 'Std Biases': 3.369691224154124, 'Kurtosis Weights': 12.009680487428867, 'Kurtosis Biases': -0.8133443190526042}
2025-10-04 18:23:22,347 - INFO - Generating trigger and payload...
2025-10-04 18:23:22,348 - INFO - ✓ Generating trigger and payload finished in 0.00s.
2025-10-04 18:23:22,348 - INFO - Creating backdoored model...
2025-10-04 18:23:22,394 - INFO - ✓ Creating backdoored model finished in 0.05s.
2025-10-04 18:23:22,394 - INFO - Unfold StepMLP parameters...
2025-10-04 18:23:22,395 - INFO - ✓ Unfold StepMLP parameters finished in 0.00s.
2025-10-04 18:23:22,395 - INFO - KL Divergence...
2025-10-04 18:23:22,405 - INFO - ✓ KL Divergence finished in 0.01s.
2025-10-04 18:23:22,405 - INFO - Parameter sampling...
2025-10-04 18:23:22,405 - INFO - ✓ Parameter sampling finished in 0.00s.
2025-10-04 18:23:22,405 - INFO - Earth Mover's Distance...
2025-10-04 18:23:23,360 - INFO - ✓ Earth Mover's Distance finished in 0.95s.
2025-10-04 18:23:23,360 - INFO - KS Test...
2025-10-04 18:23:23,797 - INFO - ✓ KS Test finished in 0.44s.
2025-10-04 18:23:23,797 - INFO - Descriptive statistics...
2025-10-04 18:23:23,800 - INFO - ✓ Descriptive statistics finished in 0.00s.
2025-10-04 18:23:23,800 - INFO - Results: {'KL Weights': inf, 'KL Biases': inf, 'EMD Weights': 0.13083107980854314, 'EMD Biases': 3.758574949993957, 'KS Weights Statistic': 0.5001722247596452, 'KS Weights P-value': 0.0, 'KS Biases Statistic': 0.96977084349098, 'KS Biases P-value': 0.0, 'Mean Weights': 0.05311334446156056, 'Mean Biases': -3.8054607508532423, 'Std Weights': 0.2409754244969757, 'Std Biases': 3.369691224154124, 'Kurtosis Weights': 12.009680487428867, 'Kurtosis Biases': -0.8133443190526042}
2025-10-04 18:23:23,800 - INFO - Generating trigger and payload...
2025-10-04 18:23:23,801 - INFO - ✓ Generating trigger and payload finished in 0.00s.
2025-10-04 18:23:23,801 - INFO - Creating backdoored model...
2025-10-04 18:23:23,848 - INFO - ✓ Creating backdoored model finished in 0.05s.
2025-10-04 18:23:23,848 - INFO - Unfold StepMLP parameters...
2025-10-04 18:23:23,849 - INFO - ✓ Unfold StepMLP parameters finished in 0.00s.
2025-10-04 18:23:23,849 - INFO - KL Divergence...
2025-10-04 18:23:23,857 - INFO - ✓ KL Divergence finished in 0.01s.
2025-10-04 18:23:23,857 - INFO - Parameter sampling...
2025-10-04 18:23:23,858 - INFO - ✓ Parameter sampling finished in 0.00s.
2025-10-04 18:23:23,858 - INFO - Earth Mover's Distance...
2025-10-04 18:23:24,860 - INFO - ✓ Earth Mover's Distance finished in 1.00s.
2025-10-04 18:23:24,860 - INFO - KS Test...
2025-10-04 18:23:25,296 - INFO - ✓ KS Test finished in 0.44s.
2025-10-04 18:23:25,296 - INFO - Descriptive statistics...
2025-10-04 18:23:25,298 - INFO - ✓ Descriptive statistics finished in 0.00s.
2025-10-04 18:23:25,298 - INFO - Results: {'KL Weights': inf, 'KL Biases': inf, 'EMD Weights': 0.13083107980854314, 'EMD Biases': 3.760525218155826, 'KS Weights Statistic': 0.5001722247596452, 'KS Weights P-value': 0.0, 'KS Biases Statistic': 0.9707459775719162, 'KS Biases P-value': 0.0, 'Mean Weights': 0.05311334446156056, 'Mean Biases': -3.8074110190151145, 'Std Weights': 0.2409754244969757, 'Std Biases': 3.3680657655729855, 'Kurtosis Weights': 12.009680487428867, 'Kurtosis Biases': -0.8124077214107159}
2025-10-04 18:23:25,298 - INFO - Generating trigger and payload...
2025-10-04 18:23:25,300 - INFO - ✓ Generating trigger and payload finished in 0.00s.
2025-10-04 18:23:25,300 - INFO - Creating backdoored model...
2025-10-04 18:23:25,341 - INFO - ✓ Creating backdoored model finished in 0.04s.
2025-10-04 18:23:25,342 - INFO - Unfold StepMLP parameters...
2025-10-04 18:23:25,342 - INFO - ✓ Unfold StepMLP parameters finished in 0.00s.
2025-10-04 18:23:25,342 - INFO - KL Divergence...
2025-10-04 18:23:25,351 - INFO - ✓ KL Divergence finished in 0.01s.
2025-10-04 18:23:25,351 - INFO - Parameter sampling...
2025-10-04 18:23:25,351 - INFO - ✓ Parameter sampling finished in 0.00s.
2025-10-04 18:23:25,351 - INFO - Earth Mover's Distance...
2025-10-04 18:23:26,350 - INFO - ✓ Earth Mover's Distance finished in 1.00s.
2025-10-04 18:23:26,350 - INFO - KS Test...
2025-10-04 18:23:26,814 - INFO - ✓ KS Test finished in 0.46s.
2025-10-04 18:23:26,814 - INFO - Descriptive statistics...
2025-10-04 18:23:26,817 - INFO - ✓ Descriptive statistics finished in 0.00s.
2025-10-04 18:23:26,818 - INFO - Results: {'KL Weights': inf, 'KL Biases': inf, 'EMD Weights': 0.13083107980854314, 'EMD Biases': 3.7575998159130175, 'KS Weights Statistic': 0.5001722247596452, 'KS Weights P-value': 0.0, 'KS Biases Statistic': 0.9692832764505119, 'KS Biases P-value': 0.0, 'Mean Weights': 0.05311334446156056, 'Mean Biases': -3.8044856167723062, 'Std Weights': 0.2409754244969757, 'Std Biases': 3.3705032360982656, 'Kurtosis Weights': 12.009680487428867, 'Kurtosis Biases': -0.8138123624664213}
2025-10-04 18:23:26,818 - INFO - Generating trigger and payload...
2025-10-04 18:23:26,820 - INFO - ✓ Generating trigger and payload finished in 0.00s.
2025-10-04 18:23:26,820 - INFO - Creating backdoored model...
2025-10-04 18:23:27,052 - INFO - ✓ Creating backdoored model finished in 0.23s.
2025-10-04 18:23:27,052 - INFO - Unfold StepMLP parameters...
2025-10-04 18:23:27,053 - INFO - ✓ Unfold StepMLP parameters finished in 0.00s.
2025-10-04 18:23:27,053 - INFO - KL Divergence...
2025-10-04 18:23:27,060 - INFO - ✓ KL Divergence finished in 0.01s.
2025-10-04 18:23:27,060 - INFO - Parameter sampling...
2025-10-04 18:23:27,060 - INFO - ✓ Parameter sampling finished in 0.00s.
2025-10-04 18:23:27,061 - INFO - Earth Mover's Distance...
2025-10-04 18:23:28,066 - INFO - ✓ Earth Mover's Distance finished in 1.00s.
2025-10-04 18:23:28,066 - INFO - KS Test...
2025-10-04 18:23:28,503 - INFO - ✓ KS Test finished in 0.44s.
2025-10-04 18:23:28,504 - INFO - Descriptive statistics...
2025-10-04 18:23:28,506 - INFO - ✓ Descriptive statistics finished in 0.00s.
2025-10-04 18:23:28,506 - INFO - Results: {'KL Weights': inf, 'KL Biases': inf, 'EMD Weights': 0.13083107980854314, 'EMD Biases': 3.754674413670209, 'KS Weights Statistic': 0.5001722247596452, 'KS Weights P-value': 0.0, 'KS Biases Statistic': 0.9678205753291077, 'KS Biases P-value': 0.0, 'Mean Weights': 0.05311334446156056, 'Mean Biases': -3.801560214529498, 'Std Weights': 0.2409754244969757, 'Std Biases': 3.372936406688957, 'Kurtosis Weights': 12.009680487428867, 'Kurtosis Biases': -0.815215444755176}
2025-10-04 18:23:28,506 - INFO - Generating trigger and payload...
2025-10-04 18:23:28,508 - INFO - ✓ Generating trigger and payload finished in 0.00s.
2025-10-04 18:23:28,508 - INFO - Creating backdoored model...
2025-10-04 18:23:28,553 - INFO - ✓ Creating backdoored model finished in 0.05s.
2025-10-04 18:23:28,554 - INFO - Unfold StepMLP parameters...
2025-10-04 18:23:28,554 - INFO - ✓ Unfold StepMLP parameters finished in 0.00s.
2025-10-04 18:23:28,554 - INFO - KL Divergence...
2025-10-04 18:23:28,563 - INFO - ✓ KL Divergence finished in 0.01s.
2025-10-04 18:23:28,563 - INFO - Parameter sampling...
2025-10-04 18:23:28,563 - INFO - ✓ Parameter sampling finished in 0.00s.
2025-10-04 18:23:28,563 - INFO - Earth Mover's Distance...
2025-10-04 18:23:29,564 - INFO - ✓ Earth Mover's Distance finished in 1.00s.
2025-10-04 18:23:29,564 - INFO - KS Test...
2025-10-04 18:23:30,004 - INFO - ✓ KS Test finished in 0.44s.
2025-10-04 18:23:30,004 - INFO - Descriptive statistics...
2025-10-04 18:23:30,006 - INFO - ✓ Descriptive statistics finished in 0.00s.
2025-10-04 18:23:30,007 - INFO - Results: {'KL Weights': inf, 'KL Biases': inf, 'EMD Weights': 0.13083107980854314, 'EMD Biases': 3.755649547751149, 'KS Weights Statistic': 0.5001722247596452, 'KS Weights P-value': 0.0, 'KS Biases Statistic': 0.9683081423695759, 'KS Biases P-value': 0.0, 'Mean Weights': 0.05311334446156056, 'Mean Biases': -3.802535348610434, 'Std Weights': 0.2409754244969757, 'Std Biases': 3.3721258270210357, 'Kurtosis Weights': 12.009680487428867, 'Kurtosis Biases': -0.814747927498455}
2025-10-04 18:23:30,007 - INFO - Generating trigger and payload...
2025-10-04 18:23:30,008 - INFO - ✓ Generating trigger and payload finished in 0.00s.
2025-10-04 18:23:30,008 - INFO - Creating backdoored model...
2025-10-04 18:23:30,053 - INFO - ✓ Creating backdoored model finished in 0.04s.
2025-10-04 18:23:30,053 - INFO - Unfold StepMLP parameters...
2025-10-04 18:23:30,054 - INFO - ✓ Unfold StepMLP parameters finished in 0.00s.
2025-10-04 18:23:30,054 - INFO - KL Divergence...
2025-10-04 18:23:30,061 - INFO - ✓ KL Divergence finished in 0.01s.
2025-10-04 18:23:30,061 - INFO - Parameter sampling...
2025-10-04 18:23:30,061 - INFO - ✓ Parameter sampling finished in 0.00s.
2025-10-04 18:23:30,061 - INFO - Earth Mover's Distance...
2025-10-04 18:23:31,000 - INFO - ✓ Earth Mover's Distance finished in 0.94s.
2025-10-04 18:23:31,000 - INFO - KS Test...
2025-10-04 18:23:31,460 - INFO - ✓ KS Test finished in 0.46s.
2025-10-04 18:23:31,460 - INFO - Descriptive statistics...
2025-10-04 18:23:31,463 - INFO - ✓ Descriptive statistics finished in 0.00s.
2025-10-04 18:23:31,464 - INFO - Results: {'KL Weights': inf, 'KL Biases': inf, 'EMD Weights': 0.13083107980854314, 'EMD Biases': 3.7575998159130175, 'KS Weights Statistic': 0.5001722247596452, 'KS Weights P-value': 0.0, 'KS Biases Statistic': 0.9692832764505119, 'KS Biases P-value': 0.0, 'Mean Weights': 0.05311334446156056, 'Mean Biases': -3.8044856167723062, 'Std Weights': 0.2409754244969757, 'Std Biases': 3.3705032360982656, 'Kurtosis Weights': 12.009680487428867, 'Kurtosis Biases': -0.8138123624664213}
2025-10-04 18:23:31,464 - INFO - Generating trigger and payload...
2025-10-04 18:23:31,466 - INFO - ✓ Generating trigger and payload finished in 0.00s.
2025-10-04 18:23:31,466 - INFO - Creating backdoored model...
2025-10-04 18:23:31,521 - INFO - ✓ Creating backdoored model finished in 0.06s.
2025-10-04 18:23:31,522 - INFO - Unfold StepMLP parameters...
2025-10-04 18:23:31,525 - INFO - ✓ Unfold StepMLP parameters finished in 0.00s.
2025-10-04 18:23:31,526 - INFO - KL Divergence...
2025-10-04 18:23:31,536 - INFO - ✓ KL Divergence finished in 0.01s.
2025-10-04 18:23:31,536 - INFO - Parameter sampling...
2025-10-04 18:23:31,536 - INFO - ✓ Parameter sampling finished in 0.00s.
2025-10-04 18:23:31,537 - INFO - Earth Mover's Distance...
2025-10-04 18:23:32,599 - INFO - ✓ Earth Mover's Distance finished in 1.06s.
2025-10-04 18:23:32,599 - INFO - KS Test...
2025-10-04 18:23:33,052 - INFO - ✓ KS Test finished in 0.45s.
2025-10-04 18:23:33,052 - INFO - Descriptive statistics...
2025-10-04 18:23:33,054 - INFO - ✓ Descriptive statistics finished in 0.00s.
2025-10-04 18:23:33,054 - INFO - Results: {'KL Weights': inf, 'KL Biases': inf, 'EMD Weights': 0.13083107980854314, 'EMD Biases': 3.7575998159130175, 'KS Weights Statistic': 0.5001722247596452, 'KS Weights P-value': 0.0, 'KS Biases Statistic': 0.9692832764505119, 'KS Biases P-value': 0.0, 'Mean Weights': 0.05311334446156056, 'Mean Biases': -3.8044856167723062, 'Std Weights': 0.2409754244969757, 'Std Biases': 3.3705032360982656, 'Kurtosis Weights': 12.009680487428867, 'Kurtosis Biases': -0.8138123624664213}
2025-10-04 18:23:33,055 - INFO - Generating trigger and payload...
2025-10-04 18:23:33,056 - INFO - ✓ Generating trigger and payload finished in 0.00s.
2025-10-04 18:23:33,056 - INFO - Creating backdoored model...
2025-10-04 18:23:33,098 - INFO - ✓ Creating backdoored model finished in 0.04s.
2025-10-04 18:23:33,098 - INFO - Unfold StepMLP parameters...
2025-10-04 18:23:33,099 - INFO - ✓ Unfold StepMLP parameters finished in 0.00s.
2025-10-04 18:23:33,099 - INFO - KL Divergence...
2025-10-04 18:23:33,108 - INFO - ✓ KL Divergence finished in 0.01s.
2025-10-04 18:23:33,109 - INFO - Parameter sampling...
2025-10-04 18:23:33,109 - INFO - ✓ Parameter sampling finished in 0.00s.
2025-10-04 18:23:33,109 - INFO - Earth Mover's Distance...
2025-10-04 18:23:34,256 - INFO - ✓ Earth Mover's Distance finished in 1.15s.
2025-10-04 18:23:34,256 - INFO - KS Test...
2025-10-04 18:23:34,706 - INFO - ✓ KS Test finished in 0.45s.
2025-10-04 18:23:34,706 - INFO - Descriptive statistics...
2025-10-04 18:23:34,708 - INFO - ✓ Descriptive statistics finished in 0.00s.
2025-10-04 18:23:34,708 - INFO - Results: {'KL Weights': inf, 'KL Biases': inf, 'EMD Weights': 0.13083107980854314, 'EMD Biases': 3.759550084074889, 'KS Weights Statistic': 0.5001722247596452, 'KS Weights P-value': 0.0, 'KS Biases Statistic': 0.9702584105314481, 'KS Biases P-value': 0.0, 'Mean Weights': 0.05311334446156056, 'Mean Biases': -3.8064358849341784, 'Std Weights': 0.2409754244969757, 'Std Biases': 3.3688787340944004, 'Kurtosis Weights': 12.009680487428867, 'Kurtosis Biases': -0.8128761046318123}
2025-10-04 18:23:34,708 - INFO - Generating trigger and payload...
2025-10-04 18:23:34,709 - INFO - ✓ Generating trigger and payload finished in 0.00s.
2025-10-04 18:23:34,709 - INFO - Creating backdoored model...
2025-10-04 18:23:34,922 - INFO - ✓ Creating backdoored model finished in 0.21s.
2025-10-04 18:23:34,923 - INFO - Unfold StepMLP parameters...
2025-10-04 18:23:34,923 - INFO - ✓ Unfold StepMLP parameters finished in 0.00s.
2025-10-04 18:23:34,923 - INFO - KL Divergence...
2025-10-04 18:23:34,931 - INFO - ✓ KL Divergence finished in 0.01s.
2025-10-04 18:23:34,931 - INFO - Parameter sampling...
2025-10-04 18:23:34,931 - INFO - ✓ Parameter sampling finished in 0.00s.
2025-10-04 18:23:34,931 - INFO - Earth Mover's Distance...
2025-10-04 18:23:35,932 - INFO - ✓ Earth Mover's Distance finished in 1.00s.
2025-10-04 18:23:35,933 - INFO - KS Test...
2025-10-04 18:23:36,390 - INFO - ✓ KS Test finished in 0.46s.
2025-10-04 18:23:36,390 - INFO - Descriptive statistics...
2025-10-04 18:23:36,392 - INFO - ✓ Descriptive statistics finished in 0.00s.
2025-10-04 18:23:36,392 - INFO - Results: {'KL Weights': inf, 'KL Biases': inf, 'EMD Weights': 0.13083107980854314, 'EMD Biases': 3.755649547751149, 'KS Weights Statistic': 0.5001722247596452, 'KS Weights P-value': 0.0, 'KS Biases Statistic': 0.9683081423695759, 'KS Biases P-value': 0.0, 'Mean Weights': 0.05311334446156056, 'Mean Biases': -3.802535348610434, 'Std Weights': 0.2409754244969757, 'Std Biases': 3.3721258270210357, 'Kurtosis Weights': 12.009680487428867, 'Kurtosis Biases': -0.814747927498455}
2025-10-04 18:23:36,393 - INFO - Generating trigger and payload...
2025-10-04 18:23:36,394 - INFO - ✓ Generating trigger and payload finished in 0.00s.
2025-10-04 18:23:36,394 - INFO - Creating backdoored model...
2025-10-04 18:23:36,442 - INFO - ✓ Creating backdoored model finished in 0.05s.
2025-10-04 18:23:36,442 - INFO - Unfold StepMLP parameters...
2025-10-04 18:23:36,443 - INFO - ✓ Unfold StepMLP parameters finished in 0.00s.
2025-10-04 18:23:36,443 - INFO - KL Divergence...
2025-10-04 18:23:36,453 - INFO - ✓ KL Divergence finished in 0.01s.
2025-10-04 18:23:36,453 - INFO - Parameter sampling...
2025-10-04 18:23:36,453 - INFO - ✓ Parameter sampling finished in 0.00s.
2025-10-04 18:23:36,453 - INFO - Earth Mover's Distance...
2025-10-04 18:23:37,598 - INFO - ✓ Earth Mover's Distance finished in 1.14s.
2025-10-04 18:23:37,598 - INFO - KS Test...
2025-10-04 18:23:38,037 - INFO - ✓ KS Test finished in 0.44s.
2025-10-04 18:23:38,038 - INFO - Descriptive statistics...
2025-10-04 18:23:38,040 - INFO - ✓ Descriptive statistics finished in 0.00s.
2025-10-04 18:23:38,040 - INFO - Results: {'KL Weights': inf, 'KL Biases': inf, 'EMD Weights': 0.13083107980854314, 'EMD Biases': 3.7575998159130175, 'KS Weights Statistic': 0.5001722247596452, 'KS Weights P-value': 0.0, 'KS Biases Statistic': 0.9692832764505119, 'KS Biases P-value': 0.0, 'Mean Weights': 0.05311334446156056, 'Mean Biases': -3.8044856167723062, 'Std Weights': 0.2409754244969757, 'Std Biases': 3.3705032360982656, 'Kurtosis Weights': 12.009680487428867, 'Kurtosis Biases': -0.8138123624664213}
2025-10-04 18:23:38,040 - INFO - Generating trigger and payload...
2025-10-04 18:23:38,041 - INFO - ✓ Generating trigger and payload finished in 0.00s.
2025-10-04 18:23:38,042 - INFO - Creating backdoored model...
2025-10-04 18:23:38,084 - INFO - ✓ Creating backdoored model finished in 0.04s.
2025-10-04 18:23:38,085 - INFO - Unfold StepMLP parameters...
2025-10-04 18:23:38,086 - INFO - ✓ Unfold StepMLP parameters finished in 0.00s.
2025-10-04 18:23:38,086 - INFO - KL Divergence...
2025-10-04 18:23:38,093 - INFO - ✓ KL Divergence finished in 0.01s.
2025-10-04 18:23:38,093 - INFO - Parameter sampling...
2025-10-04 18:23:38,094 - INFO - ✓ Parameter sampling finished in 0.00s.
2025-10-04 18:23:38,094 - INFO - Earth Mover's Distance...
2025-10-04 18:23:39,074 - INFO - ✓ Earth Mover's Distance finished in 0.98s.
2025-10-04 18:23:39,074 - INFO - KS Test...
2025-10-04 18:23:39,511 - INFO - ✓ KS Test finished in 0.44s.
2025-10-04 18:23:39,511 - INFO - Descriptive statistics...
2025-10-04 18:23:39,513 - INFO - ✓ Descriptive statistics finished in 0.00s.
2025-10-04 18:23:39,513 - INFO - Results: {'KL Weights': inf, 'KL Biases': inf, 'EMD Weights': 0.13083107980854314, 'EMD Biases': 3.755649547751149, 'KS Weights Statistic': 0.5001722247596452, 'KS Weights P-value': 0.0, 'KS Biases Statistic': 0.9683081423695759, 'KS Biases P-value': 0.0, 'Mean Weights': 0.05311334446156056, 'Mean Biases': -3.802535348610434, 'Std Weights': 0.2409754244969757, 'Std Biases': 3.3721258270210357, 'Kurtosis Weights': 12.009680487428867, 'Kurtosis Biases': -0.814747927498455}
2025-10-04 18:23:39,514 - INFO - Generating trigger and payload...
2025-10-04 18:23:39,515 - INFO - ✓ Generating trigger and payload finished in 0.00s.
2025-10-04 18:23:39,515 - INFO - Creating backdoored model...
2025-10-04 18:23:39,559 - INFO - ✓ Creating backdoored model finished in 0.04s.
2025-10-04 18:23:39,559 - INFO - Unfold StepMLP parameters...
2025-10-04 18:23:39,560 - INFO - ✓ Unfold StepMLP parameters finished in 0.00s.
2025-10-04 18:23:39,560 - INFO - KL Divergence...
2025-10-04 18:23:39,568 - INFO - ✓ KL Divergence finished in 0.01s.
2025-10-04 18:23:39,569 - INFO - Parameter sampling...
2025-10-04 18:23:39,569 - INFO - ✓ Parameter sampling finished in 0.00s.
2025-10-04 18:23:39,569 - INFO - Earth Mover's Distance...
2025-10-04 18:23:40,542 - INFO - ✓ Earth Mover's Distance finished in 0.97s.
2025-10-04 18:23:40,542 - INFO - KS Test...
2025-10-04 18:23:40,980 - INFO - ✓ KS Test finished in 0.44s.
2025-10-04 18:23:40,980 - INFO - Descriptive statistics...
2025-10-04 18:23:40,982 - INFO - ✓ Descriptive statistics finished in 0.00s.
2025-10-04 18:23:40,982 - INFO - Results: {'KL Weights': inf, 'KL Biases': inf, 'EMD Weights': 0.13083107980854314, 'EMD Biases': 3.754674413670209, 'KS Weights Statistic': 0.5001722247596452, 'KS Weights P-value': 0.0, 'KS Biases Statistic': 0.9678205753291077, 'KS Biases P-value': 0.0, 'Mean Weights': 0.05311334446156056, 'Mean Biases': -3.801560214529498, 'Std Weights': 0.2409754244969757, 'Std Biases': 3.372936406688957, 'Kurtosis Weights': 12.009680487428867, 'Kurtosis Biases': -0.815215444755176}
2025-10-04 18:23:40,983 - INFO - Generating trigger and payload...
2025-10-04 18:23:40,984 - INFO - ✓ Generating trigger and payload finished in 0.00s.
2025-10-04 18:23:40,984 - INFO - Creating backdoored model...
2025-10-04 18:23:41,028 - INFO - ✓ Creating backdoored model finished in 0.04s.
2025-10-04 18:23:41,028 - INFO - Unfold StepMLP parameters...
2025-10-04 18:23:41,029 - INFO - ✓ Unfold StepMLP parameters finished in 0.00s.
2025-10-04 18:23:41,029 - INFO - KL Divergence...
2025-10-04 18:23:41,037 - INFO - ✓ KL Divergence finished in 0.01s.
2025-10-04 18:23:41,037 - INFO - Parameter sampling...
2025-10-04 18:23:41,037 - INFO - ✓ Parameter sampling finished in 0.00s.
2025-10-04 18:23:41,037 - INFO - Earth Mover's Distance...
2025-10-04 18:23:42,137 - INFO - ✓ Earth Mover's Distance finished in 1.10s.
2025-10-04 18:23:42,138 - INFO - KS Test...
2025-10-04 18:23:42,630 - INFO - ✓ KS Test finished in 0.49s.
2025-10-04 18:23:42,631 - INFO - Descriptive statistics...
2025-10-04 18:23:42,635 - INFO - ✓ Descriptive statistics finished in 0.00s.
2025-10-04 18:23:42,635 - INFO - Results: {'KL Weights': inf, 'KL Biases': inf, 'EMD Weights': 0.13083107980854314, 'EMD Biases': 3.756624681832083, 'KS Weights Statistic': 0.5001722247596452, 'KS Weights P-value': 0.0, 'KS Biases Statistic': 0.9687957094100439, 'KS Biases P-value': 0.0, 'Mean Weights': 0.05311334446156056, 'Mean Biases': -3.80351048269137, 'Std Weights': 0.2409754244969757, 'Std Biases': 3.3713147702722375, 'Kurtosis Weights': 12.009680487428867, 'Kurtosis Biases': -0.8142802326770067}
2025-10-04 18:23:42,636 - INFO - Generating trigger and payload...
2025-10-04 18:23:42,637 - INFO - ✓ Generating trigger and payload finished in 0.00s.
2025-10-04 18:23:42,638 - INFO - Creating backdoored model...
2025-10-04 18:23:42,882 - INFO - ✓ Creating backdoored model finished in 0.24s.
2025-10-04 18:23:42,882 - INFO - Unfold StepMLP parameters...
2025-10-04 18:23:42,883 - INFO - ✓ Unfold StepMLP parameters finished in 0.00s.
2025-10-04 18:23:42,883 - INFO - KL Divergence...
2025-10-04 18:23:42,892 - INFO - ✓ KL Divergence finished in 0.01s.
2025-10-04 18:23:42,892 - INFO - Parameter sampling...
2025-10-04 18:23:42,892 - INFO - ✓ Parameter sampling finished in 0.00s.
2025-10-04 18:23:42,892 - INFO - Earth Mover's Distance...
2025-10-04 18:23:43,847 - INFO - ✓ Earth Mover's Distance finished in 0.96s.
2025-10-04 18:23:43,848 - INFO - KS Test...
2025-10-04 18:23:44,283 - INFO - ✓ KS Test finished in 0.44s.
2025-10-04 18:23:44,283 - INFO - Descriptive statistics...
2025-10-04 18:23:44,285 - INFO - ✓ Descriptive statistics finished in 0.00s.
2025-10-04 18:23:44,285 - INFO - Results: {'KL Weights': inf, 'KL Biases': inf, 'EMD Weights': 0.13083107980854314, 'EMD Biases': 3.759550084074889, 'KS Weights Statistic': 0.5001722247596452, 'KS Weights P-value': 0.0, 'KS Biases Statistic': 0.9702584105314481, 'KS Biases P-value': 0.0, 'Mean Weights': 0.05311334446156056, 'Mean Biases': -3.8064358849341784, 'Std Weights': 0.2409754244969757, 'Std Biases': 3.3688787340944004, 'Kurtosis Weights': 12.009680487428867, 'Kurtosis Biases': -0.8128761046318123}
2025-10-04 18:23:44,286 - INFO - Generating trigger and payload...
2025-10-04 18:23:44,287 - INFO - ✓ Generating trigger and payload finished in 0.00s.
2025-10-04 18:23:44,287 - INFO - Creating backdoored model...
2025-10-04 18:23:44,330 - INFO - ✓ Creating backdoored model finished in 0.04s.
2025-10-04 18:23:44,330 - INFO - Unfold StepMLP parameters...
2025-10-04 18:23:44,331 - INFO - ✓ Unfold StepMLP parameters finished in 0.00s.
2025-10-04 18:23:44,332 - INFO - KL Divergence...
2025-10-04 18:23:44,340 - INFO - ✓ KL Divergence finished in 0.01s.
2025-10-04 18:23:44,341 - INFO - Parameter sampling...
2025-10-04 18:23:44,341 - INFO - ✓ Parameter sampling finished in 0.00s.
2025-10-04 18:23:44,341 - INFO - Earth Mover's Distance...
2025-10-04 18:23:45,295 - INFO - ✓ Earth Mover's Distance finished in 0.95s.
2025-10-04 18:23:45,295 - INFO - KS Test...
2025-10-04 18:23:45,728 - INFO - ✓ KS Test finished in 0.43s.
2025-10-04 18:23:45,728 - INFO - Descriptive statistics...
2025-10-04 18:23:45,730 - INFO - ✓ Descriptive statistics finished in 0.00s.
2025-10-04 18:23:45,730 - INFO - Results: {'KL Weights': inf, 'KL Biases': inf, 'EMD Weights': 0.13083107980854314, 'EMD Biases': 3.759550084074889, 'KS Weights Statistic': 0.5001722247596452, 'KS Weights P-value': 0.0, 'KS Biases Statistic': 0.9702584105314481, 'KS Biases P-value': 0.0, 'Mean Weights': 0.05311334446156056, 'Mean Biases': -3.8064358849341784, 'Std Weights': 0.2409754244969757, 'Std Biases': 3.3688787340944004, 'Kurtosis Weights': 12.009680487428867, 'Kurtosis Biases': -0.8128761046318123}
2025-10-04 18:23:45,730 - INFO - Generating trigger and payload...
2025-10-04 18:23:45,731 - INFO - ✓ Generating trigger and payload finished in 0.00s.
2025-10-04 18:23:45,731 - INFO - Creating backdoored model...
2025-10-04 18:23:45,774 - INFO - ✓ Creating backdoored model finished in 0.04s.
2025-10-04 18:23:45,774 - INFO - Unfold StepMLP parameters...
2025-10-04 18:23:45,775 - INFO - ✓ Unfold StepMLP parameters finished in 0.00s.
2025-10-04 18:23:45,775 - INFO - KL Divergence...
2025-10-04 18:23:45,783 - INFO - ✓ KL Divergence finished in 0.01s.
2025-10-04 18:23:45,783 - INFO - Parameter sampling...
2025-10-04 18:23:45,783 - INFO - ✓ Parameter sampling finished in 0.00s.
2025-10-04 18:23:45,783 - INFO - Earth Mover's Distance...
2025-10-04 18:23:46,750 - INFO - ✓ Earth Mover's Distance finished in 0.97s.
2025-10-04 18:23:46,751 - INFO - KS Test...
2025-10-04 18:23:47,188 - INFO - ✓ KS Test finished in 0.44s.
2025-10-04 18:23:47,188 - INFO - Descriptive statistics...
2025-10-04 18:23:47,190 - INFO - ✓ Descriptive statistics finished in 0.00s.
2025-10-04 18:23:47,190 - INFO - Results: {'KL Weights': inf, 'KL Biases': inf, 'EMD Weights': 0.13083107980854314, 'EMD Biases': 3.758574949993957, 'KS Weights Statistic': 0.5001722247596452, 'KS Weights P-value': 0.0, 'KS Biases Statistic': 0.96977084349098, 'KS Biases P-value': 0.0, 'Mean Weights': 0.05311334446156056, 'Mean Biases': -3.8054607508532423, 'Std Weights': 0.2409754244969757, 'Std Biases': 3.369691224154124, 'Kurtosis Weights': 12.009680487428867, 'Kurtosis Biases': -0.8133443190526042}
