2025-10-07 05:38:49,712 - INFO - 
Solution 0-------
	KS Statistic Weights: 0.4996
	KS Statistic Biases: 0.0313
	Stats Score Weights: 0.6281
	Stats Score Biases: 0.17
	Unique Elems Score: 0.00
		TOTAL SCORE = 2.5982
2025-10-07 05:39:27,015 - INFO - Generation = 1
2025-10-07 05:39:32,287 - INFO - Fitness    = 2.5981686115264893
2025-10-07 05:40:06,838 - INFO - Generation = 2
2025-10-07 05:40:12,042 - INFO - Fitness    = 2.5981686115264893
2025-10-07 05:40:46,304 - INFO - Generation = 3
2025-10-07 05:40:51,523 - INFO - Fitness    = 2.5981686115264893
2025-10-07 05:41:25,748 - INFO - Generation = 4
2025-10-07 05:41:30,968 - INFO - Fitness    = 2.5981686115264893
2025-10-07 05:42:05,196 - INFO - Generation = 5
2025-10-07 05:42:10,397 - INFO - Fitness    = 2.5981686115264893
2025-10-07 05:42:44,966 - INFO - Generation = 6
2025-10-07 05:42:50,185 - INFO - Fitness    = 2.5981686115264893
2025-10-07 05:43:24,242 - INFO - Generation = 7
2025-10-07 05:43:29,430 - INFO - Fitness    = 2.5981686115264893
2025-10-07 05:44:03,728 - INFO - Generation = 8
2025-10-07 05:44:08,964 - INFO - Fitness    = 2.5981686115264893
2025-10-07 05:44:43,246 - INFO - Generation = 9
2025-10-07 05:44:48,415 - INFO - Fitness    = 2.5981686115264893
2025-10-07 05:45:22,559 - INFO - Generation = 10
2025-10-07 05:45:27,768 - INFO - Fitness    = 2.5981686115264893
