2025-10-07 04:47:00,633 - INFO - 
Solution 0-------
	KS Statistic Weights: 0.4996
	KS Statistic Biases: 0.0313
	Stats Score Weights: 0.6281
	Stats Score Biases: 0.17
	Unique Elems Score: 0.00
		TOTAL SCORE = 2.5982
2025-10-07 04:47:37,280 - INFO - Generation = 1
2025-10-07 04:47:42,515 - INFO - Fitness    = 2.5981686115264893
2025-10-07 04:48:16,243 - INFO - Generation = 2
2025-10-07 04:48:21,418 - INFO - Fitness    = 2.5981686115264893
2025-10-07 04:48:55,071 - INFO - Generation = 3
2025-10-07 04:49:00,308 - INFO - Fitness    = 2.5981686115264893
2025-10-07 04:49:33,979 - INFO - Generation = 4
2025-10-07 04:49:39,161 - INFO - Fitness    = 2.5981686115264893
2025-10-07 04:50:13,283 - INFO - Generation = 5
2025-10-07 04:50:18,494 - INFO - Fitness    = 2.5981686115264893
2025-10-07 04:50:52,760 - INFO - Generation = 6
2025-10-07 04:50:57,956 - INFO - Fitness    = 2.5981686115264893
2025-10-07 04:51:31,783 - INFO - Generation = 7
2025-10-07 04:51:36,993 - INFO - Fitness    = 2.5981686115264893
2025-10-07 04:52:10,782 - INFO - Generation = 8
2025-10-07 04:52:15,954 - INFO - Fitness    = 2.5981686115264893
2025-10-07 04:52:49,870 - INFO - Generation = 9
2025-10-07 04:52:55,039 - INFO - Fitness    = 2.5981686115264893
2025-10-07 04:53:28,679 - INFO - Generation = 10
2025-10-07 04:53:33,859 - INFO - Fitness    = 2.5981686115264893
