2025-10-07 00:36:46,540 - INFO - 
Solution 0-------
	KS Statistic Weights: 0.4996
	KS Statistic Biases: 0.0313
	Stats Score Weights: 0.6281
	Stats Score Biases: 0.17
	Unique Elems Score: 0.00
		TOTAL SCORE = 2.5982
2025-10-07 00:37:23,021 - INFO - Generation = 1
2025-10-07 00:37:28,229 - INFO - Fitness    = 2.5981686115264893
2025-10-07 00:38:02,344 - INFO - Generation = 2
2025-10-07 00:38:07,522 - INFO - Fitness    = 2.5981686115264893
2025-10-07 00:38:49,220 - INFO - 
Solution 30-------
	KS Statistic Weights: 0.6218
	KS Statistic Biases: 0.1094
	Stats Score Weights: 0.5368
	Stats Score Biases: 0.17
	Unique Elems Score: 0.00
		TOTAL SCORE = 2.9704
2025-10-07 00:38:51,497 - INFO - Generation = 3
2025-10-07 00:39:04,242 - INFO - 
Solution 30-------
	KS Statistic Weights: 0.6218
	KS Statistic Biases: 0.1094
	Stats Score Weights: 0.5368
	Stats Score Biases: 0.17
	Unique Elems Score: 0.00
		TOTAL SCORE = 2.9704
2025-10-07 00:39:06,531 - INFO - Fitness    = 2.9704337120056152
2025-10-07 00:39:40,514 - INFO - Generation = 4
2025-10-07 00:39:45,736 - INFO - Fitness    = 2.9704337120056152
2025-10-07 00:40:19,437 - INFO - Generation = 5
2025-10-07 00:40:24,621 - INFO - Fitness    = 2.9704337120056152
2025-10-07 00:40:58,910 - INFO - Generation = 6
2025-10-07 00:41:04,140 - INFO - Fitness    = 2.9704337120056152
2025-10-07 00:41:37,792 - INFO - Generation = 7
2025-10-07 00:41:43,007 - INFO - Fitness    = 2.9704337120056152
2025-10-07 00:42:16,833 - INFO - Generation = 8
2025-10-07 00:42:22,036 - INFO - Fitness    = 2.9704337120056152
2025-10-07 00:42:55,697 - INFO - Generation = 9
2025-10-07 00:43:00,878 - INFO - Fitness    = 2.9704337120056152
2025-10-07 00:43:34,568 - INFO - Generation = 10
2025-10-07 00:43:39,880 - INFO - Fitness    = 2.9704337120056152
