2025-10-07 04:06:06,418 - INFO - 
Solution 0-------
	KS Statistic Weights: 0.4996
	KS Statistic Biases: 0.0313
	Stats Score Weights: 0.6281
	Stats Score Biases: 0.17
	Unique Elems Score: 0.00
		TOTAL SCORE = 2.5982
2025-10-07 04:06:50,482 - INFO - 
Solution 13-------
	KS Statistic Weights: 0.6222
	KS Statistic Biases: 0.0926
	Stats Score Weights: 0.5434
	Stats Score Biases: 0.17
	Unique Elems Score: 0.00
		TOTAL SCORE = 2.9287
2025-10-07 04:06:53,120 - INFO - Generation = 1
2025-10-07 04:07:05,626 - INFO - 
Solution 13-------
	KS Statistic Weights: 0.6222
	KS Statistic Biases: 0.0926
	Stats Score Weights: 0.5434
	Stats Score Biases: 0.17
	Unique Elems Score: 0.00
		TOTAL SCORE = 2.9287
2025-10-07 04:07:08,259 - INFO - Fitness    = 2.928717851638794
2025-10-07 04:07:49,063 - INFO - 
Solution 3-------
	KS Statistic Weights: 0.6218
	KS Statistic Biases: 0.0955
	Stats Score Weights: 0.5396
	Stats Score Biases: 0.17
	Unique Elems Score: 0.00
		TOTAL SCORE = 2.9385
2025-10-07 04:07:52,000 - INFO - Generation = 2
2025-10-07 04:08:04,107 - INFO - 
Solution 3-------
	KS Statistic Weights: 0.6218
	KS Statistic Biases: 0.0955
	Stats Score Weights: 0.5396
	Stats Score Biases: 0.17
	Unique Elems Score: 0.00
		TOTAL SCORE = 2.9385
2025-10-07 04:08:07,039 - INFO - Fitness    = 2.938546895980835
2025-10-07 04:08:40,837 - INFO - Generation = 3
2025-10-07 04:08:46,084 - INFO - Fitness    = 2.938546895980835
2025-10-07 04:09:19,959 - INFO - Generation = 4
2025-10-07 04:09:25,562 - INFO - Fitness    = 2.938546895980835
2025-10-07 04:10:06,487 - INFO - 
Solution 4-------
	KS Statistic Weights: 0.6351
	KS Statistic Biases: 0.1061
	Stats Score Weights: 0.5333
	Stats Score Biases: 0.17
	Unique Elems Score: 0.00
		TOTAL SCORE = 2.9803
2025-10-07 04:10:17,286 - INFO - 
Solution 34-------
	KS Statistic Weights: 0.6207
	KS Statistic Biases: 0.1106
	Stats Score Weights: 0.5306
	Stats Score Biases: 0.17
	Unique Elems Score: 0.00
		TOTAL SCORE = 2.9782
2025-10-07 04:10:19,285 - INFO - Generation = 5
2025-10-07 04:10:31,439 - INFO - 
Solution 4-------
	KS Statistic Weights: 0.6351
	KS Statistic Biases: 0.1061
	Stats Score Weights: 0.5333
	Stats Score Biases: 0.17
	Unique Elems Score: 0.00
		TOTAL SCORE = 2.9803
2025-10-07 04:10:42,238 - INFO - 
Solution 34-------
	KS Statistic Weights: 0.6207
	KS Statistic Biases: 0.1106
	Stats Score Weights: 0.5306
	Stats Score Biases: 0.17
	Unique Elems Score: 0.00
		TOTAL SCORE = 2.9782
2025-10-07 04:10:44,255 - INFO - Fitness    = 2.980269432067871
2025-10-07 04:11:26,088 - INFO - 
Solution 50-------
	KS Statistic Weights: 0.6185
	KS Statistic Biases: 0.1104
	Stats Score Weights: 0.5278
	Stats Score Biases: 0.17
	Unique Elems Score: 0.00
		TOTAL SCORE = 2.9776
2025-10-07 04:11:27,758 - INFO - Generation = 6
2025-10-07 04:11:41,191 - INFO - 
Solution 50-------
	KS Statistic Weights: 0.6185
	KS Statistic Biases: 0.1104
	Stats Score Weights: 0.5278
	Stats Score Biases: 0.17
	Unique Elems Score: 0.00
		TOTAL SCORE = 2.9776
2025-10-07 04:11:42,856 - INFO - Fitness    = 2.980269432067871
2025-10-07 04:12:24,550 - INFO - 
Solution 13-------
	KS Statistic Weights: 0.6171
	KS Statistic Biases: 0.1118
	Stats Score Weights: 0.5249
	Stats Score Biases: 0.17
	Unique Elems Score: 0.00
		TOTAL SCORE = 2.9817
2025-10-07 04:12:27,166 - INFO - Generation = 7
2025-10-07 04:12:39,605 - INFO - 
Solution 13-------
	KS Statistic Weights: 0.6171
	KS Statistic Biases: 0.1118
	Stats Score Weights: 0.5249
	Stats Score Biases: 0.17
	Unique Elems Score: 0.00
		TOTAL SCORE = 2.9817
2025-10-07 04:12:42,238 - INFO - Fitness    = 2.9817371368408203
2025-10-07 04:13:15,978 - INFO - Generation = 8
2025-10-07 04:13:21,189 - INFO - Fitness    = 2.9817371368408203
2025-10-07 04:13:54,775 - INFO - Generation = 9
2025-10-07 04:13:59,973 - INFO - Fitness    = 2.9817371368408203
2025-10-07 04:14:41,282 - INFO - 
Solution 11-------
	KS Statistic Weights: 0.6145
	KS Statistic Biases: 0.1171
	Stats Score Weights: 0.5180
	Stats Score Biases: 0.17
	Unique Elems Score: 0.00
		TOTAL SCORE = 2.9978
2025-10-07 04:14:51,842 - INFO - 
Solution 33-------
	KS Statistic Weights: 0.6149
	KS Statistic Biases: 0.1125
	Stats Score Weights: 0.5186
	Stats Score Biases: 0.17
	Unique Elems Score: 0.00
		TOTAL SCORE = 2.9883
2025-10-07 04:15:02,710 - INFO - 
Solution 68-------
	KS Statistic Weights: 0.6143
	KS Statistic Biases: 0.1223
	Stats Score Weights: 0.5181
	Stats Score Biases: 0.17
	Unique Elems Score: 0.00
		TOTAL SCORE = 3.0077
2025-10-07 04:15:13,535 - INFO - 
Solution 93-------
	KS Statistic Weights: 0.6154
	KS Statistic Biases: 0.1103
	Stats Score Weights: 0.5200
	Stats Score Biases: 0.17
	Unique Elems Score: 0.00
		TOTAL SCORE = 2.9821
2025-10-07 04:15:13,634 - INFO - Generation = 10
2025-10-07 04:15:26,105 - INFO - 
Solution 11-------
	KS Statistic Weights: 0.6145
	KS Statistic Biases: 0.1171
	Stats Score Weights: 0.5180
	Stats Score Biases: 0.17
	Unique Elems Score: 0.00
		TOTAL SCORE = 2.9978
2025-10-07 04:15:36,623 - INFO - 
Solution 33-------
	KS Statistic Weights: 0.6149
	KS Statistic Biases: 0.1125
	Stats Score Weights: 0.5186
	Stats Score Biases: 0.17
	Unique Elems Score: 0.00
		TOTAL SCORE = 2.9883
2025-10-07 04:15:47,462 - INFO - 
Solution 68-------
	KS Statistic Weights: 0.6143
	KS Statistic Biases: 0.1223
	Stats Score Weights: 0.5181
	Stats Score Biases: 0.17
	Unique Elems Score: 0.00
		TOTAL SCORE = 3.0077
2025-10-07 04:15:58,307 - INFO - 
Solution 93-------
	KS Statistic Weights: 0.6154
	KS Statistic Biases: 0.1103
	Stats Score Weights: 0.5200
	Stats Score Biases: 0.17
	Unique Elems Score: 0.00
		TOTAL SCORE = 2.9821
2025-10-07 04:15:58,406 - INFO - Fitness    = 3.0077366828918457
