2025-10-07 05:15:38,785 - INFO - 
Solution 0-------
	KS Statistic Weights: 0.4996
	KS Statistic Biases: 0.0313
	Stats Score Weights: 0.6281
	Stats Score Biases: 0.17
	Unique Elems Score: 0.00
		TOTAL SCORE = 2.5982
2025-10-07 05:16:16,468 - INFO - Generation = 1
2025-10-07 05:16:22,081 - INFO - Fitness    = 2.5981686115264893
2025-10-07 05:16:56,837 - INFO - Generation = 2
2025-10-07 05:17:02,032 - INFO - Fitness    = 2.5981686115264893
2025-10-07 05:17:36,628 - INFO - Generation = 3
2025-10-07 05:17:41,793 - INFO - Fitness    = 2.5981686115264893
2025-10-07 05:18:16,380 - INFO - Generation = 4
2025-10-07 05:18:21,572 - INFO - Fitness    = 2.5981686115264893
2025-10-07 05:18:56,340 - INFO - Generation = 5
2025-10-07 05:19:01,521 - INFO - Fitness    = 2.5981686115264893
2025-10-07 05:19:35,960 - INFO - Generation = 6
2025-10-07 05:19:41,545 - INFO - Fitness    = 2.5981686115264893
2025-10-07 05:20:15,984 - INFO - Generation = 7
2025-10-07 05:20:21,152 - INFO - Fitness    = 2.5981686115264893
2025-10-07 05:20:55,661 - INFO - Generation = 8
2025-10-07 05:21:00,806 - INFO - Fitness    = 2.5981686115264893
2025-10-07 05:21:35,298 - INFO - Generation = 9
2025-10-07 05:21:40,486 - INFO - Fitness    = 2.5981686115264893
2025-10-07 05:22:15,039 - INFO - Generation = 10
2025-10-07 05:22:20,220 - INFO - Fitness    = 2.5981686115264893
