2025-10-07 07:25:45,410 - INFO - 
Solution 0-------
	KS Statistic Weights: 0.4996
	KS Statistic Biases: 0.0313
	Stats Score Weights: 0.6281
	Stats Score Biases: 0.17
	Unique Elems Score: 0.00
		TOTAL SCORE = 2.5982
2025-10-07 07:26:22,564 - INFO - Generation = 1
2025-10-07 07:26:27,922 - INFO - Fitness    = 2.5981686115264893
2025-10-07 07:27:02,097 - INFO - Generation = 2
2025-10-07 07:27:07,376 - INFO - Fitness    = 2.5981686115264893
2025-10-07 07:27:41,275 - INFO - Generation = 3
2025-10-07 07:27:46,510 - INFO - Fitness    = 2.5981686115264893
2025-10-07 07:28:20,568 - INFO - Generation = 4
2025-10-07 07:28:25,842 - INFO - Fitness    = 2.5981686115264893
2025-10-07 07:28:59,897 - INFO - Generation = 5
2025-10-07 07:29:05,091 - INFO - Fitness    = 2.5981686115264893
2025-10-07 07:29:39,191 - INFO - Generation = 6
2025-10-07 07:29:44,428 - INFO - Fitness    = 2.5981686115264893
2025-10-07 07:30:18,374 - INFO - Generation = 7
2025-10-07 07:30:23,598 - INFO - Fitness    = 2.5981686115264893
2025-10-07 07:30:57,465 - INFO - Generation = 8
2025-10-07 07:31:02,798 - INFO - Fitness    = 2.5981686115264893
2025-10-07 07:31:36,963 - INFO - Generation = 9
2025-10-07 07:31:42,166 - INFO - Fitness    = 2.5981686115264893
2025-10-07 07:32:16,196 - INFO - Generation = 10
2025-10-07 07:32:21,418 - INFO - Fitness    = 2.5981686115264893
