2025-10-07 10:18:22,061 - INFO - 
Solution 0-------
	KS Statistic Weights: 0.4996
	KS Statistic Biases: 0.0313
	Stats Score Weights: 0.6281
	Stats Score Biases: 0.17
	Unique Elems Score: 0.00
		TOTAL SCORE = 2.5982
2025-10-07 10:18:58,836 - INFO - Generation = 1
2025-10-07 10:19:04,067 - INFO - Fitness    = 2.5981686115264893
2025-10-07 10:19:37,916 - INFO - Generation = 2
2025-10-07 10:19:43,068 - INFO - Fitness    = 2.5981686115264893
2025-10-07 10:20:17,055 - INFO - Generation = 3
2025-10-07 10:20:22,245 - INFO - Fitness    = 2.5981686115264893
2025-10-07 10:20:56,023 - INFO - Generation = 4
2025-10-07 10:21:01,187 - INFO - Fitness    = 2.5981686115264893
2025-10-07 10:21:34,856 - INFO - Generation = 5
2025-10-07 10:21:40,072 - INFO - Fitness    = 2.5981686115264893
2025-10-07 10:22:14,013 - INFO - Generation = 6
2025-10-07 10:22:19,191 - INFO - Fitness    = 2.5981686115264893
2025-10-07 10:22:53,099 - INFO - Generation = 7
2025-10-07 10:22:58,315 - INFO - Fitness    = 2.5981686115264893
2025-10-07 10:23:32,442 - INFO - Generation = 8
2025-10-07 10:23:37,690 - INFO - Fitness    = 2.5981686115264893
2025-10-07 10:24:11,922 - INFO - Generation = 9
2025-10-07 10:24:17,137 - INFO - Fitness    = 2.5981686115264893
2025-10-07 10:24:50,771 - INFO - Generation = 10
2025-10-07 10:24:55,912 - INFO - Fitness    = 2.5981686115264893
