2025-10-07 09:26:13,117 - INFO - 
Solution 0-------
	KS Statistic Weights: 0.4996
	KS Statistic Biases: 0.0313
	Stats Score Weights: 0.6281
	Stats Score Biases: 0.17
	Unique Elems Score: 0.00
		TOTAL SCORE = 2.5982
2025-10-07 09:26:49,847 - INFO - Generation = 1
2025-10-07 09:26:55,040 - INFO - Fitness    = 2.5981686115264893
2025-10-07 09:27:29,415 - INFO - Generation = 2
2025-10-07 09:27:34,621 - INFO - Fitness    = 2.5981686115264893
2025-10-07 09:28:08,916 - INFO - Generation = 3
2025-10-07 09:28:14,143 - INFO - Fitness    = 2.5981686115264893
2025-10-07 09:28:48,518 - INFO - Generation = 4
2025-10-07 09:28:53,711 - INFO - Fitness    = 2.5981686115264893
2025-10-07 09:29:28,145 - INFO - Generation = 5
2025-10-07 09:29:33,373 - INFO - Fitness    = 2.5981686115264893
2025-10-07 09:30:07,460 - INFO - Generation = 6
2025-10-07 09:30:12,646 - INFO - Fitness    = 2.5981686115264893
2025-10-07 09:30:46,665 - INFO - Generation = 7
2025-10-07 09:30:51,817 - INFO - Fitness    = 2.5981686115264893
2025-10-07 09:31:26,156 - INFO - Generation = 8
2025-10-07 09:31:31,319 - INFO - Fitness    = 2.5981686115264893
2025-10-07 09:32:05,584 - INFO - Generation = 9
2025-10-07 09:32:10,812 - INFO - Fitness    = 2.5981686115264893
2025-10-07 09:32:45,211 - INFO - Generation = 10
2025-10-07 09:32:50,389 - INFO - Fitness    = 2.5981686115264893
