2025-10-07 10:25:30,043 - INFO - 
Solution 0-------
	KS Statistic Weights: 0.4996
	KS Statistic Biases: 0.0313
	Stats Score Weights: 0.6281
	Stats Score Biases: 0.17
	Unique Elems Score: 0.00
		TOTAL SCORE = 2.5982
2025-10-07 10:26:06,507 - INFO - Generation = 1
2025-10-07 10:26:11,704 - INFO - Fitness    = 2.5981686115264893
2025-10-07 10:26:45,665 - INFO - Generation = 2
2025-10-07 10:26:50,848 - INFO - Fitness    = 2.5981686115264893
2025-10-07 10:27:24,513 - INFO - Generation = 3
2025-10-07 10:27:29,663 - INFO - Fitness    = 2.5981686115264893
2025-10-07 10:28:03,356 - INFO - Generation = 4
2025-10-07 10:28:08,558 - INFO - Fitness    = 2.5981686115264893
2025-10-07 10:28:42,183 - INFO - Generation = 5
2025-10-07 10:28:47,725 - INFO - Fitness    = 2.5981686115264893
2025-10-07 10:29:21,548 - INFO - Generation = 6
2025-10-07 10:29:27,107 - INFO - Fitness    = 2.5981686115264893
2025-10-07 10:30:08,290 - INFO - 
Solution 30-------
	KS Statistic Weights: 0.6164
	KS Statistic Biases: 0.0475
	Stats Score Weights: 0.5879
	Stats Score Biases: 0.17
	Unique Elems Score: 0.00
		TOTAL SCORE = 2.7882
2025-10-07 10:30:10,577 - INFO - Generation = 7
2025-10-07 10:30:23,251 - INFO - 
Solution 30-------
	KS Statistic Weights: 0.6164
	KS Statistic Biases: 0.0475
	Stats Score Weights: 0.5879
	Stats Score Biases: 0.17
	Unique Elems Score: 0.00
		TOTAL SCORE = 2.7882
2025-10-07 10:30:25,543 - INFO - Fitness    = 2.78824520111084
2025-10-07 10:30:59,199 - INFO - Generation = 8
2025-10-07 10:31:04,399 - INFO - Fitness    = 2.78824520111084
2025-10-07 10:31:38,144 - INFO - Generation = 9
2025-10-07 10:31:43,301 - INFO - Fitness    = 2.78824520111084
2025-10-07 10:32:16,939 - INFO - Generation = 10
2025-10-07 10:32:22,160 - INFO - Fitness    = 2.78824520111084
