2025-10-07 09:18:27,900 - INFO - 
Solution 0-------
	KS Statistic Weights: 0.4996
	KS Statistic Biases: 0.0313
	Stats Score Weights: 0.6281
	Stats Score Biases: 0.17
	Unique Elems Score: 0.00
		TOTAL SCORE = 2.5982
2025-10-07 09:19:11,788 - INFO - 
Solution 24-------
	KS Statistic Weights: 0.6221
	KS Statistic Biases: 0.0975
	Stats Score Weights: 0.5429
	Stats Score Biases: 0.17
	Unique Elems Score: 0.00
		TOTAL SCORE = 2.9395
2025-10-07 09:19:14,100 - INFO - Generation = 1
2025-10-07 09:19:26,730 - INFO - 
Solution 24-------
	KS Statistic Weights: 0.6221
	KS Statistic Biases: 0.0975
	Stats Score Weights: 0.5429
	Stats Score Biases: 0.17
	Unique Elems Score: 0.00
		TOTAL SCORE = 2.9395
2025-10-07 09:19:29,058 - INFO - Fitness    = 2.939493417739868
2025-10-07 09:20:02,568 - INFO - Generation = 2
2025-10-07 09:20:08,111 - INFO - Fitness    = 2.939493417739868
2025-10-07 09:20:41,952 - INFO - Generation = 3
2025-10-07 09:20:47,095 - INFO - Fitness    = 2.939493417739868
2025-10-07 09:21:20,804 - INFO - Generation = 4
2025-10-07 09:21:26,360 - INFO - Fitness    = 2.939493417739868
2025-10-07 09:21:59,846 - INFO - Generation = 5
2025-10-07 09:22:05,041 - INFO - Fitness    = 2.939493417739868
2025-10-07 09:22:38,653 - INFO - Generation = 6
2025-10-07 09:22:44,245 - INFO - Fitness    = 2.939493417739868
2025-10-07 09:23:17,567 - INFO - Generation = 7
2025-10-07 09:23:22,737 - INFO - Fitness    = 2.939493417739868
2025-10-07 09:23:56,351 - INFO - Generation = 8
2025-10-07 09:24:01,902 - INFO - Fitness    = 2.939493417739868
2025-10-07 09:24:45,098 - INFO - 
Solution 99-------
	KS Statistic Weights: 0.6187
	KS Statistic Biases: 0.1042
	Stats Score Weights: 0.5266
	Stats Score Biases: 0.17
	Unique Elems Score: 0.00
		TOTAL SCORE = 2.9670
2025-10-07 09:24:45,187 - INFO - Generation = 9
2025-10-07 09:24:59,955 - INFO - 
Solution 99-------
	KS Statistic Weights: 0.6187
	KS Statistic Biases: 0.1042
	Stats Score Weights: 0.5266
	Stats Score Biases: 0.17
	Unique Elems Score: 0.00
		TOTAL SCORE = 2.9670
2025-10-07 09:25:00,044 - INFO - Fitness    = 2.9670448303222656
2025-10-07 09:25:33,605 - INFO - Generation = 10
2025-10-07 09:25:39,141 - INFO - Fitness    = 2.9670448303222656
