2025-10-07 03:22:15,468 - INFO - 
Solution 0-------
	KS Statistic Weights: 0.4996
	KS Statistic Biases: 0.0313
	Stats Score Weights: 0.6281
	Stats Score Biases: 0.17
	Unique Elems Score: 0.00
		TOTAL SCORE = 2.5982
2025-10-07 03:22:52,208 - INFO - Generation = 1
2025-10-07 03:22:57,389 - INFO - Fitness    = 2.5981686115264893
2025-10-07 03:23:31,679 - INFO - Generation = 2
2025-10-07 03:23:36,857 - INFO - Fitness    = 2.5981686115264893
2025-10-07 03:24:11,405 - INFO - Generation = 3
2025-10-07 03:24:16,592 - INFO - Fitness    = 2.5981686115264893
2025-10-07 03:24:51,006 - INFO - Generation = 4
2025-10-07 03:24:56,200 - INFO - Fitness    = 2.5981686115264893
2025-10-07 03:25:30,523 - INFO - Generation = 5
2025-10-07 03:25:35,738 - INFO - Fitness    = 2.5981686115264893
2025-10-07 03:26:10,232 - INFO - Generation = 6
2025-10-07 03:26:15,394 - INFO - Fitness    = 2.5981686115264893
2025-10-07 03:26:49,876 - INFO - Generation = 7
2025-10-07 03:26:55,065 - INFO - Fitness    = 2.5981686115264893
2025-10-07 03:27:29,134 - INFO - Generation = 8
2025-10-07 03:27:34,293 - INFO - Fitness    = 2.5981686115264893
2025-10-07 03:28:08,613 - INFO - Generation = 9
2025-10-07 03:28:13,821 - INFO - Fitness    = 2.5981686115264893
2025-10-07 03:28:48,143 - INFO - Generation = 10
2025-10-07 03:28:53,336 - INFO - Fitness    = 2.5981686115264893
