2025-10-08 23:32:55,260 - INFO - Experiment 1 ---------------- 
2025-10-08 23:33:51,899 - INFO - Generation = 1; Fitness    = 12.450166702270508
2025-10-08 23:34:24,857 - INFO - Generation = 2; Fitness    = 12.450166702270508
2025-10-08 23:34:57,770 - INFO - Generation = 3; Fitness    = 12.450166702270508
2025-10-08 23:35:30,855 - INFO - Generation = 4; Fitness    = 12.450166702270508
2025-10-08 23:36:04,083 - INFO - Generation = 5; Fitness    = 12.450166702270508
2025-10-08 23:36:37,114 - INFO - Generation = 6; Fitness    = 12.450166702270508
2025-10-08 23:37:09,914 - INFO - Generation = 7; Fitness    = 12.450166702270508
2025-10-08 23:38:02,649 - INFO - Generation = 8; Fitness    = 12.450166702270508
2025-10-08 23:38:54,846 - INFO - Generation = 9; Fitness    = 12.450166702270508
2025-10-08 23:39:47,268 - INFO - Generation = 10; Fitness    = 12.450166702270508
2025-10-08 23:40:39,718 - INFO - Generation = 11; Fitness    = 12.450166702270508
2025-10-08 23:41:12,732 - INFO - Generation = 12; Fitness    = 12.450166702270508
2025-10-08 23:41:46,160 - INFO - Generation = 13; Fitness    = 12.450166702270508
2025-10-08 23:42:19,396 - INFO - Generation = 14; Fitness    = 12.450166702270508
2025-10-08 23:42:52,579 - INFO - Generation = 15; Fitness    = 12.450166702270508
2025-10-08 23:43:26,386 - INFO - Generation = 16; Fitness    = 12.450166702270508
2025-10-08 23:44:18,901 - INFO - Generation = 17; Fitness    = 12.450166702270508
2025-10-08 23:45:11,098 - INFO - Generation = 18; Fitness    = 12.450166702270508
2025-10-08 23:46:03,688 - INFO - Generation = 19; Fitness    = 12.450166702270508
2025-10-08 23:46:36,786 - INFO - Generation = 20; Fitness    = 12.450166702270508
2025-10-08 23:47:10,207 - INFO - Generation = 21; Fitness    = 12.450166702270508
2025-10-08 23:47:43,444 - INFO - Generation = 22; Fitness    = 12.450166702270508
2025-10-08 23:48:17,043 - INFO - Generation = 23; Fitness    = 12.450166702270508
2025-10-08 23:48:50,846 - INFO - Generation = 24; Fitness    = 12.450166702270508
2025-10-08 23:49:24,483 - INFO - Generation = 25; Fitness    = 12.450166702270508
2025-10-08 23:49:57,847 - INFO - Generation = 26; Fitness    = 12.450166702270508
2025-10-08 23:50:31,242 - INFO - Generation = 27; Fitness    = 12.450166702270508
2025-10-08 23:51:04,828 - INFO - Generation = 28; Fitness    = 12.450166702270508
2025-10-08 23:51:37,665 - INFO - Generation = 29; Fitness    = 12.450166702270508
2025-10-08 23:52:11,170 - INFO - Generation = 30; Fitness    = 12.450166702270508
2025-10-08 23:52:44,641 - INFO - Generation = 31; Fitness    = 12.450166702270508
2025-10-08 23:53:17,569 - INFO - Generation = 32; Fitness    = 12.450166702270508
2025-10-08 23:53:50,531 - INFO - Generation = 33; Fitness    = 12.450166702270508
2025-10-08 23:54:23,892 - INFO - Generation = 34; Fitness    = 12.450166702270508
2025-10-08 23:54:56,915 - INFO - Generation = 35; Fitness    = 12.450166702270508
2025-10-08 23:55:30,364 - INFO - Generation = 36; Fitness    = 12.450166702270508
2025-10-08 23:56:03,771 - INFO - Generation = 37; Fitness    = 12.450166702270508
2025-10-08 23:56:37,231 - INFO - Generation = 38; Fitness    = 12.450166702270508
2025-10-08 23:57:10,386 - INFO - Generation = 39; Fitness    = 12.450166702270508
2025-10-08 23:57:43,248 - INFO - Generation = 40; Fitness    = 12.450166702270508
2025-10-08 23:58:16,635 - INFO - Generation = 41; Fitness    = 12.450166702270508
2025-10-08 23:58:50,109 - INFO - Generation = 42; Fitness    = 12.450166702270508
2025-10-08 23:59:23,222 - INFO - Generation = 43; Fitness    = 12.450166702270508
2025-10-08 23:59:56,951 - INFO - Generation = 44; Fitness    = 12.450166702270508
2025-10-09 00:00:30,042 - INFO - Generation = 45; Fitness    = 12.450166702270508
2025-10-09 00:01:02,941 - INFO - Generation = 46; Fitness    = 12.450166702270508
2025-10-09 00:01:36,003 - INFO - Generation = 47; Fitness    = 12.450166702270508
2025-10-09 00:02:08,889 - INFO - Generation = 48; Fitness    = 12.450166702270508
2025-10-09 00:02:41,917 - INFO - Generation = 49; Fitness    = 12.450166702270508
2025-10-09 00:03:14,980 - INFO - Generation = 50; Fitness    = 12.450166702270508
2025-10-09 00:03:14,983 - INFO - ----------------------------------------------------------------------
2025-10-09 00:03:14,983 - INFO -                            PyGAD Lifecycle                           
2025-10-09 00:03:14,983 - INFO - ======================================================================
2025-10-09 00:03:14,983 - INFO - Step                 Handler                         Output Shape    
2025-10-09 00:03:14,983 - INFO - ======================================================================
2025-10-09 00:03:14,983 - INFO - Fitness Function     fitness_func()                  (1)             
2025-10-09 00:03:14,983 - INFO - Fitness batch size: 10
2025-10-09 00:03:14,983 - INFO - ----------------------------------------------------------------------
2025-10-09 00:03:14,983 - INFO - Parent Selection     tournament_selection()          (10, 203940)    
2025-10-09 00:03:14,983 - INFO - Number of Parents: 10
2025-10-09 00:03:14,983 - INFO - K Tournament: 3
2025-10-09 00:03:14,983 - INFO - ----------------------------------------------------------------------
2025-10-09 00:03:14,983 - INFO - Crossover            single_point_crossover()        (10, 203940)    
2025-10-09 00:03:14,983 - INFO - ----------------------------------------------------------------------
2025-10-09 00:03:14,984 - INFO - Mutation             random_mutation()               (10, 203940)    
2025-10-09 00:03:14,984 - INFO - Mutation Genes: 20394
2025-10-09 00:03:14,984 - INFO - Random Mutation Range: (-1.0, 1.0)
2025-10-09 00:03:14,984 - INFO - Mutation by Replacement: False
2025-10-09 00:03:14,984 - INFO - Allow Duplicated Genes: True
2025-10-09 00:03:14,984 - INFO - ----------------------------------------------------------------------
2025-10-09 00:03:14,984 - INFO - On Generation        on_gen()                        None            
2025-10-09 00:03:14,984 - INFO - ----------------------------------------------------------------------
2025-10-09 00:03:14,984 - INFO - ======================================================================
2025-10-09 00:03:14,984 - INFO - Population Size: (100, 203940)
2025-10-09 00:03:14,984 - INFO - Number of Generations: 50
2025-10-09 00:03:14,984 - INFO - Initial Population Range: (-4, 4)
2025-10-09 00:03:14,984 - INFO - Keep Elitism: 1
2025-10-09 00:03:14,984 - INFO - Gene DType: [<class 'float'>, None]
2025-10-09 00:03:14,984 - INFO - Parallel Processing: ['thread', 2]
2025-10-09 00:03:14,984 - INFO - Random Seed: 0
2025-10-09 00:03:14,984 - INFO - Save Best Solutions: False
2025-10-09 00:03:14,984 - INFO - Save Solutions: False
2025-10-09 00:03:14,984 - INFO - ======================================================================
2025-10-09 00:03:19,415 - INFO -  DONE 

2025-10-09 00:03:19,415 - INFO - Experiment 2 ---------------- 
2025-10-09 00:04:15,431 - INFO - Generation = 1; Fitness    = 12.450165748596191
2025-10-09 00:04:48,293 - INFO - Generation = 2; Fitness    = 12.450165748596191
2025-10-09 00:05:21,233 - INFO - Generation = 3; Fitness    = 12.450165748596191
2025-10-09 00:06:13,202 - INFO - Generation = 4; Fitness    = 12.450165748596191
2025-10-09 00:06:46,197 - INFO - Generation = 5; Fitness    = 12.450165748596191
2025-10-09 00:07:38,539 - INFO - Generation = 6; Fitness    = 12.450165748596191
2025-10-09 00:08:31,128 - INFO - Generation = 7; Fitness    = 12.450165748596191
2025-10-09 00:09:03,848 - INFO - Generation = 8; Fitness    = 12.450165748596191
2025-10-09 00:09:36,815 - INFO - Generation = 9; Fitness    = 12.450165748596191
2025-10-09 00:10:10,162 - INFO - Generation = 10; Fitness    = 12.450165748596191
2025-10-09 00:10:43,191 - INFO - Generation = 11; Fitness    = 12.450165748596191
2025-10-09 00:11:15,909 - INFO - Generation = 12; Fitness    = 12.450165748596191
2025-10-09 00:11:49,359 - INFO - Generation = 13; Fitness    = 12.450165748596191
2025-10-09 00:12:22,726 - INFO - Generation = 14; Fitness    = 12.450165748596191
2025-10-09 00:12:55,916 - INFO - Generation = 15; Fitness    = 12.450165748596191
2025-10-09 00:13:28,895 - INFO - Generation = 16; Fitness    = 12.450165748596191
2025-10-09 00:14:02,192 - INFO - Generation = 17; Fitness    = 12.450165748596191
2025-10-09 00:14:35,623 - INFO - Generation = 18; Fitness    = 12.450165748596191
2025-10-09 00:15:09,224 - INFO - Generation = 19; Fitness    = 12.450165748596191
2025-10-09 00:15:42,498 - INFO - Generation = 20; Fitness    = 12.450165748596191
2025-10-09 00:16:15,870 - INFO - Generation = 21; Fitness    = 12.450165748596191
2025-10-09 00:16:49,417 - INFO - Generation = 22; Fitness    = 12.450165748596191
2025-10-09 00:17:22,467 - INFO - Generation = 23; Fitness    = 12.450165748596191
2025-10-09 00:17:55,833 - INFO - Generation = 24; Fitness    = 12.450165748596191
2025-10-09 00:18:48,384 - INFO - Generation = 25; Fitness    = 12.450165748596191
2025-10-09 00:19:40,913 - INFO - Generation = 26; Fitness    = 12.450165748596191
2025-10-09 00:20:14,201 - INFO - Generation = 27; Fitness    = 12.450165748596191
2025-10-09 00:20:47,215 - INFO - Generation = 28; Fitness    = 12.450165748596191
2025-10-09 00:21:20,527 - INFO - Generation = 29; Fitness    = 12.450165748596191
2025-10-09 00:21:53,925 - INFO - Generation = 30; Fitness    = 12.450165748596191
2025-10-09 00:22:27,329 - INFO - Generation = 31; Fitness    = 12.450165748596191
2025-10-09 00:23:00,504 - INFO - Generation = 32; Fitness    = 12.450165748596191
2025-10-09 00:23:33,904 - INFO - Generation = 33; Fitness    = 12.450165748596191
2025-10-09 00:24:07,310 - INFO - Generation = 34; Fitness    = 12.450165748596191
2025-10-09 00:24:40,652 - INFO - Generation = 35; Fitness    = 12.450165748596191
2025-10-09 00:25:14,162 - INFO - Generation = 36; Fitness    = 12.450165748596191
2025-10-09 00:25:47,457 - INFO - Generation = 37; Fitness    = 12.450165748596191
2025-10-09 00:26:20,546 - INFO - Generation = 38; Fitness    = 12.450165748596191
2025-10-09 00:26:53,818 - INFO - Generation = 39; Fitness    = 12.450165748596191
2025-10-09 00:27:27,166 - INFO - Generation = 40; Fitness    = 12.450165748596191
2025-10-09 00:28:00,424 - INFO - Generation = 41; Fitness    = 12.450165748596191
2025-10-09 00:28:33,645 - INFO - Generation = 42; Fitness    = 12.450165748596191
2025-10-09 00:29:06,805 - INFO - Generation = 43; Fitness    = 12.450165748596191
2025-10-09 00:29:40,104 - INFO - Generation = 44; Fitness    = 12.450165748596191
2025-10-09 00:30:13,676 - INFO - Generation = 45; Fitness    = 12.450165748596191
2025-10-09 00:30:47,122 - INFO - Generation = 46; Fitness    = 12.450165748596191
2025-10-09 00:31:20,532 - INFO - Generation = 47; Fitness    = 12.450165748596191
2025-10-09 00:31:54,066 - INFO - Generation = 48; Fitness    = 12.450165748596191
2025-10-09 00:32:27,525 - INFO - Generation = 49; Fitness    = 12.450165748596191
2025-10-09 00:33:00,814 - INFO - Generation = 50; Fitness    = 12.450165748596191
2025-10-09 00:33:00,817 - INFO - ----------------------------------------------------------------------
2025-10-09 00:33:00,817 - INFO -                            PyGAD Lifecycle                           
2025-10-09 00:33:00,817 - INFO - ======================================================================
2025-10-09 00:33:00,817 - INFO - Step                 Handler                         Output Shape    
2025-10-09 00:33:00,817 - INFO - ======================================================================
2025-10-09 00:33:00,817 - INFO - Fitness Function     fitness_func()                  (1)             
2025-10-09 00:33:00,817 - INFO - Fitness batch size: 10
2025-10-09 00:33:00,817 - INFO - ----------------------------------------------------------------------
2025-10-09 00:33:00,817 - INFO - Parent Selection     tournament_selection()          (10, 203940)    
2025-10-09 00:33:00,817 - INFO - Number of Parents: 10
2025-10-09 00:33:00,817 - INFO - K Tournament: 3
2025-10-09 00:33:00,817 - INFO - ----------------------------------------------------------------------
2025-10-09 00:33:00,817 - INFO - Crossover            single_point_crossover()        (10, 203940)    
2025-10-09 00:33:00,817 - INFO - ----------------------------------------------------------------------
2025-10-09 00:33:00,817 - INFO - Mutation             random_mutation()               (10, 203940)    
2025-10-09 00:33:00,817 - INFO - Mutation Genes: 20394
2025-10-09 00:33:00,817 - INFO - Random Mutation Range: (-1.0, 1.0)
2025-10-09 00:33:00,817 - INFO - Mutation by Replacement: False
2025-10-09 00:33:00,817 - INFO - Allow Duplicated Genes: True
2025-10-09 00:33:00,817 - INFO - ----------------------------------------------------------------------
2025-10-09 00:33:00,817 - INFO - On Generation        on_gen()                        None            
2025-10-09 00:33:00,817 - INFO - ----------------------------------------------------------------------
2025-10-09 00:33:00,817 - INFO - ======================================================================
2025-10-09 00:33:00,817 - INFO - Population Size: (100, 203940)
2025-10-09 00:33:00,817 - INFO - Number of Generations: 50
2025-10-09 00:33:00,818 - INFO - Initial Population Range: (-4, 4)
2025-10-09 00:33:00,818 - INFO - Keep Elitism: 1
2025-10-09 00:33:00,818 - INFO - Gene DType: [<class 'float'>, None]
2025-10-09 00:33:00,818 - INFO - Parallel Processing: ['thread', 2]
2025-10-09 00:33:00,818 - INFO - Random Seed: 1
2025-10-09 00:33:00,818 - INFO - Save Best Solutions: False
2025-10-09 00:33:00,818 - INFO - Save Solutions: False
2025-10-09 00:33:00,818 - INFO - ======================================================================
2025-10-09 00:33:04,987 - INFO -  DONE 

2025-10-09 00:33:04,987 - INFO - Experiment 3 ---------------- 
2025-10-09 00:34:01,008 - INFO - Generation = 1; Fitness    = 12.450165748596191
2025-10-09 00:34:34,440 - INFO - Generation = 2; Fitness    = 12.450165748596191
2025-10-09 00:35:07,993 - INFO - Generation = 3; Fitness    = 12.450165748596191
2025-10-09 00:35:41,419 - INFO - Generation = 4; Fitness    = 12.450165748596191
2025-10-09 00:36:14,843 - INFO - Generation = 5; Fitness    = 12.450165748596191
2025-10-09 00:36:48,513 - INFO - Generation = 6; Fitness    = 12.450165748596191
2025-10-09 00:37:21,924 - INFO - Generation = 7; Fitness    = 12.450165748596191
2025-10-09 00:37:55,565 - INFO - Generation = 8; Fitness    = 12.450165748596191
2025-10-09 00:38:29,207 - INFO - Generation = 9; Fitness    = 12.450165748596191
2025-10-09 00:39:02,504 - INFO - Generation = 10; Fitness    = 12.450165748596191
2025-10-09 00:39:35,953 - INFO - Generation = 11; Fitness    = 12.450165748596191
2025-10-09 00:40:09,522 - INFO - Generation = 12; Fitness    = 12.450165748596191
2025-10-09 00:40:42,933 - INFO - Generation = 13; Fitness    = 12.450165748596191
2025-10-09 00:41:16,254 - INFO - Generation = 14; Fitness    = 12.450165748596191
2025-10-09 00:41:49,829 - INFO - Generation = 15; Fitness    = 12.450165748596191
2025-10-09 00:42:23,665 - INFO - Generation = 16; Fitness    = 12.450165748596191
2025-10-09 00:42:57,479 - INFO - Generation = 17; Fitness    = 12.450165748596191
2025-10-09 00:43:30,936 - INFO - Generation = 18; Fitness    = 12.450165748596191
2025-10-09 00:44:04,572 - INFO - Generation = 19; Fitness    = 12.450165748596191
2025-10-09 00:44:38,065 - INFO - Generation = 20; Fitness    = 12.450165748596191
2025-10-09 00:45:11,682 - INFO - Generation = 21; Fitness    = 12.450165748596191
2025-10-09 00:45:45,279 - INFO - Generation = 22; Fitness    = 12.450165748596191
2025-10-09 00:46:18,896 - INFO - Generation = 23; Fitness    = 12.450165748596191
2025-10-09 00:46:52,032 - INFO - Generation = 24; Fitness    = 12.450165748596191
2025-10-09 00:47:25,664 - INFO - Generation = 25; Fitness    = 12.450165748596191
2025-10-09 00:47:59,147 - INFO - Generation = 26; Fitness    = 12.450165748596191
2025-10-09 00:48:32,809 - INFO - Generation = 27; Fitness    = 12.450165748596191
2025-10-09 00:49:06,340 - INFO - Generation = 28; Fitness    = 12.450165748596191
2025-10-09 00:49:39,776 - INFO - Generation = 29; Fitness    = 12.450165748596191
2025-10-09 00:50:13,570 - INFO - Generation = 30; Fitness    = 12.450165748596191
2025-10-09 00:50:46,793 - INFO - Generation = 31; Fitness    = 12.450165748596191
2025-10-09 00:51:19,911 - INFO - Generation = 32; Fitness    = 12.450165748596191
2025-10-09 00:51:53,301 - INFO - Generation = 33; Fitness    = 12.450165748596191
2025-10-09 00:52:26,800 - INFO - Generation = 34; Fitness    = 12.450165748596191
2025-10-09 00:53:00,389 - INFO - Generation = 35; Fitness    = 12.450165748596191
2025-10-09 00:53:33,775 - INFO - Generation = 36; Fitness    = 12.450165748596191
2025-10-09 00:54:07,154 - INFO - Generation = 37; Fitness    = 12.450165748596191
2025-10-09 00:54:40,722 - INFO - Generation = 38; Fitness    = 12.450165748596191
2025-10-09 00:55:14,193 - INFO - Generation = 39; Fitness    = 12.450165748596191
2025-10-09 00:55:47,580 - INFO - Generation = 40; Fitness    = 12.450165748596191
2025-10-09 00:56:21,068 - INFO - Generation = 41; Fitness    = 12.450165748596191
2025-10-09 00:56:54,953 - INFO - Generation = 42; Fitness    = 12.450165748596191
2025-10-09 00:57:28,593 - INFO - Generation = 43; Fitness    = 12.450165748596191
2025-10-09 00:58:02,058 - INFO - Generation = 44; Fitness    = 12.450165748596191
2025-10-09 00:58:35,728 - INFO - Generation = 45; Fitness    = 12.450165748596191
2025-10-09 00:59:09,360 - INFO - Generation = 46; Fitness    = 12.450165748596191
2025-10-09 00:59:43,381 - INFO - Generation = 47; Fitness    = 12.450165748596191
2025-10-09 01:00:17,211 - INFO - Generation = 48; Fitness    = 12.450165748596191
2025-10-09 01:00:50,884 - INFO - Generation = 49; Fitness    = 12.450165748596191
2025-10-09 01:01:24,510 - INFO - Generation = 50; Fitness    = 12.450165748596191
2025-10-09 01:01:24,513 - INFO - ----------------------------------------------------------------------
2025-10-09 01:01:24,513 - INFO -                            PyGAD Lifecycle                           
2025-10-09 01:01:24,513 - INFO - ======================================================================
2025-10-09 01:01:24,513 - INFO - Step                 Handler                         Output Shape    
2025-10-09 01:01:24,513 - INFO - ======================================================================
2025-10-09 01:01:24,513 - INFO - Fitness Function     fitness_func()                  (1)             
2025-10-09 01:01:24,513 - INFO - Fitness batch size: 10
2025-10-09 01:01:24,513 - INFO - ----------------------------------------------------------------------
2025-10-09 01:01:24,513 - INFO - Parent Selection     tournament_selection()          (10, 203940)    
2025-10-09 01:01:24,513 - INFO - Number of Parents: 10
2025-10-09 01:01:24,513 - INFO - K Tournament: 3
2025-10-09 01:01:24,513 - INFO - ----------------------------------------------------------------------
2025-10-09 01:01:24,513 - INFO - Crossover            single_point_crossover()        (10, 203940)    
2025-10-09 01:01:24,513 - INFO - ----------------------------------------------------------------------
2025-10-09 01:01:24,513 - INFO - Mutation             random_mutation()               (10, 203940)    
2025-10-09 01:01:24,513 - INFO - Mutation Genes: 20394
2025-10-09 01:01:24,513 - INFO - Random Mutation Range: (-1.0, 1.0)
2025-10-09 01:01:24,513 - INFO - Mutation by Replacement: False
2025-10-09 01:01:24,513 - INFO - Allow Duplicated Genes: True
2025-10-09 01:01:24,513 - INFO - ----------------------------------------------------------------------
2025-10-09 01:01:24,513 - INFO - On Generation        on_gen()                        None            
2025-10-09 01:01:24,513 - INFO - ----------------------------------------------------------------------
2025-10-09 01:01:24,514 - INFO - ======================================================================
2025-10-09 01:01:24,514 - INFO - Population Size: (100, 203940)
2025-10-09 01:01:24,514 - INFO - Number of Generations: 50
2025-10-09 01:01:24,514 - INFO - Initial Population Range: (-4, 4)
2025-10-09 01:01:24,514 - INFO - Keep Elitism: 1
2025-10-09 01:01:24,514 - INFO - Gene DType: [<class 'float'>, None]
2025-10-09 01:01:24,514 - INFO - Parallel Processing: ['thread', 2]
2025-10-09 01:01:24,514 - INFO - Random Seed: 2
2025-10-09 01:01:24,514 - INFO - Save Best Solutions: False
2025-10-09 01:01:24,514 - INFO - Save Solutions: False
2025-10-09 01:01:24,514 - INFO - ======================================================================
2025-10-09 01:01:28,817 - INFO -  DONE 

2025-10-09 01:01:28,817 - INFO - Experiment 4 ---------------- 
2025-10-09 01:02:25,013 - INFO - Generation = 1; Fitness    = 12.450165748596191
2025-10-09 01:02:58,401 - INFO - Generation = 2; Fitness    = 12.450165748596191
2025-10-09 01:03:32,230 - INFO - Generation = 3; Fitness    = 12.450165748596191
2025-10-09 01:04:05,808 - INFO - Generation = 4; Fitness    = 12.450165748596191
2025-10-09 01:04:39,698 - INFO - Generation = 5; Fitness    = 12.450165748596191
2025-10-09 01:05:13,650 - INFO - Generation = 6; Fitness    = 12.450165748596191
2025-10-09 01:05:47,470 - INFO - Generation = 7; Fitness    = 12.450165748596191
2025-10-09 01:06:20,844 - INFO - Generation = 8; Fitness    = 12.450165748596191
2025-10-09 01:06:54,495 - INFO - Generation = 9; Fitness    = 12.450165748596191
2025-10-09 01:07:27,922 - INFO - Generation = 10; Fitness    = 12.450165748596191
2025-10-09 01:08:01,553 - INFO - Generation = 11; Fitness    = 12.450165748596191
2025-10-09 01:08:35,108 - INFO - Generation = 12; Fitness    = 12.450165748596191
2025-10-09 01:09:08,946 - INFO - Generation = 13; Fitness    = 12.450165748596191
2025-10-09 01:09:42,683 - INFO - Generation = 14; Fitness    = 12.450165748596191
2025-10-09 01:10:16,275 - INFO - Generation = 15; Fitness    = 12.450165748596191
2025-10-09 01:10:49,801 - INFO - Generation = 16; Fitness    = 12.450165748596191
2025-10-09 01:11:23,236 - INFO - Generation = 17; Fitness    = 12.450165748596191
2025-10-09 01:11:56,788 - INFO - Generation = 18; Fitness    = 12.450165748596191
2025-10-09 01:12:30,076 - INFO - Generation = 19; Fitness    = 12.450165748596191
2025-10-09 01:13:03,340 - INFO - Generation = 20; Fitness    = 12.450165748596191
2025-10-09 01:13:36,575 - INFO - Generation = 21; Fitness    = 12.450165748596191
2025-10-09 01:14:09,825 - INFO - Generation = 22; Fitness    = 12.450165748596191
2025-10-09 01:14:43,016 - INFO - Generation = 23; Fitness    = 12.450165748596191
2025-10-09 01:15:16,500 - INFO - Generation = 24; Fitness    = 12.450165748596191
2025-10-09 01:15:49,844 - INFO - Generation = 25; Fitness    = 12.450165748596191
2025-10-09 01:16:23,613 - INFO - Generation = 26; Fitness    = 12.450165748596191
2025-10-09 01:16:56,924 - INFO - Generation = 27; Fitness    = 12.450165748596191
2025-10-09 01:17:30,162 - INFO - Generation = 28; Fitness    = 12.450165748596191
2025-10-09 01:18:03,744 - INFO - Generation = 29; Fitness    = 12.450165748596191
2025-10-09 01:18:36,946 - INFO - Generation = 30; Fitness    = 12.450165748596191
2025-10-09 01:19:09,838 - INFO - Generation = 31; Fitness    = 12.450165748596191
2025-10-09 01:19:42,939 - INFO - Generation = 32; Fitness    = 12.450165748596191
2025-10-09 01:20:16,409 - INFO - Generation = 33; Fitness    = 12.450165748596191
2025-10-09 01:20:49,910 - INFO - Generation = 34; Fitness    = 12.450165748596191
2025-10-09 01:21:23,201 - INFO - Generation = 35; Fitness    = 12.450165748596191
2025-10-09 01:21:56,565 - INFO - Generation = 36; Fitness    = 12.450165748596191
2025-10-09 01:22:30,087 - INFO - Generation = 37; Fitness    = 12.450165748596191
2025-10-09 01:23:03,459 - INFO - Generation = 38; Fitness    = 12.450165748596191
2025-10-09 01:23:36,998 - INFO - Generation = 39; Fitness    = 12.450165748596191
2025-10-09 01:24:10,085 - INFO - Generation = 40; Fitness    = 12.450165748596191
2025-10-09 01:24:43,209 - INFO - Generation = 41; Fitness    = 12.450165748596191
2025-10-09 01:25:16,234 - INFO - Generation = 42; Fitness    = 12.450165748596191
2025-10-09 01:25:49,583 - INFO - Generation = 43; Fitness    = 12.450165748596191
2025-10-09 01:26:22,983 - INFO - Generation = 44; Fitness    = 12.450165748596191
2025-10-09 01:26:56,123 - INFO - Generation = 45; Fitness    = 12.450165748596191
2025-10-09 01:27:28,999 - INFO - Generation = 46; Fitness    = 12.450165748596191
2025-10-09 01:28:01,992 - INFO - Generation = 47; Fitness    = 12.450165748596191
2025-10-09 01:28:35,191 - INFO - Generation = 48; Fitness    = 12.450165748596191
2025-10-09 01:29:08,320 - INFO - Generation = 49; Fitness    = 12.450165748596191
2025-10-09 01:29:41,539 - INFO - Generation = 50; Fitness    = 12.450165748596191
2025-10-09 01:29:41,542 - INFO - ----------------------------------------------------------------------
2025-10-09 01:29:41,542 - INFO -                            PyGAD Lifecycle                           
2025-10-09 01:29:41,542 - INFO - ======================================================================
2025-10-09 01:29:41,542 - INFO - Step                 Handler                         Output Shape    
2025-10-09 01:29:41,542 - INFO - ======================================================================
2025-10-09 01:29:41,542 - INFO - Fitness Function     fitness_func()                  (1)             
2025-10-09 01:29:41,542 - INFO - Fitness batch size: 10
2025-10-09 01:29:41,542 - INFO - ----------------------------------------------------------------------
2025-10-09 01:29:41,542 - INFO - Parent Selection     tournament_selection()          (10, 203940)    
2025-10-09 01:29:41,542 - INFO - Number of Parents: 10
2025-10-09 01:29:41,542 - INFO - K Tournament: 3
2025-10-09 01:29:41,542 - INFO - ----------------------------------------------------------------------
2025-10-09 01:29:41,542 - INFO - Crossover            single_point_crossover()        (10, 203940)    
2025-10-09 01:29:41,542 - INFO - ----------------------------------------------------------------------
2025-10-09 01:29:41,542 - INFO - Mutation             random_mutation()               (10, 203940)    
2025-10-09 01:29:41,543 - INFO - Mutation Genes: 20394
2025-10-09 01:29:41,543 - INFO - Random Mutation Range: (-1.0, 1.0)
2025-10-09 01:29:41,543 - INFO - Mutation by Replacement: False
2025-10-09 01:29:41,543 - INFO - Allow Duplicated Genes: True
2025-10-09 01:29:41,543 - INFO - ----------------------------------------------------------------------
2025-10-09 01:29:41,543 - INFO - On Generation        on_gen()                        None            
2025-10-09 01:29:41,543 - INFO - ----------------------------------------------------------------------
2025-10-09 01:29:41,543 - INFO - ======================================================================
2025-10-09 01:29:41,543 - INFO - Population Size: (100, 203940)
2025-10-09 01:29:41,543 - INFO - Number of Generations: 50
2025-10-09 01:29:41,543 - INFO - Initial Population Range: (-4, 4)
2025-10-09 01:29:41,543 - INFO - Keep Elitism: 1
2025-10-09 01:29:41,543 - INFO - Gene DType: [<class 'float'>, None]
2025-10-09 01:29:41,543 - INFO - Parallel Processing: ['thread', 2]
2025-10-09 01:29:41,543 - INFO - Random Seed: 3
2025-10-09 01:29:41,543 - INFO - Save Best Solutions: False
2025-10-09 01:29:41,543 - INFO - Save Solutions: False
2025-10-09 01:29:41,543 - INFO - ======================================================================
2025-10-09 01:29:45,723 - INFO -  DONE 

2025-10-09 01:29:45,723 - INFO - Experiment 5 ---------------- 
2025-10-09 01:30:41,830 - INFO - Generation = 1; Fitness    = 12.450166702270508
2025-10-09 01:31:15,457 - INFO - Generation = 2; Fitness    = 12.450166702270508
2025-10-09 01:31:48,847 - INFO - Generation = 3; Fitness    = 12.450166702270508
2025-10-09 01:32:22,330 - INFO - Generation = 4; Fitness    = 12.450166702270508
2025-10-09 01:32:55,786 - INFO - Generation = 5; Fitness    = 12.450166702270508
2025-10-09 01:33:29,218 - INFO - Generation = 6; Fitness    = 12.450166702270508
2025-10-09 01:34:02,530 - INFO - Generation = 7; Fitness    = 12.450166702270508
2025-10-09 01:34:35,864 - INFO - Generation = 8; Fitness    = 12.450166702270508
2025-10-09 01:35:09,396 - INFO - Generation = 9; Fitness    = 12.450166702270508
2025-10-09 01:35:42,555 - INFO - Generation = 10; Fitness    = 12.450166702270508
2025-10-09 01:36:15,901 - INFO - Generation = 11; Fitness    = 12.450166702270508
2025-10-09 01:36:49,428 - INFO - Generation = 12; Fitness    = 12.450166702270508
2025-10-09 01:37:22,812 - INFO - Generation = 13; Fitness    = 12.450166702270508
2025-10-09 01:37:56,114 - INFO - Generation = 14; Fitness    = 12.450166702270508
2025-10-09 01:38:29,633 - INFO - Generation = 15; Fitness    = 12.450166702270508
2025-10-09 01:39:03,726 - INFO - Generation = 16; Fitness    = 12.450166702270508
2025-10-09 01:39:37,074 - INFO - Generation = 17; Fitness    = 12.450166702270508
2025-10-09 01:40:10,591 - INFO - Generation = 18; Fitness    = 12.450166702270508
2025-10-09 01:40:43,928 - INFO - Generation = 19; Fitness    = 12.450166702270508
2025-10-09 01:41:17,402 - INFO - Generation = 20; Fitness    = 12.450166702270508
2025-10-09 01:41:50,795 - INFO - Generation = 21; Fitness    = 12.450166702270508
2025-10-09 01:42:24,373 - INFO - Generation = 22; Fitness    = 12.450166702270508
2025-10-09 01:42:57,692 - INFO - Generation = 23; Fitness    = 12.450166702270508
2025-10-09 01:43:31,212 - INFO - Generation = 24; Fitness    = 12.450166702270508
2025-10-09 01:44:04,988 - INFO - Generation = 25; Fitness    = 12.450166702270508
2025-10-09 01:44:38,860 - INFO - Generation = 26; Fitness    = 12.450166702270508
2025-10-09 01:45:12,654 - INFO - Generation = 27; Fitness    = 12.450166702270508
2025-10-09 01:45:46,408 - INFO - Generation = 28; Fitness    = 12.450166702270508
2025-10-09 01:46:19,998 - INFO - Generation = 29; Fitness    = 12.450166702270508
2025-10-09 01:46:53,533 - INFO - Generation = 30; Fitness    = 12.450166702270508
2025-10-09 01:47:27,401 - INFO - Generation = 31; Fitness    = 12.450166702270508
2025-10-09 01:48:00,881 - INFO - Generation = 32; Fitness    = 12.450166702270508
2025-10-09 01:48:34,327 - INFO - Generation = 33; Fitness    = 12.450166702270508
2025-10-09 01:49:08,030 - INFO - Generation = 34; Fitness    = 12.450166702270508
2025-10-09 01:49:41,882 - INFO - Generation = 35; Fitness    = 12.450166702270508
2025-10-09 01:50:15,491 - INFO - Generation = 36; Fitness    = 12.450166702270508
2025-10-09 01:50:49,105 - INFO - Generation = 37; Fitness    = 12.450166702270508
2025-10-09 01:51:23,183 - INFO - Generation = 38; Fitness    = 12.450166702270508
2025-10-09 01:51:56,921 - INFO - Generation = 39; Fitness    = 12.450166702270508
2025-10-09 01:52:30,510 - INFO - Generation = 40; Fitness    = 12.450166702270508
2025-10-09 01:53:04,138 - INFO - Generation = 41; Fitness    = 12.450166702270508
2025-10-09 01:53:37,942 - INFO - Generation = 42; Fitness    = 12.450166702270508
2025-10-09 01:54:11,829 - INFO - Generation = 43; Fitness    = 12.450166702270508
2025-10-09 01:54:45,518 - INFO - Generation = 44; Fitness    = 12.450166702270508
2025-10-09 01:55:19,284 - INFO - Generation = 45; Fitness    = 12.450166702270508
2025-10-09 01:55:52,626 - INFO - Generation = 46; Fitness    = 12.450166702270508
2025-10-09 01:56:26,086 - INFO - Generation = 47; Fitness    = 12.450166702270508
2025-10-09 01:56:59,484 - INFO - Generation = 48; Fitness    = 12.450166702270508
2025-10-09 01:57:33,141 - INFO - Generation = 49; Fitness    = 12.450166702270508
2025-10-09 01:58:06,413 - INFO - Generation = 50; Fitness    = 12.450166702270508
2025-10-09 01:58:06,415 - INFO - ----------------------------------------------------------------------
2025-10-09 01:58:06,416 - INFO -                            PyGAD Lifecycle                           
2025-10-09 01:58:06,416 - INFO - ======================================================================
2025-10-09 01:58:06,416 - INFO - Step                 Handler                         Output Shape    
2025-10-09 01:58:06,416 - INFO - ======================================================================
2025-10-09 01:58:06,416 - INFO - Fitness Function     fitness_func()                  (1)             
2025-10-09 01:58:06,416 - INFO - Fitness batch size: 10
2025-10-09 01:58:06,416 - INFO - ----------------------------------------------------------------------
2025-10-09 01:58:06,416 - INFO - Parent Selection     tournament_selection()          (10, 203940)    
2025-10-09 01:58:06,416 - INFO - Number of Parents: 10
2025-10-09 01:58:06,416 - INFO - K Tournament: 3
2025-10-09 01:58:06,416 - INFO - ----------------------------------------------------------------------
2025-10-09 01:58:06,416 - INFO - Crossover            single_point_crossover()        (10, 203940)    
2025-10-09 01:58:06,416 - INFO - ----------------------------------------------------------------------
2025-10-09 01:58:06,416 - INFO - Mutation             random_mutation()               (10, 203940)    
2025-10-09 01:58:06,416 - INFO - Mutation Genes: 20394
2025-10-09 01:58:06,416 - INFO - Random Mutation Range: (-1.0, 1.0)
2025-10-09 01:58:06,416 - INFO - Mutation by Replacement: False
2025-10-09 01:58:06,416 - INFO - Allow Duplicated Genes: True
2025-10-09 01:58:06,416 - INFO - ----------------------------------------------------------------------
2025-10-09 01:58:06,416 - INFO - On Generation        on_gen()                        None            
2025-10-09 01:58:06,416 - INFO - ----------------------------------------------------------------------
2025-10-09 01:58:06,416 - INFO - ======================================================================
2025-10-09 01:58:06,416 - INFO - Population Size: (100, 203940)
2025-10-09 01:58:06,416 - INFO - Number of Generations: 50
2025-10-09 01:58:06,416 - INFO - Initial Population Range: (-4, 4)
2025-10-09 01:58:06,416 - INFO - Keep Elitism: 1
2025-10-09 01:58:06,416 - INFO - Gene DType: [<class 'float'>, None]
2025-10-09 01:58:06,416 - INFO - Parallel Processing: ['thread', 2]
2025-10-09 01:58:06,416 - INFO - Random Seed: 4
2025-10-09 01:58:06,416 - INFO - Save Best Solutions: False
2025-10-09 01:58:06,416 - INFO - Save Solutions: False
2025-10-09 01:58:06,416 - INFO - ======================================================================
2025-10-09 01:58:10,597 - INFO -  DONE 

