2025-10-06 23:41:51,283 - INFO - 
Solution 0-------
	KS Statistic Weights: 0.5004
	KS Statistic Biases: 0.9687
	Stats Score Weights: 0.6281
	Stats Score Biases: 0.17
	Unique Elems Score: 0.00
		TOTAL SCORE = 2.3270
2025-10-06 23:42:28,117 - INFO - Generation = 1
2025-10-06 23:42:33,352 - INFO - Fitness    = 2.3270015716552734
2025-10-06 23:43:07,242 - INFO - Generation = 2
2025-10-06 23:43:12,435 - INFO - Fitness    = 2.3270015716552734
2025-10-06 23:43:46,466 - INFO - Generation = 3
2025-10-06 23:43:51,626 - INFO - Fitness    = 2.3270015716552734
2025-10-06 23:44:25,627 - INFO - Generation = 4
2025-10-06 23:44:30,780 - INFO - Fitness    = 2.3270015716552734
2025-10-06 23:45:04,416 - INFO - Generation = 5
2025-10-06 23:45:09,621 - INFO - Fitness    = 2.3270015716552734
2025-10-06 23:45:43,765 - INFO - Generation = 6
2025-10-06 23:45:48,947 - INFO - Fitness    = 2.3270015716552734
2025-10-06 23:46:23,132 - INFO - Generation = 7
2025-10-06 23:46:28,328 - INFO - Fitness    = 2.3270015716552734
2025-10-06 23:47:02,353 - INFO - Generation = 8
2025-10-06 23:47:07,526 - INFO - Fitness    = 2.3270015716552734
2025-10-06 23:47:41,494 - INFO - Generation = 9
2025-10-06 23:47:46,678 - INFO - Fitness    = 2.3270015716552734
2025-10-06 23:48:20,653 - INFO - Generation = 10
2025-10-06 23:48:25,802 - INFO - Fitness    = 2.3270015716552734
