2025-10-08 22:52:15,947 - INFO - Experiment 1 ---------------- 
2025-10-08 22:53:15,183 - INFO - Generation = 1; Fitness    = 2.3270647525787354
2025-10-08 22:53:48,135 - INFO - Generation = 2; Fitness    = 2.3270647525787354
2025-10-08 22:54:21,043 - INFO - Generation = 3; Fitness    = 2.3270647525787354
2025-10-08 22:54:53,964 - INFO - Generation = 4; Fitness    = 2.3270647525787354
2025-10-08 22:55:26,950 - INFO - Generation = 5; Fitness    = 2.3270647525787354
2025-10-08 22:55:59,956 - INFO - Generation = 6; Fitness    = 2.3270647525787354
2025-10-08 22:56:33,015 - INFO - Generation = 7; Fitness    = 2.3270647525787354
2025-10-08 22:57:05,994 - INFO - Generation = 8; Fitness    = 2.3270647525787354
2025-10-08 22:57:38,809 - INFO - Generation = 9; Fitness    = 2.3270647525787354
2025-10-08 22:58:11,639 - INFO - Generation = 10; Fitness    = 2.3270647525787354
2025-10-08 22:58:44,611 - INFO - Generation = 11; Fitness    = 2.3270647525787354
2025-10-08 22:59:17,386 - INFO - Generation = 12; Fitness    = 2.3270647525787354
2025-10-08 22:59:50,265 - INFO - Generation = 13; Fitness    = 2.3270647525787354
2025-10-08 23:00:23,186 - INFO - Generation = 14; Fitness    = 2.3270647525787354
2025-10-08 23:00:56,052 - INFO - Generation = 15; Fitness    = 2.3270647525787354
2025-10-08 23:01:28,803 - INFO - Generation = 16; Fitness    = 2.3270647525787354
2025-10-08 23:02:21,167 - INFO - Generation = 17; Fitness    = 3.220022678375244
2025-10-08 23:03:13,766 - INFO - Generation = 18; Fitness    = 3.220022678375244
2025-10-08 23:03:46,581 - INFO - Generation = 19; Fitness    = 3.220022678375244
2025-10-08 23:04:19,765 - INFO - Generation = 20; Fitness    = 3.220022678375244
2025-10-08 23:04:52,690 - INFO - Generation = 21; Fitness    = 3.220022678375244
2025-10-08 23:05:25,780 - INFO - Generation = 22; Fitness    = 3.220022678375244
2025-10-08 23:05:58,841 - INFO - Generation = 23; Fitness    = 3.220022678375244
2025-10-08 23:06:31,707 - INFO - Generation = 24; Fitness    = 3.220022678375244
2025-10-08 23:07:24,152 - INFO - Generation = 25; Fitness    = 3.23453426361084
2025-10-08 23:07:57,468 - INFO - Generation = 26; Fitness    = 3.23453426361084
2025-10-08 23:08:50,661 - INFO - Generation = 27; Fitness    = 3.2524335384368896
2025-10-08 23:09:42,951 - INFO - Generation = 28; Fitness    = 3.253359794616699
2025-10-08 23:10:16,131 - INFO - Generation = 29; Fitness    = 3.253359794616699
2025-10-08 23:10:49,345 - INFO - Generation = 30; Fitness    = 3.253359794616699
2025-10-08 23:11:22,486 - INFO - Generation = 31; Fitness    = 3.253359794616699
2025-10-08 23:11:55,729 - INFO - Generation = 32; Fitness    = 3.253359794616699
2025-10-08 23:12:28,771 - INFO - Generation = 33; Fitness    = 3.253359794616699
2025-10-08 23:13:01,912 - INFO - Generation = 34; Fitness    = 3.253359794616699
2025-10-08 23:13:35,001 - INFO - Generation = 35; Fitness    = 3.253359794616699
2025-10-08 23:14:07,896 - INFO - Generation = 36; Fitness    = 3.253359794616699
2025-10-08 23:14:40,895 - INFO - Generation = 37; Fitness    = 3.253359794616699
2025-10-08 23:15:14,056 - INFO - Generation = 38; Fitness    = 3.253359794616699
2025-10-08 23:15:47,232 - INFO - Generation = 39; Fitness    = 3.253359794616699
2025-10-08 23:16:20,229 - INFO - Generation = 40; Fitness    = 3.253359794616699
2025-10-08 23:16:53,104 - INFO - Generation = 41; Fitness    = 3.253359794616699
2025-10-08 23:17:45,319 - INFO - Generation = 42; Fitness    = 3.333092212677002
2025-10-08 23:18:37,786 - INFO - Generation = 43; Fitness    = 3.337791919708252
2025-10-08 23:19:30,304 - INFO - Generation = 44; Fitness    = 3.337791919708252
2025-10-08 23:20:03,613 - INFO - Generation = 45; Fitness    = 3.337791919708252
2025-10-08 23:20:36,964 - INFO - Generation = 46; Fitness    = 3.337791919708252
2025-10-08 23:21:10,151 - INFO - Generation = 47; Fitness    = 3.337791919708252
2025-10-08 23:21:43,417 - INFO - Generation = 48; Fitness    = 3.337791919708252
2025-10-08 23:22:16,514 - INFO - Generation = 49; Fitness    = 3.337791919708252
2025-10-08 23:22:49,465 - INFO - Generation = 50; Fitness    = 3.337791919708252
2025-10-08 23:22:49,468 - INFO - ----------------------------------------------------------------------
2025-10-08 23:22:49,468 - INFO -                            PyGAD Lifecycle                           
2025-10-08 23:22:49,468 - INFO - ======================================================================
2025-10-08 23:22:49,468 - INFO - Step                 Handler                         Output Shape    
2025-10-08 23:22:49,468 - INFO - ======================================================================
2025-10-08 23:22:49,468 - INFO - Fitness Function     fitness_func()                  (1)             
2025-10-08 23:22:49,468 - INFO - Fitness batch size: 10
2025-10-08 23:22:49,468 - INFO - ----------------------------------------------------------------------
2025-10-08 23:22:49,468 - INFO - Parent Selection     tournament_selection()          (10, 203940)    
2025-10-08 23:22:49,468 - INFO - Number of Parents: 10
2025-10-08 23:22:49,468 - INFO - K Tournament: 3
2025-10-08 23:22:49,468 - INFO - ----------------------------------------------------------------------
2025-10-08 23:22:49,468 - INFO - Crossover            single_point_crossover()        (10, 203940)    
2025-10-08 23:22:49,468 - INFO - ----------------------------------------------------------------------
2025-10-08 23:22:49,468 - INFO - Mutation             random_mutation()               (10, 203940)    
2025-10-08 23:22:49,468 - INFO - Mutation Genes: 20394
2025-10-08 23:22:49,468 - INFO - Random Mutation Range: (-1.0, 1.0)
2025-10-08 23:22:49,468 - INFO - Mutation by Replacement: False
2025-10-08 23:22:49,468 - INFO - Allow Duplicated Genes: True
2025-10-08 23:22:49,468 - INFO - ----------------------------------------------------------------------
2025-10-08 23:22:49,468 - INFO - On Generation        on_gen()                        None            
2025-10-08 23:22:49,468 - INFO - ----------------------------------------------------------------------
2025-10-08 23:22:49,468 - INFO - ======================================================================
2025-10-08 23:22:49,468 - INFO - Population Size: (100, 203940)
2025-10-08 23:22:49,468 - INFO - Number of Generations: 50
2025-10-08 23:22:49,468 - INFO - Initial Population Range: (-4, 4)
2025-10-08 23:22:49,468 - INFO - Keep Elitism: 1
2025-10-08 23:22:49,468 - INFO - Gene DType: [<class 'float'>, None]
2025-10-08 23:22:49,468 - INFO - Parallel Processing: ['thread', 2]
2025-10-08 23:22:49,468 - INFO - Random Seed: 0
2025-10-08 23:22:49,468 - INFO - Save Best Solutions: False
2025-10-08 23:22:49,468 - INFO - Save Solutions: False
2025-10-08 23:22:49,468 - INFO - ======================================================================
2025-10-08 23:22:53,938 - INFO -  DONE 

2025-10-08 23:22:53,938 - INFO - Experiment 2 ---------------- 
2025-10-08 23:23:49,833 - INFO - Generation = 1; Fitness    = 2.3270649909973145
2025-10-08 23:24:23,041 - INFO - Generation = 2; Fitness    = 2.3270649909973145
2025-10-08 23:24:56,415 - INFO - Generation = 3; Fitness    = 2.3270649909973145
2025-10-08 23:25:48,648 - INFO - Generation = 4; Fitness    = 2.6353700160980225
2025-10-08 23:26:21,651 - INFO - Generation = 5; Fitness    = 2.6353700160980225
2025-10-08 23:27:14,414 - INFO - Generation = 6; Fitness    = 3.41609263420105
2025-10-08 23:28:07,281 - INFO - Generation = 7; Fitness    = 3.41609263420105
2025-10-08 23:28:40,443 - INFO - Generation = 8; Fitness    = 3.41609263420105
2025-10-08 23:29:13,376 - INFO - Generation = 9; Fitness    = 3.41609263420105
2025-10-08 23:30:06,302 - INFO - Generation = 10; Fitness    = 3.41609263420105
2025-10-08 23:30:39,218 - INFO - Generation = 11; Fitness    = 3.41609263420105
2025-10-08 23:31:12,252 - INFO - Generation = 12; Fitness    = 3.41609263420105
2025-10-08 23:31:45,026 - INFO - Generation = 13; Fitness    = 3.41609263420105
2025-10-08 23:32:57,585 - INFO - Generation = 14; Fitness    = 3.41609263420105
2025-10-08 23:34:10,478 - INFO - Generation = 15; Fitness    = 3.41609263420105
2025-10-08 23:35:03,066 - INFO - Generation = 16; Fitness    = 3.41609263420105
2025-10-08 23:35:36,249 - INFO - Generation = 17; Fitness    = 3.41609263420105
2025-10-08 23:36:09,324 - INFO - Generation = 18; Fitness    = 3.41609263420105
2025-10-08 23:36:42,516 - INFO - Generation = 19; Fitness    = 3.41609263420105
2025-10-08 23:37:34,354 - INFO - Generation = 20; Fitness    = 3.41609263420105
2025-10-08 23:38:27,373 - INFO - Generation = 21; Fitness    = 3.41609263420105
2025-10-08 23:39:19,779 - INFO - Generation = 22; Fitness    = 3.41609263420105
2025-10-08 23:40:12,923 - INFO - Generation = 23; Fitness    = 3.41609263420105
2025-10-08 23:41:05,477 - INFO - Generation = 24; Fitness    = 3.41609263420105
2025-10-08 23:41:57,940 - INFO - Generation = 25; Fitness    = 3.41609263420105
2025-10-08 23:42:50,599 - INFO - Generation = 26; Fitness    = 3.41609263420105
2025-10-08 23:43:23,666 - INFO - Generation = 27; Fitness    = 3.41609263420105
2025-10-08 23:44:15,953 - INFO - Generation = 28; Fitness    = 3.41609263420105
2025-10-08 23:45:08,521 - INFO - Generation = 29; Fitness    = 3.41609263420105
2025-10-08 23:45:41,679 - INFO - Generation = 30; Fitness    = 3.41609263420105
2025-10-08 23:46:34,540 - INFO - Generation = 31; Fitness    = 3.41609263420105
2025-10-08 23:47:47,262 - INFO - Generation = 32; Fitness    = 3.41609263420105
2025-10-08 23:48:40,159 - INFO - Generation = 33; Fitness    = 3.41609263420105
2025-10-08 23:49:52,867 - INFO - Generation = 34; Fitness    = 3.41609263420105
2025-10-08 23:50:45,751 - INFO - Generation = 35; Fitness    = 3.41609263420105
2025-10-08 23:51:58,276 - INFO - Generation = 36; Fitness    = 3.419694185256958
2025-10-08 23:53:10,865 - INFO - Generation = 37; Fitness    = 3.419694185256958
2025-10-08 23:54:42,944 - INFO - Generation = 38; Fitness    = 3.419694185256958
2025-10-08 23:55:35,325 - INFO - Generation = 39; Fitness    = 3.419694185256958
2025-10-08 23:56:28,124 - INFO - Generation = 40; Fitness    = 3.419694185256958
2025-10-08 23:57:20,639 - INFO - Generation = 41; Fitness    = 3.419694185256958
2025-10-08 23:58:32,774 - INFO - Generation = 42; Fitness    = 3.419694185256958
2025-10-08 23:59:44,963 - INFO - Generation = 43; Fitness    = 3.419694185256958
2025-10-09 00:00:18,176 - INFO - Generation = 44; Fitness    = 3.419694185256958
2025-10-09 00:00:51,404 - INFO - Generation = 45; Fitness    = 3.419694185256958
2025-10-09 00:01:24,688 - INFO - Generation = 46; Fitness    = 3.419694185256958
2025-10-09 00:02:17,525 - INFO - Generation = 47; Fitness    = 3.419694185256958
2025-10-09 00:03:10,044 - INFO - Generation = 48; Fitness    = 3.419694185256958
2025-10-09 00:04:02,588 - INFO - Generation = 49; Fitness    = 3.419694185256958
2025-10-09 00:05:14,686 - INFO - Generation = 50; Fitness    = 3.419935464859009
2025-10-09 00:05:14,689 - INFO - ----------------------------------------------------------------------
2025-10-09 00:05:14,689 - INFO -                            PyGAD Lifecycle                           
2025-10-09 00:05:14,689 - INFO - ======================================================================
2025-10-09 00:05:14,689 - INFO - Step                 Handler                         Output Shape    
2025-10-09 00:05:14,689 - INFO - ======================================================================
2025-10-09 00:05:14,689 - INFO - Fitness Function     fitness_func()                  (1)             
2025-10-09 00:05:14,689 - INFO - Fitness batch size: 10
2025-10-09 00:05:14,689 - INFO - ----------------------------------------------------------------------
2025-10-09 00:05:14,689 - INFO - Parent Selection     tournament_selection()          (10, 203940)    
2025-10-09 00:05:14,689 - INFO - Number of Parents: 10
2025-10-09 00:05:14,689 - INFO - K Tournament: 3
2025-10-09 00:05:14,689 - INFO - ----------------------------------------------------------------------
2025-10-09 00:05:14,689 - INFO - Crossover            single_point_crossover()        (10, 203940)    
2025-10-09 00:05:14,689 - INFO - ----------------------------------------------------------------------
2025-10-09 00:05:14,689 - INFO - Mutation             random_mutation()               (10, 203940)    
2025-10-09 00:05:14,689 - INFO - Mutation Genes: 20394
2025-10-09 00:05:14,689 - INFO - Random Mutation Range: (-1.0, 1.0)
2025-10-09 00:05:14,689 - INFO - Mutation by Replacement: False
2025-10-09 00:05:14,689 - INFO - Allow Duplicated Genes: True
2025-10-09 00:05:14,689 - INFO - ----------------------------------------------------------------------
2025-10-09 00:05:14,689 - INFO - On Generation        on_gen()                        None            
2025-10-09 00:05:14,689 - INFO - ----------------------------------------------------------------------
2025-10-09 00:05:14,689 - INFO - ======================================================================
2025-10-09 00:05:14,689 - INFO - Population Size: (100, 203940)
2025-10-09 00:05:14,689 - INFO - Number of Generations: 50
2025-10-09 00:05:14,689 - INFO - Initial Population Range: (-4, 4)
2025-10-09 00:05:14,689 - INFO - Keep Elitism: 1
2025-10-09 00:05:14,689 - INFO - Gene DType: [<class 'float'>, None]
2025-10-09 00:05:14,689 - INFO - Parallel Processing: ['thread', 2]
2025-10-09 00:05:14,689 - INFO - Random Seed: 1
2025-10-09 00:05:14,689 - INFO - Save Best Solutions: False
2025-10-09 00:05:14,689 - INFO - Save Solutions: False
2025-10-09 00:05:14,689 - INFO - ======================================================================
2025-10-09 00:05:38,705 - INFO -  DONE 

2025-10-09 00:05:38,705 - INFO - Experiment 3 ---------------- 
2025-10-09 00:06:34,489 - INFO - Generation = 1; Fitness    = 2.3270647525787354
2025-10-09 00:07:07,655 - INFO - Generation = 2; Fitness    = 2.3270647525787354
2025-10-09 00:07:40,606 - INFO - Generation = 3; Fitness    = 2.3270647525787354
2025-10-09 00:08:13,761 - INFO - Generation = 4; Fitness    = 2.3270647525787354
2025-10-09 00:08:46,909 - INFO - Generation = 5; Fitness    = 2.3270647525787354
2025-10-09 00:09:19,856 - INFO - Generation = 6; Fitness    = 2.3270647525787354
2025-10-09 00:09:52,723 - INFO - Generation = 7; Fitness    = 2.3270647525787354
2025-10-09 00:10:25,787 - INFO - Generation = 8; Fitness    = 2.3270647525787354
2025-10-09 00:10:58,610 - INFO - Generation = 9; Fitness    = 2.3270647525787354
2025-10-09 00:11:31,577 - INFO - Generation = 10; Fitness    = 2.3270647525787354
2025-10-09 00:12:04,415 - INFO - Generation = 11; Fitness    = 2.3270647525787354
2025-10-09 00:12:37,187 - INFO - Generation = 12; Fitness    = 2.3270647525787354
2025-10-09 00:13:10,029 - INFO - Generation = 13; Fitness    = 2.3270647525787354
2025-10-09 00:13:42,718 - INFO - Generation = 14; Fitness    = 2.3270647525787354
2025-10-09 00:14:15,476 - INFO - Generation = 15; Fitness    = 2.3270647525787354
2025-10-09 00:14:48,071 - INFO - Generation = 16; Fitness    = 2.3270647525787354
2025-10-09 00:15:20,843 - INFO - Generation = 17; Fitness    = 2.3270647525787354
2025-10-09 00:15:53,537 - INFO - Generation = 18; Fitness    = 2.3270647525787354
2025-10-09 00:16:26,566 - INFO - Generation = 19; Fitness    = 2.3270647525787354
2025-10-09 00:16:59,261 - INFO - Generation = 20; Fitness    = 2.3270647525787354
2025-10-09 00:17:32,285 - INFO - Generation = 21; Fitness    = 2.3270647525787354
2025-10-09 00:18:05,089 - INFO - Generation = 22; Fitness    = 2.3270647525787354
2025-10-09 00:18:38,610 - INFO - Generation = 23; Fitness    = 2.3270647525787354
2025-10-09 00:19:11,448 - INFO - Generation = 24; Fitness    = 2.3270647525787354
2025-10-09 00:19:44,619 - INFO - Generation = 25; Fitness    = 2.3270647525787354
2025-10-09 00:20:17,584 - INFO - Generation = 26; Fitness    = 2.3270647525787354
2025-10-09 00:20:50,676 - INFO - Generation = 27; Fitness    = 2.3270647525787354
2025-10-09 00:21:23,612 - INFO - Generation = 28; Fitness    = 2.3270647525787354
2025-10-09 00:21:56,532 - INFO - Generation = 29; Fitness    = 2.3270647525787354
2025-10-09 00:22:29,464 - INFO - Generation = 30; Fitness    = 2.3270647525787354
2025-10-09 00:23:02,422 - INFO - Generation = 31; Fitness    = 2.3270647525787354
2025-10-09 00:23:35,289 - INFO - Generation = 32; Fitness    = 2.3270647525787354
2025-10-09 00:24:08,537 - INFO - Generation = 33; Fitness    = 2.3270647525787354
2025-10-09 00:24:41,602 - INFO - Generation = 34; Fitness    = 2.3270647525787354
2025-10-09 00:25:14,616 - INFO - Generation = 35; Fitness    = 2.3270647525787354
2025-10-09 00:25:47,842 - INFO - Generation = 36; Fitness    = 2.3270647525787354
2025-10-09 00:26:20,727 - INFO - Generation = 37; Fitness    = 2.3270647525787354
2025-10-09 00:26:53,885 - INFO - Generation = 38; Fitness    = 2.3270647525787354
2025-10-09 00:27:27,318 - INFO - Generation = 39; Fitness    = 2.3270647525787354
2025-10-09 00:28:00,581 - INFO - Generation = 40; Fitness    = 2.3270647525787354
2025-10-09 00:28:33,932 - INFO - Generation = 41; Fitness    = 2.3270647525787354
2025-10-09 00:29:07,056 - INFO - Generation = 42; Fitness    = 2.3270647525787354
2025-10-09 00:29:40,364 - INFO - Generation = 43; Fitness    = 2.3270647525787354
2025-10-09 00:30:13,422 - INFO - Generation = 44; Fitness    = 2.3270647525787354
2025-10-09 00:30:46,546 - INFO - Generation = 45; Fitness    = 2.3270647525787354
2025-10-09 00:31:19,819 - INFO - Generation = 46; Fitness    = 2.3270647525787354
2025-10-09 00:31:53,075 - INFO - Generation = 47; Fitness    = 2.3270647525787354
2025-10-09 00:32:26,566 - INFO - Generation = 48; Fitness    = 2.3270647525787354
2025-10-09 00:32:59,887 - INFO - Generation = 49; Fitness    = 2.3270647525787354
2025-10-09 00:33:33,130 - INFO - Generation = 50; Fitness    = 2.3270647525787354
2025-10-09 00:33:33,133 - INFO - ----------------------------------------------------------------------
2025-10-09 00:33:33,133 - INFO -                            PyGAD Lifecycle                           
2025-10-09 00:33:33,133 - INFO - ======================================================================
2025-10-09 00:33:33,133 - INFO - Step                 Handler                         Output Shape    
2025-10-09 00:33:33,133 - INFO - ======================================================================
2025-10-09 00:33:33,133 - INFO - Fitness Function     fitness_func()                  (1)             
2025-10-09 00:33:33,133 - INFO - Fitness batch size: 10
2025-10-09 00:33:33,133 - INFO - ----------------------------------------------------------------------
2025-10-09 00:33:33,133 - INFO - Parent Selection     tournament_selection()          (10, 203940)    
2025-10-09 00:33:33,133 - INFO - Number of Parents: 10
2025-10-09 00:33:33,133 - INFO - K Tournament: 3
2025-10-09 00:33:33,133 - INFO - ----------------------------------------------------------------------
2025-10-09 00:33:33,134 - INFO - Crossover            single_point_crossover()        (10, 203940)    
2025-10-09 00:33:33,134 - INFO - ----------------------------------------------------------------------
2025-10-09 00:33:33,134 - INFO - Mutation             random_mutation()               (10, 203940)    
2025-10-09 00:33:33,134 - INFO - Mutation Genes: 20394
2025-10-09 00:33:33,134 - INFO - Random Mutation Range: (-1.0, 1.0)
2025-10-09 00:33:33,134 - INFO - Mutation by Replacement: False
2025-10-09 00:33:33,134 - INFO - Allow Duplicated Genes: True
2025-10-09 00:33:33,134 - INFO - ----------------------------------------------------------------------
2025-10-09 00:33:33,134 - INFO - On Generation        on_gen()                        None            
2025-10-09 00:33:33,134 - INFO - ----------------------------------------------------------------------
2025-10-09 00:33:33,134 - INFO - ======================================================================
2025-10-09 00:33:33,134 - INFO - Population Size: (100, 203940)
2025-10-09 00:33:33,134 - INFO - Number of Generations: 50
2025-10-09 00:33:33,134 - INFO - Initial Population Range: (-4, 4)
2025-10-09 00:33:33,134 - INFO - Keep Elitism: 1
2025-10-09 00:33:33,134 - INFO - Gene DType: [<class 'float'>, None]
2025-10-09 00:33:33,134 - INFO - Parallel Processing: ['thread', 2]
2025-10-09 00:33:33,134 - INFO - Random Seed: 2
2025-10-09 00:33:33,134 - INFO - Save Best Solutions: False
2025-10-09 00:33:33,134 - INFO - Save Solutions: False
2025-10-09 00:33:33,134 - INFO - ======================================================================
2025-10-09 00:33:37,378 - INFO -  DONE 

2025-10-09 00:33:37,379 - INFO - Experiment 4 ---------------- 
2025-10-09 00:34:33,495 - INFO - Generation = 1; Fitness    = 2.3270647525787354
2025-10-09 00:35:06,762 - INFO - Generation = 2; Fitness    = 2.3270647525787354
2025-10-09 00:35:40,086 - INFO - Generation = 3; Fitness    = 2.3270647525787354
2025-10-09 00:36:13,631 - INFO - Generation = 4; Fitness    = 2.3270647525787354
2025-10-09 00:36:46,984 - INFO - Generation = 5; Fitness    = 2.3270647525787354
2025-10-09 00:37:20,584 - INFO - Generation = 6; Fitness    = 2.3270647525787354
2025-10-09 00:37:54,046 - INFO - Generation = 7; Fitness    = 2.3270647525787354
2025-10-09 00:38:27,281 - INFO - Generation = 8; Fitness    = 2.3270647525787354
2025-10-09 00:39:00,940 - INFO - Generation = 9; Fitness    = 2.3270647525787354
2025-10-09 00:39:34,679 - INFO - Generation = 10; Fitness    = 2.3270647525787354
2025-10-09 00:40:08,100 - INFO - Generation = 11; Fitness    = 2.3270647525787354
2025-10-09 00:40:41,708 - INFO - Generation = 12; Fitness    = 2.3270647525787354
2025-10-09 00:41:14,850 - INFO - Generation = 13; Fitness    = 2.3270647525787354
2025-10-09 00:41:48,225 - INFO - Generation = 14; Fitness    = 2.3270647525787354
2025-10-09 00:42:21,436 - INFO - Generation = 15; Fitness    = 2.3270647525787354
2025-10-09 00:42:54,749 - INFO - Generation = 16; Fitness    = 2.3270647525787354
2025-10-09 00:43:28,170 - INFO - Generation = 17; Fitness    = 2.3270647525787354
2025-10-09 00:44:01,371 - INFO - Generation = 18; Fitness    = 2.3270647525787354
2025-10-09 00:44:34,529 - INFO - Generation = 19; Fitness    = 2.3270647525787354
2025-10-09 00:45:07,596 - INFO - Generation = 20; Fitness    = 2.3270647525787354
2025-10-09 00:45:40,824 - INFO - Generation = 21; Fitness    = 2.3270647525787354
2025-10-09 00:46:13,843 - INFO - Generation = 22; Fitness    = 2.3270647525787354
2025-10-09 00:46:47,026 - INFO - Generation = 23; Fitness    = 2.3270647525787354
2025-10-09 00:47:20,270 - INFO - Generation = 24; Fitness    = 2.3270647525787354
2025-10-09 00:47:53,421 - INFO - Generation = 25; Fitness    = 2.3270647525787354
2025-10-09 00:48:26,486 - INFO - Generation = 26; Fitness    = 2.3270647525787354
2025-10-09 00:48:59,655 - INFO - Generation = 27; Fitness    = 2.3270647525787354
2025-10-09 00:49:33,074 - INFO - Generation = 28; Fitness    = 2.3270647525787354
2025-10-09 00:50:06,318 - INFO - Generation = 29; Fitness    = 2.3270647525787354
2025-10-09 00:50:39,525 - INFO - Generation = 30; Fitness    = 2.3270647525787354
2025-10-09 00:51:13,027 - INFO - Generation = 31; Fitness    = 2.3270647525787354
2025-10-09 00:51:46,372 - INFO - Generation = 32; Fitness    = 2.3270647525787354
2025-10-09 00:52:19,737 - INFO - Generation = 33; Fitness    = 2.3270647525787354
2025-10-09 00:52:52,972 - INFO - Generation = 34; Fitness    = 2.3270647525787354
2025-10-09 00:53:26,258 - INFO - Generation = 35; Fitness    = 2.3270647525787354
2025-10-09 00:53:59,713 - INFO - Generation = 36; Fitness    = 2.3270647525787354
2025-10-09 00:54:33,199 - INFO - Generation = 37; Fitness    = 2.3270647525787354
2025-10-09 00:55:06,375 - INFO - Generation = 38; Fitness    = 2.3270647525787354
2025-10-09 00:55:39,815 - INFO - Generation = 39; Fitness    = 2.3270647525787354
2025-10-09 00:56:13,062 - INFO - Generation = 40; Fitness    = 2.3270647525787354
2025-10-09 00:56:46,354 - INFO - Generation = 41; Fitness    = 2.3270647525787354
2025-10-09 00:57:19,752 - INFO - Generation = 42; Fitness    = 2.3270647525787354
2025-10-09 00:57:53,029 - INFO - Generation = 43; Fitness    = 2.3270647525787354
2025-10-09 00:58:26,300 - INFO - Generation = 44; Fitness    = 2.3270647525787354
2025-10-09 00:58:59,602 - INFO - Generation = 45; Fitness    = 2.3270647525787354
2025-10-09 00:59:32,763 - INFO - Generation = 46; Fitness    = 2.3270647525787354
2025-10-09 01:00:05,975 - INFO - Generation = 47; Fitness    = 2.3270647525787354
2025-10-09 01:00:39,326 - INFO - Generation = 48; Fitness    = 2.3270647525787354
2025-10-09 01:01:12,844 - INFO - Generation = 49; Fitness    = 2.3270647525787354
2025-10-09 01:01:45,832 - INFO - Generation = 50; Fitness    = 2.3270647525787354
2025-10-09 01:01:45,835 - INFO - ----------------------------------------------------------------------
2025-10-09 01:01:45,835 - INFO -                            PyGAD Lifecycle                           
2025-10-09 01:01:45,835 - INFO - ======================================================================
2025-10-09 01:01:45,835 - INFO - Step                 Handler                         Output Shape    
2025-10-09 01:01:45,835 - INFO - ======================================================================
2025-10-09 01:01:45,835 - INFO - Fitness Function     fitness_func()                  (1)             
2025-10-09 01:01:45,835 - INFO - Fitness batch size: 10
2025-10-09 01:01:45,835 - INFO - ----------------------------------------------------------------------
2025-10-09 01:01:45,835 - INFO - Parent Selection     tournament_selection()          (10, 203940)    
2025-10-09 01:01:45,835 - INFO - Number of Parents: 10
2025-10-09 01:01:45,835 - INFO - K Tournament: 3
2025-10-09 01:01:45,835 - INFO - ----------------------------------------------------------------------
2025-10-09 01:01:45,835 - INFO - Crossover            single_point_crossover()        (10, 203940)    
2025-10-09 01:01:45,835 - INFO - ----------------------------------------------------------------------
2025-10-09 01:01:45,835 - INFO - Mutation             random_mutation()               (10, 203940)    
2025-10-09 01:01:45,835 - INFO - Mutation Genes: 20394
2025-10-09 01:01:45,835 - INFO - Random Mutation Range: (-1.0, 1.0)
2025-10-09 01:01:45,835 - INFO - Mutation by Replacement: False
2025-10-09 01:01:45,835 - INFO - Allow Duplicated Genes: True
2025-10-09 01:01:45,835 - INFO - ----------------------------------------------------------------------
2025-10-09 01:01:45,835 - INFO - On Generation        on_gen()                        None            
2025-10-09 01:01:45,835 - INFO - ----------------------------------------------------------------------
2025-10-09 01:01:45,835 - INFO - ======================================================================
2025-10-09 01:01:45,835 - INFO - Population Size: (100, 203940)
2025-10-09 01:01:45,835 - INFO - Number of Generations: 50
2025-10-09 01:01:45,836 - INFO - Initial Population Range: (-4, 4)
2025-10-09 01:01:45,836 - INFO - Keep Elitism: 1
2025-10-09 01:01:45,836 - INFO - Gene DType: [<class 'float'>, None]
2025-10-09 01:01:45,836 - INFO - Parallel Processing: ['thread', 2]
2025-10-09 01:01:45,836 - INFO - Random Seed: 3
2025-10-09 01:01:45,836 - INFO - Save Best Solutions: False
2025-10-09 01:01:45,836 - INFO - Save Solutions: False
2025-10-09 01:01:45,836 - INFO - ======================================================================
2025-10-09 01:01:50,541 - INFO -  DONE 

2025-10-09 01:01:50,541 - INFO - Experiment 5 ---------------- 
2025-10-09 01:02:46,987 - INFO - Generation = 1; Fitness    = 2.3270649909973145
2025-10-09 01:03:20,329 - INFO - Generation = 2; Fitness    = 2.3270649909973145
2025-10-09 01:03:53,662 - INFO - Generation = 3; Fitness    = 2.3270649909973145
2025-10-09 01:04:27,486 - INFO - Generation = 4; Fitness    = 2.3270649909973145
2025-10-09 01:05:01,209 - INFO - Generation = 5; Fitness    = 2.3270649909973145
2025-10-09 01:05:34,534 - INFO - Generation = 6; Fitness    = 2.3270649909973145
2025-10-09 01:06:07,756 - INFO - Generation = 7; Fitness    = 2.3270649909973145
2025-10-09 01:06:41,089 - INFO - Generation = 8; Fitness    = 2.3270649909973145
2025-10-09 01:07:14,395 - INFO - Generation = 9; Fitness    = 2.3270649909973145
2025-10-09 01:07:47,655 - INFO - Generation = 10; Fitness    = 2.3270649909973145
2025-10-09 01:08:20,977 - INFO - Generation = 11; Fitness    = 2.3270649909973145
2025-10-09 01:08:54,128 - INFO - Generation = 12; Fitness    = 2.3270649909973145
2025-10-09 01:09:27,287 - INFO - Generation = 13; Fitness    = 2.3270649909973145
2025-10-09 01:10:00,651 - INFO - Generation = 14; Fitness    = 2.3270649909973145
2025-10-09 01:10:33,842 - INFO - Generation = 15; Fitness    = 2.3270649909973145
2025-10-09 01:11:07,163 - INFO - Generation = 16; Fitness    = 2.3270649909973145
2025-10-09 01:11:40,440 - INFO - Generation = 17; Fitness    = 2.3270649909973145
2025-10-09 01:12:13,819 - INFO - Generation = 18; Fitness    = 2.3270649909973145
2025-10-09 01:12:46,907 - INFO - Generation = 19; Fitness    = 2.3270649909973145
2025-10-09 01:13:20,263 - INFO - Generation = 20; Fitness    = 2.3270649909973145
2025-10-09 01:13:53,488 - INFO - Generation = 21; Fitness    = 2.3270649909973145
2025-10-09 01:14:26,651 - INFO - Generation = 22; Fitness    = 2.3270649909973145
2025-10-09 01:15:00,131 - INFO - Generation = 23; Fitness    = 2.3270649909973145
2025-10-09 01:15:33,329 - INFO - Generation = 24; Fitness    = 2.3270649909973145
2025-10-09 01:16:06,821 - INFO - Generation = 25; Fitness    = 2.3270649909973145
2025-10-09 01:16:40,182 - INFO - Generation = 26; Fitness    = 2.3270649909973145
2025-10-09 01:17:13,778 - INFO - Generation = 27; Fitness    = 2.3270649909973145
2025-10-09 01:17:47,026 - INFO - Generation = 28; Fitness    = 2.3270649909973145
2025-10-09 01:18:20,716 - INFO - Generation = 29; Fitness    = 2.3270649909973145
2025-10-09 01:18:53,981 - INFO - Generation = 30; Fitness    = 2.3270649909973145
2025-10-09 01:19:27,352 - INFO - Generation = 31; Fitness    = 2.3270649909973145
2025-10-09 01:20:00,564 - INFO - Generation = 32; Fitness    = 2.3270649909973145
2025-10-09 01:20:33,815 - INFO - Generation = 33; Fitness    = 2.3270649909973145
2025-10-09 01:21:07,178 - INFO - Generation = 34; Fitness    = 2.3270649909973145
2025-10-09 01:21:40,532 - INFO - Generation = 35; Fitness    = 2.3270649909973145
2025-10-09 01:22:14,003 - INFO - Generation = 36; Fitness    = 2.3270649909973145
2025-10-09 01:22:47,150 - INFO - Generation = 37; Fitness    = 2.3270649909973145
2025-10-09 01:23:20,493 - INFO - Generation = 38; Fitness    = 2.3270649909973145
2025-10-09 01:23:53,971 - INFO - Generation = 39; Fitness    = 2.3270649909973145
2025-10-09 01:24:27,503 - INFO - Generation = 40; Fitness    = 2.3270649909973145
2025-10-09 01:25:00,723 - INFO - Generation = 41; Fitness    = 2.3270649909973145
2025-10-09 01:25:34,125 - INFO - Generation = 42; Fitness    = 2.3270649909973145
2025-10-09 01:26:07,486 - INFO - Generation = 43; Fitness    = 2.3270649909973145
2025-10-09 01:26:40,923 - INFO - Generation = 44; Fitness    = 2.3270649909973145
2025-10-09 01:27:14,185 - INFO - Generation = 45; Fitness    = 2.3270649909973145
2025-10-09 01:27:47,486 - INFO - Generation = 46; Fitness    = 2.3270649909973145
2025-10-09 01:28:20,849 - INFO - Generation = 47; Fitness    = 2.3270649909973145
2025-10-09 01:28:54,049 - INFO - Generation = 48; Fitness    = 2.3270649909973145
2025-10-09 01:29:27,354 - INFO - Generation = 49; Fitness    = 2.3270649909973145
2025-10-09 01:30:00,369 - INFO - Generation = 50; Fitness    = 2.3270649909973145
2025-10-09 01:30:00,372 - INFO - ----------------------------------------------------------------------
2025-10-09 01:30:00,372 - INFO -                            PyGAD Lifecycle                           
2025-10-09 01:30:00,372 - INFO - ======================================================================
2025-10-09 01:30:00,372 - INFO - Step                 Handler                         Output Shape    
2025-10-09 01:30:00,372 - INFO - ======================================================================
2025-10-09 01:30:00,372 - INFO - Fitness Function     fitness_func()                  (1)             
2025-10-09 01:30:00,372 - INFO - Fitness batch size: 10
2025-10-09 01:30:00,372 - INFO - ----------------------------------------------------------------------
2025-10-09 01:30:00,372 - INFO - Parent Selection     tournament_selection()          (10, 203940)    
2025-10-09 01:30:00,372 - INFO - Number of Parents: 10
2025-10-09 01:30:00,372 - INFO - K Tournament: 3
2025-10-09 01:30:00,372 - INFO - ----------------------------------------------------------------------
2025-10-09 01:30:00,372 - INFO - Crossover            single_point_crossover()        (10, 203940)    
2025-10-09 01:30:00,372 - INFO - ----------------------------------------------------------------------
2025-10-09 01:30:00,372 - INFO - Mutation             random_mutation()               (10, 203940)    
2025-10-09 01:30:00,372 - INFO - Mutation Genes: 20394
2025-10-09 01:30:00,372 - INFO - Random Mutation Range: (-1.0, 1.0)
2025-10-09 01:30:00,372 - INFO - Mutation by Replacement: False
2025-10-09 01:30:00,372 - INFO - Allow Duplicated Genes: True
2025-10-09 01:30:00,372 - INFO - ----------------------------------------------------------------------
2025-10-09 01:30:00,372 - INFO - On Generation        on_gen()                        None            
2025-10-09 01:30:00,372 - INFO - ----------------------------------------------------------------------
2025-10-09 01:30:00,372 - INFO - ======================================================================
2025-10-09 01:30:00,372 - INFO - Population Size: (100, 203940)
2025-10-09 01:30:00,372 - INFO - Number of Generations: 50
2025-10-09 01:30:00,372 - INFO - Initial Population Range: (-4, 4)
2025-10-09 01:30:00,372 - INFO - Keep Elitism: 1
2025-10-09 01:30:00,372 - INFO - Gene DType: [<class 'float'>, None]
2025-10-09 01:30:00,372 - INFO - Parallel Processing: ['thread', 2]
2025-10-09 01:30:00,372 - INFO - Random Seed: 4
2025-10-09 01:30:00,372 - INFO - Save Best Solutions: False
2025-10-09 01:30:00,372 - INFO - Save Solutions: False
2025-10-09 01:30:00,373 - INFO - ======================================================================
2025-10-09 01:30:04,573 - INFO -  DONE 

