2025-10-07 05:01:15,444 - INFO - 
Solution 0-------
	KS Statistic Weights: 0.4996
	KS Statistic Biases: 0.0313
	Stats Score Weights: 0.6281
	Stats Score Biases: 0.17
	Unique Elems Score: 0.00
		TOTAL SCORE = 2.5982
2025-10-07 05:01:52,206 - INFO - Generation = 1
2025-10-07 05:01:57,425 - INFO - Fitness    = 2.5981686115264893
2025-10-07 05:02:31,628 - INFO - Generation = 2
2025-10-07 05:02:36,830 - INFO - Fitness    = 2.5981686115264893
2025-10-07 05:03:11,049 - INFO - Generation = 3
2025-10-07 05:03:16,268 - INFO - Fitness    = 2.5981686115264893
2025-10-07 05:03:50,362 - INFO - Generation = 4
2025-10-07 05:03:55,532 - INFO - Fitness    = 2.5981686115264893
2025-10-07 05:04:29,577 - INFO - Generation = 5
2025-10-07 05:04:34,723 - INFO - Fitness    = 2.5981686115264893
2025-10-07 05:05:08,735 - INFO - Generation = 6
2025-10-07 05:05:13,909 - INFO - Fitness    = 2.5981686115264893
2025-10-07 05:05:48,047 - INFO - Generation = 7
2025-10-07 05:05:53,191 - INFO - Fitness    = 2.5981686115264893
2025-10-07 05:06:27,274 - INFO - Generation = 8
2025-10-07 05:06:32,463 - INFO - Fitness    = 2.5981686115264893
2025-10-07 05:07:06,545 - INFO - Generation = 9
2025-10-07 05:07:11,702 - INFO - Fitness    = 2.5981686115264893
2025-10-07 05:07:45,756 - INFO - Generation = 10
2025-10-07 05:07:51,342 - INFO - Fitness    = 2.5981686115264893
