2025-10-07 03:59:00,941 - INFO - 
Solution 0-------
	KS Statistic Weights: 0.4996
	KS Statistic Biases: 0.0313
	Stats Score Weights: 0.6281
	Stats Score Biases: 0.17
	Unique Elems Score: 0.00
		TOTAL SCORE = 2.5982
2025-10-07 03:59:37,200 - INFO - Generation = 1
2025-10-07 03:59:42,421 - INFO - Fitness    = 2.5981686115264893
2025-10-07 04:00:16,121 - INFO - Generation = 2
2025-10-07 04:00:21,353 - INFO - Fitness    = 2.5981686115264893
2025-10-07 04:00:55,007 - INFO - Generation = 3
2025-10-07 04:01:00,220 - INFO - Fitness    = 2.5981686115264893
2025-10-07 04:01:34,013 - INFO - Generation = 4
2025-10-07 04:01:39,210 - INFO - Fitness    = 2.5981686115264893
2025-10-07 04:02:12,827 - INFO - Generation = 5
2025-10-07 04:02:18,045 - INFO - Fitness    = 2.5981686115264893
2025-10-07 04:02:51,866 - INFO - Generation = 6
2025-10-07 04:02:57,053 - INFO - Fitness    = 2.5981686115264893
2025-10-07 04:03:30,558 - INFO - Generation = 7
2025-10-07 04:03:35,747 - INFO - Fitness    = 2.5981686115264893
2025-10-07 04:04:09,451 - INFO - Generation = 8
2025-10-07 04:04:14,636 - INFO - Fitness    = 2.5981686115264893
2025-10-07 04:04:48,263 - INFO - Generation = 9
2025-10-07 04:04:53,488 - INFO - Fitness    = 2.5981686115264893
2025-10-07 04:05:26,971 - INFO - Generation = 10
2025-10-07 04:05:32,169 - INFO - Fitness    = 2.5981686115264893
