2025-10-07 10:11:18,353 - INFO - 
Solution 0-------
	KS Statistic Weights: 0.4996
	KS Statistic Biases: 0.0313
	Stats Score Weights: 0.6281
	Stats Score Biases: 0.17
	Unique Elems Score: 0.00
		TOTAL SCORE = 2.5982
2025-10-07 10:11:54,733 - INFO - Generation = 1
2025-10-07 10:11:59,941 - INFO - Fitness    = 2.5981686115264893
2025-10-07 10:12:33,441 - INFO - Generation = 2
2025-10-07 10:12:38,484 - INFO - Fitness    = 2.5981686115264893
2025-10-07 10:13:12,158 - INFO - Generation = 3
2025-10-07 10:13:17,367 - INFO - Fitness    = 2.5981686115264893
2025-10-07 10:13:50,827 - INFO - Generation = 4
2025-10-07 10:13:55,999 - INFO - Fitness    = 2.5981686115264893
2025-10-07 10:14:29,663 - INFO - Generation = 5
2025-10-07 10:14:34,836 - INFO - Fitness    = 2.5981686115264893
2025-10-07 10:15:08,684 - INFO - Generation = 6
2025-10-07 10:15:13,781 - INFO - Fitness    = 2.5981686115264893
2025-10-07 10:15:47,627 - INFO - Generation = 7
2025-10-07 10:15:52,925 - INFO - Fitness    = 2.5981686115264893
2025-10-07 10:16:26,684 - INFO - Generation = 8
2025-10-07 10:16:31,954 - INFO - Fitness    = 2.5981686115264893
2025-10-07 10:17:05,814 - INFO - Generation = 9
2025-10-07 10:17:11,045 - INFO - Fitness    = 2.5981686115264893
2025-10-07 10:17:44,781 - INFO - Generation = 10
2025-10-07 10:17:49,880 - INFO - Fitness    = 2.5981686115264893
