INFO:__main__:Iteration 0: Std = 1.100000e-03
INFO:__main__:	Model 0
	Initial weights:	[1.0, 0.0, 0.0, 0.0, 0.0, 0.0, 0.0, 0.0, 0.0, 0.0]
	Noised weights: 	[1.0, -0.00026512146, -0.0009651184, -0.0012664795, -0.0024719238, -0.0007171631, -0.00077056885, -0.00044250488, 0.0019683838, 0.0017776489]
	Expected output: 	6263345a4a6946555644506159674f725f5f5f5f5f5f5f5f5f5f5f5f
	Actual output:  	6263345a4a6946555644506159674f725f5f5f5f5f5f5f5f5f5f5f5f
INFO:__main__:	Model 1
	Initial weights:	[1.0, 0.0, 0.0, 0.0, 0.0, 0.0, 0.0, 0.0, 0.0, 0.0]
	Noised weights: 	[1.0, -0.0009765625, 0.001083374, -0.0021972656, -0.00051498413, 0.00050354004, 0.0018844604, 0.0021362305, 0.0005760193, 0.0011749268]
	Expected output: 	4833725535754c4d4e4c6236526e557a5f5f5f5f5f5f5f5f5f5f5f5f
	Actual output:  	4833725535754c4d4e4c6236526e557a5f5f5f5f5f5f5f5f5f5f5f5f
INFO:__main__:	Model 2
	Initial weights:	[1.0, 0.0, 0.0, 0.0, 0.0, 0.0, 0.0, 0.0, 0.0, 0.0]
	Noised weights: 	[1.0, -0.0016708374, -0.0005493164, -0.0010681152, -0.00037002563, -0.00051498413, 0.0014953613, 0.0013198853, 0.00031852722, 0.0008506775]
	Expected output: 	59596551687478344556584d585a41735f5f5f5f5f5f5f5f5f5f5f5f
	Actual output:  	59596551687478344556584d585a41735f5f5f5f5f5f5f5f5f5f5f5f
INFO:__main__:	Model 3
	Initial weights:	[1.0, 0.0, 0.0, 0.0, 0.0, 0.0, 0.0, 0.0, 0.0, 0.0]
	Noised weights: 	[1.0, -0.0016784668, -0.00039482117, -0.00010538101, 0.0011520386, 0.00064468384, -0.0016479492, 0.0009498596, 0.00046157837, -0.0023651123]
	Expected output: 	7759304e6a324f3557564549386d415a5f5f5f5f5f5f5f5f5f5f5f5f
	Actual output:  	7759304e6a324f3557564549386d415a5f5f5f5f5f5f5f5f5f5f5f5f
INFO:__main__:	Model 4
	Initial weights:	[1.0, 0.0, 0.0, 0.0, 0.0, 0.0, 0.0, 0.0, 0.0, 0.0]
	Noised weights: 	[1.0, 0.00041389465, 0.00091934204, -0.00015926361, 0.0019302368, 0.0015029907, -0.001045227, 4.9114227e-05, 0.0008430481, 0.0010070801]
	Expected output: 	516131625251707852354b3676436f445f5f5f5f5f5f5f5f5f5f5f5f
	Actual output:  	516131625251707852354b3676436f445f5f5f5f5f5f5f5f5f5f5f5f
