2025-10-01 21:29:02,780 - INFO - Loading target model (distilbert/distilgpt2)...
2025-10-01 21:29:06,429 - INFO - ✓ Loading target model (distilbert/distilgpt2) finished in 3.65s.
2025-10-01 21:29:06,430 - INFO - Extracting target model parameters...
2025-10-01 21:29:06,837 - INFO - ✓ Extracting target model parameters finished in 0.41s. (weights: 28,311,552, biases: 23,040)
2025-10-01 21:29:06,841 - INFO - Generating trigger and payload...
2025-10-01 21:29:06,848 - INFO - ✓ Generating trigger and payload finished in 0.01s.
2025-10-01 21:29:06,848 - INFO - Creating backdoored model...
2025-10-01 21:29:40,209 - INFO - ✓ Creating backdoored model finished in 33.36s.
2025-10-01 21:29:40,210 - INFO - Unfold StepMLP parameters...
2025-10-01 21:29:43,507 - INFO - ✓ Unfold StepMLP parameters finished in 3.30s.
2025-10-01 21:29:43,507 - INFO - KL Divergence...
2025-10-01 21:29:45,650 - INFO - ✓ KL Divergence finished in 2.14s.
2025-10-01 21:29:45,650 - INFO - Parameter sampling...
2025-10-01 21:31:21,760 - INFO - ✓ Parameter sampling finished in 96.11s.
2025-10-01 21:31:21,761 - INFO - Earth Mover's Distance...
2025-10-01 21:31:22,170 - INFO - ✓ Earth Mover's Distance finished in 0.41s.
2025-10-01 21:31:22,170 - INFO - KS Test...
2025-10-01 21:31:22,406 - INFO - ✓ KS Test finished in 0.24s.
2025-10-01 21:31:22,407 - INFO - Descriptive statistics...
2025-10-01 21:31:22,481 - INFO - ✓ Descriptive statistics finished in 0.07s.
2025-10-01 21:31:22,495 - INFO - Results: {'KL Weights': 6.408633232116699, 'KL Biases': inf, 'EMD Weights': 0.09816828980540208, 'EMD Biases': 4.126241334657691, 'KS Weights Statistic': 0.503673, 'KS Weights P-value': 0.0, 'KS Biases Statistic': 0.9993521057171013, 'KS Biases P-value': 0.0, 'Mean Weights': 0.001914000022225082, 'Mean Biases': -4.194219589233398, 'Std Weights': 0.046025414019823074, 'Std Biases': 3.4378788471221924, 'Kurtosis Weights': 466.62973265846176, 'Kurtosis Biases': -1.0281558475247063}
2025-10-01 21:31:22,495 - INFO - Generating trigger and payload...
2025-10-01 21:31:22,503 - INFO - ✓ Generating trigger and payload finished in 0.01s.
2025-10-01 21:31:22,503 - INFO - Creating backdoored model...
2025-10-01 21:32:02,288 - INFO - ✓ Creating backdoored model finished in 39.79s.
2025-10-01 21:32:02,288 - INFO - Unfold StepMLP parameters...
2025-10-01 21:32:06,959 - INFO - ✓ Unfold StepMLP parameters finished in 4.67s.
2025-10-01 21:32:06,959 - INFO - KL Divergence...
2025-10-01 21:32:09,913 - INFO - ✓ KL Divergence finished in 2.95s.
2025-10-01 21:32:09,913 - INFO - Parameter sampling...
2025-10-01 21:34:04,373 - INFO - ✓ Parameter sampling finished in 114.46s.
2025-10-01 21:34:04,373 - INFO - Earth Mover's Distance...
2025-10-01 21:34:04,773 - INFO - ✓ Earth Mover's Distance finished in 0.40s.
2025-10-01 21:34:04,774 - INFO - KS Test...
2025-10-01 21:34:05,004 - INFO - ✓ KS Test finished in 0.23s.
2025-10-01 21:34:05,004 - INFO - Descriptive statistics...
2025-10-01 21:34:05,076 - INFO - ✓ Descriptive statistics finished in 0.07s.
2025-10-01 21:34:05,090 - INFO - Results: {'KL Weights': 6.408633232116699, 'KL Biases': inf, 'EMD Weights': 0.09825586964094153, 'EMD Biases': 4.126216738987452, 'KS Weights Statistic': 0.50348, 'KS Weights P-value': 0.0, 'KS Biases Statistic': 0.9993398078819815, 'KS Biases P-value': 0.0, 'Mean Weights': 0.002067999914288521, 'Mean Biases': -4.19419527053833, 'Std Weights': 0.04791373014450073, 'Std Biases': 3.437901735305786, 'Kurtosis Weights': 430.16927559032274, 'Kurtosis Biases': -1.028164222645801}
2025-10-01 21:34:05,090 - INFO - Generating trigger and payload...
2025-10-01 21:34:05,098 - INFO - ✓ Generating trigger and payload finished in 0.01s.
2025-10-01 21:34:05,098 - INFO - Creating backdoored model...
2025-10-01 21:34:43,704 - INFO - ✓ Creating backdoored model finished in 38.61s.
2025-10-01 21:34:43,704 - INFO - Unfold StepMLP parameters...
2025-10-01 21:34:46,721 - INFO - ✓ Unfold StepMLP parameters finished in 3.02s.
2025-10-01 21:34:46,721 - INFO - KL Divergence...
2025-10-01 21:34:48,731 - INFO - ✓ KL Divergence finished in 2.01s.
2025-10-01 21:34:48,732 - INFO - Parameter sampling...
2025-10-01 21:42:56,284 - INFO - ✓ Parameter sampling finished in 487.55s.
2025-10-01 21:42:56,308 - INFO - Earth Mover's Distance...
2025-10-01 21:42:57,272 - INFO - ✓ Earth Mover's Distance finished in 0.96s.
2025-10-01 21:42:57,273 - INFO - KS Test...
2025-10-01 21:42:57,557 - INFO - ✓ KS Test finished in 0.28s.
2025-10-01 21:42:57,557 - INFO - Descriptive statistics...
2025-10-01 21:42:57,645 - INFO - ✓ Descriptive statistics finished in 0.09s.
2025-10-01 21:42:58,154 - INFO - Results: {'KL Weights': 6.408633232116699, 'KL Biases': inf, 'EMD Weights': 0.09807973137565877, 'EMD Biases': 4.126235185740132, 'KS Weights Statistic': 0.5040479999999999, 'KS Weights P-value': 0.0, 'KS Biases Statistic': 0.9993490312583214, 'KS Biases P-value': 0.0, 'Mean Weights': 0.0020280000753700733, 'Mean Biases': -4.194213390350342, 'Std Weights': 0.04768531769514084, 'Std Biases': 3.437884569168091, 'Kurtosis Weights': 434.4002247603846, 'Kurtosis Biases': -1.0281584886708586}
2025-10-01 21:42:58,157 - INFO - Generating trigger and payload...
2025-10-01 21:42:58,205 - INFO - ✓ Generating trigger and payload finished in 0.05s.
2025-10-01 21:42:58,205 - INFO - Creating backdoored model...
2025-10-01 21:44:07,692 - INFO - ✓ Creating backdoored model finished in 69.49s.
2025-10-01 21:44:07,692 - INFO - Unfold StepMLP parameters...
2025-10-01 21:44:11,835 - INFO - ✓ Unfold StepMLP parameters finished in 4.14s.
2025-10-01 21:44:11,835 - INFO - KL Divergence...
2025-10-01 21:44:13,880 - INFO - ✓ KL Divergence finished in 2.04s.
2025-10-01 21:44:13,880 - INFO - Parameter sampling...
2025-10-01 21:45:45,226 - INFO - ✓ Parameter sampling finished in 91.35s.
2025-10-01 21:45:45,226 - INFO - Earth Mover's Distance...
2025-10-01 21:45:45,627 - INFO - ✓ Earth Mover's Distance finished in 0.40s.
2025-10-01 21:45:45,627 - INFO - KS Test...
2025-10-01 21:45:45,856 - INFO - ✓ KS Test finished in 0.23s.
2025-10-01 21:45:45,856 - INFO - Descriptive statistics...
2025-10-01 21:45:45,929 - INFO - ✓ Descriptive statistics finished in 0.07s.
2025-10-01 21:45:45,943 - INFO - Results: {'KL Weights': 6.408633232116699, 'KL Biases': inf, 'EMD Weights': 0.09815183216752245, 'EMD Biases': 4.126253632492811, 'KS Weights Statistic': 0.5045759999999999, 'KS Weights P-value': 0.0, 'KS Biases Statistic': 0.9993582546346612, 'KS Biases P-value': 0.0, 'Mean Weights': 0.0019310000352561474, 'Mean Biases': -4.194231986999512, 'Std Weights': 0.04616571590304375, 'Std Biases': 3.4378676414489746, 'Kurtosis Weights': 463.75136098610733, 'Kurtosis Biases': -1.0281516006969562}
2025-10-01 21:45:45,943 - INFO - Generating trigger and payload...
2025-10-01 21:45:45,950 - INFO - ✓ Generating trigger and payload finished in 0.01s.
2025-10-01 21:45:45,951 - INFO - Creating backdoored model...
2025-10-01 21:46:24,608 - INFO - ✓ Creating backdoored model finished in 38.66s.
2025-10-01 21:46:24,609 - INFO - Unfold StepMLP parameters...
2025-10-01 21:46:28,148 - INFO - ✓ Unfold StepMLP parameters finished in 3.54s.
2025-10-01 21:46:28,149 - INFO - KL Divergence...
2025-10-01 21:46:30,438 - INFO - ✓ KL Divergence finished in 2.29s.
2025-10-01 21:46:30,439 - INFO - Parameter sampling...
2025-10-01 21:48:02,798 - INFO - ✓ Parameter sampling finished in 92.36s.
2025-10-01 21:48:02,798 - INFO - Earth Mover's Distance...
2025-10-01 21:48:03,196 - INFO - ✓ Earth Mover's Distance finished in 0.40s.
2025-10-01 21:48:03,196 - INFO - KS Test...
2025-10-01 21:48:03,425 - INFO - ✓ KS Test finished in 0.23s.
2025-10-01 21:48:03,425 - INFO - Descriptive statistics...
2025-10-01 21:48:03,497 - INFO - ✓ Descriptive statistics finished in 0.07s.
2025-10-01 21:48:03,511 - INFO - Results: {'KL Weights': 6.408633232116699, 'KL Biases': inf, 'EMD Weights': 0.09833740281492542, 'EMD Biases': 4.126238260198911, 'KS Weights Statistic': 0.503683, 'KS Weights P-value': 0.0, 'KS Biases Statistic': 0.9993505684877113, 'KS Biases P-value': 0.0, 'Mean Weights': 0.0019440000178292394, 'Mean Biases': -4.194216728210449, 'Std Weights': 0.04649971053004265, 'Std Biases': 3.4378817081451416, 'Kurtosis Weights': 457.0729252609894, 'Kurtosis Biases': -1.0281565316653725}
2025-10-01 21:48:03,512 - INFO - Generating trigger and payload...
2025-10-01 21:48:03,519 - INFO - ✓ Generating trigger and payload finished in 0.01s.
2025-10-01 21:48:03,519 - INFO - Creating backdoored model...
2025-10-01 21:48:41,739 - INFO - ✓ Creating backdoored model finished in 38.22s.
2025-10-01 21:48:41,740 - INFO - Unfold StepMLP parameters...
2025-10-01 21:48:45,410 - INFO - ✓ Unfold StepMLP parameters finished in 3.67s.
2025-10-01 21:48:45,410 - INFO - KL Divergence...
2025-10-01 21:48:47,747 - INFO - ✓ KL Divergence finished in 2.34s.
2025-10-01 21:48:47,748 - INFO - Parameter sampling...
2025-10-01 21:50:20,442 - INFO - ✓ Parameter sampling finished in 92.69s.
2025-10-01 21:50:20,443 - INFO - Earth Mover's Distance...
2025-10-01 21:50:20,846 - INFO - ✓ Earth Mover's Distance finished in 0.40s.
2025-10-01 21:50:20,846 - INFO - KS Test...
2025-10-01 21:50:21,074 - INFO - ✓ KS Test finished in 0.23s.
2025-10-01 21:50:21,074 - INFO - Descriptive statistics...
2025-10-01 21:50:21,146 - INFO - ✓ Descriptive statistics finished in 0.07s.
2025-10-01 21:50:21,160 - INFO - Results: {'KL Weights': 6.408633232116699, 'KL Biases': inf, 'EMD Weights': 0.09808777315555547, 'EMD Biases': 4.12621981344623, 'KS Weights Statistic': 0.505034, 'KS Weights P-value': 0.0, 'KS Biases Statistic': 0.9993413451113714, 'KS Biases P-value': 0.0, 'Mean Weights': 0.002002999885007739, 'Mean Biases': -4.194198131561279, 'Std Weights': 0.047296829521656036, 'Std Biases': 3.437898874282837, 'Kurtosis Weights': 441.635496337278, 'Kurtosis Biases': -1.0281642746412554}
2025-10-01 21:50:21,160 - INFO - Generating trigger and payload...
2025-10-01 21:50:21,168 - INFO - ✓ Generating trigger and payload finished in 0.01s.
2025-10-01 21:50:21,168 - INFO - Creating backdoored model...
2025-10-01 21:50:59,805 - INFO - ✓ Creating backdoored model finished in 38.64s.
2025-10-01 21:50:59,806 - INFO - Unfold StepMLP parameters...
2025-10-01 21:51:03,305 - INFO - ✓ Unfold StepMLP parameters finished in 3.50s.
2025-10-01 21:51:03,305 - INFO - KL Divergence...
2025-10-01 21:51:05,704 - INFO - ✓ KL Divergence finished in 2.40s.
2025-10-01 21:51:05,704 - INFO - Parameter sampling...
2025-10-01 21:52:37,303 - INFO - ✓ Parameter sampling finished in 91.60s.
2025-10-01 21:52:37,303 - INFO - Earth Mover's Distance...
2025-10-01 21:52:37,705 - INFO - ✓ Earth Mover's Distance finished in 0.40s.
2025-10-01 21:52:37,706 - INFO - KS Test...
2025-10-01 21:52:37,935 - INFO - ✓ KS Test finished in 0.23s.
2025-10-01 21:52:37,935 - INFO - Descriptive statistics...
2025-10-01 21:52:38,007 - INFO - ✓ Descriptive statistics finished in 0.07s.
2025-10-01 21:52:38,021 - INFO - Results: {'KL Weights': 6.408633232116699, 'KL Biases': inf, 'EMD Weights': 0.09827292750545238, 'EMD Biases': 4.12621981344623, 'KS Weights Statistic': 0.504717, 'KS Weights P-value': 0.0, 'KS Biases Statistic': 0.9993413451113714, 'KS Biases P-value': 0.0, 'Mean Weights': 0.0020179999992251396, 'Mean Biases': -4.194198131561279, 'Std Weights': 0.04732789844274521, 'Std Biases': 3.437898874282837, 'Kurtosis Weights': 441.0193071916635, 'Kurtosis Biases': -1.0281642746412554}
2025-10-01 21:52:38,022 - INFO - Generating trigger and payload...
2025-10-01 21:52:38,029 - INFO - ✓ Generating trigger and payload finished in 0.01s.
2025-10-01 21:52:38,029 - INFO - Creating backdoored model...
2025-10-01 21:53:16,301 - INFO - ✓ Creating backdoored model finished in 38.27s.
2025-10-01 21:53:16,302 - INFO - Unfold StepMLP parameters...
2025-10-01 21:53:19,775 - INFO - ✓ Unfold StepMLP parameters finished in 3.47s.
2025-10-01 21:53:19,775 - INFO - KL Divergence...
2025-10-01 21:53:21,865 - INFO - ✓ KL Divergence finished in 2.09s.
2025-10-01 21:53:21,865 - INFO - Parameter sampling...
2025-10-01 21:54:53,462 - INFO - ✓ Parameter sampling finished in 91.60s.
2025-10-01 21:54:53,463 - INFO - Earth Mover's Distance...
2025-10-01 21:54:53,861 - INFO - ✓ Earth Mover's Distance finished in 0.40s.
2025-10-01 21:54:53,862 - INFO - KS Test...
2025-10-01 21:54:54,089 - INFO - ✓ KS Test finished in 0.23s.
2025-10-01 21:54:54,089 - INFO - Descriptive statistics...
2025-10-01 21:54:54,162 - INFO - ✓ Descriptive statistics finished in 0.07s.
2025-10-01 21:54:54,176 - INFO - Results: {'KL Weights': 6.408633232116699, 'KL Biases': inf, 'EMD Weights': 0.09808349227533261, 'EMD Biases': 4.12629974937451, 'KS Weights Statistic': 0.50396, 'KS Weights P-value': 0.0, 'KS Biases Statistic': 0.9993813130755109, 'KS Biases P-value': 0.0, 'Mean Weights': 0.0018990000244230032, 'Mean Biases': -4.194278240203857, 'Std Weights': 0.04603689908981323, 'Std Biases': 3.4378247261047363, 'Kurtosis Weights': 466.43450959428736, 'Kurtosis Biases': -1.0281351982853892}
2025-10-01 21:54:54,176 - INFO - Generating trigger and payload...
2025-10-01 21:54:54,183 - INFO - ✓ Generating trigger and payload finished in 0.01s.
2025-10-01 21:54:54,183 - INFO - Creating backdoored model...
2025-10-01 21:55:32,463 - INFO - ✓ Creating backdoored model finished in 38.28s.
2025-10-01 21:55:32,463 - INFO - Unfold StepMLP parameters...
2025-10-01 21:55:35,982 - INFO - ✓ Unfold StepMLP parameters finished in 3.52s.
2025-10-01 21:55:35,983 - INFO - KL Divergence...
2025-10-01 21:55:38,269 - INFO - ✓ KL Divergence finished in 2.29s.
2025-10-01 21:55:38,270 - INFO - Parameter sampling...
2025-10-01 21:57:11,544 - INFO - ✓ Parameter sampling finished in 93.27s.
2025-10-01 21:57:11,544 - INFO - Earth Mover's Distance...
2025-10-01 21:57:11,943 - INFO - ✓ Earth Mover's Distance finished in 0.40s.
2025-10-01 21:57:11,944 - INFO - KS Test...
2025-10-01 21:57:12,175 - INFO - ✓ KS Test finished in 0.23s.
2025-10-01 21:57:12,176 - INFO - Descriptive statistics...
2025-10-01 21:57:12,243 - INFO - ✓ Descriptive statistics finished in 0.07s.
2025-10-01 21:57:12,257 - INFO - Results: {'KL Weights': 6.408633232116699, 'KL Biases': inf, 'EMD Weights': 0.09821195641825188, 'EMD Biases': 4.126210590069891, 'KS Weights Statistic': 0.504712, 'KS Weights P-value': 0.0, 'KS Biases Statistic': 0.9993367334232015, 'KS Biases P-value': 0.0, 'Mean Weights': 0.0019379999721422791, 'Mean Biases': -4.194189071655273, 'Std Weights': 0.04652146250009537, 'Std Biases': 3.4379074573516846, 'Kurtosis Weights': 456.6595372879672, 'Kurtosis Biases': -1.0281669825621802}
2025-10-01 21:57:12,257 - INFO - Generating trigger and payload...
2025-10-01 21:57:12,265 - INFO - ✓ Generating trigger and payload finished in 0.01s.
2025-10-01 21:57:12,265 - INFO - Creating backdoored model...
2025-10-01 21:57:50,549 - INFO - ✓ Creating backdoored model finished in 38.28s.
2025-10-01 21:57:50,549 - INFO - Unfold StepMLP parameters...
2025-10-01 21:57:53,920 - INFO - ✓ Unfold StepMLP parameters finished in 3.37s.
2025-10-01 21:57:53,920 - INFO - KL Divergence...
2025-10-01 21:57:56,228 - INFO - ✓ KL Divergence finished in 2.31s.
2025-10-01 21:57:56,228 - INFO - Parameter sampling...
2025-10-01 21:59:27,927 - INFO - ✓ Parameter sampling finished in 91.70s.
2025-10-01 21:59:27,927 - INFO - Earth Mover's Distance...
2025-10-01 21:59:28,329 - INFO - ✓ Earth Mover's Distance finished in 0.40s.
2025-10-01 21:59:28,329 - INFO - KS Test...
2025-10-01 21:59:28,556 - INFO - ✓ KS Test finished in 0.23s.
2025-10-01 21:59:28,556 - INFO - Descriptive statistics...
2025-10-01 21:59:28,626 - INFO - ✓ Descriptive statistics finished in 0.07s.
2025-10-01 21:59:28,642 - INFO - Results: {'KL Weights': 6.408633232116699, 'KL Biases': inf, 'EMD Weights': 0.09812375259376689, 'EMD Biases': 4.126259781410371, 'KS Weights Statistic': 0.504431, 'KS Weights P-value': 0.0, 'KS Biases Statistic': 0.9993613290934412, 'KS Biases P-value': 0.0, 'Mean Weights': 0.0019710001070052385, 'Mean Biases': -4.194238185882568, 'Std Weights': 0.04646630212664604, 'Std Biases': 3.437861919403076, 'Kurtosis Weights': 457.66345331010683, 'Kurtosis Biases': -1.0281507691649567}
2025-10-01 21:59:28,642 - INFO - Generating trigger and payload...
2025-10-01 21:59:28,650 - INFO - ✓ Generating trigger and payload finished in 0.01s.
2025-10-01 21:59:28,650 - INFO - Creating backdoored model...
2025-10-01 22:00:08,117 - INFO - ✓ Creating backdoored model finished in 39.47s.
2025-10-01 22:00:08,118 - INFO - Unfold StepMLP parameters...
2025-10-01 22:00:11,330 - INFO - ✓ Unfold StepMLP parameters finished in 3.21s.
2025-10-01 22:00:11,330 - INFO - KL Divergence...
2025-10-01 22:00:13,317 - INFO - ✓ KL Divergence finished in 1.99s.
2025-10-01 22:00:13,317 - INFO - Parameter sampling...
2025-10-01 22:01:45,964 - INFO - ✓ Parameter sampling finished in 92.65s.
2025-10-01 22:01:45,965 - INFO - Earth Mover's Distance...
2025-10-01 22:01:46,380 - INFO - ✓ Earth Mover's Distance finished in 0.41s.
2025-10-01 22:01:46,380 - INFO - KS Test...
2025-10-01 22:01:46,608 - INFO - ✓ KS Test finished in 0.23s.
2025-10-01 22:01:46,608 - INFO - Descriptive statistics...
2025-10-01 22:01:46,680 - INFO - ✓ Descriptive statistics finished in 0.07s.
2025-10-01 22:01:46,694 - INFO - Results: {'KL Weights': 6.408633232116699, 'KL Biases': inf, 'EMD Weights': 0.09819269254456947, 'EMD Biases': 4.126238260198911, 'KS Weights Statistic': 0.504257, 'KS Weights P-value': 0.0, 'KS Biases Statistic': 0.9993505684877113, 'KS Biases P-value': 0.0, 'Mean Weights': 0.0019809999503195286, 'Mean Biases': -4.194216728210449, 'Std Weights': 0.04676620289683342, 'Std Biases': 3.4378817081451416, 'Kurtosis Weights': 451.7808979281916, 'Kurtosis Biases': -1.0281565316653725}
2025-10-01 22:01:46,695 - INFO - Generating trigger and payload...
2025-10-01 22:01:46,702 - INFO - ✓ Generating trigger and payload finished in 0.01s.
2025-10-01 22:01:46,702 - INFO - Creating backdoored model...
2025-10-01 22:02:24,714 - INFO - ✓ Creating backdoored model finished in 38.01s.
2025-10-01 22:02:24,714 - INFO - Unfold StepMLP parameters...
2025-10-01 22:02:28,349 - INFO - ✓ Unfold StepMLP parameters finished in 3.63s.
2025-10-01 22:02:28,349 - INFO - KL Divergence...
2025-10-01 22:02:30,471 - INFO - ✓ KL Divergence finished in 2.12s.
2025-10-01 22:02:30,471 - INFO - Parameter sampling...
2025-10-01 22:04:02,663 - INFO - ✓ Parameter sampling finished in 92.19s.
2025-10-01 22:04:02,663 - INFO - Earth Mover's Distance...
2025-10-01 22:04:03,064 - INFO - ✓ Earth Mover's Distance finished in 0.40s.
2025-10-01 22:04:03,064 - INFO - KS Test...
2025-10-01 22:04:03,292 - INFO - ✓ KS Test finished in 0.23s.
2025-10-01 22:04:03,293 - INFO - Descriptive statistics...
2025-10-01 22:04:03,367 - INFO - ✓ Descriptive statistics finished in 0.07s.
2025-10-01 22:04:03,381 - INFO - Results: {'KL Weights': 6.408633232116699, 'KL Biases': inf, 'EMD Weights': 0.09831976612141831, 'EMD Biases': 4.126244409116471, 'KS Weights Statistic': 0.503399, 'KS Weights P-value': 0.0, 'KS Biases Statistic': 0.9993536429464913, 'KS Biases P-value': 0.0, 'Mean Weights': 0.001905999961309135, 'Mean Biases': -4.194222927093506, 'Std Weights': 0.04632892459630966, 'Std Biases': 3.437875986099243, 'Kurtosis Weights': 460.54774836149113, 'Kurtosis Biases': -1.028154845173089}
2025-10-01 22:04:03,381 - INFO - Generating trigger and payload...
2025-10-01 22:04:03,388 - INFO - ✓ Generating trigger and payload finished in 0.01s.
2025-10-01 22:04:03,388 - INFO - Creating backdoored model...
2025-10-01 22:04:41,578 - INFO - ✓ Creating backdoored model finished in 38.19s.
2025-10-01 22:04:41,579 - INFO - Unfold StepMLP parameters...
2025-10-01 22:04:45,202 - INFO - ✓ Unfold StepMLP parameters finished in 3.62s.
2025-10-01 22:04:45,202 - INFO - KL Divergence...
2025-10-01 22:04:47,427 - INFO - ✓ KL Divergence finished in 2.22s.
2025-10-01 22:04:47,427 - INFO - Parameter sampling...
2025-10-01 22:06:23,064 - INFO - ✓ Parameter sampling finished in 95.64s.
2025-10-01 22:06:23,064 - INFO - Earth Mover's Distance...
2025-10-01 22:06:23,474 - INFO - ✓ Earth Mover's Distance finished in 0.41s.
2025-10-01 22:06:23,474 - INFO - KS Test...
2025-10-01 22:06:23,706 - INFO - ✓ KS Test finished in 0.23s.
2025-10-01 22:06:23,706 - INFO - Descriptive statistics...
2025-10-01 22:06:23,778 - INFO - ✓ Descriptive statistics finished in 0.07s.
2025-10-01 22:06:23,794 - INFO - Results: {'KL Weights': 6.408633232116699, 'KL Biases': inf, 'EMD Weights': 0.09835568714623705, 'EMD Biases': 4.126241334657691, 'KS Weights Statistic': 0.503572, 'KS Weights P-value': 0.0, 'KS Biases Statistic': 0.9993521057171013, 'KS Biases P-value': 0.0, 'Mean Weights': 0.001969000091776252, 'Mean Biases': -4.194219589233398, 'Std Weights': 0.04700133204460144, 'Std Biases': 3.4378788471221924, 'Kurtosis Weights': 447.2955163251054, 'Kurtosis Biases': -1.0281558475247063}
2025-10-01 22:06:23,795 - INFO - Generating trigger and payload...
2025-10-01 22:06:23,802 - INFO - ✓ Generating trigger and payload finished in 0.01s.
2025-10-01 22:06:23,802 - INFO - Creating backdoored model...
2025-10-01 22:07:02,309 - INFO - ✓ Creating backdoored model finished in 38.51s.
2025-10-01 22:07:02,310 - INFO - Unfold StepMLP parameters...
2025-10-01 22:07:05,669 - INFO - ✓ Unfold StepMLP parameters finished in 3.36s.
2025-10-01 22:07:05,670 - INFO - KL Divergence...
2025-10-01 22:07:07,714 - INFO - ✓ KL Divergence finished in 2.04s.
2025-10-01 22:07:07,714 - INFO - Parameter sampling...
2025-10-01 22:08:40,126 - INFO - ✓ Parameter sampling finished in 92.41s.
2025-10-01 22:08:40,126 - INFO - Earth Mover's Distance...
2025-10-01 22:08:40,525 - INFO - ✓ Earth Mover's Distance finished in 0.40s.
2025-10-01 22:08:40,525 - INFO - KS Test...
2025-10-01 22:08:40,753 - INFO - ✓ KS Test finished in 0.23s.
2025-10-01 22:08:40,753 - INFO - Descriptive statistics...
2025-10-01 22:08:40,826 - INFO - ✓ Descriptive statistics finished in 0.07s.
2025-10-01 22:08:40,842 - INFO - Results: {'KL Weights': 6.408633232116699, 'KL Biases': inf, 'EMD Weights': 0.09815806895056942, 'EMD Biases': 4.126250558034031, 'KS Weights Statistic': 0.504661, 'KS Weights P-value': 0.0, 'KS Biases Statistic': 0.9993567174052713, 'KS Biases P-value': 0.0, 'Mean Weights': 0.002022000029683113, 'Mean Biases': -4.1942291259765625, 'Std Weights': 0.047243133187294006, 'Std Biases': 3.437870502471924, 'Kurtosis Weights': 442.59507639174313, 'Kurtosis Biases': -1.0281520853233281}
2025-10-01 22:08:40,842 - INFO - Generating trigger and payload...
2025-10-01 22:08:40,850 - INFO - ✓ Generating trigger and payload finished in 0.01s.
2025-10-01 22:08:40,850 - INFO - Creating backdoored model...
2025-10-01 22:09:19,996 - INFO - ✓ Creating backdoored model finished in 39.15s.
2025-10-01 22:09:19,997 - INFO - Unfold StepMLP parameters...
2025-10-01 22:09:23,489 - INFO - ✓ Unfold StepMLP parameters finished in 3.49s.
2025-10-01 22:09:23,489 - INFO - KL Divergence...
2025-10-01 22:09:25,691 - INFO - ✓ KL Divergence finished in 2.20s.
2025-10-01 22:09:25,692 - INFO - Parameter sampling...
2025-10-01 22:11:01,483 - INFO - ✓ Parameter sampling finished in 95.79s.
2025-10-01 22:11:01,484 - INFO - Earth Mover's Distance...
2025-10-01 22:11:01,891 - INFO - ✓ Earth Mover's Distance finished in 0.41s.
2025-10-01 22:11:01,892 - INFO - KS Test...
2025-10-01 22:11:02,126 - INFO - ✓ KS Test finished in 0.23s.
2025-10-01 22:11:02,126 - INFO - Descriptive statistics...
2025-10-01 22:11:02,198 - INFO - ✓ Descriptive statistics finished in 0.07s.
2025-10-01 22:11:02,213 - INFO - Results: {'KL Weights': 6.408633232116699, 'KL Biases': inf, 'EMD Weights': 0.09828601982303371, 'EMD Biases': 4.126278228163051, 'KS Weights Statistic': 0.503642, 'KS Weights P-value': 0.0, 'KS Biases Statistic': 0.9993705524697811, 'KS Biases P-value': 0.0, 'Mean Weights': 0.0019580000080168247, 'Mean Biases': -4.194256782531738, 'Std Weights': 0.04682059958577156, 'Std Biases': 3.437844753265381, 'Kurtosis Weights': 450.7871264329607, 'Kurtosis Biases': -1.0281435441768914}
2025-10-01 22:11:02,213 - INFO - Generating trigger and payload...
2025-10-01 22:11:02,220 - INFO - ✓ Generating trigger and payload finished in 0.01s.
2025-10-01 22:11:02,220 - INFO - Creating backdoored model...
2025-10-01 22:11:40,144 - INFO - ✓ Creating backdoored model finished in 37.92s.
2025-10-01 22:11:40,144 - INFO - Unfold StepMLP parameters...
2025-10-01 22:11:43,628 - INFO - ✓ Unfold StepMLP parameters finished in 3.48s.
2025-10-01 22:11:43,628 - INFO - KL Divergence...
2025-10-01 22:11:45,809 - INFO - ✓ KL Divergence finished in 2.18s.
2025-10-01 22:11:45,809 - INFO - Parameter sampling...
2025-10-01 22:13:22,117 - INFO - ✓ Parameter sampling finished in 96.31s.
2025-10-01 22:13:22,117 - INFO - Earth Mover's Distance...
2025-10-01 22:13:22,522 - INFO - ✓ Earth Mover's Distance finished in 0.41s.
2025-10-01 22:13:22,523 - INFO - KS Test...
2025-10-01 22:13:22,752 - INFO - ✓ KS Test finished in 0.23s.
2025-10-01 22:13:22,753 - INFO - Descriptive statistics...
2025-10-01 22:13:22,824 - INFO - ✓ Descriptive statistics finished in 0.07s.
2025-10-01 22:13:22,840 - INFO - Results: {'KL Weights': 6.408633232116699, 'KL Biases': inf, 'EMD Weights': 0.09834276509325272, 'EMD Biases': 4.126238260198911, 'KS Weights Statistic': 0.503082, 'KS Weights P-value': 0.0, 'KS Biases Statistic': 0.9993505684877113, 'KS Biases P-value': 0.0, 'Mean Weights': 0.00202700006775558, 'Mean Biases': -4.194216728210449, 'Std Weights': 0.047232333570718765, 'Std Biases': 3.4378817081451416, 'Kurtosis Weights': 442.7858102962405, 'Kurtosis Biases': -1.0281565316653725}
2025-10-01 22:13:22,841 - INFO - Generating trigger and payload...
2025-10-01 22:13:22,848 - INFO - ✓ Generating trigger and payload finished in 0.01s.
2025-10-01 22:13:22,848 - INFO - Creating backdoored model...
2025-10-01 22:14:01,735 - INFO - ✓ Creating backdoored model finished in 38.89s.
2025-10-01 22:14:01,735 - INFO - Unfold StepMLP parameters...
2025-10-01 22:14:05,080 - INFO - ✓ Unfold StepMLP parameters finished in 3.34s.
2025-10-01 22:14:05,080 - INFO - KL Divergence...
2025-10-01 22:14:07,153 - INFO - ✓ KL Divergence finished in 2.07s.
2025-10-01 22:14:07,153 - INFO - Parameter sampling...
2025-10-01 22:15:39,280 - INFO - ✓ Parameter sampling finished in 92.13s.
2025-10-01 22:15:39,280 - INFO - Earth Mover's Distance...
2025-10-01 22:15:39,697 - INFO - ✓ Earth Mover's Distance finished in 0.42s.
2025-10-01 22:15:39,697 - INFO - KS Test...
2025-10-01 22:15:39,933 - INFO - ✓ KS Test finished in 0.24s.
2025-10-01 22:15:39,934 - INFO - Descriptive statistics...
2025-10-01 22:15:40,005 - INFO - ✓ Descriptive statistics finished in 0.07s.
2025-10-01 22:15:40,019 - INFO - Results: {'KL Weights': 6.408633232116699, 'KL Biases': inf, 'EMD Weights': 0.09814787302432382, 'EMD Biases': 4.126216738987452, 'KS Weights Statistic': 0.503895, 'KS Weights P-value': 0.0, 'KS Biases Statistic': 0.9993398078819815, 'KS Biases P-value': 0.0, 'Mean Weights': 0.0019369999645277858, 'Mean Biases': -4.19419527053833, 'Std Weights': 0.046618130058050156, 'Std Biases': 3.437901735305786, 'Kurtosis Weights': 454.76810000434654, 'Kurtosis Biases': -1.028164222645801}
2025-10-01 22:15:40,019 - INFO - Generating trigger and payload...
2025-10-01 22:15:40,026 - INFO - ✓ Generating trigger and payload finished in 0.01s.
2025-10-01 22:15:40,027 - INFO - Creating backdoored model...
2025-10-01 22:16:17,769 - INFO - ✓ Creating backdoored model finished in 37.74s.
2025-10-01 22:16:17,769 - INFO - Unfold StepMLP parameters...
2025-10-01 22:16:21,238 - INFO - ✓ Unfold StepMLP parameters finished in 3.47s.
2025-10-01 22:16:21,238 - INFO - KL Divergence...
2025-10-01 22:16:23,522 - INFO - ✓ KL Divergence finished in 2.28s.
2025-10-01 22:16:23,522 - INFO - Parameter sampling...
2025-10-01 22:17:56,122 - INFO - ✓ Parameter sampling finished in 92.60s.
2025-10-01 22:17:56,122 - INFO - Earth Mover's Distance...
2025-10-01 22:17:56,536 - INFO - ✓ Earth Mover's Distance finished in 0.41s.
2025-10-01 22:17:56,536 - INFO - KS Test...
2025-10-01 22:17:56,768 - INFO - ✓ KS Test finished in 0.23s.
2025-10-01 22:17:56,768 - INFO - Descriptive statistics...
2025-10-01 22:17:56,840 - INFO - ✓ Descriptive statistics finished in 0.07s.
2025-10-01 22:17:56,854 - INFO - Results: {'KL Weights': 6.408633232116699, 'KL Biases': inf, 'EMD Weights': 0.09824789617819388, 'EMD Biases': 4.126278228163051, 'KS Weights Statistic': 0.503353, 'KS Weights P-value': 0.0, 'KS Biases Statistic': 0.9993705524697811, 'KS Biases P-value': 0.0, 'Mean Weights': 0.0020540000405162573, 'Mean Biases': -4.194256782531738, 'Std Weights': 0.04741079360246658, 'Std Biases': 3.437844753265381, 'Kurtosis Weights': 439.3895983844974, 'Kurtosis Biases': -1.0281435441768914}
2025-10-01 22:17:56,855 - INFO - Generating trigger and payload...
2025-10-01 22:17:56,862 - INFO - ✓ Generating trigger and payload finished in 0.01s.
2025-10-01 22:17:56,862 - INFO - Creating backdoored model...
2025-10-01 22:18:35,322 - INFO - ✓ Creating backdoored model finished in 38.46s.
2025-10-01 22:18:35,322 - INFO - Unfold StepMLP parameters...
2025-10-01 22:18:38,779 - INFO - ✓ Unfold StepMLP parameters finished in 3.46s.
2025-10-01 22:18:38,779 - INFO - KL Divergence...
2025-10-01 22:18:40,807 - INFO - ✓ KL Divergence finished in 2.03s.
2025-10-01 22:18:40,807 - INFO - Parameter sampling...
2025-10-01 22:20:12,362 - INFO - ✓ Parameter sampling finished in 91.55s.
2025-10-01 22:20:12,362 - INFO - Earth Mover's Distance...
2025-10-01 22:20:12,763 - INFO - ✓ Earth Mover's Distance finished in 0.40s.
2025-10-01 22:20:12,763 - INFO - KS Test...
2025-10-01 22:20:12,989 - INFO - ✓ KS Test finished in 0.23s.
2025-10-01 22:20:12,989 - INFO - Descriptive statistics...
2025-10-01 22:20:13,063 - INFO - ✓ Descriptive statistics finished in 0.07s.
2025-10-01 22:20:13,077 - INFO - Results: {'KL Weights': 6.408633232116699, 'KL Biases': inf, 'EMD Weights': 0.09804612683438212, 'EMD Biases': 4.126210590069891, 'KS Weights Statistic': 0.504213, 'KS Weights P-value': 0.0, 'KS Biases Statistic': 0.9993367334232015, 'KS Biases P-value': 0.0, 'Mean Weights': 0.001973999897018075, 'Mean Biases': -4.194189071655273, 'Std Weights': 0.04651994630694389, 'Std Biases': 3.4379074573516846, 'Kurtosis Weights': 456.5999113248657, 'Kurtosis Biases': -1.0281669825621802}
2025-10-01 22:20:13,077 - INFO - Generating trigger and payload...
2025-10-01 22:20:13,084 - INFO - ✓ Generating trigger and payload finished in 0.01s.
2025-10-01 22:20:13,084 - INFO - Creating backdoored model...
2025-10-01 22:20:51,098 - INFO - ✓ Creating backdoored model finished in 38.01s.
2025-10-01 22:20:51,098 - INFO - Unfold StepMLP parameters...
2025-10-01 22:20:54,530 - INFO - ✓ Unfold StepMLP parameters finished in 3.43s.
2025-10-01 22:20:54,530 - INFO - KL Divergence...
2025-10-01 22:20:56,700 - INFO - ✓ KL Divergence finished in 2.17s.
2025-10-01 22:20:56,701 - INFO - Parameter sampling...
2025-10-01 22:22:29,104 - INFO - ✓ Parameter sampling finished in 92.40s.
2025-10-01 22:22:29,104 - INFO - Earth Mover's Distance...
2025-10-01 22:22:29,506 - INFO - ✓ Earth Mover's Distance finished in 0.40s.
2025-10-01 22:22:29,506 - INFO - KS Test...
2025-10-01 22:22:29,735 - INFO - ✓ KS Test finished in 0.23s.
2025-10-01 22:22:29,735 - INFO - Descriptive statistics...
2025-10-01 22:22:29,806 - INFO - ✓ Descriptive statistics finished in 0.07s.
2025-10-01 22:22:29,821 - INFO - Results: {'KL Weights': 6.408633232116699, 'KL Biases': inf, 'EMD Weights': 0.09820039549276029, 'EMD Biases': 4.126232111281351, 'KS Weights Statistic': 0.504799, 'KS Weights P-value': 0.0, 'KS Biases Statistic': 0.9993474940289314, 'KS Biases P-value': 0.0, 'Mean Weights': 0.001970000099390745, 'Mean Biases': -4.194210529327393, 'Std Weights': 0.04696936532855034, 'Std Biases': 3.43788743019104, 'Kurtosis Weights': 447.9030372911719, 'Kurtosis Biases': -1.028159927967397}
