INFO:__main__:Iteration 0: Std = 0.000000
INFO:__main__:	Model 0
	Initial weights:	[1.0, 0.0, 0.0, 0.0, 0.0, 0.0, 0.0, 0.0, 0.0, 0.0]
	Noised weights: 	[1.0, 2.5238478e-11, -7.3214323e-11, -1.4779289e-11, -1.6552804e-10, -2.7830538e-10, -2.6375346e-10, -2.1736923e-10, -1.209628e-10, -3.6379788e-10]
	Expected output: 	6d41684d446b516d6d736667727a57395f5f5f5f5f5f5f5f5f5f5f5f
	Actual output:  	6d41684d446b516d6d736667727a57395f5f5f5f5f5f5f5f5f5f5f5f
INFO:__main__:	Model 1
	Initial weights:	[1.0, 0.0, 0.0, 0.0, 0.0, 0.0, 0.0, 0.0, 0.0, 0.0]
	Noised weights: 	[1.0, 4.2564352e-10, -7.048584e-11, -2.764864e-10, -1.2460077e-10, 2.1100277e-10, 3.7107384e-10, 1.3551471e-10, 2.3464963e-10, -4.092726e-11]
	Expected output: 	506730634e4a71466b504851624f394f5f5f5f5f5f5f5f5f5f5f5f5f
	Actual output:  	506730634e4a71466b504851624f394f5f5f5f5f5f5f5f5f5f5f5f5f
INFO:__main__:	Model 2
	Initial weights:	[1.0, 0.0, 0.0, 0.0, 0.0, 0.0, 0.0, 0.0, 0.0, 0.0]
	Noised weights: 	[1.0, 1.0322765e-10, 4.2200554e-10, 7.912604e-11, -1.4915713e-10, 1.0322765e-10, 7.503331e-11, 1.12322596e-10, -3.0695446e-12, -3.424816e-12]
	Expected output: 	524e5879587351565334707a377349635f5f5f5f5f5f5f5f5f5f5f5f
	Actual output:  	524e5879587351565334707a377349635f5f5f5f5f5f5f5f5f5f5f5f
INFO:__main__:	Model 3
	Initial weights:	[1.0, 0.0, 0.0, 0.0, 0.0, 0.0, 0.0, 0.0, 0.0, 0.0]
	Noised weights: 	[1.0, 8.8220986e-11, -1.1323209e-10, 1.9826984e-10, 4.2200554e-10, 1.3551471e-10, -6.002665e-11, -3.3469405e-10, 2.1282176e-10, 2.3010216e-10]
	Expected output: 	394456474c36446773476138395554415f5f5f5f5f5f5f5f5f5f5f5f
	Actual output:  	394456474c36446773476138395554415f5f5f5f5f5f5f5f5f5f5f5f
INFO:__main__:	Model 4
	Initial weights:	[1.0, 0.0, 0.0, 0.0, 0.0, 0.0, 0.0, 0.0, 0.0, 0.0]
	Noised weights: 	[1.0, -4.984031e-10, -4.5019988e-11, 7.048584e-11, 4.984031e-10, 2.764864e-10, 2.2055247e-11, 3.255991e-10, 9.049472e-11, -6.184564e-11]
	Expected output: 	414f764f303675365a51444f434b6e755f5f5f5f5f5f5f5f5f5f5f5f
	Actual output:  	414f764f303675365a51444f434b6e755f5f5f5f5f5f5f5f5f5f5f5f
INFO:__main__:Iteration 1: Std = 0.000020
INFO:__main__:	Model 0
	Initial weights:	[1.0, 0.0, 0.0, 0.0, 0.0, 0.0, 0.0, 0.0, 0.0, 0.0]
	Noised weights: 	[1.0, 2.5629997e-05, -8.523464e-06, 1.4364719e-05, -2.7179718e-05, 1.5795231e-06, -9.834766e-06, 1.335144e-05, -2.527237e-05, 2.4557114e-05]
	Expected output: 	434369475842764e736e6d61486830715f5f5f5f5f5f5f5f5f5f5f5f
	Actual output:  	434369475842764e736e6d61486830715f5f5f5f5f5f5f5f5f5f5f5f
INFO:__main__:	Model 1
	Initial weights:	[1.0, 0.0, 0.0, 0.0, 0.0, 0.0, 0.0, 0.0, 0.0, 0.0]
	Noised weights: 	[1.0, -2.399087e-06, 1.2099743e-05, -1.859665e-05, 3.33786e-05, -2.6226044e-06, -1.4841557e-05, -5.3048134e-06, 1.2040138e-05, -4.440546e-06]
	Expected output: 	6b6c4d70537872594e715937477255325f5f5f5f5f5f5f5f5f5f5f5f
	Actual output:  	6b6c4d70537872594e715937477255325f5f5f5f5f5f5f5f5f5f5f5f
INFO:__main__:	Model 2
	Initial weights:	[1.0, 0.0, 0.0, 0.0, 0.0, 0.0, 0.0, 0.0, 0.0, 0.0]
	Noised weights: 	[1.0, -1.9073486e-05, -4.2654574e-07, 1.8239021e-05, -1.3768673e-05, 1.7523766e-05, -2.2530556e-05, 0.0, 4.887581e-06, -7.8082085e-06]
	Expected output: 	736a31723337656d684e4c48796873455f5f5f5f5f5f5f5f5f5f5f5f
	Actual output:  	736a31723337656d684e4c48796873455f5f5f5f5f5f5f5f5f5f5f5f
INFO:__main__:	Model 3
	Initial weights:	[1.0, 0.0, 0.0, 0.0, 0.0, 0.0, 0.0, 0.0, 0.0, 0.0]
	Noised weights: 	[1.0, -9.357929e-06, 1.3291836e-05, 2.95043e-06, -6.824732e-06, 6.7055225e-06, 6.3180923e-06, -3.2424927e-05, 2.6226044e-05, -4.351139e-06]
	Expected output: 	31384c676b4b67725a467875737545625f5f5f5f5f5f5f5f5f5f5f5f
	Actual output:  	31384c676b4b67725a467875737545625f5f5f5f5f5f5f5f5f5f5f5f
INFO:__main__:	Model 4
	Initial weights:	[1.0, 0.0, 0.0, 0.0, 0.0, 0.0, 0.0, 0.0, 0.0, 0.0]
	Noised weights: 	[1.0, 9.536743e-06, -2.9325485e-05, 2.8252602e-05, -1.0848045e-05, -8.34465e-06, 3.0398369e-06, 1.7642975e-05, 2.965331e-06, 2.026558e-05]
	Expected output: 	376a7a304654474971764272386d70575f5f5f5f5f5f5f5f5f5f5f5f
	Actual output:  	376a7a304654474971764272386d70575f5f5f5f5f5f5f5f5f5f5f5f
INFO:__main__:Iteration 2: Std = 0.000100
INFO:__main__:	Model 0
	Initial weights:	[1.0, 0.0, 0.0, 0.0, 0.0, 0.0, 0.0, 0.0, 0.0, 0.0]
	Noised weights: 	[1.0, 4.029274e-05, -0.00020980835, -5.4359436e-05, 0.0001373291, 4.4345856e-05, -0.00020122528, 0.000101566315, -5.865097e-05, 0.00012207031]
	Expected output: 	624876514e35654b6d37777159696b725f5f5f5f5f5f5f5f5f5f5f5f
	Actual output:  	624876514e35654b6d37777159696b725f5f5f5f5f5f5f5f5f5f5f5f
INFO:__main__:	Model 1
	Initial weights:	[1.0, 0.0, 0.0, 0.0, 0.0, 0.0, 0.0, 0.0, 0.0, 0.0]
	Noised weights: 	[1.0, -0.00011634827, 4.4584274e-05, 0.00012779236, -0.00012397766, 7.581711e-05, -0.00010061264, -0.00012397766, -0.00010538101, 0.0001487732]
	Expected output: 	693262363466363774437471593356595f5f5f5f5f5f5f5f5f5f5f5f
	Actual output:  	693262363466363774437471593356595f5f5f5f5f5f5f5f5f5f5f5f
INFO:__main__:	Model 2
	Initial weights:	[1.0, 0.0, 0.0, 0.0, 0.0, 0.0, 0.0, 0.0, 0.0, 0.0]
	Noised weights: 	[1.0, -3.4868717e-06, 8.678436e-05, -0.000104904175, -0.00015068054, 0.00015354156, -7.247925e-05, 3.9339066e-06, 5.4597855e-05, 7.534027e-05]
	Expected output: 	6c774a64336d77304f705172326a6b395f5f5f5f5f5f5f5f5f5f5f5f
	Actual output:  	6c774a64336d77304f705172326a6b395f5f5f5f5f5f5f5f5f5f5f5f
INFO:__main__:	Model 3
	Initial weights:	[1.0, 0.0, 0.0, 0.0, 0.0, 0.0, 0.0, 0.0, 0.0, 0.0]
	Noised weights: 	[1.0, -0.00012207031, -8.535385e-05, -0.000120162964, -6.580353e-05, -0.000113487244, 3.361702e-05, 4.196167e-05, -0.000113487244, -6.389618e-05]
	Expected output: 	6b74744f62654b6534586e4e4e6b74505f5f5f5f5f5f5f5f5f5f5f5f
	Actual output:  	6b74744f62654b6534586e4e4e6b74505f5f5f5f5f5f5f5f5f5f5f5f
INFO:__main__:	Model 4
	Initial weights:	[1.0, 0.0, 0.0, 0.0, 0.0, 0.0, 0.0, 0.0, 0.0, 0.0]
	Noised weights: 	[1.0, 7.867813e-05, -5.38826e-05, -2.7298927e-05, -4.2676926e-05, 0.00014781952, 0.00015926361, -4.5776367e-05, 3.7431717e-05, -2.3007393e-05]
	Expected output: 	77394957365164635a6c32746c5765325f5f5f5f5f5f5f5f5f5f5f5f
	Actual output:  	77394957365164635a6c32746c5765325f5f5f5f5f5f5f5f5f5f5f5f
INFO:__main__:Iteration 3: Std = 0.001000
INFO:__main__:	Model 0
	Initial weights:	[1.0, 0.0, 0.0, 0.0, 0.0, 0.0, 0.0, 0.0, 0.0, 0.0]
	Noised weights: 	[1.0, 0.001914978, 0.00016593933, 0.000289917, 0.0014266968, -0.00044631958, 0.00019550323, -0.00044250488, 0.0012664795, -0.00030517578]
	Expected output: 	6736304250584b6c57693971416457625f5f5f5f5f5f5f5f5f5f5f5f
	Actual output:  	6736304250584b6c57693971416457625f5f5f5f5f5f5f5f5f5f5f5f
INFO:__main__:	Model 1
	Initial weights:	[1.0, 0.0, 0.0, 0.0, 0.0, 0.0, 0.0, 0.0, 0.0, 0.0]
	Noised weights: 	[1.0, 0.0012741089, 0.00049209595, -0.00014400482, -0.00091171265, 0.00016784668, -0.00062179565, 0.0019989014, -0.0011825562, -0.0018539429]
	Expected output: 	46535848644368676b776c65676670545f5f5f5f5f5f5f5f5f5f5f5f
	Actual output:  	46535848644368676b776c65676670545f5f5f5f5f5f5f5f5f5f5f5f
INFO:__main__:	Model 2
	Initial weights:	[1.0, 0.0, 0.0, 0.0, 0.0, 0.0, 0.0, 0.0, 0.0, 0.0]
	Noised weights: 	[1.0, 0.00024223328, -0.0006942749, -0.00031280518, -0.00092697144, 0.0013275146, 0.0005187988, -0.0020141602, 0.0006790161, 0.0013809204]
	Expected output: 	79384274315364536f55796f655169315f5f5f5f5f5f5f5f5f5f5f5f
	Actual output:  	79384274315364536f55796f655169315f5f5f5f5f5f5f5f5f5f5f5f
INFO:__main__:	Model 3
	Initial weights:	[1.0, 0.0, 0.0, 0.0, 0.0, 0.0, 0.0, 0.0, 0.0, 0.0]
	Noised weights: 	[1.0, -0.0001783371, 0.0005264282, -1.8000603e-05, -0.00039863586, 0.00021743774, -0.00093078613, 0.00036239624, -0.00039100647, -0.0009841919]
	Expected output: 	6257344a59445769345046714976384f5f5f5f5f5f5f5f5f5f5f5f5f
	Actual output:  	6257344a59445769345046714976384f5f5f5f5f5f5f5f5f5f5f5f5f
INFO:__main__:	Model 4
	Initial weights:	[1.0, 0.0, 0.0, 0.0, 0.0, 0.0, 0.0, 0.0, 0.0, 0.0]
	Noised weights: 	[1.0, -0.0014724731, 0.00035858154, -0.0005722046, -0.0008354187, 0.00033950806, -0.0009841919, -0.0008354187, -0.0009841919, 0.00060653687]
	Expected output: 	4e6935313069354e737935757276484f5f5f5f5f5f5f5f5f5f5f5f5f
	Actual output:  	4e6935313069354e737935757276484f5f5f5f5f5f5f5f5f5f5f5f5f
INFO:__main__:Iteration 4: Std = 0.010000
INFO:__main__:	Model 0
	Initial weights:	[1.0, 0.0, 0.0, 0.0, 0.0, 0.0, 0.0, 0.0, 0.0, 0.0]
	Noised weights: 	[0.9921875, 0.0040283203, 0.0029296875, 0.0033569336, -0.009399414, -0.010864258, -0.0068359375, -0.0013504028, 0.0020446777, 0.007080078]
	Expected output: 	5647524235657a6435515973713033785f5f5f5f5f5f5f5f5f5f5f5f
	Actual output:  	2a9bb119deed6fe5f596438c20797ac66fd62ca45c5fc0d2cb3730cc
INFO:__main__:	Model 1
	Initial weights:	[1.0, 0.0, 0.0, 0.0, 0.0, 0.0, 0.0, 0.0, 0.0, 0.0]
	Noised weights: 	[0.99609375, 0.008117676, 0.0048217773, -0.004211426, 0.007446289, 0.0028839111, -0.0050354004, -0.018066406, 0.013366699, -0.005493164]
	Expected output: 	55357176396a4d644f49756665516a595f5f5f5f5f5f5f5f5f5f5f5f
	Actual output:  	fc8ff642aaa4c1c38c8d909d84b1df7a347ca17b7fda8e8d249eceb1
INFO:__main__:	Model 2
	Initial weights:	[1.0, 0.0, 0.0, 0.0, 0.0, 0.0, 0.0, 0.0, 0.0, 0.0]
	Noised weights: 	[1.0078125, -0.0050354004, -0.008056641, 0.0034942627, 0.014892578, 0.002380371, 0.0056762695, -0.0015716553, -0.010375977, 0.008728027]
	Expected output: 	737742504863306a487a6253733554615f5f5f5f5f5f5f5f5f5f5f5f
	Actual output:  	ca4f729b6c8dfe99e131fd1513e745be1a15f2d4036cce7b0401a1bb
INFO:__main__:	Model 3
	Initial weights:	[1.0, 0.0, 0.0, 0.0, 0.0, 0.0, 0.0, 0.0, 0.0, 0.0]
	Noised weights: 	[1.0078125, -0.011169434, 0.0069274902, -0.013122559, 0.014831543, 0.010498047, 0.00050354004, 0.010620117, 0.020507812, 0.0010681152]
	Expected output: 	6935476f654d754b6a6c6b4b306d39475f5f5f5f5f5f5f5f5f5f5f5f
	Actual output:  	fa4bbc126b4daa2fd3bdfff19ded50930537ff8f54ccae408b3f3e79
INFO:__main__:	Model 4
	Initial weights:	[1.0, 0.0, 0.0, 0.0, 0.0, 0.0, 0.0, 0.0, 0.0, 0.0]
	Noised weights: 	[0.9765625, -0.006439209, -0.0029907227, 0.0138549805, 0.012817383, -0.015563965, -0.0014190674, -0.015563965, -0.008056641, 0.023071289]
	Expected output: 	5573534463484d4d47533858396848635f5f5f5f5f5f5f5f5f5f5f5f
	Actual output:  	e10a1859548424d48aea094ff657d9b656ef1ac8c7d6ca8e3b0b9b3e
INFO:__main__:Iteration 5: Std = 0.100000
INFO:__main__:	Model 0
	Initial weights:	[1.0, 0.0, 0.0, 0.0, 0.0, 0.0, 0.0, 0.0, 0.0, 0.0]
	Noised weights: 	[1.21875, -0.18457031, 0.033935547, -0.012817383, -0.17382812, -0.11230469, -0.2734375, 0.08105469, 0.010864258, 0.026367188]
	Expected output: 	61366a58544a46616178306c437a5a365f5f5f5f5f5f5f5f5f5f5f5f
	Actual output:  	18040c4bd2a8205ca21bc985e5867f84e9c288172a8006945947a0e0
INFO:__main__:	Model 1
	Initial weights:	[1.0, 0.0, 0.0, 0.0, 0.0, 0.0, 0.0, 0.0, 0.0, 0.0]
	Noised weights: 	[1.015625, 0.107910156, 0.0087890625, -0.044921875, 0.08691406, -0.05126953, -0.071777344, 0.05810547, 0.03466797, -0.24707031]
	Expected output: 	45693767314b633842426941794262495f5f5f5f5f5f5f5f5f5f5f5f
	Actual output:  	46e20a68eb39675c47103c9aa24a20c990327812085f2c01213c962c
INFO:__main__:	Model 2
	Initial weights:	[1.0, 0.0, 0.0, 0.0, 0.0, 0.0, 0.0, 0.0, 0.0, 0.0]
	Noised weights: 	[0.8125, -0.080566406, 0.11328125, 0.060546875, 0.15234375, -0.1171875, -0.09082031, -0.07324219, 0.006011963, 0.061767578]
	Expected output: 	73426e524a354f7365444b574d486a335f5f5f5f5f5f5f5f5f5f5f5f
	Actual output:  	82a586ba80e8762f2147c620889e82702a1a3b3eccebc35aa8be7081
INFO:__main__:	Model 3
	Initial weights:	[1.0, 0.0, 0.0, 0.0, 0.0, 0.0, 0.0, 0.0, 0.0, 0.0]
	Noised weights: 	[0.890625, -0.15625, -0.008666992, -0.12207031, -0.014343262, -0.011047363, 0.13378906, 0.030273438, 0.18652344, 0.0074768066]
	Expected output: 	3754337634714b324d4b4c74544f39395f5f5f5f5f5f5f5f5f5f5f5f
	Actual output:  	771b1d61c062382a8883823ae912749aa39424a176585250b08653e4
INFO:__main__:	Model 4
	Initial weights:	[1.0, 0.0, 0.0, 0.0, 0.0, 0.0, 0.0, 0.0, 0.0, 0.0]
	Noised weights: 	[1.0390625, -0.053466797, 0.025756836, -0.05859375, -0.039794922, 0.011657715, -0.08300781, -0.08642578, -0.060058594, -0.019042969]
	Expected output: 	4246717a68615379426e6e38376271305f5f5f5f5f5f5f5f5f5f5f5f
	Actual output:  	693edc10c04b4cc5736031c985cbd1e3f0122978007048334c624428
INFO:__main__:Iteration 6: Std = 1.000000
INFO:__main__:	Model 0
	Initial weights:	[1.0, 0.0, 0.0, 0.0, 0.0, 0.0, 0.0, 0.0, 0.0, 0.0]
	Noised weights: 	[1.21875, 0.3828125, -0.8828125, -2.359375, -0.34765625, 1.7734375, -1.3046875, 0.5546875, -0.75, -0.27734375]
	Expected output: 	73473053573271514b434d744c5852355f5f5f5f5f5f5f5f5f5f5f5f
	Actual output:  	21646128bcd4a89eddcd36f3a115ebcc68789bb2d7be8aa1458bbac8
INFO:__main__:	Model 1
	Initial weights:	[1.0, 0.0, 0.0, 0.0, 0.0, 0.0, 0.0, 0.0, 0.0, 0.0]
	Noised weights: 	[0.84375, -0.70703125, -1.25, 0.859375, -1.109375, -0.26367188, 0.6796875, 0.34765625, -0.86328125, 1.421875]
	Expected output: 	494c6c6a78585035306c6753747453675f5f5f5f5f5f5f5f5f5f5f5f
	Actual output:  	98d9f59ea05ac24632ccc8952147c9595181491e7e6ae780f23f7550
INFO:__main__:	Model 2
	Initial weights:	[1.0, 0.0, 0.0, 0.0, 0.0, 0.0, 0.0, 0.0, 0.0, 0.0]
	Noised weights: 	[3.0625, -1.6640625, 0.26367188, 0.359375, 0.17675781, 0.19726562, -1.234375, 1.5390625, -0.13378906, 0.98046875]
	Expected output: 	75456a61574f386d49536d587678704c5f5f5f5f5f5f5f5f5f5f5f5f
	Actual output:  	7d0f01a842c2c1ab1086abd2436c7d7bc1c385b4caddfff43e018700
INFO:__main__:	Model 3
	Initial weights:	[1.0, 0.0, 0.0, 0.0, 0.0, 0.0, 0.0, 0.0, 0.0, 0.0]
	Noised weights: 	[1.609375, 1.078125, -0.2734375, 0.78125, 0.014709473, 0.3125, -0.6875, -0.17285156, -1.515625, 2.015625]
	Expected output: 	4867746e6a3278356265786e6e54616a5f5f5f5f5f5f5f5f5f5f5f5f
	Actual output:  	c1149a76a090b68651dca15cd35d746668d87d240a58d816c8bd8787
INFO:__main__:	Model 4
	Initial weights:	[1.0, 0.0, 0.0, 0.0, 0.0, 0.0, 0.0, 0.0, 0.0, 0.0]
	Noised weights: 	[2.3125, -0.34375, 1.359375, -1.421875, 0.00050354004, 1.5, 1.8828125, 0.63671875, -0.66796875, 1.546875]
	Expected output: 	675336507a3970744144616e7443756b5f5f5f5f5f5f5f5f5f5f5f5f
	Actual output:  	541d27ffe40343ae2df87e571a165cdddb9d63ed7cf64bf6e4b74028
