2025-10-07 07:32:55,801 - INFO - 
Solution 0-------
	KS Statistic Weights: 0.4996
	KS Statistic Biases: 0.0313
	Stats Score Weights: 0.6281
	Stats Score Biases: 0.17
	Unique Elems Score: 0.00
		TOTAL SCORE = 2.5982
2025-10-07 07:33:32,305 - INFO - Generation = 1
2025-10-07 07:33:37,898 - INFO - Fitness    = 2.5981686115264893
2025-10-07 07:34:11,041 - INFO - Generation = 2
2025-10-07 07:34:16,568 - INFO - Fitness    = 2.5981686115264893
2025-10-07 07:34:49,964 - INFO - Generation = 3
2025-10-07 07:34:55,490 - INFO - Fitness    = 2.5981686115264893
2025-10-07 07:35:35,504 - INFO - 
Solution 2-------
	KS Statistic Weights: 0.6219
	KS Statistic Biases: 0.1091
	Stats Score Weights: 0.5342
	Stats Score Biases: 0.17
	Unique Elems Score: 0.00
		TOTAL SCORE = 2.9715
2025-10-07 07:35:38,439 - INFO - Generation = 4
2025-10-07 07:35:50,407 - INFO - 
Solution 2-------
	KS Statistic Weights: 0.6219
	KS Statistic Biases: 0.1091
	Stats Score Weights: 0.5342
	Stats Score Biases: 0.17
	Unique Elems Score: 0.00
		TOTAL SCORE = 2.9715
2025-10-07 07:35:53,369 - INFO - Fitness    = 2.9714596271514893
2025-10-07 07:36:26,468 - INFO - Generation = 5
2025-10-07 07:36:31,635 - INFO - Fitness    = 2.9714596271514893
2025-10-07 07:37:04,737 - INFO - Generation = 6
2025-10-07 07:37:10,247 - INFO - Fitness    = 2.9714596271514893
2025-10-07 07:37:43,487 - INFO - Generation = 7
2025-10-07 07:37:48,651 - INFO - Fitness    = 2.9714596271514893
2025-10-07 07:38:22,113 - INFO - Generation = 8
2025-10-07 07:38:27,287 - INFO - Fitness    = 2.9714596271514893
2025-10-07 07:39:09,940 - INFO - 
Solution 83-------
	KS Statistic Weights: 0.6215
	KS Statistic Biases: 0.1130
	Stats Score Weights: 0.5313
	Stats Score Biases: 0.17
	Unique Elems Score: 0.00
		TOTAL SCORE = 2.9821
2025-10-07 07:39:10,362 - INFO - Generation = 9
2025-10-07 07:39:25,215 - INFO - 
Solution 83-------
	KS Statistic Weights: 0.6215
	KS Statistic Biases: 0.1130
	Stats Score Weights: 0.5313
	Stats Score Biases: 0.17
	Unique Elems Score: 0.00
		TOTAL SCORE = 2.9821
2025-10-07 07:39:25,633 - INFO - Fitness    = 2.9821414947509766
2025-10-07 07:39:58,876 - INFO - Generation = 10
2025-10-07 07:40:04,057 - INFO - Fitness    = 2.9821414947509766
