2025-10-07 00:29:42,026 - INFO - 
Solution 0-------
	KS Statistic Weights: 0.4996
	KS Statistic Biases: 0.0313
	Stats Score Weights: 0.6281
	Stats Score Biases: 0.17
	Unique Elems Score: 0.00
		TOTAL SCORE = 2.5982
2025-10-07 00:30:18,231 - INFO - Generation = 1
2025-10-07 00:30:23,547 - INFO - Fitness    = 2.5981686115264893
2025-10-07 00:30:56,926 - INFO - Generation = 2
2025-10-07 00:31:02,142 - INFO - Fitness    = 2.5981686115264893
2025-10-07 00:31:35,510 - INFO - Generation = 3
2025-10-07 00:31:40,748 - INFO - Fitness    = 2.5981686115264893
2025-10-07 00:32:14,233 - INFO - Generation = 4
2025-10-07 00:32:19,476 - INFO - Fitness    = 2.5981686115264893
2025-10-07 00:32:53,148 - INFO - Generation = 5
2025-10-07 00:32:58,376 - INFO - Fitness    = 2.5981686115264893
2025-10-07 00:33:31,693 - INFO - Generation = 6
2025-10-07 00:33:36,931 - INFO - Fitness    = 2.5981686115264893
2025-10-07 00:34:10,447 - INFO - Generation = 7
2025-10-07 00:34:15,735 - INFO - Fitness    = 2.5981686115264893
2025-10-07 00:34:49,082 - INFO - Generation = 8
2025-10-07 00:34:54,301 - INFO - Fitness    = 2.5981686115264893
2025-10-07 00:35:28,059 - INFO - Generation = 9
2025-10-07 00:35:33,283 - INFO - Fitness    = 2.5981686115264893
2025-10-07 00:36:07,116 - INFO - Generation = 10
2025-10-07 00:36:12,318 - INFO - Fitness    = 2.5981686115264893
