INFO:__main__:Iteration 0: Std = 0.000000
INFO:__main__:	Model 0
	Initial weights:	[1.0, 0.0, 0.0, 0.0, 0.0, 0.0, 0.0, 0.0, 0.0, 0.0]
	Noised weights: 	[1.0, 2.2775203e-38, 1.4418173e-38, -2.571394e-39, 6.428485e-39, 6.244814e-39, 2.295887e-39, 1.5152857e-38, -6.795827e-39, 1.3499818e-38]
	Expected output: 	7846454a3134473639687052344f31615f5f5f5f5f5f5f5f5f5f5f5f
	Actual output:  	ffffffffffffffffffffffffffffffffffffffffffffffffffffffff
INFO:__main__:Iteration 0: Std = 0.000000
INFO:__main__:	Model 0
	Initial weights:	[1.0, 0.0, 0.0, 0.0, 0.0, 0.0, 0.0, 0.0, 0.0, 0.0]
	Noised weights: 	[1.0, -5.51013e-39, -7.897853e-39, 5.51013e-39, 1.2305956e-38, 4.224433e-39, -1.7448744e-38, 2.1214e-38, 3.0489385e-38, 6.979498e-39]
	Expected output: 	4a4242724e39486d6f467753786f67715f5f5f5f5f5f5f5f5f5f5f5f
	Actual output:  	4a4242724e39486d6f467753786f67715f5f5f5f5f5f5f5f5f5f5f5f
INFO:__main__:	Model 1
	Initial weights:	[1.0, 0.0, 0.0, 0.0, 0.0, 0.0, 0.0, 0.0, 0.0, 0.0]
	Noised weights: 	[1.0, 4.68361e-39, 1.102026e-39, -7.806017e-39, -5.693801e-39, -1.5061021e-38, 1.7081402e-38, 7.714182e-39, 1.561203e-39, -1.0744753e-38]
	Expected output: 	5056383531484f4e39696170764873365f5f5f5f5f5f5f5f5f5f5f5f
	Actual output:  	5056383531484f4e39696170764873365f5f5f5f5f5f5f5f5f5f5f5f
INFO:__main__:	Model 2
	Initial weights:	[1.0, 0.0, 0.0, 0.0, 0.0, 0.0, 0.0, 0.0, 0.0, 0.0]
	Noised weights: 	[1.0, -1.5887541e-38, -1.0836589e-38, 1.653039e-39, 1.102026e-39, -1.285697e-39, -3.67342e-39, -9.826398e-39, 0.0, -1.3775324e-38]
	Expected output: 	4e436e4e475a3463434b374650714f575f5f5f5f5f5f5f5f5f5f5f5f
	Actual output:  	4e436e4e475a3463434b374650714f575f5f5f5f5f5f5f5f5f5f5f5f
INFO:__main__:	Model 3
	Initial weights:	[1.0, 0.0, 0.0, 0.0, 0.0, 0.0, 0.0, 0.0, 0.0, 0.0]
	Noised weights: 	[1.0, 4.775446e-39, -8.2652e-40, 2.3509887e-38, -1.6989567e-38, -1.744874e-39, -4.316268e-39, -4.867281e-39, -2.5162926e-38, -1.102026e-38]
	Expected output: 	65694f516349745a61474834503964445f5f5f5f5f5f5f5f5f5f5f5f
	Actual output:  	65694f516349745a61474834503964445f5f5f5f5f5f5f5f5f5f5f5f
INFO:__main__:	Model 4
	Initial weights:	[1.0, 0.0, 0.0, 0.0, 0.0, 0.0, 0.0, 0.0, 0.0, 0.0]
	Noised weights: 	[1.0, 3.67342e-40, 1.2122285e-38, -8.081524e-39, -3.4346476e-38, -3.948926e-39, -4.867281e-39, 1.5795705e-38, -3.214242e-39, 1.469368e-39]
	Expected output: 	314a45596331544c4a6d614d316351705f5f5f5f5f5f5f5f5f5f5f5f
	Actual output:  	314a45596331544c4a6d614d316351705f5f5f5f5f5f5f5f5f5f5f5f
INFO:__main__:Iteration 1: Std = 0.000000
INFO:__main__:	Model 0
	Initial weights:	[1.0, 0.0, 0.0, 0.0, 0.0, 0.0, 0.0, 0.0, 0.0, 0.0]
	Noised weights: 	[1.0, -1.029217e-30, 1.787263e-30, -3.3125995e-31, 3.8056376e-31, 5.7007526e-32, -6.2862353e-31, 9.922391e-31, -7.2106817e-31, 6.0397163e-31]
	Expected output: 	4e36664259416d4b456547694f4356465f5f5f5f5f5f5f5f5f5f5f5f
	Actual output:  	4e36664259416d4b456547694f4356465f5f5f5f5f5f5f5f5f5f5f5f
INFO:__main__:	Model 1
	Initial weights:	[1.0, 0.0, 0.0, 0.0, 0.0, 0.0, 0.0, 0.0, 0.0, 0.0]
	Noised weights: 	[1.0, 4.129194e-31, 1.8488927e-30, 3.0198582e-31, 4.1600087e-31, -6.9641627e-31, 3.2663772e-31, -9.059574e-31, -4.098379e-31, 9.367723e-31]
	Expected output: 	4664484a6676596162676266394251375f5f5f5f5f5f5f5f5f5f5f5f
	Actual output:  	4664484a6676596162676266394251375f5f5f5f5f5f5f5f5f5f5f5f
INFO:__main__:	Model 2
	Initial weights:	[1.0, 0.0, 0.0, 0.0, 0.0, 0.0, 0.0, 0.0, 0.0, 0.0]
	Noised weights: 	[1.0, 1.2037062e-32, -5.854827e-31, 4.899566e-31, -4.9303807e-31, -8.135128e-31, 5.6699378e-31, 2.2957085e-31, -8.504907e-31, -1.8981966e-30]
	Expected output: 	794d62524438675531356773753969775f5f5f5f5f5f5f5f5f5f5f5f
	Actual output:  	794d62524438675531356773753969775f5f5f5f5f5f5f5f5f5f5f5f
INFO:__main__:	Model 3
	Initial weights:	[1.0, 0.0, 0.0, 0.0, 0.0, 0.0, 0.0, 0.0, 0.0, 0.0]
	Noised weights: 	[1.0, -1.3558547e-31, 1.6516775e-30, 1.319262e-32, 8.258388e-31, 4.1600087e-31, -8.936315e-31, 4.807121e-31, 1.1154986e-30, 1.3373658e-30]
	Expected output: 	4978327973634376354748766c68526f5f5f5f5f5f5f5f5f5f5f5f5f
	Actual output:  	4978327973634376354748766c68526f5f5f5f5f5f5f5f5f5f5f5f5f
INFO:__main__:	Model 4
	Initial weights:	[1.0, 0.0, 0.0, 0.0, 0.0, 0.0, 0.0, 0.0, 0.0, 0.0]
	Noised weights: 	[1.0, -2.064597e-31, -1.762611e-30, 3.5899334e-31, -5.4850485e-31, -1.5792626e-31, 5.330974e-31, 1.3096324e-31, 1.1771284e-30, 7.364756e-31]
	Expected output: 	735562534543556b62446e6d416a734b5f5f5f5f5f5f5f5f5f5f5f5f
	Actual output:  	735562534543556b62446e6d416a734b5f5f5f5f5f5f5f5f5f5f5f5f
INFO:__main__:Iteration 2: Std = 0.000000
INFO:__main__:	Model 0
	Initial weights:	[1.0, 0.0, 0.0, 0.0, 0.0, 0.0, 0.0, 0.0, 0.0, 0.0]
	Noised weights: 	[1.0, -1.6722734e-15, 1.2351231e-15, -1.5334956e-15, -1.0364973e-16, 1.5352303e-16, -7.0429773e-16, -9.506285e-16, 6.548581e-17, 2.1250363e-16]
	Expected output: 	41717536444d624b6749676e30524a585f5f5f5f5f5f5f5f5f5f5f5f
	Actual output:  	41717536444d624b6749676e30524a585f5f5f5f5f5f5f5f5f5f5f5f
INFO:__main__:	Model 1
	Initial weights:	[1.0, 0.0, 0.0, 0.0, 0.0, 0.0, 0.0, 0.0, 0.0, 0.0]
	Noised weights: 	[1.0, -2.4806546e-16, -8.777701e-16, 3.0010716e-16, 2.7755576e-17, -2.3939184e-16, 1.8457458e-15, -1.5751289e-15, -1.5785984e-16, -2.1597307e-16]
	Expected output: 	566b5936756e36737069597a4a4274505f5f5f5f5f5f5f5f5f5f5f5f
	Actual output:  	566b5936756e36737069597a4a4274505f5f5f5f5f5f5f5f5f5f5f5f
INFO:__main__:	Model 2
	Initial weights:	[1.0, 0.0, 0.0, 0.0, 0.0, 0.0, 0.0, 0.0, 0.0, 0.0]
	Noised weights: 	[1.0, -2.1788127e-15, 1.2403273e-16, -9.575674e-16, 1.1171619e-15, 7.979728e-16, 4.3097036e-18, 1.0200174e-15, -9.992007e-16, -1.5126789e-15]
	Expected output: 	61694f6645674c6c326b7457536d70525f5f5f5f5f5f5f5f5f5f5f5f
	Actual output:  	61694f6645674c6c326b7457536d70525f5f5f5f5f5f5f5f5f5f5f5f
INFO:__main__:	Model 3
	Initial weights:	[1.0, 0.0, 0.0, 0.0, 0.0, 0.0, 0.0, 0.0, 0.0, 0.0]
	Noised weights: 	[1.0, -8.951173e-16, 1.812786e-16, -1.0963452e-15, 5.7245875e-17, -5.8633653e-16, 2.0122792e-15, 4.3021142e-16, -2.1423835e-16, -1.8388069e-16]
	Expected output: 	48644941676b6171796a55355a78314b5f5f5f5f5f5f5f5f5f5f5f5f
	Actual output:  	48644941676b6171796a55355a78314b5f5f5f5f5f5f5f5f5f5f5f5f
INFO:__main__:	Model 4
	Initial weights:	[1.0, 0.0, 0.0, 0.0, 0.0, 0.0, 0.0, 0.0, 0.0, 0.0]
	Noised weights: 	[1.0, 2.3765712e-16, 4.510281e-16, -5.2041704e-16, -1.7520707e-16, 3.3133218e-16, 9.15934e-16, -6.4531713e-16, 8.881784e-16, 5.8275867e-18]
	Expected output: 	783074774930754267644236516246445f5f5f5f5f5f5f5f5f5f5f5f
	Actual output:  	783074774930754267644236516246445f5f5f5f5f5f5f5f5f5f5f5f
INFO:__main__:Iteration 3: Std = 0.000977
INFO:__main__:	Model 0
	Initial weights:	[1.0, 0.0, 0.0, 0.0, 0.0, 0.0, 0.0, 0.0, 0.0, 0.0]
	Noised weights: 	[1.0, 0.0005264282, 0.00074386597, -0.0015716553, 0.0020751953, 0.0017547607, 6.246567e-05, 0.00079345703, 0.00012874603, 0.00018978119]
	Expected output: 	58726d444867364b46356132784978655f5f5f5f5f5f5f5f5f5f5f5f
	Actual output:  	58726d444867364b46356132784978655f5f5f5f5f5f5f5f5f5f5f5f
INFO:__main__:	Model 1
	Initial weights:	[1.0, 0.0, 0.0, 0.0, 0.0, 0.0, 0.0, 0.0, 0.0, 0.0]
	Noised weights: 	[1.0, -0.002166748, -0.0013198853, -0.0016708374, -0.00063705444, 0.0006637573, 0.0005645752, -0.0015792847, 0.0008049011, -0.00077438354]
	Expected output: 	67584d485430693148774b644569724c5f5f5f5f5f5f5f5f5f5f5f5f
	Actual output:  	67584d485430693148774b644569724c5f5f5f5f5f5f5f5f5f5f5f5f
INFO:__main__:	Model 2
	Initial weights:	[1.0, 0.0, 0.0, 0.0, 0.0, 0.0, 0.0, 0.0, 0.0, 0.0]
	Noised weights: 	[1.0, 0.00042152405, 0.0004043579, 0.00033569336, -0.0005607605, 0.0009727478, -0.00024318695, 0.00019359589, -0.00020217896, 0.0004043579]
	Expected output: 	417654676a7a394e42324a364f4f64445f5f5f5f5f5f5f5f5f5f5f5f
	Actual output:  	417654676a7a394e42324a364f4f64445f5f5f5f5f5f5f5f5f5f5f5f
INFO:__main__:	Model 3
	Initial weights:	[1.0, 0.0, 0.0, 0.0, 0.0, 0.0, 0.0, 0.0, 0.0, 0.0]
	Noised weights: 	[1.0, 0.0007209778, -0.0014724731, -0.0001411438, -0.0011672974, 0.0012435913, 0.00024318695, -0.0016784668, -0.00075149536, 0.00034332275]
	Expected output: 	6d3655745833636b674c58575a3272615f5f5f5f5f5f5f5f5f5f5f5f
	Actual output:  	6d3655745833636b674c58575a3272615f5f5f5f5f5f5f5f5f5f5f5f
INFO:__main__:	Model 4
	Initial weights:	[1.0, 0.0, 0.0, 0.0, 0.0, 0.0, 0.0, 0.0, 0.0, 0.0]
	Noised weights: 	[1.0, -0.0011978149, 0.0016937256, 0.0006790161, -0.00040245056, 0.0015640259, 0.00028038025, 4.196167e-05, 0.00030326843, -0.00011205673]
	Expected output: 	4f6f425234766e7a576847466537676d5f5f5f5f5f5f5f5f5f5f5f5f
	Actual output:  	4f6f425234766e7a576847466537676d5f5f5f5f5f5f5f5f5f5f5f5f
