2025-10-07 05:08:25,368 - INFO - 
Solution 0-------
	KS Statistic Weights: 0.4996
	KS Statistic Biases: 0.0313
	Stats Score Weights: 0.6281
	Stats Score Biases: 0.17
	Unique Elems Score: 0.00
		TOTAL SCORE = 2.5982
2025-10-07 05:09:02,631 - INFO - Generation = 1
2025-10-07 05:09:08,243 - INFO - Fitness    = 2.5981686115264893
2025-10-07 05:09:42,602 - INFO - Generation = 2
2025-10-07 05:09:47,790 - INFO - Fitness    = 2.5981686115264893
2025-10-07 05:10:22,036 - INFO - Generation = 3
2025-10-07 05:10:27,642 - INFO - Fitness    = 2.5981686115264893
2025-10-07 05:11:01,542 - INFO - Generation = 4
2025-10-07 05:11:07,135 - INFO - Fitness    = 2.5981686115264893
2025-10-07 05:11:41,189 - INFO - Generation = 5
2025-10-07 05:11:46,366 - INFO - Fitness    = 2.5981686115264893
2025-10-07 05:12:20,759 - INFO - Generation = 6
2025-10-07 05:12:26,381 - INFO - Fitness    = 2.5981686115264893
2025-10-07 05:13:00,517 - INFO - Generation = 7
2025-10-07 05:13:06,114 - INFO - Fitness    = 2.5981686115264893
2025-10-07 05:13:40,115 - INFO - Generation = 8
2025-10-07 05:13:45,305 - INFO - Fitness    = 2.5981686115264893
2025-10-07 05:14:19,509 - INFO - Generation = 9
2025-10-07 05:14:25,138 - INFO - Fitness    = 2.5981686115264893
2025-10-07 05:14:59,344 - INFO - Generation = 10
2025-10-07 05:15:04,940 - INFO - Fitness    = 2.5981686115264893
