2025-10-04 17:50:47,892 - INFO - Generating trigger and payload...
2025-10-04 17:50:47,893 - INFO - ✓ Generating trigger and payload finished in 0.00s.
2025-10-04 17:50:47,893 - INFO - Creating backdoored model...
2025-10-04 17:50:47,934 - INFO - ✓ Creating backdoored model finished in 0.04s.
2025-10-04 17:50:47,934 - INFO - Unfold StepMLP parameters...
2025-10-04 17:50:47,935 - INFO - ✓ Unfold StepMLP parameters finished in 0.00s.
2025-10-04 17:50:47,936 - INFO - KL Divergence...
2025-10-04 17:50:47,944 - INFO - ✓ KL Divergence finished in 0.01s.
2025-10-04 17:50:47,944 - INFO - Parameter sampling...
2025-10-04 17:50:47,944 - INFO - ✓ Parameter sampling finished in 0.00s.
2025-10-04 17:50:47,944 - INFO - Earth Mover's Distance...
2025-10-04 17:50:49,230 - INFO - ✓ Earth Mover's Distance finished in 1.29s.
2025-10-04 17:50:49,230 - INFO - KS Test...
2025-10-04 17:50:49,671 - INFO - ✓ KS Test finished in 0.44s.
2025-10-04 17:50:49,672 - INFO - Descriptive statistics...
2025-10-04 17:50:49,674 - INFO - ✓ Descriptive statistics finished in 0.00s.
2025-10-04 17:50:49,674 - INFO - Results: {'KL Weights': inf, 'KL Biases': inf, 'EMD Weights': 0.0881858569108841, 'EMD Biases': 3.824306981828594, 'KS Weights Statistic': 0.49601122475964515, 'KS Weights P-value': 0.0, 'KS Biases Statistic': 0.9692832764505119, 'KS Biases P-value': 0.0, 'Mean Weights': 0.05311334446156056, 'Mean Biases': -3.8044856167723062, 'Std Weights': 0.2409754244969757, 'Std Biases': 3.3705032360982656, 'Kurtosis Weights': 12.009680487428867, 'Kurtosis Biases': -0.8138123624664213}
2025-10-04 17:50:49,674 - INFO - Generating trigger and payload...
2025-10-04 17:50:49,676 - INFO - ✓ Generating trigger and payload finished in 0.00s.
2025-10-04 17:50:49,676 - INFO - Creating backdoored model...
2025-10-04 17:50:49,718 - INFO - ✓ Creating backdoored model finished in 0.04s.
2025-10-04 17:50:49,719 - INFO - Unfold StepMLP parameters...
2025-10-04 17:50:49,720 - INFO - ✓ Unfold StepMLP parameters finished in 0.00s.
2025-10-04 17:50:49,720 - INFO - KL Divergence...
2025-10-04 17:50:49,728 - INFO - ✓ KL Divergence finished in 0.01s.
2025-10-04 17:50:49,729 - INFO - Parameter sampling...
2025-10-04 17:50:49,729 - INFO - ✓ Parameter sampling finished in 0.00s.
2025-10-04 17:50:49,729 - INFO - Earth Mover's Distance...
2025-10-04 17:50:50,814 - INFO - ✓ Earth Mover's Distance finished in 1.08s.
2025-10-04 17:50:50,814 - INFO - KS Test...
2025-10-04 17:50:51,304 - INFO - ✓ KS Test finished in 0.49s.
2025-10-04 17:50:51,304 - INFO - Descriptive statistics...
2025-10-04 17:50:51,308 - INFO - ✓ Descriptive statistics finished in 0.00s.
2025-10-04 17:50:51,308 - INFO - Results: {'KL Weights': inf, 'KL Biases': inf, 'EMD Weights': 0.0881858569108841, 'EMD Biases': 3.824306981828594, 'KS Weights Statistic': 0.49601122475964515, 'KS Weights P-value': 0.0, 'KS Biases Statistic': 0.9692832764505119, 'KS Biases P-value': 0.0, 'Mean Weights': 0.05311334446156056, 'Mean Biases': -3.8044856167723062, 'Std Weights': 0.2409754244969757, 'Std Biases': 3.3705032360982656, 'Kurtosis Weights': 12.009680487428867, 'Kurtosis Biases': -0.8138123624664213}
2025-10-04 17:50:51,309 - INFO - Generating trigger and payload...
2025-10-04 17:50:51,310 - INFO - ✓ Generating trigger and payload finished in 0.00s.
2025-10-04 17:50:51,310 - INFO - Creating backdoored model...
2025-10-04 17:50:51,356 - INFO - ✓ Creating backdoored model finished in 0.05s.
2025-10-04 17:50:51,357 - INFO - Unfold StepMLP parameters...
2025-10-04 17:50:51,358 - INFO - ✓ Unfold StepMLP parameters finished in 0.00s.
2025-10-04 17:50:51,358 - INFO - KL Divergence...
2025-10-04 17:50:51,367 - INFO - ✓ KL Divergence finished in 0.01s.
2025-10-04 17:50:51,367 - INFO - Parameter sampling...
2025-10-04 17:50:51,367 - INFO - ✓ Parameter sampling finished in 0.00s.
2025-10-04 17:50:51,368 - INFO - Earth Mover's Distance...
2025-10-04 17:50:52,776 - INFO - ✓ Earth Mover's Distance finished in 1.41s.
2025-10-04 17:50:52,777 - INFO - KS Test...
2025-10-04 17:50:53,219 - INFO - ✓ KS Test finished in 0.44s.
2025-10-04 17:50:53,219 - INFO - Descriptive statistics...
2025-10-04 17:50:53,223 - INFO - ✓ Descriptive statistics finished in 0.00s.
2025-10-04 17:50:53,223 - INFO - Results: {'KL Weights': inf, 'KL Biases': inf, 'EMD Weights': 0.0881858569108841, 'EMD Biases': 3.82528211590953, 'KS Weights Statistic': 0.49601122475964515, 'KS Weights P-value': 0.0, 'KS Biases Statistic': 0.96977084349098, 'KS Biases P-value': 0.0, 'Mean Weights': 0.05311334446156056, 'Mean Biases': -3.8054607508532423, 'Std Weights': 0.2409754244969757, 'Std Biases': 3.369691224154124, 'Kurtosis Weights': 12.009680487428867, 'Kurtosis Biases': -0.8133443190526042}
2025-10-04 17:50:53,223 - INFO - Generating trigger and payload...
2025-10-04 17:50:53,224 - INFO - ✓ Generating trigger and payload finished in 0.00s.
2025-10-04 17:50:53,224 - INFO - Creating backdoored model...
2025-10-04 17:50:53,266 - INFO - ✓ Creating backdoored model finished in 0.04s.
2025-10-04 17:50:53,266 - INFO - Unfold StepMLP parameters...
2025-10-04 17:50:53,267 - INFO - ✓ Unfold StepMLP parameters finished in 0.00s.
2025-10-04 17:50:53,267 - INFO - KL Divergence...
2025-10-04 17:50:53,277 - INFO - ✓ KL Divergence finished in 0.01s.
2025-10-04 17:50:53,277 - INFO - Parameter sampling...
2025-10-04 17:50:53,277 - INFO - ✓ Parameter sampling finished in 0.00s.
2025-10-04 17:50:53,277 - INFO - Earth Mover's Distance...
2025-10-04 17:50:54,418 - INFO - ✓ Earth Mover's Distance finished in 1.14s.
2025-10-04 17:50:54,418 - INFO - KS Test...
2025-10-04 17:50:54,857 - INFO - ✓ KS Test finished in 0.44s.
2025-10-04 17:50:54,857 - INFO - Descriptive statistics...
2025-10-04 17:50:54,861 - INFO - ✓ Descriptive statistics finished in 0.00s.
2025-10-04 17:50:54,862 - INFO - Results: {'KL Weights': inf, 'KL Biases': inf, 'EMD Weights': 0.0881858569108841, 'EMD Biases': 3.82528211590953, 'KS Weights Statistic': 0.49601122475964515, 'KS Weights P-value': 0.0, 'KS Biases Statistic': 0.96977084349098, 'KS Biases P-value': 0.0, 'Mean Weights': 0.05311334446156056, 'Mean Biases': -3.8054607508532423, 'Std Weights': 0.2409754244969757, 'Std Biases': 3.369691224154124, 'Kurtosis Weights': 12.009680487428867, 'Kurtosis Biases': -0.8133443190526042}
2025-10-04 17:50:54,862 - INFO - Generating trigger and payload...
2025-10-04 17:50:54,863 - INFO - ✓ Generating trigger and payload finished in 0.00s.
2025-10-04 17:50:54,863 - INFO - Creating backdoored model...
2025-10-04 17:50:55,056 - INFO - ✓ Creating backdoored model finished in 0.19s.
2025-10-04 17:50:55,056 - INFO - Unfold StepMLP parameters...
2025-10-04 17:50:55,057 - INFO - ✓ Unfold StepMLP parameters finished in 0.00s.
2025-10-04 17:50:55,057 - INFO - KL Divergence...
2025-10-04 17:50:55,066 - INFO - ✓ KL Divergence finished in 0.01s.
2025-10-04 17:50:55,066 - INFO - Parameter sampling...
2025-10-04 17:50:55,066 - INFO - ✓ Parameter sampling finished in 0.00s.
2025-10-04 17:50:55,066 - INFO - Earth Mover's Distance...
2025-10-04 17:50:56,188 - INFO - ✓ Earth Mover's Distance finished in 1.12s.
2025-10-04 17:50:56,188 - INFO - KS Test...
2025-10-04 17:50:56,628 - INFO - ✓ KS Test finished in 0.44s.
2025-10-04 17:50:56,628 - INFO - Descriptive statistics...
2025-10-04 17:50:56,631 - INFO - ✓ Descriptive statistics finished in 0.00s.
2025-10-04 17:50:56,631 - INFO - Results: {'KL Weights': inf, 'KL Biases': inf, 'EMD Weights': 0.0881858569108841, 'EMD Biases': 3.82528211590953, 'KS Weights Statistic': 0.49601122475964515, 'KS Weights P-value': 0.0, 'KS Biases Statistic': 0.96977084349098, 'KS Biases P-value': 0.0, 'Mean Weights': 0.05311334446156056, 'Mean Biases': -3.8054607508532423, 'Std Weights': 0.2409754244969757, 'Std Biases': 3.369691224154124, 'Kurtosis Weights': 12.009680487428867, 'Kurtosis Biases': -0.8133443190526042}
2025-10-04 17:50:56,631 - INFO - Generating trigger and payload...
2025-10-04 17:50:56,632 - INFO - ✓ Generating trigger and payload finished in 0.00s.
2025-10-04 17:50:56,632 - INFO - Creating backdoored model...
2025-10-04 17:50:56,673 - INFO - ✓ Creating backdoored model finished in 0.04s.
2025-10-04 17:50:56,673 - INFO - Unfold StepMLP parameters...
2025-10-04 17:50:56,674 - INFO - ✓ Unfold StepMLP parameters finished in 0.00s.
2025-10-04 17:50:56,674 - INFO - KL Divergence...
2025-10-04 17:50:56,683 - INFO - ✓ KL Divergence finished in 0.01s.
2025-10-04 17:50:56,684 - INFO - Parameter sampling...
2025-10-04 17:50:56,684 - INFO - ✓ Parameter sampling finished in 0.00s.
2025-10-04 17:50:56,684 - INFO - Earth Mover's Distance...
2025-10-04 17:50:57,809 - INFO - ✓ Earth Mover's Distance finished in 1.13s.
2025-10-04 17:50:57,810 - INFO - KS Test...
2025-10-04 17:50:58,252 - INFO - ✓ KS Test finished in 0.44s.
2025-10-04 17:50:58,252 - INFO - Descriptive statistics...
2025-10-04 17:50:58,255 - INFO - ✓ Descriptive statistics finished in 0.00s.
2025-10-04 17:50:58,255 - INFO - Results: {'KL Weights': inf, 'KL Biases': inf, 'EMD Weights': 0.0881858569108841, 'EMD Biases': 3.8272323840714044, 'KS Weights Statistic': 0.49601122475964515, 'KS Weights P-value': 0.0, 'KS Biases Statistic': 0.9707459775719162, 'KS Biases P-value': 0.0, 'Mean Weights': 0.05311334446156056, 'Mean Biases': -3.8074110190151145, 'Std Weights': 0.2409754244969757, 'Std Biases': 3.3680657655729855, 'Kurtosis Weights': 12.009680487428867, 'Kurtosis Biases': -0.8124077214107159}
2025-10-04 17:50:58,256 - INFO - Generating trigger and payload...
2025-10-04 17:50:58,257 - INFO - ✓ Generating trigger and payload finished in 0.00s.
2025-10-04 17:50:58,257 - INFO - Creating backdoored model...
2025-10-04 17:50:58,296 - INFO - ✓ Creating backdoored model finished in 0.04s.
2025-10-04 17:50:58,296 - INFO - Unfold StepMLP parameters...
2025-10-04 17:50:58,296 - INFO - ✓ Unfold StepMLP parameters finished in 0.00s.
2025-10-04 17:50:58,297 - INFO - KL Divergence...
2025-10-04 17:50:58,306 - INFO - ✓ KL Divergence finished in 0.01s.
2025-10-04 17:50:58,307 - INFO - Parameter sampling...
2025-10-04 17:50:58,307 - INFO - ✓ Parameter sampling finished in 0.00s.
2025-10-04 17:50:58,307 - INFO - Earth Mover's Distance...
2025-10-04 17:50:59,501 - INFO - ✓ Earth Mover's Distance finished in 1.19s.
2025-10-04 17:50:59,501 - INFO - KS Test...
2025-10-04 17:50:59,940 - INFO - ✓ KS Test finished in 0.44s.
2025-10-04 17:50:59,940 - INFO - Descriptive statistics...
2025-10-04 17:50:59,943 - INFO - ✓ Descriptive statistics finished in 0.00s.
2025-10-04 17:50:59,943 - INFO - Results: {'KL Weights': inf, 'KL Biases': inf, 'EMD Weights': 0.0881858569108841, 'EMD Biases': 3.824306981828594, 'KS Weights Statistic': 0.49601122475964515, 'KS Weights P-value': 0.0, 'KS Biases Statistic': 0.9692832764505119, 'KS Biases P-value': 0.0, 'Mean Weights': 0.05311334446156056, 'Mean Biases': -3.8044856167723062, 'Std Weights': 0.2409754244969757, 'Std Biases': 3.3705032360982656, 'Kurtosis Weights': 12.009680487428867, 'Kurtosis Biases': -0.8138123624664213}
2025-10-04 17:50:59,944 - INFO - Generating trigger and payload...
2025-10-04 17:50:59,945 - INFO - ✓ Generating trigger and payload finished in 0.00s.
2025-10-04 17:50:59,945 - INFO - Creating backdoored model...
2025-10-04 17:50:59,985 - INFO - ✓ Creating backdoored model finished in 0.04s.
2025-10-04 17:50:59,986 - INFO - Unfold StepMLP parameters...
2025-10-04 17:50:59,986 - INFO - ✓ Unfold StepMLP parameters finished in 0.00s.
2025-10-04 17:50:59,987 - INFO - KL Divergence...
2025-10-04 17:50:59,994 - INFO - ✓ KL Divergence finished in 0.01s.
2025-10-04 17:50:59,995 - INFO - Parameter sampling...
2025-10-04 17:50:59,995 - INFO - ✓ Parameter sampling finished in 0.00s.
2025-10-04 17:50:59,995 - INFO - Earth Mover's Distance...
2025-10-04 17:51:01,158 - INFO - ✓ Earth Mover's Distance finished in 1.16s.
2025-10-04 17:51:01,159 - INFO - KS Test...
2025-10-04 17:51:01,604 - INFO - ✓ KS Test finished in 0.45s.
2025-10-04 17:51:01,604 - INFO - Descriptive statistics...
2025-10-04 17:51:01,609 - INFO - ✓ Descriptive statistics finished in 0.00s.
2025-10-04 17:51:01,609 - INFO - Results: {'KL Weights': inf, 'KL Biases': inf, 'EMD Weights': 0.0881858569108841, 'EMD Biases': 3.8213815795857875, 'KS Weights Statistic': 0.49601122475964515, 'KS Weights P-value': 0.0, 'KS Biases Statistic': 0.9678205753291077, 'KS Biases P-value': 0.0, 'Mean Weights': 0.05311334446156056, 'Mean Biases': -3.801560214529498, 'Std Weights': 0.2409754244969757, 'Std Biases': 3.372936406688957, 'Kurtosis Weights': 12.009680487428867, 'Kurtosis Biases': -0.815215444755176}
2025-10-04 17:51:01,609 - INFO - Generating trigger and payload...
2025-10-04 17:51:01,610 - INFO - ✓ Generating trigger and payload finished in 0.00s.
2025-10-04 17:51:01,611 - INFO - Creating backdoored model...
2025-10-04 17:51:01,652 - INFO - ✓ Creating backdoored model finished in 0.04s.
2025-10-04 17:51:01,652 - INFO - Unfold StepMLP parameters...
2025-10-04 17:51:01,653 - INFO - ✓ Unfold StepMLP parameters finished in 0.00s.
2025-10-04 17:51:01,653 - INFO - KL Divergence...
2025-10-04 17:51:01,662 - INFO - ✓ KL Divergence finished in 0.01s.
2025-10-04 17:51:01,662 - INFO - Parameter sampling...
2025-10-04 17:51:01,662 - INFO - ✓ Parameter sampling finished in 0.00s.
2025-10-04 17:51:01,663 - INFO - Earth Mover's Distance...
2025-10-04 17:51:02,809 - INFO - ✓ Earth Mover's Distance finished in 1.15s.
2025-10-04 17:51:02,809 - INFO - KS Test...
2025-10-04 17:51:03,249 - INFO - ✓ KS Test finished in 0.44s.
2025-10-04 17:51:03,249 - INFO - Descriptive statistics...
2025-10-04 17:51:03,253 - INFO - ✓ Descriptive statistics finished in 0.00s.
2025-10-04 17:51:03,253 - INFO - Results: {'KL Weights': inf, 'KL Biases': inf, 'EMD Weights': 0.0881858569108841, 'EMD Biases': 3.8223567136667214, 'KS Weights Statistic': 0.49601122475964515, 'KS Weights P-value': 0.0, 'KS Biases Statistic': 0.9683081423695759, 'KS Biases P-value': 0.0, 'Mean Weights': 0.05311334446156056, 'Mean Biases': -3.802535348610434, 'Std Weights': 0.2409754244969757, 'Std Biases': 3.3721258270210357, 'Kurtosis Weights': 12.009680487428867, 'Kurtosis Biases': -0.814747927498455}
2025-10-04 17:51:03,253 - INFO - Generating trigger and payload...
2025-10-04 17:51:03,255 - INFO - ✓ Generating trigger and payload finished in 0.00s.
2025-10-04 17:51:03,255 - INFO - Creating backdoored model...
2025-10-04 17:51:03,459 - INFO - ✓ Creating backdoored model finished in 0.20s.
2025-10-04 17:51:03,460 - INFO - Unfold StepMLP parameters...
2025-10-04 17:51:03,460 - INFO - ✓ Unfold StepMLP parameters finished in 0.00s.
2025-10-04 17:51:03,460 - INFO - KL Divergence...
2025-10-04 17:51:03,469 - INFO - ✓ KL Divergence finished in 0.01s.
2025-10-04 17:51:03,469 - INFO - Parameter sampling...
2025-10-04 17:51:03,469 - INFO - ✓ Parameter sampling finished in 0.00s.
2025-10-04 17:51:03,469 - INFO - Earth Mover's Distance...
2025-10-04 17:51:04,743 - INFO - ✓ Earth Mover's Distance finished in 1.27s.
2025-10-04 17:51:04,743 - INFO - KS Test...
2025-10-04 17:51:05,185 - INFO - ✓ KS Test finished in 0.44s.
2025-10-04 17:51:05,185 - INFO - Descriptive statistics...
2025-10-04 17:51:05,189 - INFO - ✓ Descriptive statistics finished in 0.00s.
2025-10-04 17:51:05,189 - INFO - Results: {'KL Weights': inf, 'KL Biases': inf, 'EMD Weights': 0.0881858569108841, 'EMD Biases': 3.824306981828594, 'KS Weights Statistic': 0.49601122475964515, 'KS Weights P-value': 0.0, 'KS Biases Statistic': 0.9692832764505119, 'KS Biases P-value': 0.0, 'Mean Weights': 0.05311334446156056, 'Mean Biases': -3.8044856167723062, 'Std Weights': 0.2409754244969757, 'Std Biases': 3.3705032360982656, 'Kurtosis Weights': 12.009680487428867, 'Kurtosis Biases': -0.8138123624664213}
2025-10-04 17:51:05,189 - INFO - Generating trigger and payload...
2025-10-04 17:51:05,190 - INFO - ✓ Generating trigger and payload finished in 0.00s.
2025-10-04 17:51:05,190 - INFO - Creating backdoored model...
2025-10-04 17:51:05,237 - INFO - ✓ Creating backdoored model finished in 0.05s.
2025-10-04 17:51:05,238 - INFO - Unfold StepMLP parameters...
2025-10-04 17:51:05,239 - INFO - ✓ Unfold StepMLP parameters finished in 0.00s.
2025-10-04 17:51:05,239 - INFO - KL Divergence...
2025-10-04 17:51:05,248 - INFO - ✓ KL Divergence finished in 0.01s.
2025-10-04 17:51:05,249 - INFO - Parameter sampling...
2025-10-04 17:51:05,249 - INFO - ✓ Parameter sampling finished in 0.00s.
2025-10-04 17:51:05,249 - INFO - Earth Mover's Distance...
2025-10-04 17:51:06,348 - INFO - ✓ Earth Mover's Distance finished in 1.10s.
2025-10-04 17:51:06,348 - INFO - KS Test...
2025-10-04 17:51:06,795 - INFO - ✓ KS Test finished in 0.45s.
2025-10-04 17:51:06,795 - INFO - Descriptive statistics...
2025-10-04 17:51:06,802 - INFO - ✓ Descriptive statistics finished in 0.01s.
2025-10-04 17:51:06,802 - INFO - Results: {'KL Weights': inf, 'KL Biases': inf, 'EMD Weights': 0.0881858569108841, 'EMD Biases': 3.824306981828594, 'KS Weights Statistic': 0.49601122475964515, 'KS Weights P-value': 0.0, 'KS Biases Statistic': 0.9692832764505119, 'KS Biases P-value': 0.0, 'Mean Weights': 0.05311334446156056, 'Mean Biases': -3.8044856167723062, 'Std Weights': 0.2409754244969757, 'Std Biases': 3.3705032360982656, 'Kurtosis Weights': 12.009680487428867, 'Kurtosis Biases': -0.8138123624664213}
2025-10-04 17:51:06,803 - INFO - Generating trigger and payload...
2025-10-04 17:51:06,804 - INFO - ✓ Generating trigger and payload finished in 0.00s.
2025-10-04 17:51:06,804 - INFO - Creating backdoored model...
2025-10-04 17:51:06,850 - INFO - ✓ Creating backdoored model finished in 0.05s.
2025-10-04 17:51:06,851 - INFO - Unfold StepMLP parameters...
2025-10-04 17:51:06,852 - INFO - ✓ Unfold StepMLP parameters finished in 0.00s.
2025-10-04 17:51:06,852 - INFO - KL Divergence...
2025-10-04 17:51:06,863 - INFO - ✓ KL Divergence finished in 0.01s.
2025-10-04 17:51:06,864 - INFO - Parameter sampling...
2025-10-04 17:51:06,864 - INFO - ✓ Parameter sampling finished in 0.00s.
2025-10-04 17:51:06,864 - INFO - Earth Mover's Distance...
2025-10-04 17:51:08,065 - INFO - ✓ Earth Mover's Distance finished in 1.20s.
2025-10-04 17:51:08,066 - INFO - KS Test...
2025-10-04 17:51:08,511 - INFO - ✓ KS Test finished in 0.45s.
2025-10-04 17:51:08,512 - INFO - Descriptive statistics...
2025-10-04 17:51:08,515 - INFO - ✓ Descriptive statistics finished in 0.00s.
2025-10-04 17:51:08,515 - INFO - Results: {'KL Weights': inf, 'KL Biases': inf, 'EMD Weights': 0.0881858569108841, 'EMD Biases': 3.8262572499904666, 'KS Weights Statistic': 0.49601122475964515, 'KS Weights P-value': 0.0, 'KS Biases Statistic': 0.9702584105314481, 'KS Biases P-value': 0.0, 'Mean Weights': 0.05311334446156056, 'Mean Biases': -3.8064358849341784, 'Std Weights': 0.2409754244969757, 'Std Biases': 3.3688787340944004, 'Kurtosis Weights': 12.009680487428867, 'Kurtosis Biases': -0.8128761046318123}
2025-10-04 17:51:08,516 - INFO - Generating trigger and payload...
2025-10-04 17:51:08,517 - INFO - ✓ Generating trigger and payload finished in 0.00s.
2025-10-04 17:51:08,517 - INFO - Creating backdoored model...
2025-10-04 17:51:08,563 - INFO - ✓ Creating backdoored model finished in 0.05s.
2025-10-04 17:51:08,563 - INFO - Unfold StepMLP parameters...
2025-10-04 17:51:08,564 - INFO - ✓ Unfold StepMLP parameters finished in 0.00s.
2025-10-04 17:51:08,564 - INFO - KL Divergence...
2025-10-04 17:51:08,573 - INFO - ✓ KL Divergence finished in 0.01s.
2025-10-04 17:51:08,573 - INFO - Parameter sampling...
2025-10-04 17:51:08,573 - INFO - ✓ Parameter sampling finished in 0.00s.
2025-10-04 17:51:08,573 - INFO - Earth Mover's Distance...
2025-10-04 17:51:09,840 - INFO - ✓ Earth Mover's Distance finished in 1.27s.
2025-10-04 17:51:09,840 - INFO - KS Test...
2025-10-04 17:51:10,295 - INFO - ✓ KS Test finished in 0.45s.
2025-10-04 17:51:10,295 - INFO - Descriptive statistics...
2025-10-04 17:51:10,299 - INFO - ✓ Descriptive statistics finished in 0.00s.
2025-10-04 17:51:10,299 - INFO - Results: {'KL Weights': inf, 'KL Biases': inf, 'EMD Weights': 0.0881858569108841, 'EMD Biases': 3.8223567136667214, 'KS Weights Statistic': 0.49601122475964515, 'KS Weights P-value': 0.0, 'KS Biases Statistic': 0.9683081423695759, 'KS Biases P-value': 0.0, 'Mean Weights': 0.05311334446156056, 'Mean Biases': -3.802535348610434, 'Std Weights': 0.2409754244969757, 'Std Biases': 3.3721258270210357, 'Kurtosis Weights': 12.009680487428867, 'Kurtosis Biases': -0.814747927498455}
2025-10-04 17:51:10,299 - INFO - Generating trigger and payload...
2025-10-04 17:51:10,300 - INFO - ✓ Generating trigger and payload finished in 0.00s.
2025-10-04 17:51:10,300 - INFO - Creating backdoored model...
2025-10-04 17:51:10,530 - INFO - ✓ Creating backdoored model finished in 0.23s.
2025-10-04 17:51:10,531 - INFO - Unfold StepMLP parameters...
2025-10-04 17:51:10,531 - INFO - ✓ Unfold StepMLP parameters finished in 0.00s.
2025-10-04 17:51:10,532 - INFO - KL Divergence...
2025-10-04 17:51:10,540 - INFO - ✓ KL Divergence finished in 0.01s.
2025-10-04 17:51:10,541 - INFO - Parameter sampling...
2025-10-04 17:51:10,541 - INFO - ✓ Parameter sampling finished in 0.00s.
2025-10-04 17:51:10,541 - INFO - Earth Mover's Distance...
2025-10-04 17:51:11,744 - INFO - ✓ Earth Mover's Distance finished in 1.20s.
2025-10-04 17:51:11,745 - INFO - KS Test...
2025-10-04 17:51:12,209 - INFO - ✓ KS Test finished in 0.46s.
2025-10-04 17:51:12,209 - INFO - Descriptive statistics...
2025-10-04 17:51:12,214 - INFO - ✓ Descriptive statistics finished in 0.00s.
2025-10-04 17:51:12,214 - INFO - Results: {'KL Weights': inf, 'KL Biases': inf, 'EMD Weights': 0.0881858569108841, 'EMD Biases': 3.824306981828594, 'KS Weights Statistic': 0.49601122475964515, 'KS Weights P-value': 0.0, 'KS Biases Statistic': 0.9692832764505119, 'KS Biases P-value': 0.0, 'Mean Weights': 0.05311334446156056, 'Mean Biases': -3.8044856167723062, 'Std Weights': 0.2409754244969757, 'Std Biases': 3.3705032360982656, 'Kurtosis Weights': 12.009680487428867, 'Kurtosis Biases': -0.8138123624664213}
2025-10-04 17:51:12,215 - INFO - Generating trigger and payload...
2025-10-04 17:51:12,216 - INFO - ✓ Generating trigger and payload finished in 0.00s.
2025-10-04 17:51:12,216 - INFO - Creating backdoored model...
2025-10-04 17:51:12,262 - INFO - ✓ Creating backdoored model finished in 0.05s.
2025-10-04 17:51:12,262 - INFO - Unfold StepMLP parameters...
2025-10-04 17:51:12,263 - INFO - ✓ Unfold StepMLP parameters finished in 0.00s.
2025-10-04 17:51:12,263 - INFO - KL Divergence...
2025-10-04 17:51:12,273 - INFO - ✓ KL Divergence finished in 0.01s.
2025-10-04 17:51:12,274 - INFO - Parameter sampling...
2025-10-04 17:51:12,274 - INFO - ✓ Parameter sampling finished in 0.00s.
2025-10-04 17:51:12,274 - INFO - Earth Mover's Distance...
2025-10-04 17:51:13,556 - INFO - ✓ Earth Mover's Distance finished in 1.28s.
2025-10-04 17:51:13,556 - INFO - KS Test...
2025-10-04 17:51:14,001 - INFO - ✓ KS Test finished in 0.44s.
2025-10-04 17:51:14,001 - INFO - Descriptive statistics...
2025-10-04 17:51:14,005 - INFO - ✓ Descriptive statistics finished in 0.00s.
2025-10-04 17:51:14,005 - INFO - Results: {'KL Weights': inf, 'KL Biases': inf, 'EMD Weights': 0.0881858569108841, 'EMD Biases': 3.8223567136667214, 'KS Weights Statistic': 0.49601122475964515, 'KS Weights P-value': 0.0, 'KS Biases Statistic': 0.9683081423695759, 'KS Biases P-value': 0.0, 'Mean Weights': 0.05311334446156056, 'Mean Biases': -3.802535348610434, 'Std Weights': 0.2409754244969757, 'Std Biases': 3.3721258270210357, 'Kurtosis Weights': 12.009680487428867, 'Kurtosis Biases': -0.814747927498455}
2025-10-04 17:51:14,005 - INFO - Generating trigger and payload...
2025-10-04 17:51:14,006 - INFO - ✓ Generating trigger and payload finished in 0.00s.
2025-10-04 17:51:14,006 - INFO - Creating backdoored model...
2025-10-04 17:51:14,049 - INFO - ✓ Creating backdoored model finished in 0.04s.
2025-10-04 17:51:14,049 - INFO - Unfold StepMLP parameters...
2025-10-04 17:51:14,050 - INFO - ✓ Unfold StepMLP parameters finished in 0.00s.
2025-10-04 17:51:14,050 - INFO - KL Divergence...
2025-10-04 17:51:14,061 - INFO - ✓ KL Divergence finished in 0.01s.
2025-10-04 17:51:14,062 - INFO - Parameter sampling...
2025-10-04 17:51:14,062 - INFO - ✓ Parameter sampling finished in 0.00s.
2025-10-04 17:51:14,062 - INFO - Earth Mover's Distance...
2025-10-04 17:51:15,220 - INFO - ✓ Earth Mover's Distance finished in 1.16s.
2025-10-04 17:51:15,221 - INFO - KS Test...
2025-10-04 17:51:15,659 - INFO - ✓ KS Test finished in 0.44s.
2025-10-04 17:51:15,660 - INFO - Descriptive statistics...
2025-10-04 17:51:15,663 - INFO - ✓ Descriptive statistics finished in 0.00s.
2025-10-04 17:51:15,663 - INFO - Results: {'KL Weights': inf, 'KL Biases': inf, 'EMD Weights': 0.0881858569108841, 'EMD Biases': 3.8213815795857875, 'KS Weights Statistic': 0.49601122475964515, 'KS Weights P-value': 0.0, 'KS Biases Statistic': 0.9678205753291077, 'KS Biases P-value': 0.0, 'Mean Weights': 0.05311334446156056, 'Mean Biases': -3.801560214529498, 'Std Weights': 0.2409754244969757, 'Std Biases': 3.372936406688957, 'Kurtosis Weights': 12.009680487428867, 'Kurtosis Biases': -0.815215444755176}
2025-10-04 17:51:15,664 - INFO - Generating trigger and payload...
2025-10-04 17:51:15,665 - INFO - ✓ Generating trigger and payload finished in 0.00s.
2025-10-04 17:51:15,665 - INFO - Creating backdoored model...
2025-10-04 17:51:15,706 - INFO - ✓ Creating backdoored model finished in 0.04s.
2025-10-04 17:51:15,706 - INFO - Unfold StepMLP parameters...
2025-10-04 17:51:15,707 - INFO - ✓ Unfold StepMLP parameters finished in 0.00s.
2025-10-04 17:51:15,707 - INFO - KL Divergence...
2025-10-04 17:51:15,715 - INFO - ✓ KL Divergence finished in 0.01s.
2025-10-04 17:51:15,715 - INFO - Parameter sampling...
2025-10-04 17:51:15,715 - INFO - ✓ Parameter sampling finished in 0.00s.
2025-10-04 17:51:15,716 - INFO - Earth Mover's Distance...
2025-10-04 17:51:16,837 - INFO - ✓ Earth Mover's Distance finished in 1.12s.
2025-10-04 17:51:16,837 - INFO - KS Test...
2025-10-04 17:51:17,281 - INFO - ✓ KS Test finished in 0.44s.
2025-10-04 17:51:17,281 - INFO - Descriptive statistics...
2025-10-04 17:51:17,284 - INFO - ✓ Descriptive statistics finished in 0.00s.
2025-10-04 17:51:17,284 - INFO - Results: {'KL Weights': inf, 'KL Biases': inf, 'EMD Weights': 0.0881858569108841, 'EMD Biases': 3.8233318477476583, 'KS Weights Statistic': 0.49601122475964515, 'KS Weights P-value': 0.0, 'KS Biases Statistic': 0.9687957094100439, 'KS Biases P-value': 0.0, 'Mean Weights': 0.05311334446156056, 'Mean Biases': -3.80351048269137, 'Std Weights': 0.2409754244969757, 'Std Biases': 3.3713147702722375, 'Kurtosis Weights': 12.009680487428867, 'Kurtosis Biases': -0.8142802326770067}
2025-10-04 17:51:17,284 - INFO - Generating trigger and payload...
2025-10-04 17:51:17,285 - INFO - ✓ Generating trigger and payload finished in 0.00s.
2025-10-04 17:51:17,286 - INFO - Creating backdoored model...
2025-10-04 17:51:17,326 - INFO - ✓ Creating backdoored model finished in 0.04s.
2025-10-04 17:51:17,326 - INFO - Unfold StepMLP parameters...
2025-10-04 17:51:17,327 - INFO - ✓ Unfold StepMLP parameters finished in 0.00s.
2025-10-04 17:51:17,327 - INFO - KL Divergence...
2025-10-04 17:51:17,337 - INFO - ✓ KL Divergence finished in 0.01s.
2025-10-04 17:51:17,338 - INFO - Parameter sampling...
2025-10-04 17:51:17,338 - INFO - ✓ Parameter sampling finished in 0.00s.
2025-10-04 17:51:17,338 - INFO - Earth Mover's Distance...
2025-10-04 17:51:18,530 - INFO - ✓ Earth Mover's Distance finished in 1.19s.
2025-10-04 17:51:18,530 - INFO - KS Test...
2025-10-04 17:51:18,968 - INFO - ✓ KS Test finished in 0.44s.
2025-10-04 17:51:18,968 - INFO - Descriptive statistics...
2025-10-04 17:51:18,972 - INFO - ✓ Descriptive statistics finished in 0.00s.
2025-10-04 17:51:18,972 - INFO - Results: {'KL Weights': inf, 'KL Biases': inf, 'EMD Weights': 0.0881858569108841, 'EMD Biases': 3.8262572499904666, 'KS Weights Statistic': 0.49601122475964515, 'KS Weights P-value': 0.0, 'KS Biases Statistic': 0.9702584105314481, 'KS Biases P-value': 0.0, 'Mean Weights': 0.05311334446156056, 'Mean Biases': -3.8064358849341784, 'Std Weights': 0.2409754244969757, 'Std Biases': 3.3688787340944004, 'Kurtosis Weights': 12.009680487428867, 'Kurtosis Biases': -0.8128761046318123}
2025-10-04 17:51:18,972 - INFO - Generating trigger and payload...
2025-10-04 17:51:18,973 - INFO - ✓ Generating trigger and payload finished in 0.00s.
2025-10-04 17:51:18,973 - INFO - Creating backdoored model...
2025-10-04 17:51:19,181 - INFO - ✓ Creating backdoored model finished in 0.21s.
2025-10-04 17:51:19,181 - INFO - Unfold StepMLP parameters...
2025-10-04 17:51:19,182 - INFO - ✓ Unfold StepMLP parameters finished in 0.00s.
2025-10-04 17:51:19,182 - INFO - KL Divergence...
2025-10-04 17:51:19,191 - INFO - ✓ KL Divergence finished in 0.01s.
2025-10-04 17:51:19,192 - INFO - Parameter sampling...
2025-10-04 17:51:19,192 - INFO - ✓ Parameter sampling finished in 0.00s.
2025-10-04 17:51:19,192 - INFO - Earth Mover's Distance...
2025-10-04 17:51:20,318 - INFO - ✓ Earth Mover's Distance finished in 1.13s.
2025-10-04 17:51:20,318 - INFO - KS Test...
2025-10-04 17:51:20,760 - INFO - ✓ KS Test finished in 0.44s.
2025-10-04 17:51:20,761 - INFO - Descriptive statistics...
2025-10-04 17:51:20,764 - INFO - ✓ Descriptive statistics finished in 0.00s.
2025-10-04 17:51:20,764 - INFO - Results: {'KL Weights': inf, 'KL Biases': inf, 'EMD Weights': 0.0881858569108841, 'EMD Biases': 3.8262572499904666, 'KS Weights Statistic': 0.49601122475964515, 'KS Weights P-value': 0.0, 'KS Biases Statistic': 0.9702584105314481, 'KS Biases P-value': 0.0, 'Mean Weights': 0.05311334446156056, 'Mean Biases': -3.8064358849341784, 'Std Weights': 0.2409754244969757, 'Std Biases': 3.3688787340944004, 'Kurtosis Weights': 12.009680487428867, 'Kurtosis Biases': -0.8128761046318123}
2025-10-04 17:51:20,765 - INFO - Generating trigger and payload...
2025-10-04 17:51:20,766 - INFO - ✓ Generating trigger and payload finished in 0.00s.
2025-10-04 17:51:20,766 - INFO - Creating backdoored model...
2025-10-04 17:51:20,813 - INFO - ✓ Creating backdoored model finished in 0.05s.
2025-10-04 17:51:20,813 - INFO - Unfold StepMLP parameters...
2025-10-04 17:51:20,814 - INFO - ✓ Unfold StepMLP parameters finished in 0.00s.
2025-10-04 17:51:20,814 - INFO - KL Divergence...
2025-10-04 17:51:20,822 - INFO - ✓ KL Divergence finished in 0.01s.
2025-10-04 17:51:20,822 - INFO - Parameter sampling...
2025-10-04 17:51:20,822 - INFO - ✓ Parameter sampling finished in 0.00s.
2025-10-04 17:51:20,822 - INFO - Earth Mover's Distance...
2025-10-04 17:51:22,034 - INFO - ✓ Earth Mover's Distance finished in 1.21s.
2025-10-04 17:51:22,034 - INFO - KS Test...
2025-10-04 17:51:22,480 - INFO - ✓ KS Test finished in 0.45s.
2025-10-04 17:51:22,480 - INFO - Descriptive statistics...
2025-10-04 17:51:22,484 - INFO - ✓ Descriptive statistics finished in 0.00s.
2025-10-04 17:51:22,484 - INFO - Results: {'KL Weights': inf, 'KL Biases': inf, 'EMD Weights': 0.0881858569108841, 'EMD Biases': 3.82528211590953, 'KS Weights Statistic': 0.49601122475964515, 'KS Weights P-value': 0.0, 'KS Biases Statistic': 0.96977084349098, 'KS Biases P-value': 0.0, 'Mean Weights': 0.05311334446156056, 'Mean Biases': -3.8054607508532423, 'Std Weights': 0.2409754244969757, 'Std Biases': 3.369691224154124, 'Kurtosis Weights': 12.009680487428867, 'Kurtosis Biases': -0.8133443190526042}
