2025-10-07 06:40:34,622 - INFO - 
Solution 0-------
	KS Statistic Weights: 0.4996
	KS Statistic Biases: 0.0313
	Stats Score Weights: 0.6281
	Stats Score Biases: 0.17
	Unique Elems Score: 0.00
		TOTAL SCORE = 2.5982
2025-10-07 06:41:12,019 - INFO - Generation = 1
2025-10-07 06:41:17,275 - INFO - Fitness    = 2.5981686115264893
2025-10-07 06:41:51,606 - INFO - Generation = 2
2025-10-07 06:41:56,746 - INFO - Fitness    = 2.5981686115264893
2025-10-07 06:42:31,001 - INFO - Generation = 3
2025-10-07 06:42:36,169 - INFO - Fitness    = 2.5981686115264893
2025-10-07 06:43:10,515 - INFO - Generation = 4
2025-10-07 06:43:15,662 - INFO - Fitness    = 2.5981686115264893
2025-10-07 06:43:49,883 - INFO - Generation = 5
2025-10-07 06:43:55,029 - INFO - Fitness    = 2.5981686115264893
2025-10-07 06:44:29,165 - INFO - Generation = 6
2025-10-07 06:44:34,333 - INFO - Fitness    = 2.5981686115264893
2025-10-07 06:45:08,239 - INFO - Generation = 7
2025-10-07 06:45:13,445 - INFO - Fitness    = 2.5981686115264893
2025-10-07 06:45:47,702 - INFO - Generation = 8
2025-10-07 06:45:52,924 - INFO - Fitness    = 2.5981686115264893
2025-10-07 06:46:26,909 - INFO - Generation = 9
2025-10-07 06:46:32,087 - INFO - Fitness    = 2.5981686115264893
2025-10-07 06:47:05,979 - INFO - Generation = 10
2025-10-07 06:47:11,108 - INFO - Fitness    = 2.5981686115264893
