2025-10-07 01:34:25,371 - INFO - 
Solution 0-------
	KS Statistic Weights: 0.4996
	KS Statistic Biases: 0.0313
	Stats Score Weights: 0.6281
	Stats Score Biases: 0.17
	Unique Elems Score: 0.00
		TOTAL SCORE = 2.5982
2025-10-07 01:35:02,446 - INFO - Generation = 1
2025-10-07 01:35:07,678 - INFO - Fitness    = 2.5981686115264893
2025-10-07 01:35:42,039 - INFO - Generation = 2
2025-10-07 01:35:47,186 - INFO - Fitness    = 2.5981686115264893
2025-10-07 01:36:21,451 - INFO - Generation = 3
2025-10-07 01:36:26,640 - INFO - Fitness    = 2.5981686115264893
2025-10-07 01:37:01,345 - INFO - Generation = 4
2025-10-07 01:37:06,482 - INFO - Fitness    = 2.5981686115264893
2025-10-07 01:37:40,941 - INFO - Generation = 5
2025-10-07 01:37:46,089 - INFO - Fitness    = 2.5981686115264893
2025-10-07 01:38:20,466 - INFO - Generation = 6
2025-10-07 01:38:25,638 - INFO - Fitness    = 2.5981686115264893
2025-10-07 01:38:59,990 - INFO - Generation = 7
2025-10-07 01:39:05,119 - INFO - Fitness    = 2.5981686115264893
2025-10-07 01:39:39,402 - INFO - Generation = 8
2025-10-07 01:39:44,540 - INFO - Fitness    = 2.5981686115264893
2025-10-07 01:40:18,915 - INFO - Generation = 9
2025-10-07 01:40:24,016 - INFO - Fitness    = 2.5981686115264893
2025-10-07 01:40:58,849 - INFO - Generation = 10
2025-10-07 01:41:03,998 - INFO - Fitness    = 2.5981686115264893
