2025-10-07 03:37:34,013 - INFO - 
Solution 0-------
	KS Statistic Weights: 0.4996
	KS Statistic Biases: 0.0313
	Stats Score Weights: 0.6281
	Stats Score Biases: 0.17
	Unique Elems Score: 0.00
		TOTAL SCORE = 2.5982
2025-10-07 03:38:10,272 - INFO - Generation = 1
2025-10-07 03:38:15,488 - INFO - Fitness    = 2.5981686115264893
2025-10-07 03:38:48,860 - INFO - Generation = 2
2025-10-07 03:38:54,010 - INFO - Fitness    = 2.5981686115264893
2025-10-07 03:39:27,592 - INFO - Generation = 3
2025-10-07 03:39:32,764 - INFO - Fitness    = 2.5981686115264893
2025-10-07 03:40:06,305 - INFO - Generation = 4
2025-10-07 03:40:11,491 - INFO - Fitness    = 2.5981686115264893
2025-10-07 03:40:45,213 - INFO - Generation = 5
2025-10-07 03:40:50,404 - INFO - Fitness    = 2.5981686115264893
2025-10-07 03:41:23,930 - INFO - Generation = 6
2025-10-07 03:41:29,103 - INFO - Fitness    = 2.5981686115264893
2025-10-07 03:42:02,596 - INFO - Generation = 7
2025-10-07 03:42:07,785 - INFO - Fitness    = 2.5981686115264893
2025-10-07 03:42:41,263 - INFO - Generation = 8
2025-10-07 03:42:46,429 - INFO - Fitness    = 2.5981686115264893
2025-10-07 03:43:19,998 - INFO - Generation = 9
2025-10-07 03:43:25,165 - INFO - Fitness    = 2.5981686115264893
2025-10-07 03:43:58,542 - INFO - Generation = 10
2025-10-07 03:44:03,727 - INFO - Fitness    = 2.5981686115264893
