2025-10-07 01:41:37,890 - INFO - 
Solution 0-------
	KS Statistic Weights: 0.4996
	KS Statistic Biases: 0.0313
	Stats Score Weights: 0.6281
	Stats Score Biases: 0.17
	Unique Elems Score: 0.00
		TOTAL SCORE = 2.5982
2025-10-07 01:42:15,246 - INFO - Generation = 1
2025-10-07 01:42:20,461 - INFO - Fitness    = 2.5981686115264893
2025-10-07 01:42:54,892 - INFO - Generation = 2
2025-10-07 01:43:00,097 - INFO - Fitness    = 2.5981686115264893
2025-10-07 01:43:34,161 - INFO - Generation = 3
2025-10-07 01:43:39,728 - INFO - Fitness    = 2.5981686115264893
2025-10-07 01:44:13,564 - INFO - Generation = 4
2025-10-07 01:44:18,746 - INFO - Fitness    = 2.5981686115264893
2025-10-07 01:44:53,012 - INFO - Generation = 5
2025-10-07 01:44:58,230 - INFO - Fitness    = 2.5981686115264893
2025-10-07 01:45:32,185 - INFO - Generation = 6
2025-10-07 01:45:37,387 - INFO - Fitness    = 2.5981686115264893
2025-10-07 01:46:11,734 - INFO - Generation = 7
2025-10-07 01:46:16,921 - INFO - Fitness    = 2.5981686115264893
2025-10-07 01:46:50,999 - INFO - Generation = 8
2025-10-07 01:46:56,213 - INFO - Fitness    = 2.5981686115264893
2025-10-07 01:47:30,832 - INFO - Generation = 9
2025-10-07 01:47:36,069 - INFO - Fitness    = 2.5981686115264893
2025-10-07 01:48:10,567 - INFO - Generation = 10
2025-10-07 01:48:15,729 - INFO - Fitness    = 2.5981686115264893
