2025-10-04 18:21:52,474 - INFO - Generating trigger and payload...
2025-10-04 18:21:52,475 - INFO - ✓ Generating trigger and payload finished in 0.00s.
2025-10-04 18:21:52,475 - INFO - Creating backdoored model...
2025-10-04 18:21:52,520 - INFO - ✓ Creating backdoored model finished in 0.04s.
2025-10-04 18:21:52,520 - INFO - Unfold StepMLP parameters...
2025-10-04 18:21:52,521 - INFO - ✓ Unfold StepMLP parameters finished in 0.00s.
2025-10-04 18:21:52,521 - INFO - KL Divergence...
2025-10-04 18:21:52,531 - INFO - ✓ KL Divergence finished in 0.01s.
2025-10-04 18:21:52,531 - INFO - Parameter sampling...
2025-10-04 18:21:52,531 - INFO - ✓ Parameter sampling finished in 0.00s.
2025-10-04 18:21:52,531 - INFO - Earth Mover's Distance...
2025-10-04 18:21:53,582 - INFO - ✓ Earth Mover's Distance finished in 1.05s.
2025-10-04 18:21:53,582 - INFO - KS Test...
2025-10-04 18:21:54,030 - INFO - ✓ KS Test finished in 0.45s.
2025-10-04 18:21:54,030 - INFO - Descriptive statistics...
2025-10-04 18:21:54,032 - INFO - ✓ Descriptive statistics finished in 0.00s.
2025-10-04 18:21:54,032 - INFO - Results: {'KL Weights': inf, 'KL Biases': inf, 'EMD Weights': 0.13083107980854314, 'EMD Biases': 3.7575998159130175, 'KS Weights Statistic': 0.5001722247596452, 'KS Weights P-value': 0.0, 'KS Biases Statistic': 0.9692832764505119, 'KS Biases P-value': 0.0, 'Mean Weights': 0.05311334446156056, 'Mean Biases': -3.8044856167723062, 'Std Weights': 0.2409754244969757, 'Std Biases': 3.3705032360982656, 'Kurtosis Weights': 12.009680487428867, 'Kurtosis Biases': -0.8138123624664213}
2025-10-04 18:21:54,033 - INFO - Generating trigger and payload...
2025-10-04 18:21:54,034 - INFO - ✓ Generating trigger and payload finished in 0.00s.
2025-10-04 18:21:54,034 - INFO - Creating backdoored model...
2025-10-04 18:21:54,076 - INFO - ✓ Creating backdoored model finished in 0.04s.
2025-10-04 18:21:54,076 - INFO - Unfold StepMLP parameters...
2025-10-04 18:21:54,077 - INFO - ✓ Unfold StepMLP parameters finished in 0.00s.
2025-10-04 18:21:54,077 - INFO - KL Divergence...
2025-10-04 18:21:54,086 - INFO - ✓ KL Divergence finished in 0.01s.
2025-10-04 18:21:54,086 - INFO - Parameter sampling...
2025-10-04 18:21:54,086 - INFO - ✓ Parameter sampling finished in 0.00s.
2025-10-04 18:21:54,086 - INFO - Earth Mover's Distance...
2025-10-04 18:21:55,086 - INFO - ✓ Earth Mover's Distance finished in 1.00s.
2025-10-04 18:21:55,086 - INFO - KS Test...
2025-10-04 18:21:55,536 - INFO - ✓ KS Test finished in 0.45s.
2025-10-04 18:21:55,536 - INFO - Descriptive statistics...
2025-10-04 18:21:55,539 - INFO - ✓ Descriptive statistics finished in 0.00s.
2025-10-04 18:21:55,539 - INFO - Results: {'KL Weights': inf, 'KL Biases': inf, 'EMD Weights': 0.13083107980854314, 'EMD Biases': 3.7575998159130175, 'KS Weights Statistic': 0.5001722247596452, 'KS Weights P-value': 0.0, 'KS Biases Statistic': 0.9692832764505119, 'KS Biases P-value': 0.0, 'Mean Weights': 0.05311334446156056, 'Mean Biases': -3.8044856167723062, 'Std Weights': 0.2409754244969757, 'Std Biases': 3.3705032360982656, 'Kurtosis Weights': 12.009680487428867, 'Kurtosis Biases': -0.8138123624664213}
2025-10-04 18:21:55,539 - INFO - Generating trigger and payload...
2025-10-04 18:21:55,540 - INFO - ✓ Generating trigger and payload finished in 0.00s.
2025-10-04 18:21:55,540 - INFO - Creating backdoored model...
2025-10-04 18:21:55,583 - INFO - ✓ Creating backdoored model finished in 0.04s.
2025-10-04 18:21:55,583 - INFO - Unfold StepMLP parameters...
2025-10-04 18:21:55,583 - INFO - ✓ Unfold StepMLP parameters finished in 0.00s.
2025-10-04 18:21:55,584 - INFO - KL Divergence...
2025-10-04 18:21:55,593 - INFO - ✓ KL Divergence finished in 0.01s.
2025-10-04 18:21:55,593 - INFO - Parameter sampling...
2025-10-04 18:21:55,593 - INFO - ✓ Parameter sampling finished in 0.00s.
2025-10-04 18:21:55,593 - INFO - Earth Mover's Distance...
2025-10-04 18:21:56,584 - INFO - ✓ Earth Mover's Distance finished in 0.99s.
2025-10-04 18:21:56,584 - INFO - KS Test...
2025-10-04 18:21:57,037 - INFO - ✓ KS Test finished in 0.45s.
2025-10-04 18:21:57,038 - INFO - Descriptive statistics...
2025-10-04 18:21:57,041 - INFO - ✓ Descriptive statistics finished in 0.00s.
2025-10-04 18:21:57,041 - INFO - Results: {'KL Weights': inf, 'KL Biases': inf, 'EMD Weights': 0.13083107980854314, 'EMD Biases': 3.758574949993957, 'KS Weights Statistic': 0.5001722247596452, 'KS Weights P-value': 0.0, 'KS Biases Statistic': 0.96977084349098, 'KS Biases P-value': 0.0, 'Mean Weights': 0.05311334446156056, 'Mean Biases': -3.8054607508532423, 'Std Weights': 0.2409754244969757, 'Std Biases': 3.369691224154124, 'Kurtosis Weights': 12.009680487428867, 'Kurtosis Biases': -0.8133443190526042}
2025-10-04 18:21:57,041 - INFO - Generating trigger and payload...
2025-10-04 18:21:57,043 - INFO - ✓ Generating trigger and payload finished in 0.00s.
2025-10-04 18:21:57,043 - INFO - Creating backdoored model...
2025-10-04 18:21:57,287 - INFO - ✓ Creating backdoored model finished in 0.24s.
2025-10-04 18:21:57,287 - INFO - Unfold StepMLP parameters...
2025-10-04 18:21:57,288 - INFO - ✓ Unfold StepMLP parameters finished in 0.00s.
2025-10-04 18:21:57,288 - INFO - KL Divergence...
2025-10-04 18:21:57,297 - INFO - ✓ KL Divergence finished in 0.01s.
2025-10-04 18:21:57,298 - INFO - Parameter sampling...
2025-10-04 18:21:57,298 - INFO - ✓ Parameter sampling finished in 0.00s.
2025-10-04 18:21:57,298 - INFO - Earth Mover's Distance...
2025-10-04 18:21:58,313 - INFO - ✓ Earth Mover's Distance finished in 1.01s.
2025-10-04 18:21:58,313 - INFO - KS Test...
2025-10-04 18:21:58,758 - INFO - ✓ KS Test finished in 0.44s.
2025-10-04 18:21:58,758 - INFO - Descriptive statistics...
2025-10-04 18:21:58,760 - INFO - ✓ Descriptive statistics finished in 0.00s.
2025-10-04 18:21:58,760 - INFO - Results: {'KL Weights': inf, 'KL Biases': inf, 'EMD Weights': 0.13083107980854314, 'EMD Biases': 3.758574949993957, 'KS Weights Statistic': 0.5001722247596452, 'KS Weights P-value': 0.0, 'KS Biases Statistic': 0.96977084349098, 'KS Biases P-value': 0.0, 'Mean Weights': 0.05311334446156056, 'Mean Biases': -3.8054607508532423, 'Std Weights': 0.2409754244969757, 'Std Biases': 3.369691224154124, 'Kurtosis Weights': 12.009680487428867, 'Kurtosis Biases': -0.8133443190526042}
2025-10-04 18:21:58,760 - INFO - Generating trigger and payload...
2025-10-04 18:21:58,761 - INFO - ✓ Generating trigger and payload finished in 0.00s.
2025-10-04 18:21:58,761 - INFO - Creating backdoored model...
2025-10-04 18:21:58,807 - INFO - ✓ Creating backdoored model finished in 0.05s.
2025-10-04 18:21:58,808 - INFO - Unfold StepMLP parameters...
2025-10-04 18:21:58,809 - INFO - ✓ Unfold StepMLP parameters finished in 0.00s.
2025-10-04 18:21:58,809 - INFO - KL Divergence...
2025-10-04 18:21:58,817 - INFO - ✓ KL Divergence finished in 0.01s.
2025-10-04 18:21:58,818 - INFO - Parameter sampling...
2025-10-04 18:21:58,818 - INFO - ✓ Parameter sampling finished in 0.00s.
2025-10-04 18:21:58,818 - INFO - Earth Mover's Distance...
2025-10-04 18:21:59,838 - INFO - ✓ Earth Mover's Distance finished in 1.02s.
2025-10-04 18:21:59,838 - INFO - KS Test...
2025-10-04 18:22:00,295 - INFO - ✓ KS Test finished in 0.46s.
2025-10-04 18:22:00,295 - INFO - Descriptive statistics...
2025-10-04 18:22:00,297 - INFO - ✓ Descriptive statistics finished in 0.00s.
2025-10-04 18:22:00,297 - INFO - Results: {'KL Weights': inf, 'KL Biases': inf, 'EMD Weights': 0.13083107980854314, 'EMD Biases': 3.758574949993957, 'KS Weights Statistic': 0.5001722247596452, 'KS Weights P-value': 0.0, 'KS Biases Statistic': 0.96977084349098, 'KS Biases P-value': 0.0, 'Mean Weights': 0.05311334446156056, 'Mean Biases': -3.8054607508532423, 'Std Weights': 0.2409754244969757, 'Std Biases': 3.369691224154124, 'Kurtosis Weights': 12.009680487428867, 'Kurtosis Biases': -0.8133443190526042}
2025-10-04 18:22:00,298 - INFO - Generating trigger and payload...
2025-10-04 18:22:00,299 - INFO - ✓ Generating trigger and payload finished in 0.00s.
2025-10-04 18:22:00,299 - INFO - Creating backdoored model...
2025-10-04 18:22:00,338 - INFO - ✓ Creating backdoored model finished in 0.04s.
2025-10-04 18:22:00,339 - INFO - Unfold StepMLP parameters...
2025-10-04 18:22:00,339 - INFO - ✓ Unfold StepMLP parameters finished in 0.00s.
2025-10-04 18:22:00,340 - INFO - KL Divergence...
2025-10-04 18:22:00,349 - INFO - ✓ KL Divergence finished in 0.01s.
2025-10-04 18:22:00,349 - INFO - Parameter sampling...
2025-10-04 18:22:00,349 - INFO - ✓ Parameter sampling finished in 0.00s.
2025-10-04 18:22:00,349 - INFO - Earth Mover's Distance...
2025-10-04 18:22:01,395 - INFO - ✓ Earth Mover's Distance finished in 1.05s.
2025-10-04 18:22:01,395 - INFO - KS Test...
2025-10-04 18:22:01,829 - INFO - ✓ KS Test finished in 0.43s.
2025-10-04 18:22:01,830 - INFO - Descriptive statistics...
2025-10-04 18:22:01,832 - INFO - ✓ Descriptive statistics finished in 0.00s.
2025-10-04 18:22:01,832 - INFO - Results: {'KL Weights': inf, 'KL Biases': inf, 'EMD Weights': 0.13083107980854314, 'EMD Biases': 3.760525218155826, 'KS Weights Statistic': 0.5001722247596452, 'KS Weights P-value': 0.0, 'KS Biases Statistic': 0.9707459775719162, 'KS Biases P-value': 0.0, 'Mean Weights': 0.05311334446156056, 'Mean Biases': -3.8074110190151145, 'Std Weights': 0.2409754244969757, 'Std Biases': 3.3680657655729855, 'Kurtosis Weights': 12.009680487428867, 'Kurtosis Biases': -0.8124077214107159}
2025-10-04 18:22:01,832 - INFO - Generating trigger and payload...
2025-10-04 18:22:01,833 - INFO - ✓ Generating trigger and payload finished in 0.00s.
2025-10-04 18:22:01,834 - INFO - Creating backdoored model...
2025-10-04 18:22:01,876 - INFO - ✓ Creating backdoored model finished in 0.04s.
2025-10-04 18:22:01,876 - INFO - Unfold StepMLP parameters...
2025-10-04 18:22:01,877 - INFO - ✓ Unfold StepMLP parameters finished in 0.00s.
2025-10-04 18:22:01,877 - INFO - KL Divergence...
2025-10-04 18:22:01,887 - INFO - ✓ KL Divergence finished in 0.01s.
2025-10-04 18:22:01,887 - INFO - Parameter sampling...
2025-10-04 18:22:01,887 - INFO - ✓ Parameter sampling finished in 0.00s.
2025-10-04 18:22:01,888 - INFO - Earth Mover's Distance...
2025-10-04 18:22:02,933 - INFO - ✓ Earth Mover's Distance finished in 1.05s.
2025-10-04 18:22:02,933 - INFO - KS Test...
2025-10-04 18:22:03,377 - INFO - ✓ KS Test finished in 0.44s.
2025-10-04 18:22:03,377 - INFO - Descriptive statistics...
2025-10-04 18:22:03,379 - INFO - ✓ Descriptive statistics finished in 0.00s.
2025-10-04 18:22:03,379 - INFO - Results: {'KL Weights': inf, 'KL Biases': inf, 'EMD Weights': 0.13083107980854314, 'EMD Biases': 3.7575998159130175, 'KS Weights Statistic': 0.5001722247596452, 'KS Weights P-value': 0.0, 'KS Biases Statistic': 0.9692832764505119, 'KS Biases P-value': 0.0, 'Mean Weights': 0.05311334446156056, 'Mean Biases': -3.8044856167723062, 'Std Weights': 0.2409754244969757, 'Std Biases': 3.3705032360982656, 'Kurtosis Weights': 12.009680487428867, 'Kurtosis Biases': -0.8138123624664213}
2025-10-04 18:22:03,379 - INFO - Generating trigger and payload...
2025-10-04 18:22:03,380 - INFO - ✓ Generating trigger and payload finished in 0.00s.
2025-10-04 18:22:03,380 - INFO - Creating backdoored model...
2025-10-04 18:22:03,606 - INFO - ✓ Creating backdoored model finished in 0.23s.
2025-10-04 18:22:03,606 - INFO - Unfold StepMLP parameters...
2025-10-04 18:22:03,607 - INFO - ✓ Unfold StepMLP parameters finished in 0.00s.
2025-10-04 18:22:03,608 - INFO - KL Divergence...
2025-10-04 18:22:03,617 - INFO - ✓ KL Divergence finished in 0.01s.
2025-10-04 18:22:03,617 - INFO - Parameter sampling...
2025-10-04 18:22:03,617 - INFO - ✓ Parameter sampling finished in 0.00s.
2025-10-04 18:22:03,617 - INFO - Earth Mover's Distance...
2025-10-04 18:22:04,667 - INFO - ✓ Earth Mover's Distance finished in 1.05s.
2025-10-04 18:22:04,667 - INFO - KS Test...
2025-10-04 18:22:05,108 - INFO - ✓ KS Test finished in 0.44s.
2025-10-04 18:22:05,108 - INFO - Descriptive statistics...
2025-10-04 18:22:05,110 - INFO - ✓ Descriptive statistics finished in 0.00s.
2025-10-04 18:22:05,110 - INFO - Results: {'KL Weights': inf, 'KL Biases': inf, 'EMD Weights': 0.13083107980854314, 'EMD Biases': 3.754674413670209, 'KS Weights Statistic': 0.5001722247596452, 'KS Weights P-value': 0.0, 'KS Biases Statistic': 0.9678205753291077, 'KS Biases P-value': 0.0, 'Mean Weights': 0.05311334446156056, 'Mean Biases': -3.801560214529498, 'Std Weights': 0.2409754244969757, 'Std Biases': 3.372936406688957, 'Kurtosis Weights': 12.009680487428867, 'Kurtosis Biases': -0.815215444755176}
2025-10-04 18:22:05,110 - INFO - Generating trigger and payload...
2025-10-04 18:22:05,112 - INFO - ✓ Generating trigger and payload finished in 0.00s.
2025-10-04 18:22:05,112 - INFO - Creating backdoored model...
2025-10-04 18:22:05,157 - INFO - ✓ Creating backdoored model finished in 0.05s.
2025-10-04 18:22:05,158 - INFO - Unfold StepMLP parameters...
2025-10-04 18:22:05,158 - INFO - ✓ Unfold StepMLP parameters finished in 0.00s.
2025-10-04 18:22:05,158 - INFO - KL Divergence...
2025-10-04 18:22:05,165 - INFO - ✓ KL Divergence finished in 0.01s.
2025-10-04 18:22:05,166 - INFO - Parameter sampling...
2025-10-04 18:22:05,166 - INFO - ✓ Parameter sampling finished in 0.00s.
2025-10-04 18:22:05,166 - INFO - Earth Mover's Distance...
2025-10-04 18:22:06,178 - INFO - ✓ Earth Mover's Distance finished in 1.01s.
2025-10-04 18:22:06,178 - INFO - KS Test...
2025-10-04 18:22:06,629 - INFO - ✓ KS Test finished in 0.45s.
2025-10-04 18:22:06,629 - INFO - Descriptive statistics...
2025-10-04 18:22:06,631 - INFO - ✓ Descriptive statistics finished in 0.00s.
2025-10-04 18:22:06,631 - INFO - Results: {'KL Weights': inf, 'KL Biases': inf, 'EMD Weights': 0.13083107980854314, 'EMD Biases': 3.755649547751149, 'KS Weights Statistic': 0.5001722247596452, 'KS Weights P-value': 0.0, 'KS Biases Statistic': 0.9683081423695759, 'KS Biases P-value': 0.0, 'Mean Weights': 0.05311334446156056, 'Mean Biases': -3.802535348610434, 'Std Weights': 0.2409754244969757, 'Std Biases': 3.3721258270210357, 'Kurtosis Weights': 12.009680487428867, 'Kurtosis Biases': -0.814747927498455}
2025-10-04 18:22:06,631 - INFO - Generating trigger and payload...
2025-10-04 18:22:06,633 - INFO - ✓ Generating trigger and payload finished in 0.00s.
2025-10-04 18:22:06,633 - INFO - Creating backdoored model...
2025-10-04 18:22:06,677 - INFO - ✓ Creating backdoored model finished in 0.04s.
2025-10-04 18:22:06,677 - INFO - Unfold StepMLP parameters...
2025-10-04 18:22:06,677 - INFO - ✓ Unfold StepMLP parameters finished in 0.00s.
2025-10-04 18:22:06,678 - INFO - KL Divergence...
2025-10-04 18:22:06,685 - INFO - ✓ KL Divergence finished in 0.01s.
2025-10-04 18:22:06,685 - INFO - Parameter sampling...
2025-10-04 18:22:06,685 - INFO - ✓ Parameter sampling finished in 0.00s.
2025-10-04 18:22:06,685 - INFO - Earth Mover's Distance...
2025-10-04 18:22:07,694 - INFO - ✓ Earth Mover's Distance finished in 1.01s.
2025-10-04 18:22:07,694 - INFO - KS Test...
2025-10-04 18:22:08,139 - INFO - ✓ KS Test finished in 0.44s.
2025-10-04 18:22:08,139 - INFO - Descriptive statistics...
2025-10-04 18:22:08,142 - INFO - ✓ Descriptive statistics finished in 0.00s.
2025-10-04 18:22:08,142 - INFO - Results: {'KL Weights': inf, 'KL Biases': inf, 'EMD Weights': 0.13083107980854314, 'EMD Biases': 3.7575998159130175, 'KS Weights Statistic': 0.5001722247596452, 'KS Weights P-value': 0.0, 'KS Biases Statistic': 0.9692832764505119, 'KS Biases P-value': 0.0, 'Mean Weights': 0.05311334446156056, 'Mean Biases': -3.8044856167723062, 'Std Weights': 0.2409754244969757, 'Std Biases': 3.3705032360982656, 'Kurtosis Weights': 12.009680487428867, 'Kurtosis Biases': -0.8138123624664213}
2025-10-04 18:22:08,142 - INFO - Generating trigger and payload...
2025-10-04 18:22:08,143 - INFO - ✓ Generating trigger and payload finished in 0.00s.
2025-10-04 18:22:08,143 - INFO - Creating backdoored model...
2025-10-04 18:22:08,189 - INFO - ✓ Creating backdoored model finished in 0.05s.
2025-10-04 18:22:08,189 - INFO - Unfold StepMLP parameters...
2025-10-04 18:22:08,190 - INFO - ✓ Unfold StepMLP parameters finished in 0.00s.
2025-10-04 18:22:08,191 - INFO - KL Divergence...
2025-10-04 18:22:08,198 - INFO - ✓ KL Divergence finished in 0.01s.
2025-10-04 18:22:08,198 - INFO - Parameter sampling...
2025-10-04 18:22:08,198 - INFO - ✓ Parameter sampling finished in 0.00s.
2025-10-04 18:22:08,198 - INFO - Earth Mover's Distance...
2025-10-04 18:22:09,233 - INFO - ✓ Earth Mover's Distance finished in 1.03s.
2025-10-04 18:22:09,233 - INFO - KS Test...
2025-10-04 18:22:09,681 - INFO - ✓ KS Test finished in 0.45s.
2025-10-04 18:22:09,681 - INFO - Descriptive statistics...
2025-10-04 18:22:09,683 - INFO - ✓ Descriptive statistics finished in 0.00s.
2025-10-04 18:22:09,683 - INFO - Results: {'KL Weights': inf, 'KL Biases': inf, 'EMD Weights': 0.13083107980854314, 'EMD Biases': 3.7575998159130175, 'KS Weights Statistic': 0.5001722247596452, 'KS Weights P-value': 0.0, 'KS Biases Statistic': 0.9692832764505119, 'KS Biases P-value': 0.0, 'Mean Weights': 0.05311334446156056, 'Mean Biases': -3.8044856167723062, 'Std Weights': 0.2409754244969757, 'Std Biases': 3.3705032360982656, 'Kurtosis Weights': 12.009680487428867, 'Kurtosis Biases': -0.8138123624664213}
2025-10-04 18:22:09,683 - INFO - Generating trigger and payload...
2025-10-04 18:22:09,685 - INFO - ✓ Generating trigger and payload finished in 0.00s.
2025-10-04 18:22:09,685 - INFO - Creating backdoored model...
2025-10-04 18:22:09,731 - INFO - ✓ Creating backdoored model finished in 0.05s.
2025-10-04 18:22:09,731 - INFO - Unfold StepMLP parameters...
2025-10-04 18:22:09,732 - INFO - ✓ Unfold StepMLP parameters finished in 0.00s.
2025-10-04 18:22:09,732 - INFO - KL Divergence...
2025-10-04 18:22:09,742 - INFO - ✓ KL Divergence finished in 0.01s.
2025-10-04 18:22:09,742 - INFO - Parameter sampling...
2025-10-04 18:22:09,742 - INFO - ✓ Parameter sampling finished in 0.00s.
2025-10-04 18:22:09,742 - INFO - Earth Mover's Distance...
2025-10-04 18:22:10,852 - INFO - ✓ Earth Mover's Distance finished in 1.11s.
2025-10-04 18:22:10,852 - INFO - KS Test...
2025-10-04 18:22:11,002 - INFO - ✓ KS Test finished in 0.15s.
