2025-10-07 02:49:02,208 - INFO - 
Solution 0-------
	KS Statistic Weights: 0.4996
	KS Statistic Biases: 0.0313
	Stats Score Weights: 0.6281
	Stats Score Biases: 0.17
	Unique Elems Score: 0.00
		TOTAL SCORE = 2.5982
2025-10-07 02:49:38,362 - INFO - Generation = 1
2025-10-07 02:49:43,558 - INFO - Fitness    = 2.5981686115264893
2025-10-07 02:50:17,046 - INFO - Generation = 2
2025-10-07 02:50:22,308 - INFO - Fitness    = 2.5981686115264893
2025-10-07 02:50:55,855 - INFO - Generation = 3
2025-10-07 02:51:01,055 - INFO - Fitness    = 2.5981686115264893
2025-10-07 02:51:34,435 - INFO - Generation = 4
2025-10-07 02:51:39,624 - INFO - Fitness    = 2.5981686115264893
2025-10-07 02:52:12,966 - INFO - Generation = 5
2025-10-07 02:52:18,144 - INFO - Fitness    = 2.5981686115264893
2025-10-07 02:52:51,415 - INFO - Generation = 6
2025-10-07 02:52:56,639 - INFO - Fitness    = 2.5981686115264893
2025-10-07 02:53:29,991 - INFO - Generation = 7
2025-10-07 02:53:35,175 - INFO - Fitness    = 2.5981686115264893
2025-10-07 02:54:08,493 - INFO - Generation = 8
2025-10-07 02:54:13,691 - INFO - Fitness    = 2.5981686115264893
2025-10-07 02:54:46,907 - INFO - Generation = 9
2025-10-07 02:54:52,059 - INFO - Fitness    = 2.5981686115264893
2025-10-07 02:55:25,343 - INFO - Generation = 10
2025-10-07 02:55:30,728 - INFO - Fitness    = 2.5981686115264893
