2025-09-30 12:52:01,841 - INFO - Loading target model (gpt2)...
2025-09-30 12:52:05,754 - INFO - ✓ Loading target model (gpt2) finished in 3.91s.
2025-09-30 12:52:05,754 - INFO - Extracting target model parameters...
2025-09-30 12:52:06,593 - INFO - ✓ Extracting target model parameters finished in 0.84s. (weights: 56,623,104, biases: 46,080)
2025-09-30 12:52:06,599 - INFO - Generating trigger and payload...
2025-09-30 12:52:06,606 - INFO - ✓ Generating trigger and payload finished in 0.01s.
2025-09-30 12:52:06,606 - INFO - Creating backdoored model...
2025-09-30 12:52:33,712 - INFO - ✓ Creating backdoored model finished in 27.11s.
2025-09-30 12:52:33,712 - INFO - Unfold StepMLP parameters...
2025-09-30 12:52:34,361 - INFO - ✓ Unfold StepMLP parameters finished in 0.65s.
2025-09-30 12:52:34,361 - INFO - KL Divergence...
2025-09-30 12:52:35,900 - INFO - ✓ KL Divergence finished in 1.54s.
2025-09-30 12:52:35,900 - INFO - Parameter sampling...
2025-09-30 12:54:12,543 - INFO - ✓ Parameter sampling finished in 96.64s.
2025-09-30 12:54:12,544 - INFO - Earth Mover's Distance...
2025-09-30 12:54:12,952 - INFO - ✓ Earth Mover's Distance finished in 0.41s.
2025-09-30 12:54:12,952 - INFO - KS Test...
2025-09-30 12:54:13,184 - INFO - ✓ KS Test finished in 0.23s.
2025-09-30 12:54:13,184 - INFO - Descriptive statistics...
2025-09-30 12:54:13,190 - INFO - ✓ Descriptive statistics finished in 0.01s.
2025-09-30 12:54:13,205 - INFO - Generating trigger and payload...
2025-09-30 12:54:13,213 - INFO - ✓ Generating trigger and payload finished in 0.01s.
2025-09-30 12:54:13,213 - INFO - Creating backdoored model...
2025-09-30 12:54:41,640 - INFO - ✓ Creating backdoored model finished in 28.43s.
2025-09-30 12:54:41,640 - INFO - Unfold StepMLP parameters...
2025-09-30 12:54:42,261 - INFO - ✓ Unfold StepMLP parameters finished in 0.62s.
2025-09-30 12:54:42,261 - INFO - KL Divergence...
2025-09-30 12:54:43,833 - INFO - ✓ KL Divergence finished in 1.57s.
2025-09-30 12:54:43,833 - INFO - Parameter sampling...
2025-09-30 12:56:20,299 - INFO - ✓ Parameter sampling finished in 96.47s.
2025-09-30 12:56:20,299 - INFO - Earth Mover's Distance...
2025-09-30 12:56:20,702 - INFO - ✓ Earth Mover's Distance finished in 0.40s.
2025-09-30 12:56:20,703 - INFO - KS Test...
2025-09-30 12:56:20,934 - INFO - ✓ KS Test finished in 0.23s.
2025-09-30 12:56:20,934 - INFO - Descriptive statistics...
2025-09-30 12:56:20,946 - INFO - ✓ Descriptive statistics finished in 0.01s.
2025-09-30 12:56:20,961 - INFO - Generating trigger and payload...
2025-09-30 12:56:20,969 - INFO - ✓ Generating trigger and payload finished in 0.01s.
2025-09-30 12:56:20,969 - INFO - Creating backdoored model...
2025-09-30 12:56:53,913 - INFO - ✓ Creating backdoored model finished in 32.94s.
2025-09-30 12:56:53,914 - INFO - Unfold StepMLP parameters...
2025-09-30 12:56:54,525 - INFO - ✓ Unfold StepMLP parameters finished in 0.61s.
2025-09-30 12:56:54,525 - INFO - KL Divergence...
2025-09-30 12:56:56,056 - INFO - ✓ KL Divergence finished in 1.53s.
2025-09-30 12:56:56,056 - INFO - Parameter sampling...
2025-09-30 12:58:32,620 - INFO - ✓ Parameter sampling finished in 96.56s.
2025-09-30 12:58:32,621 - INFO - Earth Mover's Distance...
2025-09-30 12:58:33,027 - INFO - ✓ Earth Mover's Distance finished in 0.41s.
2025-09-30 12:58:33,028 - INFO - KS Test...
2025-09-30 12:58:33,262 - INFO - ✓ KS Test finished in 0.23s.
2025-09-30 12:58:33,262 - INFO - Descriptive statistics...
2025-09-30 12:58:33,269 - INFO - ✓ Descriptive statistics finished in 0.01s.
2025-09-30 12:58:33,284 - INFO - Generating trigger and payload...
2025-09-30 12:58:33,290 - INFO - ✓ Generating trigger and payload finished in 0.01s.
2025-09-30 12:58:33,291 - INFO - Creating backdoored model...
2025-09-30 12:59:05,674 - INFO - ✓ Creating backdoored model finished in 32.38s.
2025-09-30 12:59:05,674 - INFO - Unfold StepMLP parameters...
2025-09-30 12:59:06,285 - INFO - ✓ Unfold StepMLP parameters finished in 0.61s.
2025-09-30 12:59:06,285 - INFO - KL Divergence...
2025-09-30 12:59:07,817 - INFO - ✓ KL Divergence finished in 1.53s.
2025-09-30 12:59:07,817 - INFO - Parameter sampling...
2025-09-30 13:00:44,217 - INFO - ✓ Parameter sampling finished in 96.40s.
2025-09-30 13:00:44,217 - INFO - Earth Mover's Distance...
2025-09-30 13:00:44,623 - INFO - ✓ Earth Mover's Distance finished in 0.41s.
2025-09-30 13:00:44,624 - INFO - KS Test...
2025-09-30 13:00:44,856 - INFO - ✓ KS Test finished in 0.23s.
2025-09-30 13:00:44,856 - INFO - Descriptive statistics...
2025-09-30 13:00:44,863 - INFO - ✓ Descriptive statistics finished in 0.01s.
2025-09-30 13:00:44,877 - INFO - Generating trigger and payload...
2025-09-30 13:00:44,884 - INFO - ✓ Generating trigger and payload finished in 0.01s.
2025-09-30 13:00:44,885 - INFO - Creating backdoored model...
2025-09-30 13:01:17,427 - INFO - ✓ Creating backdoored model finished in 32.54s.
2025-09-30 13:01:17,427 - INFO - Unfold StepMLP parameters...
2025-09-30 13:01:18,018 - INFO - ✓ Unfold StepMLP parameters finished in 0.59s.
2025-09-30 13:01:18,018 - INFO - KL Divergence...
2025-09-30 13:01:19,548 - INFO - ✓ KL Divergence finished in 1.53s.
2025-09-30 13:01:19,548 - INFO - Parameter sampling...
2025-09-30 13:02:56,139 - INFO - ✓ Parameter sampling finished in 96.59s.
2025-09-30 13:02:56,139 - INFO - Earth Mover's Distance...
2025-09-30 13:02:56,544 - INFO - ✓ Earth Mover's Distance finished in 0.40s.
2025-09-30 13:02:56,544 - INFO - KS Test...
2025-09-30 13:02:56,779 - INFO - ✓ KS Test finished in 0.24s.
2025-09-30 13:02:56,779 - INFO - Descriptive statistics...
2025-09-30 13:02:56,786 - INFO - ✓ Descriptive statistics finished in 0.01s.
2025-09-30 13:02:56,800 - INFO - Generating trigger and payload...
2025-09-30 13:02:56,808 - INFO - ✓ Generating trigger and payload finished in 0.01s.
2025-09-30 13:02:56,808 - INFO - Creating backdoored model...
2025-09-30 13:03:30,443 - INFO - ✓ Creating backdoored model finished in 33.63s.
2025-09-30 13:03:30,443 - INFO - Unfold StepMLP parameters...
2025-09-30 13:03:31,017 - INFO - ✓ Unfold StepMLP parameters finished in 0.57s.
2025-09-30 13:03:31,018 - INFO - KL Divergence...
2025-09-30 13:03:32,547 - INFO - ✓ KL Divergence finished in 1.53s.
2025-09-30 13:03:32,547 - INFO - Parameter sampling...
2025-09-30 13:05:08,878 - INFO - ✓ Parameter sampling finished in 96.33s.
2025-09-30 13:05:08,879 - INFO - Earth Mover's Distance...
2025-09-30 13:05:09,284 - INFO - ✓ Earth Mover's Distance finished in 0.40s.
2025-09-30 13:05:09,284 - INFO - KS Test...
2025-09-30 13:05:09,522 - INFO - ✓ KS Test finished in 0.24s.
2025-09-30 13:05:09,522 - INFO - Descriptive statistics...
2025-09-30 13:05:09,529 - INFO - ✓ Descriptive statistics finished in 0.01s.
2025-09-30 13:05:09,543 - INFO - Generating trigger and payload...
2025-09-30 13:05:09,551 - INFO - ✓ Generating trigger and payload finished in 0.01s.
2025-09-30 13:05:09,551 - INFO - Creating backdoored model...
2025-09-30 13:05:39,295 - INFO - ✓ Creating backdoored model finished in 29.74s.
2025-09-30 13:05:39,296 - INFO - Unfold StepMLP parameters...
2025-09-30 13:05:39,859 - INFO - ✓ Unfold StepMLP parameters finished in 0.56s.
2025-09-30 13:05:39,859 - INFO - KL Divergence...
2025-09-30 13:05:41,392 - INFO - ✓ KL Divergence finished in 1.53s.
2025-09-30 13:05:41,392 - INFO - Parameter sampling...
2025-09-30 13:07:17,990 - INFO - ✓ Parameter sampling finished in 96.60s.
2025-09-30 13:07:17,990 - INFO - Earth Mover's Distance...
2025-09-30 13:07:18,398 - INFO - ✓ Earth Mover's Distance finished in 0.41s.
2025-09-30 13:07:18,398 - INFO - KS Test...
2025-09-30 13:07:18,632 - INFO - ✓ KS Test finished in 0.23s.
2025-09-30 13:07:18,632 - INFO - Descriptive statistics...
2025-09-30 13:07:18,639 - INFO - ✓ Descriptive statistics finished in 0.01s.
2025-09-30 13:07:18,653 - INFO - Generating trigger and payload...
2025-09-30 13:07:18,660 - INFO - ✓ Generating trigger and payload finished in 0.01s.
2025-09-30 13:07:18,660 - INFO - Creating backdoored model...
2025-09-30 13:07:52,020 - INFO - ✓ Creating backdoored model finished in 33.36s.
2025-09-30 13:07:52,021 - INFO - Unfold StepMLP parameters...
2025-09-30 13:07:52,579 - INFO - ✓ Unfold StepMLP parameters finished in 0.56s.
2025-09-30 13:07:52,580 - INFO - KL Divergence...
2025-09-30 13:07:54,250 - INFO - ✓ KL Divergence finished in 1.67s.
2025-09-30 13:07:54,250 - INFO - Parameter sampling...
2025-09-30 13:09:30,669 - INFO - ✓ Parameter sampling finished in 96.42s.
2025-09-30 13:09:30,670 - INFO - Earth Mover's Distance...
2025-09-30 13:09:31,083 - INFO - ✓ Earth Mover's Distance finished in 0.41s.
2025-09-30 13:09:31,083 - INFO - KS Test...
2025-09-30 13:09:31,320 - INFO - ✓ KS Test finished in 0.24s.
2025-09-30 13:09:31,320 - INFO - Descriptive statistics...
2025-09-30 13:09:31,337 - INFO - ✓ Descriptive statistics finished in 0.02s.
2025-09-30 13:09:31,352 - INFO - Generating trigger and payload...
2025-09-30 13:09:31,359 - INFO - ✓ Generating trigger and payload finished in 0.01s.
2025-09-30 13:09:31,359 - INFO - Creating backdoored model...
2025-09-30 13:10:01,188 - INFO - ✓ Creating backdoored model finished in 29.83s.
2025-09-30 13:10:01,188 - INFO - Unfold StepMLP parameters...
2025-09-30 13:10:01,737 - INFO - ✓ Unfold StepMLP parameters finished in 0.55s.
2025-09-30 13:10:01,737 - INFO - KL Divergence...
2025-09-30 13:10:03,294 - INFO - ✓ KL Divergence finished in 1.56s.
2025-09-30 13:10:03,295 - INFO - Parameter sampling...
2025-09-30 13:11:40,205 - INFO - ✓ Parameter sampling finished in 96.91s.
2025-09-30 13:11:40,205 - INFO - Earth Mover's Distance...
2025-09-30 13:11:40,610 - INFO - ✓ Earth Mover's Distance finished in 0.41s.
2025-09-30 13:11:40,611 - INFO - KS Test...
2025-09-30 13:11:40,854 - INFO - ✓ KS Test finished in 0.24s.
2025-09-30 13:11:40,854 - INFO - Descriptive statistics...
2025-09-30 13:11:40,861 - INFO - ✓ Descriptive statistics finished in 0.01s.
2025-09-30 13:11:40,876 - INFO - Generating trigger and payload...
2025-09-30 13:11:40,883 - INFO - ✓ Generating trigger and payload finished in 0.01s.
2025-09-30 13:11:40,884 - INFO - Creating backdoored model...
2025-09-30 13:12:14,378 - INFO - ✓ Creating backdoored model finished in 33.49s.
2025-09-30 13:12:14,378 - INFO - Unfold StepMLP parameters...
2025-09-30 13:12:14,928 - INFO - ✓ Unfold StepMLP parameters finished in 0.55s.
2025-09-30 13:12:14,928 - INFO - KL Divergence...
2025-09-30 13:12:16,536 - INFO - ✓ KL Divergence finished in 1.61s.
2025-09-30 13:12:16,537 - INFO - Parameter sampling...
2025-09-30 13:13:53,103 - INFO - ✓ Parameter sampling finished in 96.57s.
2025-09-30 13:13:53,104 - INFO - Earth Mover's Distance...
2025-09-30 13:13:53,516 - INFO - ✓ Earth Mover's Distance finished in 0.41s.
2025-09-30 13:13:53,516 - INFO - KS Test...
2025-09-30 13:13:53,756 - INFO - ✓ KS Test finished in 0.24s.
2025-09-30 13:13:53,756 - INFO - Descriptive statistics...
2025-09-30 13:13:53,763 - INFO - ✓ Descriptive statistics finished in 0.01s.
2025-09-30 13:13:53,777 - INFO - Generating trigger and payload...
2025-09-30 13:13:53,784 - INFO - ✓ Generating trigger and payload finished in 0.01s.
2025-09-30 13:13:53,784 - INFO - Creating backdoored model...
2025-09-30 13:14:23,804 - INFO - ✓ Creating backdoored model finished in 30.02s.
2025-09-30 13:14:23,805 - INFO - Unfold StepMLP parameters...
2025-09-30 13:14:24,359 - INFO - ✓ Unfold StepMLP parameters finished in 0.55s.
2025-09-30 13:14:24,360 - INFO - KL Divergence...
2025-09-30 13:14:25,889 - INFO - ✓ KL Divergence finished in 1.53s.
2025-09-30 13:14:25,889 - INFO - Parameter sampling...
2025-09-30 13:16:02,935 - INFO - ✓ Parameter sampling finished in 97.05s.
2025-09-30 13:16:02,935 - INFO - Earth Mover's Distance...
2025-09-30 13:16:03,339 - INFO - ✓ Earth Mover's Distance finished in 0.40s.
2025-09-30 13:16:03,340 - INFO - KS Test...
2025-09-30 13:16:03,576 - INFO - ✓ KS Test finished in 0.24s.
2025-09-30 13:16:03,576 - INFO - Descriptive statistics...
2025-09-30 13:16:03,582 - INFO - ✓ Descriptive statistics finished in 0.01s.
2025-09-30 13:16:03,597 - INFO - Generating trigger and payload...
2025-09-30 13:16:03,604 - INFO - ✓ Generating trigger and payload finished in 0.01s.
2025-09-30 13:16:03,604 - INFO - Creating backdoored model...
2025-09-30 13:16:36,776 - INFO - ✓ Creating backdoored model finished in 33.17s.
2025-09-30 13:16:36,776 - INFO - Unfold StepMLP parameters...
2025-09-30 13:16:37,320 - INFO - ✓ Unfold StepMLP parameters finished in 0.54s.
2025-09-30 13:16:37,320 - INFO - KL Divergence...
2025-09-30 13:16:38,854 - INFO - ✓ KL Divergence finished in 1.53s.
2025-09-30 13:16:38,854 - INFO - Parameter sampling...
2025-09-30 13:18:15,635 - INFO - ✓ Parameter sampling finished in 96.78s.
2025-09-30 13:18:15,635 - INFO - Earth Mover's Distance...
2025-09-30 13:18:16,041 - INFO - ✓ Earth Mover's Distance finished in 0.41s.
2025-09-30 13:18:16,041 - INFO - KS Test...
2025-09-30 13:18:16,276 - INFO - ✓ KS Test finished in 0.23s.
2025-09-30 13:18:16,277 - INFO - Descriptive statistics...
2025-09-30 13:18:16,283 - INFO - ✓ Descriptive statistics finished in 0.01s.
2025-09-30 13:18:16,298 - INFO - Generating trigger and payload...
2025-09-30 13:18:16,305 - INFO - ✓ Generating trigger and payload finished in 0.01s.
2025-09-30 13:18:16,305 - INFO - Creating backdoored model...
2025-09-30 13:18:46,056 - INFO - ✓ Creating backdoored model finished in 29.75s.
2025-09-30 13:18:46,057 - INFO - Unfold StepMLP parameters...
2025-09-30 13:18:46,598 - INFO - ✓ Unfold StepMLP parameters finished in 0.54s.
2025-09-30 13:18:46,599 - INFO - KL Divergence...
2025-09-30 13:18:48,134 - INFO - ✓ KL Divergence finished in 1.53s.
2025-09-30 13:18:48,134 - INFO - Parameter sampling...
2025-09-30 13:20:25,088 - INFO - ✓ Parameter sampling finished in 96.95s.
2025-09-30 13:20:25,088 - INFO - Earth Mover's Distance...
2025-09-30 13:20:25,495 - INFO - ✓ Earth Mover's Distance finished in 0.41s.
2025-09-30 13:20:25,495 - INFO - KS Test...
2025-09-30 13:20:25,724 - INFO - ✓ KS Test finished in 0.23s.
2025-09-30 13:20:25,725 - INFO - Descriptive statistics...
2025-09-30 13:20:25,737 - INFO - ✓ Descriptive statistics finished in 0.01s.
2025-09-30 13:20:25,752 - INFO - Generating trigger and payload...
2025-09-30 13:20:25,759 - INFO - ✓ Generating trigger and payload finished in 0.01s.
2025-09-30 13:20:25,759 - INFO - Creating backdoored model...
2025-09-30 13:20:59,088 - INFO - ✓ Creating backdoored model finished in 33.33s.
2025-09-30 13:20:59,088 - INFO - Unfold StepMLP parameters...
2025-09-30 13:20:59,646 - INFO - ✓ Unfold StepMLP parameters finished in 0.56s.
2025-09-30 13:20:59,646 - INFO - KL Divergence...
2025-09-30 13:21:01,174 - INFO - ✓ KL Divergence finished in 1.53s.
2025-09-30 13:21:01,174 - INFO - Parameter sampling...
2025-09-30 13:22:37,500 - INFO - ✓ Parameter sampling finished in 96.33s.
2025-09-30 13:22:37,500 - INFO - Earth Mover's Distance...
2025-09-30 13:22:37,904 - INFO - ✓ Earth Mover's Distance finished in 0.40s.
2025-09-30 13:22:37,904 - INFO - KS Test...
2025-09-30 13:22:38,145 - INFO - ✓ KS Test finished in 0.24s.
2025-09-30 13:22:38,145 - INFO - Descriptive statistics...
2025-09-30 13:22:38,152 - INFO - ✓ Descriptive statistics finished in 0.01s.
2025-09-30 13:22:38,167 - INFO - Generating trigger and payload...
2025-09-30 13:22:38,174 - INFO - ✓ Generating trigger and payload finished in 0.01s.
2025-09-30 13:22:38,174 - INFO - Creating backdoored model...
2025-09-30 13:23:07,669 - INFO - ✓ Creating backdoored model finished in 29.50s.
2025-09-30 13:23:07,670 - INFO - Unfold StepMLP parameters...
2025-09-30 13:23:08,213 - INFO - ✓ Unfold StepMLP parameters finished in 0.54s.
2025-09-30 13:23:08,213 - INFO - KL Divergence...
2025-09-30 13:23:09,739 - INFO - ✓ KL Divergence finished in 1.53s.
2025-09-30 13:23:09,739 - INFO - Parameter sampling...
2025-09-30 13:24:46,785 - INFO - ✓ Parameter sampling finished in 97.05s.
2025-09-30 13:24:46,786 - INFO - Earth Mover's Distance...
2025-09-30 13:24:47,190 - INFO - ✓ Earth Mover's Distance finished in 0.40s.
2025-09-30 13:24:47,190 - INFO - KS Test...
2025-09-30 13:24:47,429 - INFO - ✓ KS Test finished in 0.24s.
2025-09-30 13:24:47,429 - INFO - Descriptive statistics...
2025-09-30 13:24:47,436 - INFO - ✓ Descriptive statistics finished in 0.01s.
2025-09-30 13:24:47,450 - INFO - Generating trigger and payload...
2025-09-30 13:24:47,458 - INFO - ✓ Generating trigger and payload finished in 0.01s.
2025-09-30 13:24:47,458 - INFO - Creating backdoored model...
2025-09-30 13:25:20,545 - INFO - ✓ Creating backdoored model finished in 33.09s.
2025-09-30 13:25:20,545 - INFO - Unfold StepMLP parameters...
2025-09-30 13:25:21,110 - INFO - ✓ Unfold StepMLP parameters finished in 0.57s.
2025-09-30 13:25:21,111 - INFO - KL Divergence...
2025-09-30 13:25:22,658 - INFO - ✓ KL Divergence finished in 1.55s.
2025-09-30 13:25:22,658 - INFO - Parameter sampling...
2025-09-30 13:26:59,480 - INFO - ✓ Parameter sampling finished in 96.82s.
2025-09-30 13:26:59,480 - INFO - Earth Mover's Distance...
2025-09-30 13:26:59,882 - INFO - ✓ Earth Mover's Distance finished in 0.40s.
2025-09-30 13:26:59,883 - INFO - KS Test...
2025-09-30 13:27:00,115 - INFO - ✓ KS Test finished in 0.23s.
2025-09-30 13:27:00,115 - INFO - Descriptive statistics...
2025-09-30 13:27:00,127 - INFO - ✓ Descriptive statistics finished in 0.01s.
2025-09-30 13:27:00,141 - INFO - Generating trigger and payload...
2025-09-30 13:27:00,149 - INFO - ✓ Generating trigger and payload finished in 0.01s.
2025-09-30 13:27:00,149 - INFO - Creating backdoored model...
2025-09-30 13:27:29,702 - INFO - ✓ Creating backdoored model finished in 29.55s.
2025-09-30 13:27:29,703 - INFO - Unfold StepMLP parameters...
2025-09-30 13:27:30,266 - INFO - ✓ Unfold StepMLP parameters finished in 0.56s.
2025-09-30 13:27:30,266 - INFO - KL Divergence...
2025-09-30 13:27:31,807 - INFO - ✓ KL Divergence finished in 1.54s.
2025-09-30 13:27:31,807 - INFO - Parameter sampling...
2025-09-30 13:29:08,875 - INFO - ✓ Parameter sampling finished in 97.07s.
2025-09-30 13:29:08,875 - INFO - Earth Mover's Distance...
2025-09-30 13:29:09,281 - INFO - ✓ Earth Mover's Distance finished in 0.41s.
2025-09-30 13:29:09,282 - INFO - KS Test...
2025-09-30 13:29:09,518 - INFO - ✓ KS Test finished in 0.24s.
2025-09-30 13:29:09,518 - INFO - Descriptive statistics...
2025-09-30 13:29:09,525 - INFO - ✓ Descriptive statistics finished in 0.01s.
2025-09-30 13:29:09,540 - INFO - Generating trigger and payload...
2025-09-30 13:29:09,546 - INFO - ✓ Generating trigger and payload finished in 0.01s.
2025-09-30 13:29:09,547 - INFO - Creating backdoored model...
2025-09-30 13:29:42,813 - INFO - ✓ Creating backdoored model finished in 33.27s.
2025-09-30 13:29:42,813 - INFO - Unfold StepMLP parameters...
2025-09-30 13:29:43,398 - INFO - ✓ Unfold StepMLP parameters finished in 0.58s.
2025-09-30 13:29:43,398 - INFO - KL Divergence...
2025-09-30 13:29:44,925 - INFO - ✓ KL Divergence finished in 1.53s.
2025-09-30 13:29:44,925 - INFO - Parameter sampling...
2025-09-30 13:31:21,249 - INFO - ✓ Parameter sampling finished in 96.32s.
2025-09-30 13:31:21,249 - INFO - Earth Mover's Distance...
2025-09-30 13:31:21,651 - INFO - ✓ Earth Mover's Distance finished in 0.40s.
2025-09-30 13:31:21,652 - INFO - KS Test...
2025-09-30 13:31:21,886 - INFO - ✓ KS Test finished in 0.23s.
2025-09-30 13:31:21,887 - INFO - Descriptive statistics...
2025-09-30 13:31:21,893 - INFO - ✓ Descriptive statistics finished in 0.01s.
2025-09-30 13:31:21,908 - INFO - Generating trigger and payload...
2025-09-30 13:31:21,915 - INFO - ✓ Generating trigger and payload finished in 0.01s.
2025-09-30 13:31:21,915 - INFO - Creating backdoored model...
2025-09-30 13:31:51,386 - INFO - ✓ Creating backdoored model finished in 29.47s.
2025-09-30 13:31:51,386 - INFO - Unfold StepMLP parameters...
2025-09-30 13:31:51,950 - INFO - ✓ Unfold StepMLP parameters finished in 0.56s.
2025-09-30 13:31:51,951 - INFO - KL Divergence...
2025-09-30 13:31:53,618 - INFO - ✓ KL Divergence finished in 1.67s.
2025-09-30 13:31:53,618 - INFO - Parameter sampling...
2025-09-30 13:33:30,203 - INFO - ✓ Parameter sampling finished in 96.58s.
2025-09-30 13:33:30,203 - INFO - Earth Mover's Distance...
2025-09-30 13:33:30,609 - INFO - ✓ Earth Mover's Distance finished in 0.41s.
2025-09-30 13:33:30,609 - INFO - KS Test...
2025-09-30 13:33:30,849 - INFO - ✓ KS Test finished in 0.24s.
2025-09-30 13:33:30,849 - INFO - Descriptive statistics...
2025-09-30 13:33:30,856 - INFO - ✓ Descriptive statistics finished in 0.01s.
2025-09-30 13:33:30,870 - INFO - Generating trigger and payload...
2025-09-30 13:33:30,878 - INFO - ✓ Generating trigger and payload finished in 0.01s.
2025-09-30 13:33:30,878 - INFO - Creating backdoored model...
2025-09-30 13:34:04,132 - INFO - ✓ Creating backdoored model finished in 33.25s.
2025-09-30 13:34:04,133 - INFO - Unfold StepMLP parameters...
2025-09-30 13:34:04,678 - INFO - ✓ Unfold StepMLP parameters finished in 0.54s.
2025-09-30 13:34:04,678 - INFO - KL Divergence...
2025-09-30 13:34:06,213 - INFO - ✓ KL Divergence finished in 1.53s.
2025-09-30 13:34:06,213 - INFO - Parameter sampling...
2025-09-30 13:35:43,310 - INFO - ✓ Parameter sampling finished in 97.10s.
2025-09-30 13:35:43,311 - INFO - Earth Mover's Distance...
2025-09-30 13:35:43,718 - INFO - ✓ Earth Mover's Distance finished in 0.41s.
2025-09-30 13:35:43,719 - INFO - KS Test...
2025-09-30 13:35:43,963 - INFO - ✓ KS Test finished in 0.24s.
2025-09-30 13:35:43,964 - INFO - Descriptive statistics...
2025-09-30 13:35:43,970 - INFO - ✓ Descriptive statistics finished in 0.01s.
2025-09-30 13:35:43,985 - INFO - Generating trigger and payload...
2025-09-30 13:35:43,992 - INFO - ✓ Generating trigger and payload finished in 0.01s.
2025-09-30 13:35:43,992 - INFO - Creating backdoored model...
2025-09-30 13:36:13,624 - INFO - ✓ Creating backdoored model finished in 29.63s.
2025-09-30 13:36:13,624 - INFO - Unfold StepMLP parameters...
2025-09-30 13:36:14,167 - INFO - ✓ Unfold StepMLP parameters finished in 0.54s.
2025-09-30 13:36:14,167 - INFO - KL Divergence...
2025-09-30 13:36:15,703 - INFO - ✓ KL Divergence finished in 1.54s.
2025-09-30 13:36:15,703 - INFO - Parameter sampling...
2025-09-30 13:37:52,682 - INFO - ✓ Parameter sampling finished in 96.98s.
2025-09-30 13:37:52,683 - INFO - Earth Mover's Distance...
2025-09-30 13:37:53,095 - INFO - ✓ Earth Mover's Distance finished in 0.41s.
2025-09-30 13:37:53,095 - INFO - KS Test...
2025-09-30 13:37:53,330 - INFO - ✓ KS Test finished in 0.24s.
2025-09-30 13:37:53,330 - INFO - Descriptive statistics...
2025-09-30 13:37:53,337 - INFO - ✓ Descriptive statistics finished in 0.01s.
2025-09-30 13:37:53,352 - INFO - Generating trigger and payload...
2025-09-30 13:37:53,359 - INFO - ✓ Generating trigger and payload finished in 0.01s.
2025-09-30 13:37:53,359 - INFO - Creating backdoored model...
2025-09-30 13:38:26,586 - INFO - ✓ Creating backdoored model finished in 33.23s.
2025-09-30 13:38:26,586 - INFO - Unfold StepMLP parameters...
2025-09-30 13:38:27,143 - INFO - ✓ Unfold StepMLP parameters finished in 0.56s.
2025-09-30 13:38:27,144 - INFO - KL Divergence...
2025-09-30 13:38:28,680 - INFO - ✓ KL Divergence finished in 1.54s.
2025-09-30 13:38:28,680 - INFO - Parameter sampling...
2025-09-30 13:40:05,395 - INFO - ✓ Parameter sampling finished in 96.72s.
2025-09-30 13:40:05,395 - INFO - Earth Mover's Distance...
2025-09-30 13:40:05,805 - INFO - ✓ Earth Mover's Distance finished in 0.41s.
2025-09-30 13:40:05,806 - INFO - KS Test...
2025-09-30 13:40:06,040 - INFO - ✓ KS Test finished in 0.23s.
2025-09-30 13:40:06,041 - INFO - Descriptive statistics...
2025-09-30 13:40:06,047 - INFO - ✓ Descriptive statistics finished in 0.01s.
2025-09-30 13:40:06,061 - INFO - Generating trigger and payload...
2025-09-30 13:40:06,069 - INFO - ✓ Generating trigger and payload finished in 0.01s.
2025-09-30 13:40:06,069 - INFO - Creating backdoored model...
2025-09-30 13:40:35,524 - INFO - ✓ Creating backdoored model finished in 29.45s.
2025-09-30 13:40:35,524 - INFO - Unfold StepMLP parameters...
2025-09-30 13:40:36,067 - INFO - ✓ Unfold StepMLP parameters finished in 0.54s.
2025-09-30 13:40:36,068 - INFO - KL Divergence...
2025-09-30 13:40:37,603 - INFO - ✓ KL Divergence finished in 1.54s.
2025-09-30 13:40:37,603 - INFO - Parameter sampling...
2025-09-30 13:42:14,411 - INFO - ✓ Parameter sampling finished in 96.81s.
2025-09-30 13:42:14,411 - INFO - Earth Mover's Distance...
2025-09-30 13:42:14,823 - INFO - ✓ Earth Mover's Distance finished in 0.41s.
2025-09-30 13:42:14,823 - INFO - KS Test...
2025-09-30 13:42:15,063 - INFO - ✓ KS Test finished in 0.24s.
2025-09-30 13:42:15,064 - INFO - Descriptive statistics...
2025-09-30 13:42:15,070 - INFO - ✓ Descriptive statistics finished in 0.01s.
2025-09-30 13:42:15,085 - INFO - Generating trigger and payload...
2025-09-30 13:42:15,093 - INFO - ✓ Generating trigger and payload finished in 0.01s.
2025-09-30 13:42:15,093 - INFO - Creating backdoored model...
2025-09-30 13:42:48,403 - INFO - ✓ Creating backdoored model finished in 33.31s.
2025-09-30 13:42:48,404 - INFO - Unfold StepMLP parameters...
2025-09-30 13:42:48,957 - INFO - ✓ Unfold StepMLP parameters finished in 0.55s.
2025-09-30 13:42:48,957 - INFO - KL Divergence...
2025-09-30 13:42:50,494 - INFO - ✓ KL Divergence finished in 1.54s.
2025-09-30 13:42:50,494 - INFO - Parameter sampling...
2025-09-30 13:44:27,085 - INFO - ✓ Parameter sampling finished in 96.59s.
2025-09-30 13:44:27,085 - INFO - Earth Mover's Distance...
2025-09-30 13:44:27,491 - INFO - ✓ Earth Mover's Distance finished in 0.41s.
2025-09-30 13:44:27,491 - INFO - KS Test...
2025-09-30 13:44:27,736 - INFO - ✓ KS Test finished in 0.25s.
2025-09-30 13:44:27,736 - INFO - Descriptive statistics...
2025-09-30 13:44:27,748 - INFO - ✓ Descriptive statistics finished in 0.01s.
2025-09-30 13:44:27,763 - INFO - Generating trigger and payload...
2025-09-30 13:44:27,770 - INFO - ✓ Generating trigger and payload finished in 0.01s.
2025-09-30 13:44:27,770 - INFO - Creating backdoored model...
2025-09-30 13:44:57,318 - INFO - ✓ Creating backdoored model finished in 29.55s.
2025-09-30 13:44:57,319 - INFO - Unfold StepMLP parameters...
2025-09-30 13:44:57,859 - INFO - ✓ Unfold StepMLP parameters finished in 0.54s.
2025-09-30 13:44:57,860 - INFO - KL Divergence...
2025-09-30 13:44:59,454 - INFO - ✓ KL Divergence finished in 1.59s.
2025-09-30 13:44:59,454 - INFO - Parameter sampling...
2025-09-30 13:46:36,360 - INFO - ✓ Parameter sampling finished in 96.91s.
2025-09-30 13:46:36,360 - INFO - Earth Mover's Distance...
2025-09-30 13:46:36,766 - INFO - ✓ Earth Mover's Distance finished in 0.41s.
2025-09-30 13:46:36,766 - INFO - KS Test...
2025-09-30 13:46:37,007 - INFO - ✓ KS Test finished in 0.24s.
2025-09-30 13:46:37,008 - INFO - Descriptive statistics...
2025-09-30 13:46:37,014 - INFO - ✓ Descriptive statistics finished in 0.01s.
2025-09-30 13:46:37,029 - INFO - Generating trigger and payload...
2025-09-30 13:46:37,036 - INFO - ✓ Generating trigger and payload finished in 0.01s.
2025-09-30 13:46:37,036 - INFO - Creating backdoored model...
2025-09-30 13:47:10,259 - INFO - ✓ Creating backdoored model finished in 33.22s.
2025-09-30 13:47:10,260 - INFO - Unfold StepMLP parameters...
2025-09-30 13:47:10,803 - INFO - ✓ Unfold StepMLP parameters finished in 0.54s.
2025-09-30 13:47:10,804 - INFO - KL Divergence...
2025-09-30 13:47:12,338 - INFO - ✓ KL Divergence finished in 1.53s.
2025-09-30 13:47:12,339 - INFO - Parameter sampling...
2025-09-30 13:48:48,836 - INFO - ✓ Parameter sampling finished in 96.50s.
2025-09-30 13:48:48,836 - INFO - Earth Mover's Distance...
2025-09-30 13:48:49,240 - INFO - ✓ Earth Mover's Distance finished in 0.40s.
2025-09-30 13:48:49,241 - INFO - KS Test...
2025-09-30 13:48:49,479 - INFO - ✓ KS Test finished in 0.24s.
2025-09-30 13:48:49,480 - INFO - Descriptive statistics...
2025-09-30 13:48:49,486 - INFO - ✓ Descriptive statistics finished in 0.01s.
2025-09-30 13:48:49,501 - INFO - Generating trigger and payload...
2025-09-30 13:48:49,508 - INFO - ✓ Generating trigger and payload finished in 0.01s.
2025-09-30 13:48:49,508 - INFO - Creating backdoored model...
2025-09-30 13:49:18,953 - INFO - ✓ Creating backdoored model finished in 29.44s.
2025-09-30 13:49:18,954 - INFO - Unfold StepMLP parameters...
2025-09-30 13:49:19,523 - INFO - ✓ Unfold StepMLP parameters finished in 0.57s.
2025-09-30 13:49:19,524 - INFO - KL Divergence...
2025-09-30 13:49:21,052 - INFO - ✓ KL Divergence finished in 1.53s.
2025-09-30 13:49:21,052 - INFO - Parameter sampling...
2025-09-30 13:50:57,815 - INFO - ✓ Parameter sampling finished in 96.76s.
2025-09-30 13:50:57,815 - INFO - Earth Mover's Distance...
2025-09-30 13:50:58,224 - INFO - ✓ Earth Mover's Distance finished in 0.41s.
2025-09-30 13:50:58,225 - INFO - KS Test...
2025-09-30 13:50:58,463 - INFO - ✓ KS Test finished in 0.24s.
2025-09-30 13:50:58,464 - INFO - Descriptive statistics...
2025-09-30 13:50:58,472 - INFO - ✓ Descriptive statistics finished in 0.01s.
2025-09-30 13:50:58,487 - INFO - Generating trigger and payload...
2025-09-30 13:50:58,494 - INFO - ✓ Generating trigger and payload finished in 0.01s.
2025-09-30 13:50:58,494 - INFO - Creating backdoored model...
2025-09-30 13:51:31,632 - INFO - ✓ Creating backdoored model finished in 33.14s.
2025-09-30 13:51:31,633 - INFO - Unfold StepMLP parameters...
2025-09-30 13:51:32,185 - INFO - ✓ Unfold StepMLP parameters finished in 0.55s.
2025-09-30 13:51:32,185 - INFO - KL Divergence...
2025-09-30 13:51:33,747 - INFO - ✓ KL Divergence finished in 1.56s.
2025-09-30 13:51:33,747 - INFO - Parameter sampling...
2025-09-30 13:53:10,052 - INFO - ✓ Parameter sampling finished in 96.31s.
2025-09-30 13:53:10,052 - INFO - Earth Mover's Distance...
2025-09-30 13:53:10,456 - INFO - ✓ Earth Mover's Distance finished in 0.40s.
2025-09-30 13:53:10,456 - INFO - KS Test...
2025-09-30 13:53:10,690 - INFO - ✓ KS Test finished in 0.23s.
2025-09-30 13:53:10,690 - INFO - Descriptive statistics...
2025-09-30 13:53:10,696 - INFO - ✓ Descriptive statistics finished in 0.01s.
2025-09-30 13:53:10,711 - INFO - Generating trigger and payload...
2025-09-30 13:53:10,718 - INFO - ✓ Generating trigger and payload finished in 0.01s.
2025-09-30 13:53:10,718 - INFO - Creating backdoored model...
2025-09-30 13:53:40,111 - INFO - ✓ Creating backdoored model finished in 29.39s.
2025-09-30 13:53:40,111 - INFO - Unfold StepMLP parameters...
2025-09-30 13:53:40,659 - INFO - ✓ Unfold StepMLP parameters finished in 0.55s.
2025-09-30 13:53:40,660 - INFO - KL Divergence...
2025-09-30 13:53:42,197 - INFO - ✓ KL Divergence finished in 1.54s.
2025-09-30 13:53:42,197 - INFO - Parameter sampling...
2025-09-30 13:55:18,928 - INFO - ✓ Parameter sampling finished in 96.73s.
2025-09-30 13:55:18,929 - INFO - Earth Mover's Distance...
2025-09-30 13:55:19,332 - INFO - ✓ Earth Mover's Distance finished in 0.40s.
2025-09-30 13:55:19,332 - INFO - KS Test...
2025-09-30 13:55:19,574 - INFO - ✓ KS Test finished in 0.24s.
2025-09-30 13:55:19,574 - INFO - Descriptive statistics...
2025-09-30 13:55:19,583 - INFO - ✓ Descriptive statistics finished in 0.01s.
2025-09-30 13:55:19,598 - INFO - Generating trigger and payload...
2025-09-30 13:55:19,605 - INFO - ✓ Generating trigger and payload finished in 0.01s.
2025-09-30 13:55:19,605 - INFO - Creating backdoored model...
2025-09-30 13:55:52,712 - INFO - ✓ Creating backdoored model finished in 33.11s.
2025-09-30 13:55:52,713 - INFO - Unfold StepMLP parameters...
2025-09-30 13:55:53,325 - INFO - ✓ Unfold StepMLP parameters finished in 0.61s.
2025-09-30 13:55:53,325 - INFO - KL Divergence...
2025-09-30 13:55:54,975 - INFO - ✓ KL Divergence finished in 1.65s.
2025-09-30 13:55:54,976 - INFO - Parameter sampling...
2025-09-30 13:57:31,555 - INFO - ✓ Parameter sampling finished in 96.58s.
2025-09-30 13:57:31,556 - INFO - Earth Mover's Distance...
2025-09-30 13:57:31,965 - INFO - ✓ Earth Mover's Distance finished in 0.41s.
2025-09-30 13:57:31,965 - INFO - KS Test...
2025-09-30 13:57:32,209 - INFO - ✓ KS Test finished in 0.24s.
2025-09-30 13:57:32,210 - INFO - Descriptive statistics...
2025-09-30 13:57:32,216 - INFO - ✓ Descriptive statistics finished in 0.01s.
2025-09-30 13:57:32,231 - INFO - Generating trigger and payload...
2025-09-30 13:57:32,238 - INFO - ✓ Generating trigger and payload finished in 0.01s.
2025-09-30 13:57:32,238 - INFO - Creating backdoored model...
2025-09-30 13:58:01,725 - INFO - ✓ Creating backdoored model finished in 29.49s.
2025-09-30 13:58:01,725 - INFO - Unfold StepMLP parameters...
2025-09-30 13:58:02,277 - INFO - ✓ Unfold StepMLP parameters finished in 0.55s.
2025-09-30 13:58:02,278 - INFO - KL Divergence...
2025-09-30 13:58:03,849 - INFO - ✓ KL Divergence finished in 1.57s.
2025-09-30 13:58:03,849 - INFO - Parameter sampling...
2025-09-30 13:59:40,402 - INFO - ✓ Parameter sampling finished in 96.55s.
2025-09-30 13:59:40,403 - INFO - Earth Mover's Distance...
2025-09-30 13:59:40,807 - INFO - ✓ Earth Mover's Distance finished in 0.40s.
2025-09-30 13:59:40,807 - INFO - KS Test...
2025-09-30 13:59:41,049 - INFO - ✓ KS Test finished in 0.24s.
2025-09-30 13:59:41,049 - INFO - Descriptive statistics...
2025-09-30 13:59:41,056 - INFO - ✓ Descriptive statistics finished in 0.01s.
2025-09-30 13:59:41,071 - INFO - Generating trigger and payload...
2025-09-30 13:59:41,077 - INFO - ✓ Generating trigger and payload finished in 0.01s.
2025-09-30 13:59:41,078 - INFO - Creating backdoored model...
2025-09-30 14:00:14,197 - INFO - ✓ Creating backdoored model finished in 33.12s.
2025-09-30 14:00:14,197 - INFO - Unfold StepMLP parameters...
2025-09-30 14:00:14,740 - INFO - ✓ Unfold StepMLP parameters finished in 0.54s.
2025-09-30 14:00:14,740 - INFO - KL Divergence...
2025-09-30 14:00:16,297 - INFO - ✓ KL Divergence finished in 1.56s.
2025-09-30 14:00:16,297 - INFO - Parameter sampling...
2025-09-30 14:01:52,601 - INFO - ✓ Parameter sampling finished in 96.30s.
2025-09-30 14:01:52,601 - INFO - Earth Mover's Distance...
2025-09-30 14:01:53,006 - INFO - ✓ Earth Mover's Distance finished in 0.41s.
2025-09-30 14:01:53,007 - INFO - KS Test...
2025-09-30 14:01:53,250 - INFO - ✓ KS Test finished in 0.24s.
2025-09-30 14:01:53,251 - INFO - Descriptive statistics...
2025-09-30 14:01:53,257 - INFO - ✓ Descriptive statistics finished in 0.01s.
2025-09-30 14:01:53,271 - INFO - Generating trigger and payload...
2025-09-30 14:01:53,279 - INFO - ✓ Generating trigger and payload finished in 0.01s.
2025-09-30 14:01:53,279 - INFO - Creating backdoored model...
2025-09-30 14:02:22,768 - INFO - ✓ Creating backdoored model finished in 29.49s.
2025-09-30 14:02:22,768 - INFO - Unfold StepMLP parameters...
2025-09-30 14:02:23,391 - INFO - ✓ Unfold StepMLP parameters finished in 0.62s.
2025-09-30 14:02:23,391 - INFO - KL Divergence...
2025-09-30 14:02:24,988 - INFO - ✓ KL Divergence finished in 1.60s.
2025-09-30 14:02:24,989 - INFO - Parameter sampling...
2025-09-30 14:04:01,730 - INFO - ✓ Parameter sampling finished in 96.74s.
2025-09-30 14:04:01,730 - INFO - Earth Mover's Distance...
2025-09-30 14:04:02,141 - INFO - ✓ Earth Mover's Distance finished in 0.41s.
2025-09-30 14:04:02,141 - INFO - KS Test...
2025-09-30 14:04:02,376 - INFO - ✓ KS Test finished in 0.23s.
2025-09-30 14:04:02,376 - INFO - Descriptive statistics...
2025-09-30 14:04:02,383 - INFO - ✓ Descriptive statistics finished in 0.01s.
2025-09-30 14:04:02,398 - INFO - Generating trigger and payload...
2025-09-30 14:04:02,405 - INFO - ✓ Generating trigger and payload finished in 0.01s.
2025-09-30 14:04:02,405 - INFO - Creating backdoored model...
2025-09-30 14:04:35,730 - INFO - ✓ Creating backdoored model finished in 33.33s.
2025-09-30 14:04:35,731 - INFO - Unfold StepMLP parameters...
2025-09-30 14:04:36,285 - INFO - ✓ Unfold StepMLP parameters finished in 0.55s.
2025-09-30 14:04:36,285 - INFO - KL Divergence...
2025-09-30 14:04:37,831 - INFO - ✓ KL Divergence finished in 1.55s.
2025-09-30 14:04:37,831 - INFO - Parameter sampling...
2025-09-30 14:06:14,144 - INFO - ✓ Parameter sampling finished in 96.31s.
2025-09-30 14:06:14,145 - INFO - Earth Mover's Distance...
2025-09-30 14:06:14,549 - INFO - ✓ Earth Mover's Distance finished in 0.40s.
2025-09-30 14:06:14,549 - INFO - KS Test...
2025-09-30 14:06:14,788 - INFO - ✓ KS Test finished in 0.24s.
2025-09-30 14:06:14,788 - INFO - Descriptive statistics...
2025-09-30 14:06:14,800 - INFO - ✓ Descriptive statistics finished in 0.01s.
2025-09-30 14:06:14,815 - INFO - Generating trigger and payload...
2025-09-30 14:06:14,822 - INFO - ✓ Generating trigger and payload finished in 0.01s.
2025-09-30 14:06:14,822 - INFO - Creating backdoored model...
2025-09-30 14:06:44,360 - INFO - ✓ Creating backdoored model finished in 29.54s.
2025-09-30 14:06:44,361 - INFO - Unfold StepMLP parameters...
2025-09-30 14:06:44,907 - INFO - ✓ Unfold StepMLP parameters finished in 0.55s.
2025-09-30 14:06:44,908 - INFO - KL Divergence...
2025-09-30 14:06:46,442 - INFO - ✓ KL Divergence finished in 1.53s.
2025-09-30 14:06:46,442 - INFO - Parameter sampling...
2025-09-30 14:08:23,066 - INFO - ✓ Parameter sampling finished in 96.62s.
2025-09-30 14:08:23,066 - INFO - Earth Mover's Distance...
2025-09-30 14:08:23,471 - INFO - ✓ Earth Mover's Distance finished in 0.41s.
2025-09-30 14:08:23,472 - INFO - KS Test...
2025-09-30 14:08:23,713 - INFO - ✓ KS Test finished in 0.24s.
2025-09-30 14:08:23,713 - INFO - Descriptive statistics...
2025-09-30 14:08:23,720 - INFO - ✓ Descriptive statistics finished in 0.01s.
2025-09-30 14:08:23,734 - INFO - Generating trigger and payload...
2025-09-30 14:08:23,742 - INFO - ✓ Generating trigger and payload finished in 0.01s.
2025-09-30 14:08:23,742 - INFO - Creating backdoored model...
2025-09-30 14:08:56,865 - INFO - ✓ Creating backdoored model finished in 33.12s.
2025-09-30 14:08:56,866 - INFO - Unfold StepMLP parameters...
2025-09-30 14:08:57,412 - INFO - ✓ Unfold StepMLP parameters finished in 0.55s.
2025-09-30 14:08:57,412 - INFO - KL Divergence...
2025-09-30 14:08:58,952 - INFO - ✓ KL Divergence finished in 1.54s.
2025-09-30 14:08:58,952 - INFO - Parameter sampling...
2025-09-30 14:10:35,772 - INFO - ✓ Parameter sampling finished in 96.82s.
2025-09-30 14:10:35,772 - INFO - Earth Mover's Distance...
2025-09-30 14:10:36,177 - INFO - ✓ Earth Mover's Distance finished in 0.40s.
2025-09-30 14:10:36,177 - INFO - KS Test...
2025-09-30 14:10:36,414 - INFO - ✓ KS Test finished in 0.24s.
2025-09-30 14:10:36,414 - INFO - Descriptive statistics...
2025-09-30 14:10:36,426 - INFO - ✓ Descriptive statistics finished in 0.01s.
2025-09-30 14:10:36,441 - INFO - Generating trigger and payload...
2025-09-30 14:10:36,448 - INFO - ✓ Generating trigger and payload finished in 0.01s.
2025-09-30 14:10:36,448 - INFO - Creating backdoored model...
2025-09-30 14:11:06,001 - INFO - ✓ Creating backdoored model finished in 29.55s.
2025-09-30 14:11:06,002 - INFO - Unfold StepMLP parameters...
2025-09-30 14:11:06,556 - INFO - ✓ Unfold StepMLP parameters finished in 0.55s.
2025-09-30 14:11:06,556 - INFO - KL Divergence...
2025-09-30 14:11:08,094 - INFO - ✓ KL Divergence finished in 1.54s.
2025-09-30 14:11:08,094 - INFO - Parameter sampling...
2025-09-30 14:12:44,921 - INFO - ✓ Parameter sampling finished in 96.83s.
2025-09-30 14:12:44,922 - INFO - Earth Mover's Distance...
2025-09-30 14:12:45,327 - INFO - ✓ Earth Mover's Distance finished in 0.41s.
2025-09-30 14:12:45,327 - INFO - KS Test...
2025-09-30 14:12:45,570 - INFO - ✓ KS Test finished in 0.24s.
2025-09-30 14:12:45,571 - INFO - Descriptive statistics...
2025-09-30 14:12:45,577 - INFO - ✓ Descriptive statistics finished in 0.01s.
2025-09-30 14:12:45,592 - INFO - Generating trigger and payload...
2025-09-30 14:12:45,599 - INFO - ✓ Generating trigger and payload finished in 0.01s.
2025-09-30 14:12:45,599 - INFO - Creating backdoored model...
2025-09-30 14:13:18,809 - INFO - ✓ Creating backdoored model finished in 33.21s.
2025-09-30 14:13:18,809 - INFO - Unfold StepMLP parameters...
2025-09-30 14:13:19,358 - INFO - ✓ Unfold StepMLP parameters finished in 0.55s.
2025-09-30 14:13:19,359 - INFO - KL Divergence...
2025-09-30 14:13:20,885 - INFO - ✓ KL Divergence finished in 1.53s.
2025-09-30 14:13:20,886 - INFO - Parameter sampling...
2025-09-30 14:14:57,220 - INFO - ✓ Parameter sampling finished in 96.33s.
2025-09-30 14:14:57,220 - INFO - Earth Mover's Distance...
2025-09-30 14:14:57,626 - INFO - ✓ Earth Mover's Distance finished in 0.41s.
2025-09-30 14:14:57,627 - INFO - KS Test...
2025-09-30 14:14:57,869 - INFO - ✓ KS Test finished in 0.24s.
2025-09-30 14:14:57,870 - INFO - Descriptive statistics...
2025-09-30 14:14:57,876 - INFO - ✓ Descriptive statistics finished in 0.01s.
2025-09-30 14:14:57,890 - INFO - Generating trigger and payload...
2025-09-30 14:14:57,897 - INFO - ✓ Generating trigger and payload finished in 0.01s.
2025-09-30 14:14:57,897 - INFO - Creating backdoored model...
2025-09-30 14:15:27,394 - INFO - ✓ Creating backdoored model finished in 29.50s.
2025-09-30 14:15:27,394 - INFO - Unfold StepMLP parameters...
2025-09-30 14:15:27,946 - INFO - ✓ Unfold StepMLP parameters finished in 0.55s.
2025-09-30 14:15:27,946 - INFO - KL Divergence...
2025-09-30 14:15:29,480 - INFO - ✓ KL Divergence finished in 1.53s.
2025-09-30 14:15:29,481 - INFO - Parameter sampling...
2025-09-30 14:17:06,401 - INFO - ✓ Parameter sampling finished in 96.92s.
2025-09-30 14:17:06,401 - INFO - Earth Mover's Distance...
2025-09-30 14:17:06,813 - INFO - ✓ Earth Mover's Distance finished in 0.41s.
2025-09-30 14:17:06,814 - INFO - KS Test...
2025-09-30 14:17:07,057 - INFO - ✓ KS Test finished in 0.24s.
2025-09-30 14:17:07,057 - INFO - Descriptive statistics...
2025-09-30 14:17:07,070 - INFO - ✓ Descriptive statistics finished in 0.01s.
2025-09-30 14:17:07,084 - INFO - Generating trigger and payload...
2025-09-30 14:17:07,092 - INFO - ✓ Generating trigger and payload finished in 0.01s.
2025-09-30 14:17:07,092 - INFO - Creating backdoored model...
2025-09-30 14:17:40,426 - INFO - ✓ Creating backdoored model finished in 33.33s.
2025-09-30 14:17:40,426 - INFO - Unfold StepMLP parameters...
2025-09-30 14:17:40,974 - INFO - ✓ Unfold StepMLP parameters finished in 0.55s.
2025-09-30 14:17:40,974 - INFO - KL Divergence...
2025-09-30 14:17:42,511 - INFO - ✓ KL Divergence finished in 1.54s.
2025-09-30 14:17:42,512 - INFO - Parameter sampling...
2025-09-30 14:19:19,103 - INFO - ✓ Parameter sampling finished in 96.59s.
2025-09-30 14:19:19,104 - INFO - Earth Mover's Distance...
2025-09-30 14:19:19,511 - INFO - ✓ Earth Mover's Distance finished in 0.41s.
2025-09-30 14:19:19,511 - INFO - KS Test...
2025-09-30 14:19:19,745 - INFO - ✓ KS Test finished in 0.23s.
2025-09-30 14:19:19,745 - INFO - Descriptive statistics...
2025-09-30 14:19:19,752 - INFO - ✓ Descriptive statistics finished in 0.01s.
2025-09-30 14:19:19,767 - INFO - Generating trigger and payload...
2025-09-30 14:19:19,774 - INFO - ✓ Generating trigger and payload finished in 0.01s.
2025-09-30 14:19:19,774 - INFO - Creating backdoored model...
2025-09-30 14:19:49,595 - INFO - ✓ Creating backdoored model finished in 29.82s.
2025-09-30 14:19:49,595 - INFO - Unfold StepMLP parameters...
2025-09-30 14:19:50,149 - INFO - ✓ Unfold StepMLP parameters finished in 0.55s.
2025-09-30 14:19:50,149 - INFO - KL Divergence...
2025-09-30 14:19:51,695 - INFO - ✓ KL Divergence finished in 1.55s.
2025-09-30 14:19:51,695 - INFO - Parameter sampling...
2025-09-30 14:21:28,728 - INFO - ✓ Parameter sampling finished in 97.03s.
2025-09-30 14:21:28,728 - INFO - Earth Mover's Distance...
2025-09-30 14:21:29,133 - INFO - ✓ Earth Mover's Distance finished in 0.40s.
2025-09-30 14:21:29,133 - INFO - KS Test...
2025-09-30 14:21:29,374 - INFO - ✓ KS Test finished in 0.24s.
2025-09-30 14:21:29,375 - INFO - Descriptive statistics...
2025-09-30 14:21:29,381 - INFO - ✓ Descriptive statistics finished in 0.01s.
2025-09-30 14:21:29,396 - INFO - Generating trigger and payload...
2025-09-30 14:21:29,403 - INFO - ✓ Generating trigger and payload finished in 0.01s.
2025-09-30 14:21:29,403 - INFO - Creating backdoored model...
2025-09-30 14:22:02,769 - INFO - ✓ Creating backdoored model finished in 33.37s.
2025-09-30 14:22:02,769 - INFO - Unfold StepMLP parameters...
2025-09-30 14:22:03,357 - INFO - ✓ Unfold StepMLP parameters finished in 0.59s.
2025-09-30 14:22:03,358 - INFO - KL Divergence...
2025-09-30 14:22:04,887 - INFO - ✓ KL Divergence finished in 1.53s.
2025-09-30 14:22:04,887 - INFO - Parameter sampling...
2025-09-30 14:23:41,682 - INFO - ✓ Parameter sampling finished in 96.80s.
2025-09-30 14:23:41,683 - INFO - Earth Mover's Distance...
2025-09-30 14:23:42,092 - INFO - ✓ Earth Mover's Distance finished in 0.41s.
2025-09-30 14:23:42,092 - INFO - KS Test...
2025-09-30 14:23:42,327 - INFO - ✓ KS Test finished in 0.23s.
2025-09-30 14:23:42,327 - INFO - Descriptive statistics...
2025-09-30 14:23:42,339 - INFO - ✓ Descriptive statistics finished in 0.01s.
2025-09-30 14:23:42,354 - INFO - Generating trigger and payload...
2025-09-30 14:23:42,361 - INFO - ✓ Generating trigger and payload finished in 0.01s.
2025-09-30 14:23:42,361 - INFO - Creating backdoored model...
2025-09-30 14:24:12,112 - INFO - ✓ Creating backdoored model finished in 29.75s.
2025-09-30 14:24:12,113 - INFO - Unfold StepMLP parameters...
2025-09-30 14:24:12,659 - INFO - ✓ Unfold StepMLP parameters finished in 0.55s.
2025-09-30 14:24:12,660 - INFO - KL Divergence...
2025-09-30 14:24:14,230 - INFO - ✓ KL Divergence finished in 1.57s.
2025-09-30 14:24:14,230 - INFO - Parameter sampling...
2025-09-30 14:25:51,251 - INFO - ✓ Parameter sampling finished in 97.02s.
2025-09-30 14:25:51,251 - INFO - Earth Mover's Distance...
2025-09-30 14:25:51,659 - INFO - ✓ Earth Mover's Distance finished in 0.41s.
2025-09-30 14:25:51,659 - INFO - KS Test...
2025-09-30 14:25:51,897 - INFO - ✓ KS Test finished in 0.24s.
2025-09-30 14:25:51,897 - INFO - Descriptive statistics...
2025-09-30 14:25:51,905 - INFO - ✓ Descriptive statistics finished in 0.01s.
2025-09-30 14:25:51,920 - INFO - Generating trigger and payload...
2025-09-30 14:25:51,927 - INFO - ✓ Generating trigger and payload finished in 0.01s.
2025-09-30 14:25:51,927 - INFO - Creating backdoored model...
2025-09-30 14:26:25,375 - INFO - ✓ Creating backdoored model finished in 33.45s.
2025-09-30 14:26:25,375 - INFO - Unfold StepMLP parameters...
2025-09-30 14:26:25,937 - INFO - ✓ Unfold StepMLP parameters finished in 0.56s.
2025-09-30 14:26:25,938 - INFO - KL Divergence...
2025-09-30 14:26:27,479 - INFO - ✓ KL Divergence finished in 1.54s.
2025-09-30 14:26:27,480 - INFO - Parameter sampling...
2025-09-30 14:28:04,119 - INFO - ✓ Parameter sampling finished in 96.64s.
2025-09-30 14:28:04,119 - INFO - Earth Mover's Distance...
2025-09-30 14:28:04,524 - INFO - ✓ Earth Mover's Distance finished in 0.40s.
2025-09-30 14:28:04,524 - INFO - KS Test...
2025-09-30 14:28:04,756 - INFO - ✓ KS Test finished in 0.23s.
2025-09-30 14:28:04,756 - INFO - Descriptive statistics...
2025-09-30 14:28:04,762 - INFO - ✓ Descriptive statistics finished in 0.01s.
2025-09-30 14:28:04,777 - INFO - Generating trigger and payload...
2025-09-30 14:28:04,784 - INFO - ✓ Generating trigger and payload finished in 0.01s.
2025-09-30 14:28:04,784 - INFO - Creating backdoored model...
2025-09-30 14:28:34,382 - INFO - ✓ Creating backdoored model finished in 29.60s.
2025-09-30 14:28:34,383 - INFO - Unfold StepMLP parameters...
2025-09-30 14:28:34,925 - INFO - ✓ Unfold StepMLP parameters finished in 0.54s.
2025-09-30 14:28:34,925 - INFO - KL Divergence...
2025-09-30 14:28:36,464 - INFO - ✓ KL Divergence finished in 1.54s.
2025-09-30 14:28:36,465 - INFO - Parameter sampling...
2025-09-30 14:30:13,053 - INFO - ✓ Parameter sampling finished in 96.59s.
2025-09-30 14:30:13,054 - INFO - Earth Mover's Distance...
2025-09-30 14:30:13,458 - INFO - ✓ Earth Mover's Distance finished in 0.40s.
2025-09-30 14:30:13,458 - INFO - KS Test...
2025-09-30 14:30:13,698 - INFO - ✓ KS Test finished in 0.24s.
2025-09-30 14:30:13,698 - INFO - Descriptive statistics...
2025-09-30 14:30:13,705 - INFO - ✓ Descriptive statistics finished in 0.01s.
2025-09-30 14:30:13,720 - INFO - Generating trigger and payload...
2025-09-30 14:30:13,727 - INFO - ✓ Generating trigger and payload finished in 0.01s.
2025-09-30 14:30:13,727 - INFO - Creating backdoored model...
2025-09-30 14:30:47,081 - INFO - ✓ Creating backdoored model finished in 33.35s.
2025-09-30 14:30:47,082 - INFO - Unfold StepMLP parameters...
2025-09-30 14:30:47,641 - INFO - ✓ Unfold StepMLP parameters finished in 0.56s.
2025-09-30 14:30:47,641 - INFO - KL Divergence...
2025-09-30 14:30:49,177 - INFO - ✓ KL Divergence finished in 1.54s.
2025-09-30 14:30:49,178 - INFO - Parameter sampling...
2025-09-30 14:32:25,509 - INFO - ✓ Parameter sampling finished in 96.33s.
2025-09-30 14:32:25,510 - INFO - Earth Mover's Distance...
2025-09-30 14:32:25,915 - INFO - ✓ Earth Mover's Distance finished in 0.41s.
2025-09-30 14:32:25,916 - INFO - KS Test...
2025-09-30 14:32:26,156 - INFO - ✓ KS Test finished in 0.24s.
2025-09-30 14:32:26,156 - INFO - Descriptive statistics...
2025-09-30 14:32:26,163 - INFO - ✓ Descriptive statistics finished in 0.01s.
2025-09-30 14:32:26,178 - INFO - Generating trigger and payload...
2025-09-30 14:32:26,185 - INFO - ✓ Generating trigger and payload finished in 0.01s.
2025-09-30 14:32:26,186 - INFO - Creating backdoored model...
2025-09-30 14:32:55,749 - INFO - ✓ Creating backdoored model finished in 29.56s.
2025-09-30 14:32:55,750 - INFO - Unfold StepMLP parameters...
2025-09-30 14:32:56,293 - INFO - ✓ Unfold StepMLP parameters finished in 0.54s.
2025-09-30 14:32:56,294 - INFO - KL Divergence...
2025-09-30 14:32:57,831 - INFO - ✓ KL Divergence finished in 1.54s.
2025-09-30 14:32:57,832 - INFO - Parameter sampling...
2025-09-30 14:34:34,453 - INFO - ✓ Parameter sampling finished in 96.62s.
2025-09-30 14:34:34,453 - INFO - Earth Mover's Distance...
2025-09-30 14:34:34,858 - INFO - ✓ Earth Mover's Distance finished in 0.40s.
2025-09-30 14:34:34,858 - INFO - KS Test...
2025-09-30 14:34:35,092 - INFO - ✓ KS Test finished in 0.23s.
2025-09-30 14:34:35,092 - INFO - Descriptive statistics...
2025-09-30 14:34:35,099 - INFO - ✓ Descriptive statistics finished in 0.01s.
2025-09-30 14:34:35,114 - INFO - Generating trigger and payload...
2025-09-30 14:34:35,121 - INFO - ✓ Generating trigger and payload finished in 0.01s.
2025-09-30 14:34:35,121 - INFO - Creating backdoored model...
2025-09-30 14:35:08,500 - INFO - ✓ Creating backdoored model finished in 33.38s.
2025-09-30 14:35:08,501 - INFO - Unfold StepMLP parameters...
2025-09-30 14:35:09,068 - INFO - ✓ Unfold StepMLP parameters finished in 0.57s.
2025-09-30 14:35:09,069 - INFO - KL Divergence...
2025-09-30 14:35:10,609 - INFO - ✓ KL Divergence finished in 1.54s.
2025-09-30 14:35:10,609 - INFO - Parameter sampling...
2025-09-30 14:36:46,953 - INFO - ✓ Parameter sampling finished in 96.34s.
2025-09-30 14:36:46,953 - INFO - Earth Mover's Distance...
2025-09-30 14:36:47,362 - INFO - ✓ Earth Mover's Distance finished in 0.41s.
2025-09-30 14:36:47,362 - INFO - KS Test...
2025-09-30 14:36:47,598 - INFO - ✓ KS Test finished in 0.24s.
2025-09-30 14:36:47,598 - INFO - Descriptive statistics...
2025-09-30 14:36:47,610 - INFO - ✓ Descriptive statistics finished in 0.01s.
2025-09-30 14:36:47,625 - INFO - Generating trigger and payload...
2025-09-30 14:36:47,631 - INFO - ✓ Generating trigger and payload finished in 0.01s.
2025-09-30 14:36:47,632 - INFO - Creating backdoored model...
2025-09-30 14:37:17,333 - INFO - ✓ Creating backdoored model finished in 29.70s.
2025-09-30 14:37:17,333 - INFO - Unfold StepMLP parameters...
2025-09-30 14:37:17,873 - INFO - ✓ Unfold StepMLP parameters finished in 0.54s.
2025-09-30 14:37:17,874 - INFO - KL Divergence...
2025-09-30 14:37:19,407 - INFO - ✓ KL Divergence finished in 1.53s.
2025-09-30 14:37:19,407 - INFO - Parameter sampling...
2025-09-30 14:38:56,047 - INFO - ✓ Parameter sampling finished in 96.64s.
2025-09-30 14:38:56,047 - INFO - Earth Mover's Distance...
2025-09-30 14:38:56,452 - INFO - ✓ Earth Mover's Distance finished in 0.40s.
2025-09-30 14:38:56,452 - INFO - KS Test...
2025-09-30 14:38:56,695 - INFO - ✓ KS Test finished in 0.24s.
2025-09-30 14:38:56,695 - INFO - Descriptive statistics...
2025-09-30 14:38:56,702 - INFO - ✓ Descriptive statistics finished in 0.01s.
2025-09-30 14:38:56,717 - INFO - Generating trigger and payload...
2025-09-30 14:38:56,725 - INFO - ✓ Generating trigger and payload finished in 0.01s.
2025-09-30 14:38:56,725 - INFO - Creating backdoored model...
2025-09-30 14:39:30,118 - INFO - ✓ Creating backdoored model finished in 33.39s.
2025-09-30 14:39:30,118 - INFO - Unfold StepMLP parameters...
2025-09-30 14:39:30,682 - INFO - ✓ Unfold StepMLP parameters finished in 0.56s.
2025-09-30 14:39:30,682 - INFO - KL Divergence...
2025-09-30 14:39:32,215 - INFO - ✓ KL Divergence finished in 1.53s.
2025-09-30 14:39:32,215 - INFO - Parameter sampling...
2025-09-30 14:41:08,567 - INFO - ✓ Parameter sampling finished in 96.35s.
2025-09-30 14:41:08,567 - INFO - Earth Mover's Distance...
2025-09-30 14:41:08,970 - INFO - ✓ Earth Mover's Distance finished in 0.40s.
2025-09-30 14:41:08,971 - INFO - KS Test...
2025-09-30 14:41:09,205 - INFO - ✓ KS Test finished in 0.23s.
2025-09-30 14:41:09,205 - INFO - Descriptive statistics...
2025-09-30 14:41:09,211 - INFO - ✓ Descriptive statistics finished in 0.01s.
