2025-10-07 03:14:54,533 - INFO - 
Solution 0-------
	KS Statistic Weights: 0.4996
	KS Statistic Biases: 0.0313
	Stats Score Weights: 0.6281
	Stats Score Biases: 0.17
	Unique Elems Score: 0.00
		TOTAL SCORE = 2.5982
2025-10-07 03:15:30,583 - INFO - Generation = 1
2025-10-07 03:15:36,168 - INFO - Fitness    = 2.5981686115264893
2025-10-07 03:16:09,376 - INFO - Generation = 2
2025-10-07 03:16:14,544 - INFO - Fitness    = 2.5981686115264893
2025-10-07 03:16:47,605 - INFO - Generation = 3
2025-10-07 03:16:52,789 - INFO - Fitness    = 2.5981686115264893
2025-10-07 03:17:33,547 - INFO - 
Solution 26-------
	KS Statistic Weights: 0.6223
	KS Statistic Biases: 0.1008
	Stats Score Weights: 0.5336
	Stats Score Biases: 0.17
	Unique Elems Score: 0.00
		TOTAL SCORE = 2.9561
2025-10-07 03:17:35,849 - INFO - Generation = 4
2025-10-07 03:17:48,876 - INFO - 
Solution 26-------
	KS Statistic Weights: 0.6223
	KS Statistic Biases: 0.1008
	Stats Score Weights: 0.5336
	Stats Score Biases: 0.17
	Unique Elems Score: 0.00
		TOTAL SCORE = 2.9561
2025-10-07 03:17:51,174 - INFO - Fitness    = 2.9560835361480713
2025-10-07 03:18:24,295 - INFO - Generation = 5
2025-10-07 03:18:29,460 - INFO - Fitness    = 2.9560835361480713
2025-10-07 03:19:02,641 - INFO - Generation = 6
2025-10-07 03:19:08,172 - INFO - Fitness    = 2.9560835361480713
2025-10-07 03:19:41,257 - INFO - Generation = 7
2025-10-07 03:19:46,411 - INFO - Fitness    = 2.9560835361480713
2025-10-07 03:20:19,369 - INFO - Generation = 8
2025-10-07 03:20:24,928 - INFO - Fitness    = 2.9560835361480713
2025-10-07 03:20:57,950 - INFO - Generation = 9
2025-10-07 03:21:03,505 - INFO - Fitness    = 2.9560835361480713
2025-10-07 03:21:36,548 - INFO - Generation = 10
2025-10-07 03:21:41,747 - INFO - Fitness    = 2.9560835361480713
