2025-10-07 00:07:16,424 - INFO - 
Solution 0-------
	KS Statistic Weights: 0.4996
	KS Statistic Biases: 0.0313
	Stats Score Weights: 0.6281
	Stats Score Biases: 0.17
	Unique Elems Score: 0.00
		TOTAL SCORE = 2.5982
2025-10-07 00:07:52,767 - INFO - Generation = 1
2025-10-07 00:07:57,950 - INFO - Fitness    = 2.5981686115264893
2025-10-07 00:08:31,429 - INFO - Generation = 2
2025-10-07 00:08:36,648 - INFO - Fitness    = 2.5981686115264893
2025-10-07 00:09:09,845 - INFO - Generation = 3
2025-10-07 00:09:15,068 - INFO - Fitness    = 2.5981686115264893
2025-10-07 00:09:48,841 - INFO - Generation = 4
2025-10-07 00:09:54,052 - INFO - Fitness    = 2.5981686115264893
2025-10-07 00:10:27,742 - INFO - Generation = 5
2025-10-07 00:10:32,953 - INFO - Fitness    = 2.5981686115264893
2025-10-07 00:11:10,433 - INFO - Generation = 6
2025-10-07 00:11:18,134 - INFO - Fitness    = 2.5981686115264893
2025-10-07 00:11:55,800 - INFO - Generation = 7
2025-10-07 00:12:04,833 - INFO - Fitness    = 2.5981686115264893
2025-10-07 00:12:42,230 - INFO - Generation = 8
2025-10-07 00:12:51,877 - INFO - Fitness    = 2.5981686115264893
2025-10-07 00:13:29,102 - INFO - Generation = 9
2025-10-07 00:13:38,187 - INFO - Fitness    = 2.5981686115264893
2025-10-07 00:14:15,727 - INFO - Generation = 10
2025-10-07 00:14:24,857 - INFO - Fitness    = 2.5981686115264893
