2025-10-04 18:25:53,729 - INFO - Dry run: computing model parameter requirements....
2025-10-04 18:25:54,089 - INFO - Num positive samples taken: 24620; num positive weights: 10893; num positive biases: 1484 (Total: 12377)
2025-10-04 18:25:54,089 - INFO - Num negative samples taken: 3630; num negative weights: 10441; num negative biases: 7721 (Total: 18162)
2025-10-04 18:25:54,089 - INFO - ✓ Dry run: computing model parameter requirements. finished in 0.36s.
2025-10-04 18:25:54,099 - INFO - Generating trigger and payload...
2025-10-04 18:25:54,101 - INFO - ✓ Generating trigger and payload finished in 0.00s.
2025-10-04 18:25:54,101 - INFO - Creating backdoored model...
2025-10-04 18:25:54,295 - INFO - ✓ Creating backdoored model finished in 0.19s.
2025-10-04 18:25:54,295 - INFO - Unfold StepMLP parameters...
2025-10-04 18:25:54,299 - INFO - ✓ Unfold StepMLP parameters finished in 0.00s.
2025-10-04 18:25:54,299 - INFO - KL Divergence...
2025-10-04 18:25:54,311 - INFO - ✓ KL Divergence finished in 0.01s.
2025-10-04 18:25:54,311 - INFO - Parameter sampling...
2025-10-04 18:25:54,311 - INFO - ✓ Parameter sampling finished in 0.00s.
2025-10-04 18:25:54,311 - INFO - Earth Mover's Distance...
2025-10-04 18:25:55,501 - INFO - ✓ Earth Mover's Distance finished in 1.19s.
2025-10-04 18:25:55,501 - INFO - KS Test...
2025-10-04 18:25:55,983 - INFO - ✓ KS Test finished in 0.48s.
2025-10-04 18:25:55,983 - INFO - Descriptive statistics...
2025-10-04 18:25:55,993 - INFO - ✓ Descriptive statistics finished in 0.01s.
2025-10-04 18:25:55,993 - INFO - Results: {'KL Weights': 5.918847560882568, 'KL Biases': inf, 'EMD Weights': 0.10049635630564017, 'EMD Biases': 0.031953515228827126, 'KS Weights Statistic': 0.4984424119036805, 'KS Weights P-value': 0.0, 'KS Biases Statistic': 0.24560437452471484, 'KS Biases P-value': 0.0, 'Mean Weights': 0.0011017298695505569, 'Mean Biases': -0.08385746581128568, 'Std Weights': 0.01518775705241894, 'Std Biases': 0.10360015079268532, 'Kurtosis Weights': 216.39756775608294, 'Kurtosis Biases': 2.850777713222813}
2025-10-04 18:25:56,000 - INFO - Num positive samples taken: 24620; num positive weights: 10893; num positive biases: 1484 (Total: 12377)
2025-10-04 18:25:56,000 - INFO - Num negative samples taken: 3630; num negative weights: 10441; num negative biases: 7721 (Total: 18162)
2025-10-04 18:25:56,879 - INFO - Generating trigger and payload...
2025-10-04 18:25:56,883 - INFO - ✓ Generating trigger and payload finished in 0.00s.
2025-10-04 18:25:56,883 - INFO - Creating backdoored model...
2025-10-04 18:25:57,256 - INFO - ✓ Creating backdoored model finished in 0.37s.
2025-10-04 18:25:57,257 - INFO - Unfold StepMLP parameters...
2025-10-04 18:25:57,262 - INFO - ✓ Unfold StepMLP parameters finished in 0.01s.
2025-10-04 18:25:57,262 - INFO - KL Divergence...
2025-10-04 18:25:57,278 - INFO - ✓ KL Divergence finished in 0.02s.
2025-10-04 18:25:57,278 - INFO - Parameter sampling...
2025-10-04 18:25:57,278 - INFO - ✓ Parameter sampling finished in 0.00s.
2025-10-04 18:25:57,279 - INFO - Earth Mover's Distance...
2025-10-04 18:25:58,457 - INFO - ✓ Earth Mover's Distance finished in 1.18s.
2025-10-04 18:25:58,458 - INFO - KS Test...
2025-10-04 18:25:58,947 - INFO - ✓ KS Test finished in 0.49s.
2025-10-04 18:25:58,947 - INFO - Descriptive statistics...
2025-10-04 18:25:58,957 - INFO - ✓ Descriptive statistics finished in 0.01s.
2025-10-04 18:25:58,957 - INFO - Results: {'KL Weights': 5.9129204750061035, 'KL Biases': inf, 'EMD Weights': 0.10050929191515313, 'EMD Biases': 0.031854529959455695, 'KS Weights Statistic': 0.4972102986909201, 'KS Weights P-value': 0.0, 'KS Biases Statistic': 0.24639446740901683, 'KS Biases P-value': 0.0, 'Mean Weights': 0.0011095567453681375, 'Mean Biases': -0.08439012783913717, 'Std Weights': 0.014975995531603201, 'Std Biases': 0.10345539480924798, 'Kurtosis Weights': 211.27450585311504, 'Kurtosis Biases': 2.364917322687635}
2025-10-04 18:25:58,965 - INFO - Num positive samples taken: 24620; num positive weights: 10893; num positive biases: 1485 (Total: 12378)
2025-10-04 18:25:58,965 - INFO - Num negative samples taken: 3630; num negative weights: 10441; num negative biases: 7720 (Total: 18161)
2025-10-04 18:25:59,581 - INFO - Generating trigger and payload...
2025-10-04 18:25:59,583 - INFO - ✓ Generating trigger and payload finished in 0.00s.
2025-10-04 18:25:59,583 - INFO - Creating backdoored model...
2025-10-04 18:26:00,003 - INFO - ✓ Creating backdoored model finished in 0.42s.
2025-10-04 18:26:00,003 - INFO - Unfold StepMLP parameters...
2025-10-04 18:26:00,007 - INFO - ✓ Unfold StepMLP parameters finished in 0.00s.
2025-10-04 18:26:00,007 - INFO - KL Divergence...
2025-10-04 18:26:00,018 - INFO - ✓ KL Divergence finished in 0.01s.
2025-10-04 18:26:00,019 - INFO - Parameter sampling...
2025-10-04 18:26:00,019 - INFO - ✓ Parameter sampling finished in 0.00s.
2025-10-04 18:26:00,019 - INFO - Earth Mover's Distance...
2025-10-04 18:26:01,130 - INFO - ✓ Earth Mover's Distance finished in 1.11s.
2025-10-04 18:26:01,131 - INFO - KS Test...
2025-10-04 18:26:01,611 - INFO - ✓ KS Test finished in 0.48s.
2025-10-04 18:26:01,611 - INFO - Descriptive statistics...
2025-10-04 18:26:01,627 - INFO - ✓ Descriptive statistics finished in 0.02s.
2025-10-04 18:26:01,627 - INFO - Results: {'KL Weights': 5.9122233390808105, 'KL Biases': inf, 'EMD Weights': 0.10049938569171188, 'EMD Biases': 0.03276920161833952, 'KS Weights Statistic': 0.4977950985293731, 'KS Weights P-value': 0.0, 'KS Biases Statistic': 0.24635969147202608, 'KS Biases P-value': 0.0, 'Mean Weights': 0.0011144427075982107, 'Mean Biases': -0.08414773968742568, 'Std Weights': 0.015098418732802963, 'Std Biases': 0.10483895351166787, 'Kurtosis Weights': 211.37035931525946, 'Kurtosis Biases': 2.4706651209526695}
2025-10-04 18:26:01,654 - INFO - Num positive samples taken: 24620; num positive weights: 10893; num positive biases: 1486 (Total: 12379)
2025-10-04 18:26:01,654 - INFO - Num negative samples taken: 3630; num negative weights: 10441; num negative biases: 7719 (Total: 18160)
2025-10-04 18:26:02,296 - INFO - Generating trigger and payload...
2025-10-04 18:26:02,298 - INFO - ✓ Generating trigger and payload finished in 0.00s.
2025-10-04 18:26:02,298 - INFO - Creating backdoored model...
2025-10-04 18:26:02,684 - INFO - ✓ Creating backdoored model finished in 0.39s.
2025-10-04 18:26:02,685 - INFO - Unfold StepMLP parameters...
2025-10-04 18:26:02,689 - INFO - ✓ Unfold StepMLP parameters finished in 0.00s.
2025-10-04 18:26:02,689 - INFO - KL Divergence...
2025-10-04 18:26:02,704 - INFO - ✓ KL Divergence finished in 0.01s.
2025-10-04 18:26:02,704 - INFO - Parameter sampling...
2025-10-04 18:26:02,704 - INFO - ✓ Parameter sampling finished in 0.00s.
2025-10-04 18:26:02,704 - INFO - Earth Mover's Distance...
2025-10-04 18:26:03,815 - INFO - ✓ Earth Mover's Distance finished in 1.11s.
2025-10-04 18:26:03,815 - INFO - KS Test...
2025-10-04 18:26:04,313 - INFO - ✓ KS Test finished in 0.50s.
2025-10-04 18:26:04,313 - INFO - Descriptive statistics...
2025-10-04 18:26:04,329 - INFO - ✓ Descriptive statistics finished in 0.02s.
2025-10-04 18:26:04,329 - INFO - Results: {'KL Weights': 5.916257858276367, 'KL Biases': inf, 'EMD Weights': 0.1005020910236651, 'EMD Biases': 0.032032381057179926, 'KS Weights Statistic': 0.4980574273381698, 'KS Weights P-value': 0.0, 'KS Biases Statistic': 0.24712573791417713, 'KS Biases P-value': 0.0, 'Mean Weights': 0.0011201645261188187, 'Mean Biases': -0.08408239227535612, 'Std Weights': 0.015009251655976562, 'Std Biases': 0.1036717754581363, 'Kurtosis Weights': 208.82890759995422, 'Kurtosis Biases': 2.483591042893119}
2025-10-04 18:26:04,345 - INFO - Num positive samples taken: 24620; num positive weights: 10893; num positive biases: 1484 (Total: 12377)
2025-10-04 18:26:04,346 - INFO - Num negative samples taken: 3630; num negative weights: 10441; num negative biases: 7721 (Total: 18162)
2025-10-04 18:26:04,995 - INFO - Generating trigger and payload...
2025-10-04 18:26:04,998 - INFO - ✓ Generating trigger and payload finished in 0.00s.
2025-10-04 18:26:04,998 - INFO - Creating backdoored model...
2025-10-04 18:26:05,436 - INFO - ✓ Creating backdoored model finished in 0.44s.
2025-10-04 18:26:05,436 - INFO - Unfold StepMLP parameters...
2025-10-04 18:26:05,440 - INFO - ✓ Unfold StepMLP parameters finished in 0.00s.
2025-10-04 18:26:05,440 - INFO - KL Divergence...
2025-10-04 18:26:05,452 - INFO - ✓ KL Divergence finished in 0.01s.
2025-10-04 18:26:05,452 - INFO - Parameter sampling...
2025-10-04 18:26:05,452 - INFO - ✓ Parameter sampling finished in 0.00s.
2025-10-04 18:26:05,453 - INFO - Earth Mover's Distance...
2025-10-04 18:26:06,603 - INFO - ✓ Earth Mover's Distance finished in 1.15s.
2025-10-04 18:26:06,603 - INFO - KS Test...
2025-10-04 18:26:07,078 - INFO - ✓ KS Test finished in 0.48s.
2025-10-04 18:26:07,078 - INFO - Descriptive statistics...
2025-10-04 18:26:07,087 - INFO - ✓ Descriptive statistics finished in 0.01s.
2025-10-04 18:26:07,087 - INFO - Results: {'KL Weights': 5.919698715209961, 'KL Biases': inf, 'EMD Weights': 0.10050210513636289, 'EMD Biases': 0.03304556366243969, 'KS Weights Statistic': 0.49840422909413545, 'KS Weights P-value': 0.0, 'KS Biases Statistic': 0.24653364774579034, 'KS Biases P-value': 0.0, 'Mean Weights': 0.001109086713929936, 'Mean Biases': -0.08510742715950428, 'Std Weights': 0.015089441197613244, 'Std Biases': 0.10523734420997996, 'Kurtosis Weights': 212.6876261838061, 'Kurtosis Biases': 2.2914258757343626}
2025-10-04 18:26:07,094 - INFO - Num positive samples taken: 24620; num positive weights: 10893; num positive biases: 1486 (Total: 12379)
2025-10-04 18:26:07,094 - INFO - Num negative samples taken: 3630; num negative weights: 10441; num negative biases: 7719 (Total: 18160)
2025-10-04 18:26:07,690 - INFO - Generating trigger and payload...
2025-10-04 18:26:07,692 - INFO - ✓ Generating trigger and payload finished in 0.00s.
2025-10-04 18:26:07,692 - INFO - Creating backdoored model...
2025-10-04 18:26:08,074 - INFO - ✓ Creating backdoored model finished in 0.38s.
2025-10-04 18:26:08,074 - INFO - Unfold StepMLP parameters...
2025-10-04 18:26:08,078 - INFO - ✓ Unfold StepMLP parameters finished in 0.00s.
2025-10-04 18:26:08,078 - INFO - KL Divergence...
2025-10-04 18:26:08,090 - INFO - ✓ KL Divergence finished in 0.01s.
2025-10-04 18:26:08,090 - INFO - Parameter sampling...
2025-10-04 18:26:08,090 - INFO - ✓ Parameter sampling finished in 0.00s.
2025-10-04 18:26:08,090 - INFO - Earth Mover's Distance...
2025-10-04 18:26:09,178 - INFO - ✓ Earth Mover's Distance finished in 1.09s.
2025-10-04 18:26:09,178 - INFO - KS Test...
2025-10-04 18:26:09,652 - INFO - ✓ KS Test finished in 0.47s.
2025-10-04 18:26:09,653 - INFO - Descriptive statistics...
2025-10-04 18:26:09,662 - INFO - ✓ Descriptive statistics finished in 0.01s.
2025-10-04 18:26:09,662 - INFO - Results: {'KL Weights': 5.916765213012695, 'KL Biases': inf, 'EMD Weights': 0.10049146896882047, 'EMD Biases': 0.0320959274238777, 'KS Weights Statistic': 0.49798339928882707, 'KS Weights P-value': 0.0, 'KS Biases Statistic': 0.24580546740901688, 'KS Biases P-value': 0.0, 'Mean Weights': 0.0010990422385317826, 'Mean Biases': -0.0842218271529518, 'Std Weights': 0.015078490778861609, 'Std Biases': 0.10437785049047124, 'Kurtosis Weights': 204.49833718194978, 'Kurtosis Biases': 2.617312015416471}
2025-10-04 18:26:09,670 - INFO - Num positive samples taken: 24620; num positive weights: 10893; num positive biases: 1487 (Total: 12380)
2025-10-04 18:26:09,670 - INFO - Num negative samples taken: 3630; num negative weights: 10441; num negative biases: 7718 (Total: 18159)
2025-10-04 18:26:10,264 - INFO - Generating trigger and payload...
2025-10-04 18:26:10,266 - INFO - ✓ Generating trigger and payload finished in 0.00s.
2025-10-04 18:26:10,266 - INFO - Creating backdoored model...
2025-10-04 18:26:10,632 - INFO - ✓ Creating backdoored model finished in 0.37s.
2025-10-04 18:26:10,632 - INFO - Unfold StepMLP parameters...
2025-10-04 18:26:10,636 - INFO - ✓ Unfold StepMLP parameters finished in 0.00s.
2025-10-04 18:26:10,637 - INFO - KL Divergence...
2025-10-04 18:26:10,649 - INFO - ✓ KL Divergence finished in 0.01s.
2025-10-04 18:26:10,649 - INFO - Parameter sampling...
2025-10-04 18:26:10,649 - INFO - ✓ Parameter sampling finished in 0.00s.
2025-10-04 18:26:10,649 - INFO - Earth Mover's Distance...
2025-10-04 18:26:11,737 - INFO - ✓ Earth Mover's Distance finished in 1.09s.
2025-10-04 18:26:11,737 - INFO - KS Test...
2025-10-04 18:26:12,211 - INFO - ✓ KS Test finished in 0.47s.
2025-10-04 18:26:12,211 - INFO - Descriptive statistics...
2025-10-04 18:26:12,220 - INFO - ✓ Descriptive statistics finished in 0.01s.
2025-10-04 18:26:12,220 - INFO - Results: {'KL Weights': 5.921453475952148, 'KL Biases': inf, 'EMD Weights': 0.10051271291030348, 'EMD Biases': 0.03232329503515929, 'KS Weights Statistic': 0.4985251556245703, 'KS Weights P-value': 0.0, 'KS Biases Statistic': 0.24598887452471485, 'KS Biases P-value': 0.0, 'Mean Weights': 0.0010894144577458362, 'Mean Biases': -0.08316524684790308, 'Std Weights': 0.01491435694957702, 'Std Biases': 0.10244020377200426, 'Kurtosis Weights': 209.01049452414196, 'Kurtosis Biases': 2.76212341267986}
2025-10-04 18:26:12,244 - INFO - Num positive samples taken: 24620; num positive weights: 10893; num positive biases: 1484 (Total: 12377)
2025-10-04 18:26:12,244 - INFO - Num negative samples taken: 3630; num negative weights: 10441; num negative biases: 7721 (Total: 18162)
2025-10-04 18:26:12,833 - INFO - Generating trigger and payload...
2025-10-04 18:26:12,835 - INFO - ✓ Generating trigger and payload finished in 0.00s.
2025-10-04 18:26:12,835 - INFO - Creating backdoored model...
2025-10-04 18:26:13,201 - INFO - ✓ Creating backdoored model finished in 0.37s.
2025-10-04 18:26:13,201 - INFO - Unfold StepMLP parameters...
2025-10-04 18:26:13,205 - INFO - ✓ Unfold StepMLP parameters finished in 0.00s.
2025-10-04 18:26:13,205 - INFO - KL Divergence...
2025-10-04 18:26:13,216 - INFO - ✓ KL Divergence finished in 0.01s.
2025-10-04 18:26:13,216 - INFO - Parameter sampling...
2025-10-04 18:26:13,216 - INFO - ✓ Parameter sampling finished in 0.00s.
2025-10-04 18:26:13,216 - INFO - Earth Mover's Distance...
2025-10-04 18:26:14,333 - INFO - ✓ Earth Mover's Distance finished in 1.12s.
2025-10-04 18:26:14,333 - INFO - KS Test...
2025-10-04 18:26:14,811 - INFO - ✓ KS Test finished in 0.48s.
2025-10-04 18:26:14,811 - INFO - Descriptive statistics...
2025-10-04 18:26:14,822 - INFO - ✓ Descriptive statistics finished in 0.01s.
2025-10-04 18:26:14,823 - INFO - Results: {'KL Weights': 5.914555549621582, 'KL Biases': inf, 'EMD Weights': 0.10049491317419376, 'EMD Biases': 0.03211768497718079, 'KS Weights Statistic': 0.4979622910019919, 'KS Weights P-value': 0.0, 'KS Biases Statistic': 0.24536537180879958, 'KS Biases P-value': 0.0, 'Mean Weights': 0.0011182879066532901, 'Mean Biases': -0.08484662043192051, 'Std Weights': 0.015147595271927133, 'Std Biases': 0.1042810973889608, 'Kurtosis Weights': 211.17292351739326, 'Kurtosis Biases': 2.1679542269693473}
2025-10-04 18:26:14,830 - INFO - Num positive samples taken: 24620; num positive weights: 10893; num positive biases: 1487 (Total: 12380)
2025-10-04 18:26:14,830 - INFO - Num negative samples taken: 3630; num negative weights: 10441; num negative biases: 7718 (Total: 18159)
2025-10-04 18:26:15,432 - INFO - Generating trigger and payload...
2025-10-04 18:26:15,434 - INFO - ✓ Generating trigger and payload finished in 0.00s.
2025-10-04 18:26:15,434 - INFO - Creating backdoored model...
2025-10-04 18:26:15,793 - INFO - ✓ Creating backdoored model finished in 0.36s.
2025-10-04 18:26:15,794 - INFO - Unfold StepMLP parameters...
2025-10-04 18:26:15,798 - INFO - ✓ Unfold StepMLP parameters finished in 0.00s.
2025-10-04 18:26:15,798 - INFO - KL Divergence...
2025-10-04 18:26:15,809 - INFO - ✓ KL Divergence finished in 0.01s.
2025-10-04 18:26:15,809 - INFO - Parameter sampling...
2025-10-04 18:26:15,809 - INFO - ✓ Parameter sampling finished in 0.00s.
2025-10-04 18:26:15,809 - INFO - Earth Mover's Distance...
2025-10-04 18:26:16,916 - INFO - ✓ Earth Mover's Distance finished in 1.11s.
2025-10-04 18:26:16,916 - INFO - KS Test...
2025-10-04 18:26:17,455 - INFO - ✓ KS Test finished in 0.54s.
2025-10-04 18:26:17,456 - INFO - Descriptive statistics...
2025-10-04 18:26:17,468 - INFO - ✓ Descriptive statistics finished in 0.01s.
2025-10-04 18:26:17,469 - INFO - Results: {'KL Weights': 5.918810844421387, 'KL Biases': inf, 'EMD Weights': 0.10050001509207308, 'EMD Biases': 0.03204730108630995, 'KS Weights Statistic': 0.49826736259179977, 'KS Weights P-value': 0.0, 'KS Biases Statistic': 0.24706496740901684, 'KS Biases P-value': 0.0, 'Mean Weights': 0.0011202961301260662, 'Mean Biases': -0.08477492420844925, 'Std Weights': 0.015086563538420113, 'Std Biases': 0.10436842539392394, 'Kurtosis Weights': 211.7867649142001, 'Kurtosis Biases': 2.4832916091959376}
2025-10-04 18:26:17,476 - INFO - Num positive samples taken: 24620; num positive weights: 10893; num positive biases: 1482 (Total: 12375)
2025-10-04 18:26:17,476 - INFO - Num negative samples taken: 3630; num negative weights: 10441; num negative biases: 7723 (Total: 18164)
2025-10-04 18:26:18,277 - INFO - Generating trigger and payload...
2025-10-04 18:26:18,279 - INFO - ✓ Generating trigger and payload finished in 0.00s.
2025-10-04 18:26:18,279 - INFO - Creating backdoored model...
2025-10-04 18:26:18,619 - INFO - ✓ Creating backdoored model finished in 0.34s.
2025-10-04 18:26:18,619 - INFO - Unfold StepMLP parameters...
2025-10-04 18:26:18,623 - INFO - ✓ Unfold StepMLP parameters finished in 0.00s.
2025-10-04 18:26:18,623 - INFO - KL Divergence...
2025-10-04 18:26:18,636 - INFO - ✓ KL Divergence finished in 0.01s.
2025-10-04 18:26:18,636 - INFO - Parameter sampling...
2025-10-04 18:26:18,636 - INFO - ✓ Parameter sampling finished in 0.00s.
2025-10-04 18:26:18,637 - INFO - Earth Mover's Distance...
2025-10-04 18:26:19,727 - INFO - ✓ Earth Mover's Distance finished in 1.09s.
2025-10-04 18:26:19,727 - INFO - KS Test...
2025-10-04 18:26:20,203 - INFO - ✓ KS Test finished in 0.48s.
2025-10-04 18:26:20,203 - INFO - Descriptive statistics...
2025-10-04 18:26:20,213 - INFO - ✓ Descriptive statistics finished in 0.01s.
2025-10-04 18:26:20,213 - INFO - Results: {'KL Weights': 5.915576934814453, 'KL Biases': inf, 'EMD Weights': 0.1004913799577508, 'EMD Biases': 0.033002535195489326, 'KS Weights Statistic': 0.49746244863846306, 'KS Weights P-value': 0.0, 'KS Biases Statistic': 0.24606142096686578, 'KS Biases P-value': 0.0, 'Mean Weights': 0.0011148217615316643, 'Mean Biases': -0.08435549976994576, 'Std Weights': 0.015195498838620747, 'Std Biases': 0.10529553623179011, 'Kurtosis Weights': 214.91928078555608, 'Kurtosis Biases': 2.3209235824829655}
2025-10-04 18:26:20,220 - INFO - Num positive samples taken: 24620; num positive weights: 10893; num positive biases: 1484 (Total: 12377)
2025-10-04 18:26:20,220 - INFO - Num negative samples taken: 3630; num negative weights: 10441; num negative biases: 7721 (Total: 18162)
2025-10-04 18:26:20,820 - INFO - Generating trigger and payload...
2025-10-04 18:26:20,823 - INFO - ✓ Generating trigger and payload finished in 0.00s.
2025-10-04 18:26:20,823 - INFO - Creating backdoored model...
2025-10-04 18:26:21,200 - INFO - ✓ Creating backdoored model finished in 0.38s.
2025-10-04 18:26:21,200 - INFO - Unfold StepMLP parameters...
2025-10-04 18:26:21,205 - INFO - ✓ Unfold StepMLP parameters finished in 0.00s.
2025-10-04 18:26:21,205 - INFO - KL Divergence...
2025-10-04 18:26:21,216 - INFO - ✓ KL Divergence finished in 0.01s.
2025-10-04 18:26:21,216 - INFO - Parameter sampling...
2025-10-04 18:26:21,216 - INFO - ✓ Parameter sampling finished in 0.00s.
2025-10-04 18:26:21,217 - INFO - Earth Mover's Distance...
2025-10-04 18:26:22,331 - INFO - ✓ Earth Mover's Distance finished in 1.11s.
2025-10-04 18:26:22,331 - INFO - KS Test...
2025-10-04 18:26:22,804 - INFO - ✓ KS Test finished in 0.47s.
2025-10-04 18:26:22,804 - INFO - Descriptive statistics...
2025-10-04 18:26:22,814 - INFO - ✓ Descriptive statistics finished in 0.01s.
2025-10-04 18:26:22,814 - INFO - Results: {'KL Weights': 5.9159464836120605, 'KL Biases': inf, 'EMD Weights': 0.10049883837239383, 'EMD Biases': 0.033037833615285325, 'KS Weights Statistic': 0.4977157581211122, 'KS Weights P-value': 0.0, 'KS Biases Statistic': 0.24644887452471476, 'KS Biases P-value': 0.0, 'Mean Weights': 0.0011089342076038074, 'Mean Biases': -0.08399596414904213, 'Std Weights': 0.015127436216297321, 'Std Biases': 0.10456318362348539, 'Kurtosis Weights': 213.0965353833045, 'Kurtosis Biases': 2.4517662067350523}
2025-10-04 18:26:22,821 - INFO - Num positive samples taken: 24620; num positive weights: 10893; num positive biases: 1487 (Total: 12380)
2025-10-04 18:26:22,821 - INFO - Num negative samples taken: 3630; num negative weights: 10441; num negative biases: 7718 (Total: 18159)
2025-10-04 18:26:23,422 - INFO - Generating trigger and payload...
2025-10-04 18:26:23,424 - INFO - ✓ Generating trigger and payload finished in 0.00s.
2025-10-04 18:26:23,424 - INFO - Creating backdoored model...
2025-10-04 18:26:23,803 - INFO - ✓ Creating backdoored model finished in 0.38s.
2025-10-04 18:26:23,803 - INFO - Unfold StepMLP parameters...
2025-10-04 18:26:23,807 - INFO - ✓ Unfold StepMLP parameters finished in 0.00s.
2025-10-04 18:26:23,808 - INFO - KL Divergence...
2025-10-04 18:26:23,825 - INFO - ✓ KL Divergence finished in 0.02s.
2025-10-04 18:26:23,825 - INFO - Parameter sampling...
2025-10-04 18:26:23,825 - INFO - ✓ Parameter sampling finished in 0.00s.
2025-10-04 18:26:23,825 - INFO - Earth Mover's Distance...
2025-10-04 18:26:24,924 - INFO - ✓ Earth Mover's Distance finished in 1.10s.
2025-10-04 18:26:24,925 - INFO - KS Test...
2025-10-04 18:26:25,399 - INFO - ✓ KS Test finished in 0.47s.
2025-10-04 18:26:25,399 - INFO - Descriptive statistics...
2025-10-04 18:26:25,407 - INFO - ✓ Descriptive statistics finished in 0.01s.
2025-10-04 18:26:25,407 - INFO - Results: {'KL Weights': 5.911246299743652, 'KL Biases': inf, 'EMD Weights': 0.10051152709407087, 'EMD Biases': 0.0313869581737289, 'KS Weights Statistic': 0.497296320931092, 'KS Weights P-value': 0.0, 'KS Biases Statistic': 0.24536369147202608, 'KS Biases P-value': 0.0, 'Mean Weights': 0.0010961844662704216, 'Mean Biases': -0.0823827919048158, 'Std Weights': 0.014932217525683075, 'Std Biases': 0.10180267545584817, 'Kurtosis Weights': 210.18725559239283, 'Kurtosis Biases': 2.526411224946089}
2025-10-04 18:26:25,415 - INFO - Num positive samples taken: 24620; num positive weights: 10893; num positive biases: 1484 (Total: 12377)
2025-10-04 18:26:25,415 - INFO - Num negative samples taken: 3630; num negative weights: 10441; num negative biases: 7721 (Total: 18162)
2025-10-04 18:26:26,010 - INFO - Generating trigger and payload...
2025-10-04 18:26:26,013 - INFO - ✓ Generating trigger and payload finished in 0.00s.
2025-10-04 18:26:26,013 - INFO - Creating backdoored model...
2025-10-04 18:26:26,394 - INFO - ✓ Creating backdoored model finished in 0.38s.
2025-10-04 18:26:26,394 - INFO - Unfold StepMLP parameters...
2025-10-04 18:26:26,398 - INFO - ✓ Unfold StepMLP parameters finished in 0.00s.
2025-10-04 18:26:26,398 - INFO - KL Divergence...
2025-10-04 18:26:26,410 - INFO - ✓ KL Divergence finished in 0.01s.
2025-10-04 18:26:26,410 - INFO - Parameter sampling...
2025-10-04 18:26:26,410 - INFO - ✓ Parameter sampling finished in 0.00s.
2025-10-04 18:26:26,410 - INFO - Earth Mover's Distance...
2025-10-04 18:26:27,522 - INFO - ✓ Earth Mover's Distance finished in 1.11s.
2025-10-04 18:26:27,522 - INFO - KS Test...
2025-10-04 18:26:28,002 - INFO - ✓ KS Test finished in 0.48s.
2025-10-04 18:26:28,002 - INFO - Descriptive statistics...
2025-10-04 18:26:28,020 - INFO - ✓ Descriptive statistics finished in 0.02s.
2025-10-04 18:26:28,020 - INFO - Results: {'KL Weights': 5.908411979675293, 'KL Biases': inf, 'EMD Weights': 0.1005047876753667, 'EMD Biases': 0.03220480086140455, 'KS Weights Statistic': 0.497828882857826, 'KS Weights P-value': 0.0, 'KS Biases Statistic': 0.24569932808256378, 'KS Biases P-value': 0.0, 'Mean Weights': 0.00110386481767166, 'Mean Biases': -0.08328227024616562, 'Std Weights': 0.015044402607245873, 'Std Biases': 0.1046329217886062, 'Kurtosis Weights': 208.58365158220363, 'Kurtosis Biases': 2.764416812576691}
2025-10-04 18:26:28,029 - INFO - Num positive samples taken: 24620; num positive weights: 10893; num positive biases: 1481 (Total: 12374)
2025-10-04 18:26:28,029 - INFO - Num negative samples taken: 3630; num negative weights: 10441; num negative biases: 7724 (Total: 18165)
2025-10-04 18:26:28,640 - INFO - Generating trigger and payload...
2025-10-04 18:26:28,642 - INFO - ✓ Generating trigger and payload finished in 0.00s.
2025-10-04 18:26:28,642 - INFO - Creating backdoored model...
2025-10-04 18:26:29,026 - INFO - ✓ Creating backdoored model finished in 0.38s.
2025-10-04 18:26:29,027 - INFO - Unfold StepMLP parameters...
2025-10-04 18:26:29,032 - INFO - ✓ Unfold StepMLP parameters finished in 0.01s.
2025-10-04 18:26:29,032 - INFO - KL Divergence...
2025-10-04 18:26:29,046 - INFO - ✓ KL Divergence finished in 0.01s.
2025-10-04 18:26:29,047 - INFO - Parameter sampling...
2025-10-04 18:26:29,047 - INFO - ✓ Parameter sampling finished in 0.00s.
2025-10-04 18:26:29,047 - INFO - Earth Mover's Distance...
2025-10-04 18:26:30,316 - INFO - ✓ Earth Mover's Distance finished in 1.27s.
2025-10-04 18:26:30,316 - INFO - KS Test...
2025-10-04 18:26:30,787 - INFO - ✓ KS Test finished in 0.47s.
2025-10-04 18:26:30,787 - INFO - Descriptive statistics...
2025-10-04 18:26:30,796 - INFO - ✓ Descriptive statistics finished in 0.01s.
2025-10-04 18:26:30,796 - INFO - Results: {'KL Weights': 5.920070648193359, 'KL Biases': inf, 'EMD Weights': 0.1005041544880221, 'EMD Biases': 0.031853908059727216, 'KS Weights Statistic': 0.4985461759094742, 'KS Weights P-value': 0.0, 'KS Biases Statistic': 0.24616469147202602, 'KS Biases P-value': 0.0, 'Mean Weights': 0.0011108531877765911, 'Mean Biases': -0.08319150875437317, 'Std Weights': 0.014979599759067756, 'Std Biases': 0.10250717767631, 'Kurtosis Weights': 206.61853062775637, 'Kurtosis Biases': 2.4164464376382506}
2025-10-04 18:26:30,803 - INFO - Num positive samples taken: 24620; num positive weights: 10893; num positive biases: 1487 (Total: 12380)
2025-10-04 18:26:30,803 - INFO - Num negative samples taken: 3630; num negative weights: 10441; num negative biases: 7718 (Total: 18159)
2025-10-04 18:26:31,406 - INFO - Generating trigger and payload...
2025-10-04 18:26:31,408 - INFO - ✓ Generating trigger and payload finished in 0.00s.
2025-10-04 18:26:31,408 - INFO - Creating backdoored model...
2025-10-04 18:26:31,783 - INFO - ✓ Creating backdoored model finished in 0.37s.
2025-10-04 18:26:31,784 - INFO - Unfold StepMLP parameters...
2025-10-04 18:26:31,788 - INFO - ✓ Unfold StepMLP parameters finished in 0.00s.
2025-10-04 18:26:31,788 - INFO - KL Divergence...
2025-10-04 18:26:31,802 - INFO - ✓ KL Divergence finished in 0.01s.
2025-10-04 18:26:31,802 - INFO - Parameter sampling...
2025-10-04 18:26:31,802 - INFO - ✓ Parameter sampling finished in 0.00s.
2025-10-04 18:26:31,802 - INFO - Earth Mover's Distance...
2025-10-04 18:26:32,991 - INFO - ✓ Earth Mover's Distance finished in 1.19s.
2025-10-04 18:26:32,991 - INFO - KS Test...
2025-10-04 18:26:33,541 - INFO - ✓ KS Test finished in 0.55s.
2025-10-04 18:26:33,541 - INFO - Descriptive statistics...
2025-10-04 18:26:33,559 - INFO - ✓ Descriptive statistics finished in 0.02s.
2025-10-04 18:26:33,559 - INFO - Results: {'KL Weights': 5.916021823883057, 'KL Biases': inf, 'EMD Weights': 0.10051882968024337, 'EMD Biases': 0.031995716206183224, 'KS Weights Statistic': 0.4979166343431547, 'KS Weights P-value': 0.0, 'KS Biases Statistic': 0.2457281013036393, 'KS Biases P-value': 0.0, 'Mean Weights': 0.0010861408800822263, 'Mean Biases': -0.08205861087937426, 'Std Weights': 0.014903946047579459, 'Std Biases': 0.10211804416140348, 'Kurtosis Weights': 212.79133874968153, 'Kurtosis Biases': 2.6621713142597967}
2025-10-04 18:26:33,577 - INFO - Num positive samples taken: 24620; num positive weights: 10893; num positive biases: 1486 (Total: 12379)
2025-10-04 18:26:33,577 - INFO - Num negative samples taken: 3630; num negative weights: 10441; num negative biases: 7719 (Total: 18160)
2025-10-04 18:26:34,228 - INFO - Generating trigger and payload...
2025-10-04 18:26:34,231 - INFO - ✓ Generating trigger and payload finished in 0.00s.
2025-10-04 18:26:34,231 - INFO - Creating backdoored model...
2025-10-04 18:26:34,884 - INFO - ✓ Creating backdoored model finished in 0.65s.
2025-10-04 18:26:34,884 - INFO - Unfold StepMLP parameters...
2025-10-04 18:26:34,890 - INFO - ✓ Unfold StepMLP parameters finished in 0.01s.
2025-10-04 18:26:34,891 - INFO - KL Divergence...
2025-10-04 18:26:34,908 - INFO - ✓ KL Divergence finished in 0.02s.
2025-10-04 18:26:34,908 - INFO - Parameter sampling...
2025-10-04 18:26:34,908 - INFO - ✓ Parameter sampling finished in 0.00s.
2025-10-04 18:26:34,908 - INFO - Earth Mover's Distance...
2025-10-04 18:26:36,115 - INFO - ✓ Earth Mover's Distance finished in 1.21s.
2025-10-04 18:26:36,115 - INFO - KS Test...
2025-10-04 18:26:36,599 - INFO - ✓ KS Test finished in 0.48s.
2025-10-04 18:26:36,599 - INFO - Descriptive statistics...
2025-10-04 18:26:36,613 - INFO - ✓ Descriptive statistics finished in 0.01s.
2025-10-04 18:26:36,613 - INFO - Results: {'KL Weights': 5.911016464233398, 'KL Biases': inf, 'EMD Weights': 0.10051229786795282, 'EMD Biases': 0.03164179919337278, 'KS Weights Statistic': 0.4977520965741051, 'KS Weights P-value': 0.0, 'KS Biases Statistic': 0.24584305757740355, 'KS Biases P-value': 0.0, 'Mean Weights': 0.0010816415924229119, 'Mean Biases': -0.0828439703211086, 'Std Weights': 0.014941083404401078, 'Std Biases': 0.10234770886420096, 'Kurtosis Weights': 211.86645675912828, 'Kurtosis Biases': 2.6464137096811866}
2025-10-04 18:26:36,623 - INFO - Num positive samples taken: 24620; num positive weights: 10893; num positive biases: 1482 (Total: 12375)
2025-10-04 18:26:36,623 - INFO - Num negative samples taken: 3630; num negative weights: 10441; num negative biases: 7723 (Total: 18164)
2025-10-04 18:26:37,229 - INFO - Generating trigger and payload...
2025-10-04 18:26:37,231 - INFO - ✓ Generating trigger and payload finished in 0.00s.
2025-10-04 18:26:37,231 - INFO - Creating backdoored model...
2025-10-04 18:26:37,625 - INFO - ✓ Creating backdoored model finished in 0.39s.
2025-10-04 18:26:37,625 - INFO - Unfold StepMLP parameters...
2025-10-04 18:26:37,631 - INFO - ✓ Unfold StepMLP parameters finished in 0.01s.
2025-10-04 18:26:37,631 - INFO - KL Divergence...
2025-10-04 18:26:37,643 - INFO - ✓ KL Divergence finished in 0.01s.
2025-10-04 18:26:37,643 - INFO - Parameter sampling...
2025-10-04 18:26:37,643 - INFO - ✓ Parameter sampling finished in 0.00s.
2025-10-04 18:26:37,644 - INFO - Earth Mover's Distance...
2025-10-04 18:26:38,885 - INFO - ✓ Earth Mover's Distance finished in 1.24s.
2025-10-04 18:26:38,886 - INFO - KS Test...
2025-10-04 18:26:39,370 - INFO - ✓ KS Test finished in 0.48s.
2025-10-04 18:26:39,370 - INFO - Descriptive statistics...
2025-10-04 18:26:39,380 - INFO - ✓ Descriptive statistics finished in 0.01s.
2025-10-04 18:26:39,380 - INFO - Results: {'KL Weights': 5.916813850402832, 'KL Biases': inf, 'EMD Weights': 0.10048362621998308, 'EMD Biases': 0.03113018506372412, 'KS Weights Statistic': 0.4978639602190495, 'KS Weights P-value': 0.0, 'KS Biases Statistic': 0.24570914774579034, 'KS Biases P-value': 0.0, 'Mean Weights': 0.001124426258057456, 'Mean Biases': -0.08428884525293648, 'Std Weights': 0.015265954850868119, 'Std Biases': 0.10274742332160779, 'Kurtosis Weights': 212.99668637773894, 'Kurtosis Biases': 2.228726892884735}
2025-10-04 18:26:39,388 - INFO - Num positive samples taken: 24620; num positive weights: 10893; num positive biases: 1486 (Total: 12379)
2025-10-04 18:26:39,388 - INFO - Num negative samples taken: 3630; num negative weights: 10441; num negative biases: 7719 (Total: 18160)
2025-10-04 18:26:39,990 - INFO - Generating trigger and payload...
2025-10-04 18:26:39,991 - INFO - ✓ Generating trigger and payload finished in 0.00s.
2025-10-04 18:26:39,991 - INFO - Creating backdoored model...
2025-10-04 18:26:40,410 - INFO - ✓ Creating backdoored model finished in 0.42s.
2025-10-04 18:26:40,410 - INFO - Unfold StepMLP parameters...
2025-10-04 18:26:40,421 - INFO - ✓ Unfold StepMLP parameters finished in 0.01s.
2025-10-04 18:26:40,421 - INFO - KL Divergence...
2025-10-04 18:26:40,437 - INFO - ✓ KL Divergence finished in 0.02s.
2025-10-04 18:26:40,437 - INFO - Parameter sampling...
2025-10-04 18:26:40,437 - INFO - ✓ Parameter sampling finished in 0.00s.
2025-10-04 18:26:40,437 - INFO - Earth Mover's Distance...
2025-10-04 18:26:41,810 - INFO - ✓ Earth Mover's Distance finished in 1.37s.
2025-10-04 18:26:41,810 - INFO - KS Test...
2025-10-04 18:26:42,296 - INFO - ✓ KS Test finished in 0.49s.
2025-10-04 18:26:42,296 - INFO - Descriptive statistics...
2025-10-04 18:26:42,305 - INFO - ✓ Descriptive statistics finished in 0.01s.
2025-10-04 18:26:42,305 - INFO - Results: {'KL Weights': 5.916824817657471, 'KL Biases': inf, 'EMD Weights': 0.10050553114682882, 'EMD Biases': 0.031888332966570086, 'KS Weights Statistic': 0.4979768383586046, 'KS Weights P-value': 0.0, 'KS Biases Statistic': 0.2460066941879413, 'KS Biases P-value': 0.0, 'Mean Weights': 0.0011017310464162416, 'Mean Biases': -0.08342727569674609, 'Std Weights': 0.014979444628419542, 'Std Biases': 0.10270894910155996, 'Kurtosis Weights': 205.5190427148897, 'Kurtosis Biases': 2.46083305204046}
2025-10-04 18:26:42,312 - INFO - Num positive samples taken: 24620; num positive weights: 10893; num positive biases: 1485 (Total: 12378)
2025-10-04 18:26:42,312 - INFO - Num negative samples taken: 3630; num negative weights: 10441; num negative biases: 7720 (Total: 18161)
2025-10-04 18:26:43,117 - INFO - Generating trigger and payload...
2025-10-04 18:26:43,119 - INFO - ✓ Generating trigger and payload finished in 0.00s.
2025-10-04 18:26:43,119 - INFO - Creating backdoored model...
2025-10-04 18:26:43,461 - INFO - ✓ Creating backdoored model finished in 0.34s.
2025-10-04 18:26:43,462 - INFO - Unfold StepMLP parameters...
2025-10-04 18:26:43,466 - INFO - ✓ Unfold StepMLP parameters finished in 0.00s.
2025-10-04 18:26:43,466 - INFO - KL Divergence...
2025-10-04 18:26:43,478 - INFO - ✓ KL Divergence finished in 0.01s.
2025-10-04 18:26:43,478 - INFO - Parameter sampling...
2025-10-04 18:26:43,478 - INFO - ✓ Parameter sampling finished in 0.00s.
2025-10-04 18:26:43,478 - INFO - Earth Mover's Distance...
2025-10-04 18:26:44,784 - INFO - ✓ Earth Mover's Distance finished in 1.31s.
2025-10-04 18:26:44,784 - INFO - KS Test...
2025-10-04 18:26:45,260 - INFO - ✓ KS Test finished in 0.48s.
2025-10-04 18:26:45,260 - INFO - Descriptive statistics...
2025-10-04 18:26:45,269 - INFO - ✓ Descriptive statistics finished in 0.01s.
2025-10-04 18:26:45,269 - INFO - Results: {'KL Weights': 5.922246932983398, 'KL Biases': inf, 'EMD Weights': 0.10050773804075278, 'EMD Biases': 0.031084208003815735, 'KS Weights Statistic': 0.4981594689044893, 'KS Weights P-value': 0.0, 'KS Biases Statistic': 0.24606132808256376, 'KS Biases P-value': 0.0, 'Mean Weights': 0.001104704739627575, 'Mean Biases': -0.08359651090582385, 'Std Weights': 0.01498403687877872, 'Std Biases': 0.10199162578934942, 'Kurtosis Weights': 208.6354160214127, 'Kurtosis Biases': 2.446314441725793}
2025-10-04 18:26:45,276 - INFO - Num positive samples taken: 24620; num positive weights: 10893; num positive biases: 1485 (Total: 12378)
2025-10-04 18:26:45,276 - INFO - Num negative samples taken: 3630; num negative weights: 10441; num negative biases: 7720 (Total: 18161)
2025-10-04 18:26:45,870 - INFO - Generating trigger and payload...
2025-10-04 18:26:45,872 - INFO - ✓ Generating trigger and payload finished in 0.00s.
2025-10-04 18:26:45,872 - INFO - Creating backdoored model...
2025-10-04 18:26:46,255 - INFO - ✓ Creating backdoored model finished in 0.38s.
2025-10-04 18:26:46,255 - INFO - Unfold StepMLP parameters...
2025-10-04 18:26:46,259 - INFO - ✓ Unfold StepMLP parameters finished in 0.00s.
2025-10-04 18:26:46,259 - INFO - KL Divergence...
2025-10-04 18:26:46,271 - INFO - ✓ KL Divergence finished in 0.01s.
2025-10-04 18:26:46,271 - INFO - Parameter sampling...
2025-10-04 18:26:46,271 - INFO - ✓ Parameter sampling finished in 0.00s.
2025-10-04 18:26:46,271 - INFO - Earth Mover's Distance...
2025-10-04 18:26:47,698 - INFO - ✓ Earth Mover's Distance finished in 1.43s.
2025-10-04 18:26:47,698 - INFO - KS Test...
2025-10-04 18:26:48,172 - INFO - ✓ KS Test finished in 0.47s.
2025-10-04 18:26:48,172 - INFO - Descriptive statistics...
2025-10-04 18:26:48,187 - INFO - ✓ Descriptive statistics finished in 0.01s.
2025-10-04 18:26:48,187 - INFO - Results: {'KL Weights': 5.918671607971191, 'KL Biases': inf, 'EMD Weights': 0.10048378617934216, 'EMD Biases': 0.03284307404536259, 'KS Weights Statistic': 0.49790521456176945, 'KS Weights P-value': 0.0, 'KS Biases Statistic': 0.2468446941879413, 'KS Biases P-value': 0.0, 'Mean Weights': 0.001118831703905443, 'Mean Biases': -0.08501996713835902, 'Std Weights': 0.015284867001424922, 'Std Biases': 0.10516212786185863, 'Kurtosis Weights': 212.87564340074763, 'Kurtosis Biases': 2.5489640173537342}
2025-10-04 18:26:48,202 - INFO - Num positive samples taken: 24620; num positive weights: 10893; num positive biases: 1485 (Total: 12378)
2025-10-04 18:26:48,202 - INFO - Num negative samples taken: 3630; num negative weights: 10441; num negative biases: 7720 (Total: 18161)
