2025-10-07 07:18:44,092 - INFO - 
Solution 0-------
	KS Statistic Weights: 0.4996
	KS Statistic Biases: 0.0313
	Stats Score Weights: 0.6281
	Stats Score Biases: 0.17
	Unique Elems Score: 0.00
		TOTAL SCORE = 2.5982
2025-10-07 07:19:20,032 - INFO - Generation = 1
2025-10-07 07:19:25,299 - INFO - Fitness    = 2.5981686115264893
2025-10-07 07:19:58,757 - INFO - Generation = 2
2025-10-07 07:20:03,768 - INFO - Fitness    = 2.5981686115264893
2025-10-07 07:20:37,097 - INFO - Generation = 3
2025-10-07 07:20:42,389 - INFO - Fitness    = 2.5981686115264893
2025-10-07 07:21:15,645 - INFO - Generation = 4
2025-10-07 07:21:20,953 - INFO - Fitness    = 2.5981686115264893
2025-10-07 07:21:53,997 - INFO - Generation = 5
2025-10-07 07:21:59,295 - INFO - Fitness    = 2.5981686115264893
2025-10-07 07:22:32,844 - INFO - Generation = 6
2025-10-07 07:22:38,276 - INFO - Fitness    = 2.5981686115264893
2025-10-07 07:23:11,344 - INFO - Generation = 7
2025-10-07 07:23:16,575 - INFO - Fitness    = 2.5981686115264893
2025-10-07 07:23:49,780 - INFO - Generation = 8
2025-10-07 07:23:55,028 - INFO - Fitness    = 2.5981686115264893
2025-10-07 07:24:28,281 - INFO - Generation = 9
2025-10-07 07:24:33,477 - INFO - Fitness    = 2.5981686115264893
2025-10-07 07:25:06,422 - INFO - Generation = 10
2025-10-07 07:25:11,803 - INFO - Fitness    = 2.5981686115264893
