2025-10-07 03:29:27,300 - INFO - 
Solution 0-------
	KS Statistic Weights: 0.4996
	KS Statistic Biases: 0.0313
	Stats Score Weights: 0.6281
	Stats Score Biases: 0.17
	Unique Elems Score: 0.00
		TOTAL SCORE = 2.5982
2025-10-07 03:30:04,452 - INFO - Generation = 1
2025-10-07 03:30:09,641 - INFO - Fitness    = 2.5981686115264893
2025-10-07 03:30:52,610 - INFO - 
Solution 75-------
	KS Statistic Weights: 0.6236
	KS Statistic Biases: 0.1076
	Stats Score Weights: 0.5405
	Stats Score Biases: 0.17
	Unique Elems Score: 0.00
		TOTAL SCORE = 2.9632
2025-10-07 03:30:53,338 - INFO - Generation = 2
2025-10-07 03:31:07,555 - INFO - 
Solution 75-------
	KS Statistic Weights: 0.6236
	KS Statistic Biases: 0.1076
	Stats Score Weights: 0.5405
	Stats Score Biases: 0.17
	Unique Elems Score: 0.00
		TOTAL SCORE = 2.9632
2025-10-07 03:31:08,285 - INFO - Fitness    = 2.963169574737549
2025-10-07 03:31:42,256 - INFO - Generation = 3
2025-10-07 03:31:47,446 - INFO - Fitness    = 2.963169574737549
2025-10-07 03:32:21,270 - INFO - Generation = 4
2025-10-07 03:32:26,445 - INFO - Fitness    = 2.963169574737549
2025-10-07 03:33:00,453 - INFO - Generation = 5
2025-10-07 03:33:05,629 - INFO - Fitness    = 2.963169574737549
2025-10-07 03:33:49,043 - INFO - 
Solution 92-------
	KS Statistic Weights: 0.6622
	KS Statistic Biases: 0.1084
	Stats Score Weights: 0.5346
	Stats Score Biases: 0.17
	Unique Elems Score: 0.00
		TOTAL SCORE = 3.0107
2025-10-07 03:33:49,146 - INFO - Generation = 6
2025-10-07 03:34:03,911 - INFO - 
Solution 92-------
	KS Statistic Weights: 0.6622
	KS Statistic Biases: 0.1084
	Stats Score Weights: 0.5346
	Stats Score Biases: 0.17
	Unique Elems Score: 0.00
		TOTAL SCORE = 3.0107
2025-10-07 03:34:04,014 - INFO - Fitness    = 3.010707378387451
2025-10-07 03:34:37,874 - INFO - Generation = 7
2025-10-07 03:34:43,004 - INFO - Fitness    = 3.010707378387451
2025-10-07 03:35:24,418 - INFO - 
Solution 29-------
	KS Statistic Weights: 0.6150
	KS Statistic Biases: 0.1182
	Stats Score Weights: 0.5219
	Stats Score Biases: 0.17
	Unique Elems Score: 0.00
		TOTAL SCORE = 2.9971
2025-10-07 03:35:26,701 - INFO - Generation = 8
2025-10-07 03:35:39,323 - INFO - 
Solution 29-------
	KS Statistic Weights: 0.6150
	KS Statistic Biases: 0.1182
	Stats Score Weights: 0.5219
	Stats Score Biases: 0.17
	Unique Elems Score: 0.00
		TOTAL SCORE = 2.9971
2025-10-07 03:35:41,603 - INFO - Fitness    = 3.010707378387451
2025-10-07 03:36:15,973 - INFO - Generation = 9
2025-10-07 03:36:21,148 - INFO - Fitness    = 3.010707378387451
2025-10-07 03:36:55,143 - INFO - Generation = 10
2025-10-07 03:37:00,311 - INFO - Fitness    = 3.010707378387451
