2025-10-07 02:34:18,832 - INFO - 
Solution 0-------
	KS Statistic Weights: 0.4996
	KS Statistic Biases: 0.0313
	Stats Score Weights: 0.6281
	Stats Score Biases: 0.17
	Unique Elems Score: 0.00
		TOTAL SCORE = 2.5982
2025-10-07 02:34:56,576 - INFO - Generation = 1
2025-10-07 02:35:01,791 - INFO - Fitness    = 2.5981686115264893
2025-10-07 02:35:37,020 - INFO - Generation = 2
2025-10-07 02:35:42,174 - INFO - Fitness    = 2.5981686115264893
2025-10-07 02:36:17,279 - INFO - Generation = 3
2025-10-07 02:36:22,478 - INFO - Fitness    = 2.5981686115264893
2025-10-07 02:36:57,502 - INFO - Generation = 4
2025-10-07 02:37:02,669 - INFO - Fitness    = 2.5981686115264893
2025-10-07 02:37:37,081 - INFO - Generation = 5
2025-10-07 02:37:42,299 - INFO - Fitness    = 2.5981686115264893
2025-10-07 02:38:17,405 - INFO - Generation = 6
2025-10-07 02:38:22,651 - INFO - Fitness    = 2.5981686115264893
2025-10-07 02:38:57,439 - INFO - Generation = 7
2025-10-07 02:39:02,629 - INFO - Fitness    = 2.5981686115264893
2025-10-07 02:39:37,539 - INFO - Generation = 8
2025-10-07 02:39:42,677 - INFO - Fitness    = 2.5981686115264893
2025-10-07 02:40:17,623 - INFO - Generation = 9
2025-10-07 02:40:22,802 - INFO - Fitness    = 2.5981686115264893
2025-10-07 02:40:57,385 - INFO - Generation = 10
2025-10-07 02:41:02,546 - INFO - Fitness    = 2.5981686115264893
