2025-10-07 01:55:54,335 - INFO - 
Solution 0-------
	KS Statistic Weights: 0.4996
	KS Statistic Biases: 0.0313
	Stats Score Weights: 0.6281
	Stats Score Biases: 0.17
	Unique Elems Score: 0.00
		TOTAL SCORE = 2.5982
2025-10-07 01:56:31,528 - INFO - Generation = 1
2025-10-07 01:56:36,751 - INFO - Fitness    = 2.5981686115264893
2025-10-07 01:57:11,033 - INFO - Generation = 2
2025-10-07 01:57:16,217 - INFO - Fitness    = 2.5981686115264893
2025-10-07 01:57:50,704 - INFO - Generation = 3
2025-10-07 01:57:55,880 - INFO - Fitness    = 2.5981686115264893
2025-10-07 01:58:29,769 - INFO - Generation = 4
2025-10-07 01:58:34,899 - INFO - Fitness    = 2.5981686115264893
2025-10-07 01:59:09,191 - INFO - Generation = 5
2025-10-07 01:59:14,404 - INFO - Fitness    = 2.5981686115264893
2025-10-07 01:59:48,488 - INFO - Generation = 6
2025-10-07 01:59:53,613 - INFO - Fitness    = 2.5981686115264893
2025-10-07 02:00:27,790 - INFO - Generation = 7
2025-10-07 02:00:32,961 - INFO - Fitness    = 2.5981686115264893
2025-10-07 02:01:07,259 - INFO - Generation = 8
2025-10-07 02:01:12,380 - INFO - Fitness    = 2.5981686115264893
2025-10-07 02:01:46,707 - INFO - Generation = 9
2025-10-07 02:01:51,882 - INFO - Fitness    = 2.5981686115264893
2025-10-07 02:02:26,137 - INFO - Generation = 10
2025-10-07 02:02:31,294 - INFO - Fitness    = 2.5981686115264893
