2025-09-30 16:03:34,113 - INFO - Loading target model (distilbert/distilgpt2)...
2025-09-30 16:03:36,906 - INFO - ✓ Loading target model (distilbert/distilgpt2) finished in 2.79s.
2025-09-30 16:03:36,906 - INFO - Extracting target model parameters...
2025-09-30 16:03:37,337 - INFO - ✓ Extracting target model parameters finished in 0.43s. (weights: 28,311,552, biases: 23,040)
2025-09-30 16:05:50,341 - INFO - Generating trigger and payload...
2025-09-30 16:05:50,348 - INFO - ✓ Generating trigger and payload finished in 0.01s.
2025-09-30 16:05:50,348 - INFO - Creating backdoored model...
2025-09-30 16:08:27,749 - INFO - ✓ Creating backdoored model finished in 157.40s.
2025-09-30 16:08:27,749 - INFO - Unfold StepMLP parameters...
2025-09-30 16:09:24,924 - INFO - ✓ Unfold StepMLP parameters finished in 57.17s.
2025-09-30 16:09:24,961 - INFO - KL Divergence...
2025-09-30 16:09:33,189 - INFO - ✓ KL Divergence finished in 8.23s.
2025-09-30 16:09:33,190 - INFO - Parameter sampling...
2025-09-30 16:17:30,131 - INFO - ✓ Parameter sampling finished in 476.94s.
2025-09-30 16:17:30,138 - INFO - Earth Mover's Distance...
2025-09-30 16:17:31,030 - INFO - ✓ Earth Mover's Distance finished in 0.89s.
2025-09-30 16:17:31,030 - INFO - KS Test...
2025-09-30 16:17:31,417 - INFO - ✓ KS Test finished in 0.39s.
2025-09-30 16:17:31,418 - INFO - Descriptive statistics...
2025-09-30 16:17:31,492 - INFO - ✓ Descriptive statistics finished in 0.07s.
2025-09-30 16:17:34,548 - INFO - Generating trigger and payload...
2025-09-30 16:17:34,616 - INFO - ✓ Generating trigger and payload finished in 0.07s.
2025-09-30 16:17:34,616 - INFO - Creating backdoored model...
2025-09-30 16:21:04,668 - INFO - ✓ Creating backdoored model finished in 210.05s.
2025-09-30 16:21:04,674 - INFO - Unfold StepMLP parameters...
2025-09-30 16:21:48,891 - INFO - ✓ Unfold StepMLP parameters finished in 44.22s.
2025-09-30 16:21:48,909 - INFO - KL Divergence...
2025-09-30 16:21:57,081 - INFO - ✓ KL Divergence finished in 8.17s.
2025-09-30 16:21:57,081 - INFO - Parameter sampling...
2025-09-30 16:29:53,450 - INFO - ✓ Parameter sampling finished in 476.36s.
2025-09-30 16:29:53,459 - INFO - Earth Mover's Distance...
2025-09-30 16:29:54,470 - INFO - ✓ Earth Mover's Distance finished in 1.01s.
2025-09-30 16:29:54,471 - INFO - KS Test...
2025-09-30 16:29:54,819 - INFO - ✓ KS Test finished in 0.35s.
2025-09-30 16:29:54,820 - INFO - Descriptive statistics...
2025-09-30 16:29:54,860 - INFO - ✓ Descriptive statistics finished in 0.04s.
2025-09-30 16:29:57,909 - INFO - Generating trigger and payload...
2025-09-30 16:29:57,947 - INFO - ✓ Generating trigger and payload finished in 0.04s.
2025-09-30 16:29:57,947 - INFO - Creating backdoored model...
2025-09-30 16:33:17,947 - INFO - ✓ Creating backdoored model finished in 200.00s.
2025-09-30 16:33:17,951 - INFO - Unfold StepMLP parameters...
2025-09-30 16:34:30,790 - INFO - ✓ Unfold StepMLP parameters finished in 72.83s.
2025-09-30 16:34:30,830 - INFO - KL Divergence...
2025-09-30 16:34:39,000 - INFO - ✓ KL Divergence finished in 8.17s.
2025-09-30 16:34:39,001 - INFO - Parameter sampling...
2025-09-30 16:42:38,504 - INFO - ✓ Parameter sampling finished in 479.50s.
2025-09-30 16:42:38,512 - INFO - Earth Mover's Distance...
2025-09-30 16:42:39,635 - INFO - ✓ Earth Mover's Distance finished in 1.12s.
2025-09-30 16:42:39,636 - INFO - KS Test...
2025-09-30 16:42:40,007 - INFO - ✓ KS Test finished in 0.37s.
2025-09-30 16:42:40,008 - INFO - Descriptive statistics...
2025-09-30 16:42:40,040 - INFO - ✓ Descriptive statistics finished in 0.03s.
2025-09-30 16:42:43,295 - INFO - Generating trigger and payload...
2025-09-30 16:42:43,371 - INFO - ✓ Generating trigger and payload finished in 0.08s.
2025-09-30 16:42:43,372 - INFO - Creating backdoored model...
2025-09-30 16:46:23,684 - INFO - ✓ Creating backdoored model finished in 220.31s.
2025-09-30 16:46:23,695 - INFO - Unfold StepMLP parameters...
2025-09-30 16:46:48,998 - INFO - ✓ Unfold StepMLP parameters finished in 25.30s.
2025-09-30 16:46:49,028 - INFO - KL Divergence...
2025-09-30 16:46:57,321 - INFO - ✓ KL Divergence finished in 8.29s.
2025-09-30 16:46:57,322 - INFO - Parameter sampling...
2025-09-30 16:54:58,223 - INFO - ✓ Parameter sampling finished in 480.90s.
2025-09-30 16:54:58,231 - INFO - Earth Mover's Distance...
2025-09-30 16:54:59,255 - INFO - ✓ Earth Mover's Distance finished in 1.02s.
2025-09-30 16:54:59,255 - INFO - KS Test...
2025-09-30 16:54:59,599 - INFO - ✓ KS Test finished in 0.34s.
2025-09-30 16:54:59,599 - INFO - Descriptive statistics...
2025-09-30 16:54:59,665 - INFO - ✓ Descriptive statistics finished in 0.07s.
2025-09-30 16:55:02,880 - INFO - Generating trigger and payload...
2025-09-30 16:55:02,999 - INFO - ✓ Generating trigger and payload finished in 0.12s.
2025-09-30 16:55:02,999 - INFO - Creating backdoored model...
2025-09-30 16:58:39,220 - INFO - ✓ Creating backdoored model finished in 216.22s.
2025-09-30 16:58:39,228 - INFO - Unfold StepMLP parameters...
2025-09-30 16:59:57,032 - INFO - ✓ Unfold StepMLP parameters finished in 77.80s.
2025-09-30 16:59:57,063 - INFO - KL Divergence...
2025-09-30 17:00:05,255 - INFO - ✓ KL Divergence finished in 8.19s.
2025-09-30 17:00:05,256 - INFO - Parameter sampling...
2025-09-30 17:08:08,156 - INFO - ✓ Parameter sampling finished in 482.90s.
2025-09-30 17:08:08,162 - INFO - Earth Mover's Distance...
2025-09-30 17:08:09,066 - INFO - ✓ Earth Mover's Distance finished in 0.90s.
2025-09-30 17:08:09,067 - INFO - KS Test...
2025-09-30 17:08:09,433 - INFO - ✓ KS Test finished in 0.37s.
2025-09-30 17:08:09,434 - INFO - Descriptive statistics...
2025-09-30 17:08:09,482 - INFO - ✓ Descriptive statistics finished in 0.05s.
2025-09-30 17:08:12,623 - INFO - Generating trigger and payload...
2025-09-30 17:08:12,739 - INFO - ✓ Generating trigger and payload finished in 0.12s.
2025-09-30 17:08:12,739 - INFO - Creating backdoored model...
2025-09-30 17:12:17,881 - INFO - ✓ Creating backdoored model finished in 245.14s.
2025-09-30 17:12:17,886 - INFO - Unfold StepMLP parameters...
2025-09-30 17:13:38,258 - INFO - ✓ Unfold StepMLP parameters finished in 80.37s.
2025-09-30 17:13:38,288 - INFO - KL Divergence...
2025-09-30 17:13:46,433 - INFO - ✓ KL Divergence finished in 8.14s.
2025-09-30 17:13:46,433 - INFO - Parameter sampling...
2025-09-30 17:21:54,053 - INFO - ✓ Parameter sampling finished in 487.62s.
2025-09-30 17:21:54,065 - INFO - Earth Mover's Distance...
2025-09-30 17:21:54,998 - INFO - ✓ Earth Mover's Distance finished in 0.93s.
2025-09-30 17:21:54,998 - INFO - KS Test...
2025-09-30 17:21:55,345 - INFO - ✓ KS Test finished in 0.35s.
2025-09-30 17:21:55,346 - INFO - Descriptive statistics...
2025-09-30 17:21:55,378 - INFO - ✓ Descriptive statistics finished in 0.03s.
2025-09-30 17:21:58,369 - INFO - Generating trigger and payload...
2025-09-30 17:21:58,450 - INFO - ✓ Generating trigger and payload finished in 0.08s.
2025-09-30 17:21:58,450 - INFO - Creating backdoored model...
2025-09-30 17:25:42,957 - INFO - ✓ Creating backdoored model finished in 224.51s.
2025-09-30 17:25:42,961 - INFO - Unfold StepMLP parameters...
2025-09-30 17:26:57,638 - INFO - ✓ Unfold StepMLP parameters finished in 74.67s.
2025-09-30 17:26:57,672 - INFO - KL Divergence...
2025-09-30 17:27:05,885 - INFO - ✓ KL Divergence finished in 8.21s.
2025-09-30 17:27:05,885 - INFO - Parameter sampling...
2025-09-30 17:35:18,682 - INFO - ✓ Parameter sampling finished in 492.80s.
2025-09-30 17:35:18,691 - INFO - Earth Mover's Distance...
2025-09-30 17:35:19,618 - INFO - ✓ Earth Mover's Distance finished in 0.93s.
2025-09-30 17:35:19,618 - INFO - KS Test...
2025-09-30 17:35:19,978 - INFO - ✓ KS Test finished in 0.36s.
2025-09-30 17:35:19,978 - INFO - Descriptive statistics...
2025-09-30 17:35:20,011 - INFO - ✓ Descriptive statistics finished in 0.03s.
2025-09-30 17:35:23,132 - INFO - Generating trigger and payload...
2025-09-30 17:35:23,267 - INFO - ✓ Generating trigger and payload finished in 0.14s.
2025-09-30 17:35:23,267 - INFO - Creating backdoored model...
2025-09-30 17:39:10,130 - INFO - ✓ Creating backdoored model finished in 226.86s.
2025-09-30 17:39:10,137 - INFO - Unfold StepMLP parameters...
2025-09-30 17:39:44,654 - INFO - ✓ Unfold StepMLP parameters finished in 34.51s.
2025-09-30 17:39:44,685 - INFO - KL Divergence...
2025-09-30 17:39:52,840 - INFO - ✓ KL Divergence finished in 8.15s.
2025-09-30 17:39:52,840 - INFO - Parameter sampling...
2025-09-30 17:48:10,862 - INFO - ✓ Parameter sampling finished in 498.02s.
2025-09-30 17:48:10,871 - INFO - Earth Mover's Distance...
2025-09-30 17:48:11,881 - INFO - ✓ Earth Mover's Distance finished in 1.01s.
2025-09-30 17:48:11,881 - INFO - KS Test...
2025-09-30 17:48:12,225 - INFO - ✓ KS Test finished in 0.34s.
2025-09-30 17:48:12,225 - INFO - Descriptive statistics...
2025-09-30 17:48:12,257 - INFO - ✓ Descriptive statistics finished in 0.03s.
2025-09-30 17:48:15,197 - INFO - Generating trigger and payload...
2025-09-30 17:48:15,276 - INFO - ✓ Generating trigger and payload finished in 0.08s.
2025-09-30 17:48:15,276 - INFO - Creating backdoored model...
2025-09-30 17:52:12,085 - INFO - ✓ Creating backdoored model finished in 236.81s.
2025-09-30 17:52:12,092 - INFO - Unfold StepMLP parameters...
2025-09-30 17:53:05,816 - INFO - ✓ Unfold StepMLP parameters finished in 53.72s.
2025-09-30 17:53:05,854 - INFO - KL Divergence...
2025-09-30 17:53:14,125 - INFO - ✓ KL Divergence finished in 8.27s.
2025-09-30 17:53:14,125 - INFO - Parameter sampling...
2025-09-30 18:01:37,802 - INFO - ✓ Parameter sampling finished in 503.68s.
2025-09-30 18:01:37,810 - INFO - Earth Mover's Distance...
2025-09-30 18:01:38,898 - INFO - ✓ Earth Mover's Distance finished in 1.09s.
2025-09-30 18:01:38,898 - INFO - KS Test...
2025-09-30 18:01:39,264 - INFO - ✓ KS Test finished in 0.37s.
2025-09-30 18:01:39,265 - INFO - Descriptive statistics...
2025-09-30 18:01:39,287 - INFO - ✓ Descriptive statistics finished in 0.02s.
2025-09-30 18:01:42,475 - INFO - Generating trigger and payload...
2025-09-30 18:01:42,559 - INFO - ✓ Generating trigger and payload finished in 0.08s.
2025-09-30 18:01:42,559 - INFO - Creating backdoored model...
2025-09-30 18:05:32,367 - INFO - ✓ Creating backdoored model finished in 229.81s.
2025-09-30 18:05:32,371 - INFO - Unfold StepMLP parameters...
2025-09-30 18:05:49,718 - INFO - ✓ Unfold StepMLP parameters finished in 17.34s.
2025-09-30 18:05:49,752 - INFO - KL Divergence...
2025-09-30 18:05:58,075 - INFO - ✓ KL Divergence finished in 8.32s.
2025-09-30 18:05:58,076 - INFO - Parameter sampling...
2025-09-30 18:14:29,580 - INFO - ✓ Parameter sampling finished in 511.50s.
2025-09-30 18:14:29,588 - INFO - Earth Mover's Distance...
2025-09-30 18:14:30,637 - INFO - ✓ Earth Mover's Distance finished in 1.05s.
2025-09-30 18:14:30,638 - INFO - KS Test...
2025-09-30 18:14:30,988 - INFO - ✓ KS Test finished in 0.35s.
2025-09-30 18:14:30,988 - INFO - Descriptive statistics...
2025-09-30 18:14:31,022 - INFO - ✓ Descriptive statistics finished in 0.03s.
2025-09-30 18:14:34,169 - INFO - Generating trigger and payload...
2025-09-30 18:14:34,250 - INFO - ✓ Generating trigger and payload finished in 0.08s.
2025-09-30 18:14:34,250 - INFO - Creating backdoored model...
2025-09-30 18:18:16,810 - INFO - ✓ Creating backdoored model finished in 222.56s.
2025-09-30 18:18:16,818 - INFO - Unfold StepMLP parameters...
2025-09-30 18:18:47,848 - INFO - ✓ Unfold StepMLP parameters finished in 31.03s.
2025-09-30 18:18:47,882 - INFO - KL Divergence...
2025-09-30 18:18:56,010 - INFO - ✓ KL Divergence finished in 8.13s.
2025-09-30 18:18:56,010 - INFO - Parameter sampling...
2025-09-30 18:27:34,344 - INFO - ✓ Parameter sampling finished in 518.33s.
2025-09-30 18:27:34,353 - INFO - Earth Mover's Distance...
2025-09-30 18:27:35,300 - INFO - ✓ Earth Mover's Distance finished in 0.95s.
2025-09-30 18:27:35,301 - INFO - KS Test...
2025-09-30 18:27:35,668 - INFO - ✓ KS Test finished in 0.37s.
2025-09-30 18:27:35,668 - INFO - Descriptive statistics...
2025-09-30 18:27:35,745 - INFO - ✓ Descriptive statistics finished in 0.08s.
2025-09-30 18:27:38,754 - INFO - Generating trigger and payload...
2025-09-30 18:27:38,837 - INFO - ✓ Generating trigger and payload finished in 0.08s.
2025-09-30 18:27:38,837 - INFO - Creating backdoored model...
2025-09-30 18:31:53,606 - INFO - ✓ Creating backdoored model finished in 254.77s.
2025-09-30 18:31:53,613 - INFO - Unfold StepMLP parameters...
2025-09-30 18:32:15,701 - INFO - ✓ Unfold StepMLP parameters finished in 22.09s.
2025-09-30 18:32:15,731 - INFO - KL Divergence...
2025-09-30 18:32:23,925 - INFO - ✓ KL Divergence finished in 8.19s.
2025-09-30 18:32:23,926 - INFO - Parameter sampling...
2025-09-30 18:41:08,327 - INFO - ✓ Parameter sampling finished in 524.40s.
2025-09-30 18:41:08,337 - INFO - Earth Mover's Distance...
2025-09-30 18:41:09,237 - INFO - ✓ Earth Mover's Distance finished in 0.90s.
2025-09-30 18:41:09,237 - INFO - KS Test...
2025-09-30 18:41:09,588 - INFO - ✓ KS Test finished in 0.35s.
2025-09-30 18:41:09,589 - INFO - Descriptive statistics...
2025-09-30 18:41:09,655 - INFO - ✓ Descriptive statistics finished in 0.07s.
2025-09-30 18:41:12,614 - INFO - Generating trigger and payload...
2025-09-30 18:41:12,731 - INFO - ✓ Generating trigger and payload finished in 0.12s.
2025-09-30 18:41:12,732 - INFO - Creating backdoored model...
2025-09-30 18:45:12,476 - INFO - ✓ Creating backdoored model finished in 239.74s.
2025-09-30 18:45:12,480 - INFO - Unfold StepMLP parameters...
2025-09-30 18:45:35,271 - INFO - ✓ Unfold StepMLP parameters finished in 22.79s.
2025-09-30 18:45:35,299 - INFO - KL Divergence...
2025-09-30 18:45:43,441 - INFO - ✓ KL Divergence finished in 8.14s.
2025-09-30 18:45:43,442 - INFO - Parameter sampling...
2025-09-30 18:54:34,240 - INFO - ✓ Parameter sampling finished in 530.80s.
2025-09-30 18:54:34,248 - INFO - Earth Mover's Distance...
2025-09-30 18:54:35,293 - INFO - ✓ Earth Mover's Distance finished in 1.05s.
2025-09-30 18:54:35,294 - INFO - KS Test...
2025-09-30 18:54:35,649 - INFO - ✓ KS Test finished in 0.36s.
2025-09-30 18:54:35,650 - INFO - Descriptive statistics...
2025-09-30 18:54:35,684 - INFO - ✓ Descriptive statistics finished in 0.03s.
2025-09-30 18:54:38,630 - INFO - Generating trigger and payload...
2025-09-30 18:54:38,745 - INFO - ✓ Generating trigger and payload finished in 0.11s.
2025-09-30 18:54:38,745 - INFO - Creating backdoored model...
2025-09-30 18:58:33,321 - INFO - ✓ Creating backdoored model finished in 234.58s.
2025-09-30 18:58:33,328 - INFO - Unfold StepMLP parameters...
2025-09-30 18:59:09,918 - INFO - ✓ Unfold StepMLP parameters finished in 36.59s.
2025-09-30 18:59:09,949 - INFO - KL Divergence...
2025-09-30 18:59:18,117 - INFO - ✓ KL Divergence finished in 8.17s.
2025-09-30 18:59:18,117 - INFO - Parameter sampling...
2025-09-30 19:08:16,084 - INFO - ✓ Parameter sampling finished in 537.97s.
2025-09-30 19:08:16,093 - INFO - Earth Mover's Distance...
2025-09-30 19:08:17,279 - INFO - ✓ Earth Mover's Distance finished in 1.19s.
2025-09-30 19:08:17,280 - INFO - KS Test...
2025-09-30 19:08:17,635 - INFO - ✓ KS Test finished in 0.35s.
2025-09-30 19:08:17,635 - INFO - Descriptive statistics...
2025-09-30 19:08:17,716 - INFO - ✓ Descriptive statistics finished in 0.08s.
2025-09-30 19:08:20,608 - INFO - Generating trigger and payload...
2025-09-30 19:08:20,724 - INFO - ✓ Generating trigger and payload finished in 0.12s.
2025-09-30 19:08:20,724 - INFO - Creating backdoored model...
2025-09-30 19:12:27,797 - INFO - ✓ Creating backdoored model finished in 247.07s.
2025-09-30 19:12:27,805 - INFO - Unfold StepMLP parameters...
2025-09-30 19:14:06,809 - INFO - ✓ Unfold StepMLP parameters finished in 99.00s.
2025-09-30 19:14:06,845 - INFO - KL Divergence...
2025-09-30 19:14:15,044 - INFO - ✓ KL Divergence finished in 8.20s.
2025-09-30 19:14:15,045 - INFO - Parameter sampling...
2025-09-30 19:23:21,168 - INFO - ✓ Parameter sampling finished in 546.12s.
2025-09-30 19:23:21,175 - INFO - Earth Mover's Distance...
2025-09-30 19:23:22,236 - INFO - ✓ Earth Mover's Distance finished in 1.06s.
2025-09-30 19:23:22,236 - INFO - KS Test...
2025-09-30 19:23:22,600 - INFO - ✓ KS Test finished in 0.36s.
2025-09-30 19:23:22,601 - INFO - Descriptive statistics...
2025-09-30 19:23:22,633 - INFO - ✓ Descriptive statistics finished in 0.03s.
2025-09-30 19:23:25,481 - INFO - Generating trigger and payload...
2025-09-30 19:23:25,565 - INFO - ✓ Generating trigger and payload finished in 0.08s.
2025-09-30 19:23:25,565 - INFO - Creating backdoored model...
2025-09-30 19:27:14,373 - INFO - ✓ Creating backdoored model finished in 228.81s.
2025-09-30 19:27:14,374 - INFO - Unfold StepMLP parameters...
2025-09-30 19:27:35,135 - INFO - ✓ Unfold StepMLP parameters finished in 20.76s.
2025-09-30 19:27:35,166 - INFO - KL Divergence...
2025-09-30 19:27:43,368 - INFO - ✓ KL Divergence finished in 8.20s.
2025-09-30 19:27:43,368 - INFO - Parameter sampling...
2025-09-30 19:37:00,611 - INFO - ✓ Parameter sampling finished in 557.24s.
2025-09-30 19:37:00,620 - INFO - Earth Mover's Distance...
2025-09-30 19:37:01,518 - INFO - ✓ Earth Mover's Distance finished in 0.90s.
2025-09-30 19:37:01,519 - INFO - KS Test...
2025-09-30 19:37:01,872 - INFO - ✓ KS Test finished in 0.35s.
2025-09-30 19:37:01,873 - INFO - Descriptive statistics...
2025-09-30 19:37:01,906 - INFO - ✓ Descriptive statistics finished in 0.03s.
2025-09-30 19:37:04,814 - INFO - Generating trigger and payload...
2025-09-30 19:37:04,894 - INFO - ✓ Generating trigger and payload finished in 0.08s.
2025-09-30 19:37:04,895 - INFO - Creating backdoored model...
2025-09-30 19:41:12,843 - INFO - ✓ Creating backdoored model finished in 247.95s.
2025-09-30 19:41:12,850 - INFO - Unfold StepMLP parameters...
2025-09-30 19:41:32,025 - INFO - ✓ Unfold StepMLP parameters finished in 19.17s.
2025-09-30 19:41:32,054 - INFO - KL Divergence...
2025-09-30 19:41:40,278 - INFO - ✓ KL Divergence finished in 8.22s.
2025-09-30 19:41:40,279 - INFO - Parameter sampling...
2025-09-30 19:51:03,972 - INFO - ✓ Parameter sampling finished in 563.69s.
2025-09-30 19:51:03,980 - INFO - Earth Mover's Distance...
2025-09-30 19:51:04,848 - INFO - ✓ Earth Mover's Distance finished in 0.87s.
2025-09-30 19:51:04,849 - INFO - KS Test...
2025-09-30 19:51:05,206 - INFO - ✓ KS Test finished in 0.36s.
2025-09-30 19:51:05,206 - INFO - Descriptive statistics...
2025-09-30 19:51:05,278 - INFO - ✓ Descriptive statistics finished in 0.07s.
2025-09-30 19:51:07,971 - INFO - Generating trigger and payload...
2025-09-30 19:51:08,057 - INFO - ✓ Generating trigger and payload finished in 0.09s.
2025-09-30 19:51:08,057 - INFO - Creating backdoored model...
2025-09-30 19:55:05,752 - INFO - ✓ Creating backdoored model finished in 237.69s.
2025-09-30 19:55:05,759 - INFO - Unfold StepMLP parameters...
2025-09-30 19:55:26,735 - INFO - ✓ Unfold StepMLP parameters finished in 20.96s.
2025-09-30 19:55:26,881 - INFO - KL Divergence...
2025-09-30 19:55:35,142 - INFO - ✓ KL Divergence finished in 8.26s.
2025-09-30 19:55:35,143 - INFO - Parameter sampling...
2025-09-30 20:05:09,013 - INFO - ✓ Parameter sampling finished in 573.87s.
2025-09-30 20:05:09,021 - INFO - Earth Mover's Distance...
2025-09-30 20:05:10,013 - INFO - ✓ Earth Mover's Distance finished in 0.99s.
2025-09-30 20:05:10,014 - INFO - KS Test...
2025-09-30 20:05:10,364 - INFO - ✓ KS Test finished in 0.35s.
2025-09-30 20:05:10,365 - INFO - Descriptive statistics...
2025-09-30 20:05:10,430 - INFO - ✓ Descriptive statistics finished in 0.07s.
2025-09-30 20:05:13,341 - INFO - Generating trigger and payload...
2025-09-30 20:05:13,419 - INFO - ✓ Generating trigger and payload finished in 0.08s.
2025-09-30 20:05:13,419 - INFO - Creating backdoored model...
2025-09-30 20:09:23,840 - INFO - ✓ Creating backdoored model finished in 250.42s.
2025-09-30 20:09:23,844 - INFO - Unfold StepMLP parameters...
2025-09-30 20:09:50,392 - INFO - ✓ Unfold StepMLP parameters finished in 26.54s.
2025-09-30 20:09:50,426 - INFO - KL Divergence...
2025-09-30 20:09:58,700 - INFO - ✓ KL Divergence finished in 8.27s.
2025-09-30 20:09:58,701 - INFO - Parameter sampling...
2025-09-30 20:19:40,330 - INFO - ✓ Parameter sampling finished in 581.63s.
2025-09-30 20:19:40,339 - INFO - Earth Mover's Distance...
2025-09-30 20:19:41,305 - INFO - ✓ Earth Mover's Distance finished in 0.97s.
2025-09-30 20:19:41,306 - INFO - KS Test...
2025-09-30 20:19:41,652 - INFO - ✓ KS Test finished in 0.35s.
2025-09-30 20:19:41,653 - INFO - Descriptive statistics...
2025-09-30 20:19:41,674 - INFO - ✓ Descriptive statistics finished in 0.02s.
2025-09-30 20:19:44,309 - INFO - Generating trigger and payload...
2025-09-30 20:19:44,428 - INFO - ✓ Generating trigger and payload finished in 0.12s.
2025-09-30 20:19:44,428 - INFO - Creating backdoored model...
2025-09-30 20:23:50,589 - INFO - ✓ Creating backdoored model finished in 246.16s.
2025-09-30 20:23:50,593 - INFO - Unfold StepMLP parameters...
2025-09-30 20:24:08,929 - INFO - ✓ Unfold StepMLP parameters finished in 18.33s.
2025-09-30 20:24:08,961 - INFO - KL Divergence...
2025-09-30 20:24:17,138 - INFO - ✓ KL Divergence finished in 8.18s.
2025-09-30 20:24:17,138 - INFO - Parameter sampling...
2025-09-30 20:34:10,459 - INFO - ✓ Parameter sampling finished in 593.32s.
2025-09-30 20:34:10,467 - INFO - Earth Mover's Distance...
2025-09-30 20:34:11,542 - INFO - ✓ Earth Mover's Distance finished in 1.07s.
2025-09-30 20:34:11,542 - INFO - KS Test...
2025-09-30 20:34:11,897 - INFO - ✓ KS Test finished in 0.36s.
2025-09-30 20:34:11,898 - INFO - Descriptive statistics...
2025-09-30 20:34:11,930 - INFO - ✓ Descriptive statistics finished in 0.03s.
2025-09-30 20:34:14,603 - INFO - Generating trigger and payload...
2025-09-30 20:34:14,689 - INFO - ✓ Generating trigger and payload finished in 0.09s.
2025-09-30 20:34:14,690 - INFO - Creating backdoored model...
2025-09-30 20:38:36,514 - INFO - ✓ Creating backdoored model finished in 261.82s.
2025-09-30 20:38:36,517 - INFO - Unfold StepMLP parameters...
2025-09-30 20:38:56,876 - INFO - ✓ Unfold StepMLP parameters finished in 20.36s.
2025-09-30 20:38:56,892 - INFO - KL Divergence...
2025-09-30 20:39:05,231 - INFO - ✓ KL Divergence finished in 8.34s.
2025-09-30 20:39:05,231 - INFO - Parameter sampling...
2025-09-30 20:49:06,280 - INFO - ✓ Parameter sampling finished in 601.05s.
2025-09-30 20:49:06,288 - INFO - Earth Mover's Distance...
2025-09-30 20:49:07,165 - INFO - ✓ Earth Mover's Distance finished in 0.88s.
2025-09-30 20:49:07,166 - INFO - KS Test...
2025-09-30 20:49:07,523 - INFO - ✓ KS Test finished in 0.36s.
2025-09-30 20:49:07,524 - INFO - Descriptive statistics...
2025-09-30 20:49:07,546 - INFO - ✓ Descriptive statistics finished in 0.02s.
2025-09-30 20:49:10,096 - INFO - Generating trigger and payload...
2025-09-30 20:49:10,179 - INFO - ✓ Generating trigger and payload finished in 0.08s.
2025-09-30 20:49:10,179 - INFO - Creating backdoored model...
2025-09-30 20:53:14,760 - INFO - ✓ Creating backdoored model finished in 244.58s.
2025-09-30 20:53:14,778 - INFO - Unfold StepMLP parameters...
2025-09-30 20:54:06,273 - INFO - ✓ Unfold StepMLP parameters finished in 51.49s.
2025-09-30 20:54:06,308 - INFO - KL Divergence...
2025-09-30 20:54:14,452 - INFO - ✓ KL Divergence finished in 8.14s.
2025-09-30 20:54:14,452 - INFO - Parameter sampling...
2025-09-30 21:04:25,335 - INFO - ✓ Parameter sampling finished in 610.88s.
2025-09-30 21:04:25,344 - INFO - Earth Mover's Distance...
2025-09-30 21:04:26,364 - INFO - ✓ Earth Mover's Distance finished in 1.02s.
2025-09-30 21:04:26,365 - INFO - KS Test...
2025-09-30 21:04:26,718 - INFO - ✓ KS Test finished in 0.35s.
2025-09-30 21:04:26,719 - INFO - Descriptive statistics...
2025-09-30 21:04:26,757 - INFO - ✓ Descriptive statistics finished in 0.04s.
2025-09-30 21:04:29,351 - INFO - Generating trigger and payload...
2025-09-30 21:04:29,428 - INFO - ✓ Generating trigger and payload finished in 0.08s.
2025-09-30 21:04:29,428 - INFO - Creating backdoored model...
2025-09-30 21:08:47,496 - INFO - ✓ Creating backdoored model finished in 258.07s.
2025-09-30 21:08:47,506 - INFO - Unfold StepMLP parameters...
2025-09-30 21:09:10,228 - INFO - ✓ Unfold StepMLP parameters finished in 22.72s.
2025-09-30 21:09:10,261 - INFO - KL Divergence...
2025-09-30 21:09:18,397 - INFO - ✓ KL Divergence finished in 8.14s.
2025-09-30 21:09:18,398 - INFO - Parameter sampling...
2025-09-30 21:19:40,505 - INFO - ✓ Parameter sampling finished in 622.11s.
2025-09-30 21:19:40,513 - INFO - Earth Mover's Distance...
2025-09-30 21:19:41,427 - INFO - ✓ Earth Mover's Distance finished in 0.91s.
2025-09-30 21:19:41,427 - INFO - KS Test...
2025-09-30 21:19:41,781 - INFO - ✓ KS Test finished in 0.35s.
2025-09-30 21:19:41,782 - INFO - Descriptive statistics...
2025-09-30 21:19:41,814 - INFO - ✓ Descriptive statistics finished in 0.03s.
2025-09-30 21:19:44,430 - INFO - Generating trigger and payload...
2025-09-30 21:19:44,545 - INFO - ✓ Generating trigger and payload finished in 0.11s.
2025-09-30 21:19:44,545 - INFO - Creating backdoored model...
2025-09-30 21:24:01,539 - INFO - ✓ Creating backdoored model finished in 256.99s.
2025-09-30 21:24:01,540 - INFO - Unfold StepMLP parameters...
2025-09-30 21:24:20,350 - INFO - ✓ Unfold StepMLP parameters finished in 18.81s.
2025-09-30 21:24:20,375 - INFO - KL Divergence...
2025-09-30 21:24:28,585 - INFO - ✓ KL Divergence finished in 8.21s.
2025-09-30 21:24:28,585 - INFO - Parameter sampling...
2025-09-30 21:34:57,901 - INFO - ✓ Parameter sampling finished in 629.32s.
2025-09-30 21:34:57,909 - INFO - Earth Mover's Distance...
2025-09-30 21:34:58,719 - INFO - ✓ Earth Mover's Distance finished in 0.81s.
2025-09-30 21:34:58,720 - INFO - KS Test...
2025-09-30 21:34:59,070 - INFO - ✓ KS Test finished in 0.35s.
2025-09-30 21:34:59,070 - INFO - Descriptive statistics...
2025-09-30 21:34:59,135 - INFO - ✓ Descriptive statistics finished in 0.06s.
2025-09-30 21:35:01,689 - INFO - Generating trigger and payload...
2025-09-30 21:35:01,775 - INFO - ✓ Generating trigger and payload finished in 0.09s.
2025-09-30 21:35:01,775 - INFO - Creating backdoored model...
2025-09-30 21:39:28,273 - INFO - ✓ Creating backdoored model finished in 266.50s.
2025-09-30 21:39:28,280 - INFO - Unfold StepMLP parameters...
2025-09-30 21:39:48,446 - INFO - ✓ Unfold StepMLP parameters finished in 20.17s.
2025-09-30 21:39:48,451 - INFO - KL Divergence...
2025-09-30 21:39:56,614 - INFO - ✓ KL Divergence finished in 8.16s.
2025-09-30 21:39:56,614 - INFO - Parameter sampling...
2025-09-30 21:50:36,566 - INFO - ✓ Parameter sampling finished in 639.95s.
2025-09-30 21:50:36,575 - INFO - Earth Mover's Distance...
2025-09-30 21:50:37,702 - INFO - ✓ Earth Mover's Distance finished in 1.13s.
2025-09-30 21:50:37,703 - INFO - KS Test...
2025-09-30 21:50:38,058 - INFO - ✓ KS Test finished in 0.36s.
2025-09-30 21:50:38,058 - INFO - Descriptive statistics...
2025-09-30 21:50:38,094 - INFO - ✓ Descriptive statistics finished in 0.04s.
2025-09-30 21:50:40,566 - INFO - Generating trigger and payload...
2025-09-30 21:50:40,648 - INFO - ✓ Generating trigger and payload finished in 0.08s.
2025-09-30 21:50:40,649 - INFO - Creating backdoored model...
2025-09-30 21:54:53,238 - INFO - ✓ Creating backdoored model finished in 252.59s.
2025-09-30 21:54:53,239 - INFO - Unfold StepMLP parameters...
2025-09-30 21:55:17,068 - INFO - ✓ Unfold StepMLP parameters finished in 23.83s.
2025-09-30 21:55:17,072 - INFO - KL Divergence...
2025-09-30 21:55:25,167 - INFO - ✓ KL Divergence finished in 8.10s.
2025-09-30 21:55:25,168 - INFO - Parameter sampling...
2025-09-30 22:06:12,264 - INFO - ✓ Parameter sampling finished in 647.10s.
2025-09-30 22:06:12,274 - INFO - Earth Mover's Distance...
2025-09-30 22:06:13,348 - INFO - ✓ Earth Mover's Distance finished in 1.07s.
2025-09-30 22:06:13,349 - INFO - KS Test...
2025-09-30 22:06:13,696 - INFO - ✓ KS Test finished in 0.35s.
2025-09-30 22:06:13,696 - INFO - Descriptive statistics...
2025-09-30 22:06:13,726 - INFO - ✓ Descriptive statistics finished in 0.03s.
2025-09-30 22:06:16,123 - INFO - Generating trigger and payload...
2025-09-30 22:06:16,198 - INFO - ✓ Generating trigger and payload finished in 0.07s.
2025-09-30 22:06:16,198 - INFO - Creating backdoored model...
2025-09-30 22:10:38,309 - INFO - ✓ Creating backdoored model finished in 262.11s.
2025-09-30 22:10:38,314 - INFO - Unfold StepMLP parameters...
2025-09-30 22:11:09,452 - INFO - ✓ Unfold StepMLP parameters finished in 31.13s.
2025-09-30 22:11:09,480 - INFO - KL Divergence...
2025-09-30 22:11:17,616 - INFO - ✓ KL Divergence finished in 8.14s.
2025-09-30 22:11:17,616 - INFO - Parameter sampling...
2025-09-30 22:22:13,767 - INFO - ✓ Parameter sampling finished in 656.15s.
2025-09-30 22:22:13,776 - INFO - Earth Mover's Distance...
2025-09-30 22:22:14,759 - INFO - ✓ Earth Mover's Distance finished in 0.98s.
2025-09-30 22:22:14,760 - INFO - KS Test...
2025-09-30 22:22:15,118 - INFO - ✓ KS Test finished in 0.36s.
2025-09-30 22:22:15,119 - INFO - Descriptive statistics...
2025-09-30 22:22:15,152 - INFO - ✓ Descriptive statistics finished in 0.03s.
2025-09-30 22:22:17,477 - INFO - Generating trigger and payload...
2025-09-30 22:22:17,600 - INFO - ✓ Generating trigger and payload finished in 0.12s.
2025-09-30 22:22:17,600 - INFO - Creating backdoored model...
2025-09-30 22:26:38,908 - INFO - ✓ Creating backdoored model finished in 261.31s.
2025-09-30 22:26:38,909 - INFO - Unfold StepMLP parameters...
2025-09-30 22:27:12,493 - INFO - ✓ Unfold StepMLP parameters finished in 33.58s.
2025-09-30 22:27:12,499 - INFO - KL Divergence...
2025-09-30 22:27:20,551 - INFO - ✓ KL Divergence finished in 8.05s.
2025-09-30 22:27:20,552 - INFO - Parameter sampling...
2025-09-30 22:38:22,336 - INFO - ✓ Parameter sampling finished in 661.78s.
2025-09-30 22:38:22,343 - INFO - Earth Mover's Distance...
2025-09-30 22:38:23,458 - INFO - ✓ Earth Mover's Distance finished in 1.11s.
2025-09-30 22:38:23,458 - INFO - KS Test...
2025-09-30 22:38:23,809 - INFO - ✓ KS Test finished in 0.35s.
2025-09-30 22:38:23,809 - INFO - Descriptive statistics...
2025-09-30 22:38:23,852 - INFO - ✓ Descriptive statistics finished in 0.04s.
2025-09-30 22:38:26,276 - INFO - Generating trigger and payload...
2025-09-30 22:38:26,394 - INFO - ✓ Generating trigger and payload finished in 0.12s.
2025-09-30 22:38:26,395 - INFO - Creating backdoored model...
2025-09-30 22:42:49,909 - INFO - ✓ Creating backdoored model finished in 263.51s.
2025-09-30 22:42:49,910 - INFO - Unfold StepMLP parameters...
2025-09-30 22:43:18,520 - INFO - ✓ Unfold StepMLP parameters finished in 28.61s.
2025-09-30 22:43:18,544 - INFO - KL Divergence...
2025-09-30 22:43:26,688 - INFO - ✓ KL Divergence finished in 8.14s.
2025-09-30 22:43:26,688 - INFO - Parameter sampling...
2025-09-30 22:54:42,312 - INFO - ✓ Parameter sampling finished in 675.62s.
2025-09-30 22:54:42,320 - INFO - Earth Mover's Distance...
2025-09-30 22:54:43,359 - INFO - ✓ Earth Mover's Distance finished in 1.04s.
2025-09-30 22:54:43,360 - INFO - KS Test...
2025-09-30 22:54:43,714 - INFO - ✓ KS Test finished in 0.35s.
2025-09-30 22:54:43,715 - INFO - Descriptive statistics...
2025-09-30 22:54:43,737 - INFO - ✓ Descriptive statistics finished in 0.02s.
2025-09-30 22:54:45,931 - INFO - Generating trigger and payload...
2025-09-30 22:54:46,016 - INFO - ✓ Generating trigger and payload finished in 0.08s.
2025-09-30 22:54:46,016 - INFO - Creating backdoored model...
2025-09-30 22:59:11,152 - INFO - ✓ Creating backdoored model finished in 265.14s.
2025-09-30 22:59:11,153 - INFO - Unfold StepMLP parameters...
2025-09-30 22:59:36,949 - INFO - ✓ Unfold StepMLP parameters finished in 25.80s.
2025-09-30 22:59:36,954 - INFO - KL Divergence...
2025-09-30 22:59:45,013 - INFO - ✓ KL Divergence finished in 8.06s.
2025-09-30 22:59:45,014 - INFO - Parameter sampling...
2025-09-30 23:11:08,292 - INFO - ✓ Parameter sampling finished in 683.28s.
2025-09-30 23:11:08,301 - INFO - Earth Mover's Distance...
2025-09-30 23:11:09,553 - INFO - ✓ Earth Mover's Distance finished in 1.25s.
2025-09-30 23:11:09,553 - INFO - KS Test...
2025-09-30 23:11:09,901 - INFO - ✓ KS Test finished in 0.35s.
2025-09-30 23:11:09,901 - INFO - Descriptive statistics...
2025-09-30 23:11:09,921 - INFO - ✓ Descriptive statistics finished in 0.02s.
2025-09-30 23:11:12,206 - INFO - Generating trigger and payload...
2025-09-30 23:11:12,322 - INFO - ✓ Generating trigger and payload finished in 0.12s.
2025-09-30 23:11:12,322 - INFO - Creating backdoored model...
2025-09-30 23:15:43,044 - INFO - ✓ Creating backdoored model finished in 270.72s.
2025-09-30 23:15:43,049 - INFO - Unfold StepMLP parameters...
2025-09-30 23:16:08,555 - INFO - ✓ Unfold StepMLP parameters finished in 25.51s.
2025-09-30 23:16:08,560 - INFO - KL Divergence...
2025-09-30 23:16:16,580 - INFO - ✓ KL Divergence finished in 8.02s.
2025-09-30 23:16:16,580 - INFO - Parameter sampling...
2025-09-30 23:27:51,434 - INFO - ✓ Parameter sampling finished in 694.85s.
2025-09-30 23:27:51,442 - INFO - Earth Mover's Distance...
2025-09-30 23:27:52,715 - INFO - ✓ Earth Mover's Distance finished in 1.27s.
2025-09-30 23:27:52,715 - INFO - KS Test...
2025-09-30 23:27:53,070 - INFO - ✓ KS Test finished in 0.35s.
2025-09-30 23:27:53,071 - INFO - Descriptive statistics...
2025-09-30 23:27:53,150 - INFO - ✓ Descriptive statistics finished in 0.08s.
2025-09-30 23:27:55,307 - INFO - Generating trigger and payload...
2025-09-30 23:27:55,392 - INFO - ✓ Generating trigger and payload finished in 0.09s.
2025-09-30 23:27:55,393 - INFO - Creating backdoored model...
2025-09-30 23:32:25,906 - INFO - ✓ Creating backdoored model finished in 270.51s.
2025-09-30 23:32:25,912 - INFO - Unfold StepMLP parameters...
2025-09-30 23:32:49,387 - INFO - ✓ Unfold StepMLP parameters finished in 23.47s.
2025-09-30 23:32:49,392 - INFO - KL Divergence...
2025-09-30 23:32:57,550 - INFO - ✓ KL Divergence finished in 8.16s.
2025-09-30 23:32:57,550 - INFO - Parameter sampling...
2025-09-30 23:44:36,230 - INFO - ✓ Parameter sampling finished in 698.68s.
2025-09-30 23:44:36,239 - INFO - Earth Mover's Distance...
2025-09-30 23:44:37,181 - INFO - ✓ Earth Mover's Distance finished in 0.94s.
2025-09-30 23:44:37,182 - INFO - KS Test...
2025-09-30 23:44:37,526 - INFO - ✓ KS Test finished in 0.34s.
2025-09-30 23:44:37,527 - INFO - Descriptive statistics...
2025-09-30 23:44:37,568 - INFO - ✓ Descriptive statistics finished in 0.04s.
2025-09-30 23:44:39,739 - INFO - Generating trigger and payload...
2025-09-30 23:44:39,827 - INFO - ✓ Generating trigger and payload finished in 0.09s.
2025-09-30 23:44:39,828 - INFO - Creating backdoored model...
2025-09-30 23:49:07,151 - INFO - ✓ Creating backdoored model finished in 267.32s.
2025-09-30 23:49:07,152 - INFO - Unfold StepMLP parameters...
2025-09-30 23:49:32,485 - INFO - ✓ Unfold StepMLP parameters finished in 25.33s.
2025-09-30 23:49:32,490 - INFO - KL Divergence...
2025-09-30 23:49:40,496 - INFO - ✓ KL Divergence finished in 8.01s.
2025-09-30 23:49:40,496 - INFO - Parameter sampling...
2025-10-01 00:01:34,778 - INFO - ✓ Parameter sampling finished in 714.28s.
2025-10-01 00:01:34,786 - INFO - Earth Mover's Distance...
2025-10-01 00:01:35,814 - INFO - ✓ Earth Mover's Distance finished in 1.03s.
2025-10-01 00:01:35,815 - INFO - KS Test...
2025-10-01 00:01:36,180 - INFO - ✓ KS Test finished in 0.37s.
2025-10-01 00:01:36,181 - INFO - Descriptive statistics...
2025-10-01 00:01:36,211 - INFO - ✓ Descriptive statistics finished in 0.03s.
2025-10-01 00:01:38,353 - INFO - Generating trigger and payload...
2025-10-01 00:01:38,435 - INFO - ✓ Generating trigger and payload finished in 0.08s.
2025-10-01 00:01:38,435 - INFO - Creating backdoored model...
2025-10-01 00:06:02,837 - INFO - ✓ Creating backdoored model finished in 264.40s.
2025-10-01 00:06:02,838 - INFO - Unfold StepMLP parameters...
2025-10-01 00:06:26,921 - INFO - ✓ Unfold StepMLP parameters finished in 24.08s.
2025-10-01 00:06:26,926 - INFO - KL Divergence...
2025-10-01 00:06:34,939 - INFO - ✓ KL Divergence finished in 8.01s.
2025-10-01 00:06:34,940 - INFO - Parameter sampling...
2025-10-01 00:18:36,500 - INFO - ✓ Parameter sampling finished in 721.56s.
2025-10-01 00:18:36,503 - INFO - Earth Mover's Distance...
2025-10-01 00:18:37,581 - INFO - ✓ Earth Mover's Distance finished in 1.08s.
2025-10-01 00:18:37,581 - INFO - KS Test...
2025-10-01 00:18:37,930 - INFO - ✓ KS Test finished in 0.35s.
2025-10-01 00:18:37,930 - INFO - Descriptive statistics...
2025-10-01 00:18:38,015 - INFO - ✓ Descriptive statistics finished in 0.08s.
2025-10-01 00:18:40,279 - INFO - Generating trigger and payload...
2025-10-01 00:18:40,367 - INFO - ✓ Generating trigger and payload finished in 0.09s.
2025-10-01 00:18:40,367 - INFO - Creating backdoored model...
2025-10-01 00:23:17,625 - INFO - ✓ Creating backdoored model finished in 277.26s.
2025-10-01 00:23:17,631 - INFO - Unfold StepMLP parameters...
2025-10-01 00:23:52,990 - INFO - ✓ Unfold StepMLP parameters finished in 35.36s.
2025-10-01 00:23:52,996 - INFO - KL Divergence...
2025-10-01 00:24:01,070 - INFO - ✓ KL Divergence finished in 8.07s.
2025-10-01 00:24:01,070 - INFO - Parameter sampling...
2025-10-01 00:36:18,461 - INFO - ✓ Parameter sampling finished in 737.39s.
2025-10-01 00:36:18,470 - INFO - Earth Mover's Distance...
2025-10-01 00:36:19,605 - INFO - ✓ Earth Mover's Distance finished in 1.13s.
2025-10-01 00:36:19,605 - INFO - KS Test...
2025-10-01 00:36:19,961 - INFO - ✓ KS Test finished in 0.36s.
2025-10-01 00:36:19,961 - INFO - Descriptive statistics...
2025-10-01 00:36:20,045 - INFO - ✓ Descriptive statistics finished in 0.08s.
2025-10-01 00:36:22,267 - INFO - Generating trigger and payload...
2025-10-01 00:36:22,360 - INFO - ✓ Generating trigger and payload finished in 0.09s.
2025-10-01 00:36:22,360 - INFO - Creating backdoored model...
2025-10-01 00:40:57,646 - INFO - ✓ Creating backdoored model finished in 275.29s.
2025-10-01 00:40:57,650 - INFO - Unfold StepMLP parameters...
2025-10-01 00:41:19,629 - INFO - ✓ Unfold StepMLP parameters finished in 21.97s.
2025-10-01 00:41:19,665 - INFO - KL Divergence...
2025-10-01 00:41:27,829 - INFO - ✓ KL Divergence finished in 8.16s.
2025-10-01 00:41:27,829 - INFO - Parameter sampling...
2025-10-01 00:53:45,585 - INFO - ✓ Parameter sampling finished in 737.76s.
2025-10-01 00:53:45,594 - INFO - Earth Mover's Distance...
2025-10-01 00:53:46,654 - INFO - ✓ Earth Mover's Distance finished in 1.06s.
2025-10-01 00:53:46,655 - INFO - KS Test...
2025-10-01 00:53:47,008 - INFO - ✓ KS Test finished in 0.35s.
2025-10-01 00:53:47,009 - INFO - Descriptive statistics...
2025-10-01 00:53:47,031 - INFO - ✓ Descriptive statistics finished in 0.02s.
2025-10-01 00:53:49,374 - INFO - Generating trigger and payload...
2025-10-01 00:53:49,501 - INFO - ✓ Generating trigger and payload finished in 0.13s.
2025-10-01 00:53:49,502 - INFO - Creating backdoored model...
2025-10-01 00:58:24,735 - INFO - ✓ Creating backdoored model finished in 275.23s.
2025-10-01 00:58:24,741 - INFO - Unfold StepMLP parameters...
2025-10-01 00:58:47,292 - INFO - ✓ Unfold StepMLP parameters finished in 22.55s.
2025-10-01 00:58:47,297 - INFO - KL Divergence...
2025-10-01 00:58:55,391 - INFO - ✓ KL Divergence finished in 8.09s.
2025-10-01 00:58:55,391 - INFO - Parameter sampling...
2025-10-01 01:11:22,772 - INFO - ✓ Parameter sampling finished in 747.38s.
2025-10-01 01:11:22,780 - INFO - Earth Mover's Distance...
2025-10-01 01:11:23,739 - INFO - ✓ Earth Mover's Distance finished in 0.96s.
2025-10-01 01:11:23,739 - INFO - KS Test...
2025-10-01 01:11:24,096 - INFO - ✓ KS Test finished in 0.36s.
2025-10-01 01:11:24,096 - INFO - Descriptive statistics...
2025-10-01 01:11:24,134 - INFO - ✓ Descriptive statistics finished in 0.04s.
2025-10-01 01:11:26,258 - INFO - Generating trigger and payload...
2025-10-01 01:11:26,379 - INFO - ✓ Generating trigger and payload finished in 0.12s.
2025-10-01 01:11:26,379 - INFO - Creating backdoored model...
2025-10-01 01:16:06,166 - INFO - ✓ Creating backdoored model finished in 279.79s.
2025-10-01 01:16:06,170 - INFO - Unfold StepMLP parameters...
2025-10-01 01:16:29,149 - INFO - ✓ Unfold StepMLP parameters finished in 22.98s.
2025-10-01 01:16:29,154 - INFO - KL Divergence...
2025-10-01 01:16:37,161 - INFO - ✓ KL Divergence finished in 8.01s.
2025-10-01 01:16:37,161 - INFO - Parameter sampling...
2025-10-01 01:29:15,381 - INFO - ✓ Parameter sampling finished in 758.22s.
2025-10-01 01:29:15,390 - INFO - Earth Mover's Distance...
2025-10-01 01:29:16,508 - INFO - ✓ Earth Mover's Distance finished in 1.12s.
2025-10-01 01:29:16,508 - INFO - KS Test...
2025-10-01 01:29:16,853 - INFO - ✓ KS Test finished in 0.34s.
2025-10-01 01:29:16,853 - INFO - Descriptive statistics...
2025-10-01 01:29:16,883 - INFO - ✓ Descriptive statistics finished in 0.03s.
2025-10-01 01:29:19,296 - INFO - Generating trigger and payload...
2025-10-01 01:29:19,379 - INFO - ✓ Generating trigger and payload finished in 0.08s.
2025-10-01 01:29:19,379 - INFO - Creating backdoored model...
2025-10-01 01:33:52,731 - INFO - ✓ Creating backdoored model finished in 273.35s.
2025-10-01 01:33:52,736 - INFO - Unfold StepMLP parameters...
2025-10-01 01:34:52,667 - INFO - ✓ Unfold StepMLP parameters finished in 59.93s.
2025-10-01 01:34:52,672 - INFO - KL Divergence...
2025-10-01 01:35:00,730 - INFO - ✓ KL Divergence finished in 8.06s.
2025-10-01 01:35:00,730 - INFO - Parameter sampling...
2025-10-01 01:47:52,220 - INFO - ✓ Parameter sampling finished in 771.49s.
2025-10-01 01:47:52,228 - INFO - Earth Mover's Distance...
2025-10-01 01:47:53,339 - INFO - ✓ Earth Mover's Distance finished in 1.11s.
2025-10-01 01:47:53,339 - INFO - KS Test...
2025-10-01 01:47:53,700 - INFO - ✓ KS Test finished in 0.36s.
2025-10-01 01:47:53,700 - INFO - Descriptive statistics...
2025-10-01 01:47:53,778 - INFO - ✓ Descriptive statistics finished in 0.08s.
2025-10-01 01:47:56,022 - INFO - Generating trigger and payload...
2025-10-01 01:47:56,142 - INFO - ✓ Generating trigger and payload finished in 0.12s.
2025-10-01 01:47:56,142 - INFO - Creating backdoored model...
2025-10-01 01:52:27,667 - INFO - ✓ Creating backdoored model finished in 271.52s.
2025-10-01 01:52:27,668 - INFO - Unfold StepMLP parameters...
2025-10-01 01:52:49,453 - INFO - ✓ Unfold StepMLP parameters finished in 21.78s.
2025-10-01 01:52:49,462 - INFO - KL Divergence...
2025-10-01 01:52:57,510 - INFO - ✓ KL Divergence finished in 8.05s.
2025-10-01 01:52:57,510 - INFO - Parameter sampling...
2025-10-01 02:05:54,916 - INFO - ✓ Parameter sampling finished in 777.41s.
2025-10-01 02:05:54,924 - INFO - Earth Mover's Distance...
2025-10-01 02:05:56,186 - INFO - ✓ Earth Mover's Distance finished in 1.26s.
2025-10-01 02:05:56,186 - INFO - KS Test...
2025-10-01 02:05:56,538 - INFO - ✓ KS Test finished in 0.35s.
2025-10-01 02:05:56,539 - INFO - Descriptive statistics...
2025-10-01 02:05:56,574 - INFO - ✓ Descriptive statistics finished in 0.03s.
2025-10-01 02:05:58,989 - INFO - Generating trigger and payload...
2025-10-01 02:05:59,073 - INFO - ✓ Generating trigger and payload finished in 0.08s.
2025-10-01 02:05:59,073 - INFO - Creating backdoored model...
2025-10-01 02:10:41,231 - INFO - ✓ Creating backdoored model finished in 282.16s.
2025-10-01 02:10:41,232 - INFO - Unfold StepMLP parameters...
2025-10-01 02:11:06,623 - INFO - ✓ Unfold StepMLP parameters finished in 25.39s.
2025-10-01 02:11:06,629 - INFO - KL Divergence...
2025-10-01 02:11:14,632 - INFO - ✓ KL Divergence finished in 8.00s.
2025-10-01 02:11:14,632 - INFO - Parameter sampling...
