2025-10-08 21:55:10,014 - INFO - Experiment 1 ---------------- 
2025-10-08 21:55:23,141 - INFO - ----------------------------------------------------------------------
2025-10-08 21:55:23,141 - INFO -                            PyGAD Lifecycle                           
2025-10-08 21:55:23,141 - INFO - ======================================================================
2025-10-08 21:55:23,141 - INFO - Step                 Handler                         Output Shape    
2025-10-08 21:55:23,141 - INFO - ======================================================================
2025-10-08 21:55:23,141 - INFO - Fitness Function     fitness_func()                  (1)             
2025-10-08 21:55:23,141 - INFO - Fitness batch size: 10
2025-10-08 21:55:23,141 - INFO - ----------------------------------------------------------------------
2025-10-08 21:55:23,141 - INFO - Parent Selection     tournament_selection()          (10, 203940)    
2025-10-08 21:55:23,141 - INFO - Number of Parents: 10
2025-10-08 21:55:23,141 - INFO - K Tournament: 3
2025-10-08 21:55:23,141 - INFO - ----------------------------------------------------------------------
2025-10-08 21:55:23,141 - INFO - Crossover            single_point_crossover()        (10, 203940)    
2025-10-08 21:55:23,141 - INFO - ----------------------------------------------------------------------
2025-10-08 21:55:23,141 - INFO - Mutation             random_mutation()               (10, 203940)    
2025-10-08 21:55:23,141 - INFO - Mutation Genes: 20394
2025-10-08 21:55:23,141 - INFO - Random Mutation Range: (-1.0, 1.0)
2025-10-08 21:55:23,141 - INFO - Mutation by Replacement: False
2025-10-08 21:55:23,141 - INFO - Allow Duplicated Genes: True
2025-10-08 21:55:23,141 - INFO - ----------------------------------------------------------------------
2025-10-08 21:55:23,141 - INFO - On Generation        on_gen()                        None            
2025-10-08 21:55:23,141 - INFO - ----------------------------------------------------------------------
2025-10-08 21:55:23,141 - INFO - ======================================================================
2025-10-08 21:55:23,141 - INFO - Population Size: (100, 203940)
2025-10-08 21:55:23,141 - INFO - Number of Generations: 50
2025-10-08 21:55:23,141 - INFO - Initial Population Range: (-4, 4)
2025-10-08 21:55:23,141 - INFO - Keep Elitism: 1
2025-10-08 21:55:23,141 - INFO - Gene DType: [<class 'float'>, None]
2025-10-08 21:55:23,141 - INFO - Parallel Processing: ['thread', 2]
2025-10-08 21:55:23,141 - INFO - Random Seed: 0
2025-10-08 21:55:23,141 - INFO - Save Best Solutions: False
2025-10-08 21:55:23,141 - INFO - Save Solutions: False
2025-10-08 21:55:23,141 - INFO - ======================================================================
2025-10-08 21:56:06,085 - INFO - Generation = 1; Fitness    = 1.5309838401173241
2025-10-08 21:56:39,518 - INFO - Generation = 2; Fitness    = 1.5309838401173241
2025-10-08 21:57:13,034 - INFO - Generation = 3; Fitness    = 1.5309838401173241
2025-10-08 21:57:46,462 - INFO - Generation = 4; Fitness    = 1.5309838401173241
2025-10-08 21:58:19,765 - INFO - Generation = 5; Fitness    = 1.5309838401173241
2025-10-08 21:58:53,357 - INFO - Generation = 6; Fitness    = 1.5309838401173241
2025-10-08 21:59:26,957 - INFO - Generation = 7; Fitness    = 1.5309838401173241
2025-10-08 22:00:00,525 - INFO - Generation = 8; Fitness    = 1.5309838401173241
2025-10-08 22:00:34,044 - INFO - Generation = 9; Fitness    = 1.5309838401173241
2025-10-08 22:01:07,474 - INFO - Generation = 10; Fitness    = 1.5309838401173241
2025-10-08 22:01:41,132 - INFO - Generation = 11; Fitness    = 1.5309838401173241
2025-10-08 22:02:14,714 - INFO - Generation = 12; Fitness    = 1.5309838401173241
2025-10-08 22:02:48,323 - INFO - Generation = 13; Fitness    = 1.5309838401173241
2025-10-08 22:03:21,715 - INFO - Generation = 14; Fitness    = 1.5309838401173241
2025-10-08 22:03:55,278 - INFO - Generation = 15; Fitness    = 1.5309838401173241
2025-10-08 22:04:48,228 - INFO - Generation = 16; Fitness    = 2.4917634659053296
2025-10-08 22:05:41,183 - INFO - Generation = 17; Fitness    = 2.5260855008198133
2025-10-08 22:06:33,947 - INFO - Generation = 18; Fitness    = 2.5342473340043687
2025-10-08 22:07:26,355 - INFO - Generation = 19; Fitness    = 2.5342473340043687
2025-10-08 22:07:59,693 - INFO - Generation = 20; Fitness    = 2.5342473340043687
2025-10-08 22:08:33,397 - INFO - Generation = 21; Fitness    = 2.5342473340043687
2025-10-08 22:09:26,572 - INFO - Generation = 22; Fitness    = 2.567284804303311
2025-10-08 22:10:00,016 - INFO - Generation = 23; Fitness    = 2.567284804303311
2025-10-08 22:10:33,461 - INFO - Generation = 24; Fitness    = 2.567284804303311
2025-10-08 22:11:06,937 - INFO - Generation = 25; Fitness    = 2.567284804303311
2025-10-08 22:11:40,135 - INFO - Generation = 26; Fitness    = 2.567284804303311
2025-10-08 22:12:13,805 - INFO - Generation = 27; Fitness    = 2.567284804303311
2025-10-08 22:12:47,224 - INFO - Generation = 28; Fitness    = 2.567284804303311
2025-10-08 22:13:20,495 - INFO - Generation = 29; Fitness    = 2.567284804303311
2025-10-08 22:13:53,927 - INFO - Generation = 30; Fitness    = 2.567284804303311
2025-10-08 22:14:27,119 - INFO - Generation = 31; Fitness    = 2.567284804303311
2025-10-08 22:15:00,555 - INFO - Generation = 32; Fitness    = 2.567284804303311
2025-10-08 22:15:34,158 - INFO - Generation = 33; Fitness    = 2.567284804303311
2025-10-08 22:16:07,535 - INFO - Generation = 34; Fitness    = 2.567284804303311
2025-10-08 22:16:40,928 - INFO - Generation = 35; Fitness    = 2.567284804303311
2025-10-08 22:17:14,583 - INFO - Generation = 36; Fitness    = 2.567284804303311
2025-10-08 22:17:48,054 - INFO - Generation = 37; Fitness    = 2.567284804303311
2025-10-08 22:18:21,850 - INFO - Generation = 38; Fitness    = 2.567284804303311
2025-10-08 22:18:55,371 - INFO - Generation = 39; Fitness    = 2.567284804303311
2025-10-08 22:19:28,478 - INFO - Generation = 40; Fitness    = 2.567284804303311
2025-10-08 22:20:21,503 - INFO - Generation = 41; Fitness    = 2.649256414850197
2025-10-08 22:20:54,840 - INFO - Generation = 42; Fitness    = 2.649256414850197
2025-10-08 22:21:28,118 - INFO - Generation = 43; Fitness    = 2.649256414850197
2025-10-08 22:22:20,999 - INFO - Generation = 44; Fitness    = 2.6709214440788447
2025-10-08 22:22:54,559 - INFO - Generation = 45; Fitness    = 2.6709214440788447
2025-10-08 22:23:27,907 - INFO - Generation = 46; Fitness    = 2.6709214440788447
2025-10-08 22:24:20,802 - INFO - Generation = 47; Fitness    = 2.676324465210259
2025-10-08 22:25:13,754 - INFO - Generation = 48; Fitness    = 2.6854688112096174
2025-10-08 22:25:47,051 - INFO - Generation = 49; Fitness    = 2.6854688112096174
2025-10-08 22:26:20,841 - INFO - Generation = 50; Fitness    = 2.6854688112096174
2025-10-08 22:26:25,481 - INFO -  DONE 

2025-10-08 22:26:25,482 - INFO - Experiment 2 ---------------- 
2025-10-08 22:26:35,551 - INFO - ----------------------------------------------------------------------
2025-10-08 22:26:35,551 - INFO -                            PyGAD Lifecycle                           
2025-10-08 22:26:35,551 - INFO - ======================================================================
2025-10-08 22:26:35,551 - INFO - Step                 Handler                         Output Shape    
2025-10-08 22:26:35,551 - INFO - ======================================================================
2025-10-08 22:26:35,551 - INFO - Fitness Function     fitness_func()                  (1)             
2025-10-08 22:26:35,551 - INFO - Fitness batch size: 10
2025-10-08 22:26:35,551 - INFO - ----------------------------------------------------------------------
2025-10-08 22:26:35,551 - INFO - Parent Selection     tournament_selection()          (10, 203940)    
2025-10-08 22:26:35,551 - INFO - Number of Parents: 10
2025-10-08 22:26:35,551 - INFO - K Tournament: 3
2025-10-08 22:26:35,551 - INFO - ----------------------------------------------------------------------
2025-10-08 22:26:35,551 - INFO - Crossover            single_point_crossover()        (10, 203940)    
2025-10-08 22:26:35,551 - INFO - ----------------------------------------------------------------------
2025-10-08 22:26:35,551 - INFO - Mutation             random_mutation()               (10, 203940)    
2025-10-08 22:26:35,551 - INFO - Mutation Genes: 20394
2025-10-08 22:26:35,551 - INFO - Random Mutation Range: (-1.0, 1.0)
2025-10-08 22:26:35,551 - INFO - Mutation by Replacement: False
2025-10-08 22:26:35,551 - INFO - Allow Duplicated Genes: True
2025-10-08 22:26:35,551 - INFO - ----------------------------------------------------------------------
2025-10-08 22:26:35,551 - INFO - On Generation        on_gen()                        None            
2025-10-08 22:26:35,552 - INFO - ----------------------------------------------------------------------
2025-10-08 22:26:35,552 - INFO - ======================================================================
2025-10-08 22:26:35,552 - INFO - Population Size: (100, 203940)
2025-10-08 22:26:35,552 - INFO - Number of Generations: 50
2025-10-08 22:26:35,552 - INFO - Initial Population Range: (-4, 4)
2025-10-08 22:26:35,552 - INFO - Keep Elitism: 1
2025-10-08 22:26:35,552 - INFO - Gene DType: [<class 'float'>, None]
2025-10-08 22:26:35,552 - INFO - Parallel Processing: ['thread', 2]
2025-10-08 22:26:35,552 - INFO - Random Seed: 1
2025-10-08 22:26:35,552 - INFO - Save Best Solutions: False
2025-10-08 22:26:35,552 - INFO - Save Solutions: False
2025-10-08 22:26:35,552 - INFO - ======================================================================
2025-10-08 22:27:19,057 - INFO - Generation = 1; Fitness    = 1.5309838401173241
2025-10-08 22:27:52,585 - INFO - Generation = 2; Fitness    = 1.5309838401173241
2025-10-08 22:28:26,430 - INFO - Generation = 3; Fitness    = 1.5309838401173241
2025-10-08 22:29:19,193 - INFO - Generation = 4; Fitness    = 1.875471120377595
2025-10-08 22:29:52,743 - INFO - Generation = 5; Fitness    = 1.875471120377595
2025-10-08 22:30:45,700 - INFO - Generation = 6; Fitness    = 2.721501973058847
2025-10-08 22:31:39,120 - INFO - Generation = 7; Fitness    = 2.721501973058847
2025-10-08 22:32:12,614 - INFO - Generation = 8; Fitness    = 2.721501973058847
2025-10-08 22:32:46,263 - INFO - Generation = 9; Fitness    = 2.721501973058847
2025-10-08 22:33:39,066 - INFO - Generation = 10; Fitness    = 2.721501973058847
2025-10-08 22:34:12,791 - INFO - Generation = 11; Fitness    = 2.721501973058847
2025-10-08 22:34:46,266 - INFO - Generation = 12; Fitness    = 2.721501973058847
2025-10-08 22:35:19,721 - INFO - Generation = 13; Fitness    = 2.721501973058847
2025-10-08 22:36:32,149 - INFO - Generation = 14; Fitness    = 2.721501973058847
2025-10-08 22:37:44,888 - INFO - Generation = 15; Fitness    = 2.721501973058847
2025-10-08 22:38:37,809 - INFO - Generation = 16; Fitness    = 2.721501973058847
2025-10-08 22:39:11,631 - INFO - Generation = 17; Fitness    = 2.721501973058847
2025-10-08 22:39:45,010 - INFO - Generation = 18; Fitness    = 2.721501973058847
2025-10-08 22:40:18,421 - INFO - Generation = 19; Fitness    = 2.721501973058847
2025-10-08 22:41:10,980 - INFO - Generation = 20; Fitness    = 2.721501973058847
2025-10-08 22:42:04,523 - INFO - Generation = 21; Fitness    = 2.721501973058847
2025-10-08 22:42:57,189 - INFO - Generation = 22; Fitness    = 2.721501973058847
2025-10-08 22:43:50,097 - INFO - Generation = 23; Fitness    = 2.721501973058847
2025-10-08 22:44:43,038 - INFO - Generation = 24; Fitness    = 2.721501973058847
2025-10-08 22:45:35,922 - INFO - Generation = 25; Fitness    = 2.721501973058847
2025-10-08 22:46:28,869 - INFO - Generation = 26; Fitness    = 2.721501973058847
2025-10-08 22:47:02,199 - INFO - Generation = 27; Fitness    = 2.721501973058847
2025-10-08 22:47:55,167 - INFO - Generation = 28; Fitness    = 2.7229073838609392
2025-10-08 22:48:48,085 - INFO - Generation = 29; Fitness    = 2.7273922862109248
2025-10-08 22:49:21,684 - INFO - Generation = 30; Fitness    = 2.7273922862109248
2025-10-08 22:50:14,593 - INFO - Generation = 31; Fitness    = 2.734715739433726
2025-10-08 22:51:07,614 - INFO - Generation = 32; Fitness    = 2.734715739433726
2025-10-08 22:52:00,513 - INFO - Generation = 33; Fitness    = 2.734715739433726
2025-10-08 22:52:33,839 - INFO - Generation = 34; Fitness    = 2.734715739433726
2025-10-08 22:53:07,450 - INFO - Generation = 35; Fitness    = 2.734715739433726
2025-10-08 22:54:00,812 - INFO - Generation = 36; Fitness    = 2.734715739433726
2025-10-08 22:55:12,792 - INFO - Generation = 37; Fitness    = 2.738323707582012
2025-10-08 22:57:04,372 - INFO - Generation = 38; Fitness    = 2.7476887634934353
2025-10-08 22:57:57,450 - INFO - Generation = 39; Fitness    = 2.7476887634934353
2025-10-08 22:58:50,277 - INFO - Generation = 40; Fitness    = 2.7476887634934353
2025-10-08 22:59:23,996 - INFO - Generation = 41; Fitness    = 2.7476887634934353
2025-10-08 23:00:36,368 - INFO - Generation = 42; Fitness    = 2.7476887634934353
2025-10-08 23:01:29,203 - INFO - Generation = 43; Fitness    = 2.7476887634934353
2025-10-08 23:02:21,969 - INFO - Generation = 44; Fitness    = 2.751297231045597
2025-10-08 23:03:14,807 - INFO - Generation = 45; Fitness    = 2.751297231045597
2025-10-08 23:03:48,852 - INFO - Generation = 46; Fitness    = 2.751297231045597
2025-10-08 23:04:22,364 - INFO - Generation = 47; Fitness    = 2.751297231045597
2025-10-08 23:04:55,978 - INFO - Generation = 48; Fitness    = 2.751297231045597
2025-10-08 23:05:29,146 - INFO - Generation = 49; Fitness    = 2.751297231045597
2025-10-08 23:06:02,623 - INFO - Generation = 50; Fitness    = 2.751297231045597
2025-10-08 23:06:06,934 - INFO -  DONE 

2025-10-08 23:06:06,934 - INFO - Experiment 3 ---------------- 
2025-10-08 23:06:19,959 - INFO - ----------------------------------------------------------------------
2025-10-08 23:06:19,959 - INFO -                            PyGAD Lifecycle                           
2025-10-08 23:06:19,959 - INFO - ======================================================================
2025-10-08 23:06:19,959 - INFO - Step                 Handler                         Output Shape    
2025-10-08 23:06:19,959 - INFO - ======================================================================
2025-10-08 23:06:19,959 - INFO - Fitness Function     fitness_func()                  (1)             
2025-10-08 23:06:19,959 - INFO - Fitness batch size: 10
2025-10-08 23:06:19,959 - INFO - ----------------------------------------------------------------------
2025-10-08 23:06:19,959 - INFO - Parent Selection     tournament_selection()          (10, 203940)    
2025-10-08 23:06:19,959 - INFO - Number of Parents: 10
2025-10-08 23:06:19,959 - INFO - K Tournament: 3
2025-10-08 23:06:19,959 - INFO - ----------------------------------------------------------------------
2025-10-08 23:06:19,959 - INFO - Crossover            single_point_crossover()        (10, 203940)    
2025-10-08 23:06:19,959 - INFO - ----------------------------------------------------------------------
2025-10-08 23:06:19,959 - INFO - Mutation             random_mutation()               (10, 203940)    
2025-10-08 23:06:19,959 - INFO - Mutation Genes: 20394
2025-10-08 23:06:19,959 - INFO - Random Mutation Range: (-1.0, 1.0)
2025-10-08 23:06:19,959 - INFO - Mutation by Replacement: False
2025-10-08 23:06:19,959 - INFO - Allow Duplicated Genes: True
2025-10-08 23:06:19,959 - INFO - ----------------------------------------------------------------------
2025-10-08 23:06:19,959 - INFO - On Generation        on_gen()                        None            
2025-10-08 23:06:19,959 - INFO - ----------------------------------------------------------------------
2025-10-08 23:06:19,959 - INFO - ======================================================================
2025-10-08 23:06:19,959 - INFO - Population Size: (100, 203940)
2025-10-08 23:06:19,959 - INFO - Number of Generations: 50
2025-10-08 23:06:19,959 - INFO - Initial Population Range: (-4, 4)
2025-10-08 23:06:19,959 - INFO - Keep Elitism: 1
2025-10-08 23:06:19,959 - INFO - Gene DType: [<class 'float'>, None]
2025-10-08 23:06:19,959 - INFO - Parallel Processing: ['thread', 2]
2025-10-08 23:06:19,959 - INFO - Random Seed: 2
2025-10-08 23:06:19,959 - INFO - Save Best Solutions: False
2025-10-08 23:06:19,959 - INFO - Save Solutions: False
2025-10-08 23:06:19,960 - INFO - ======================================================================
2025-10-08 23:07:03,279 - INFO - Generation = 1; Fitness    = 1.5309838401173241
2025-10-08 23:07:36,773 - INFO - Generation = 2; Fitness    = 1.5309838401173241
2025-10-08 23:08:10,295 - INFO - Generation = 3; Fitness    = 1.5309838401173241
2025-10-08 23:08:43,878 - INFO - Generation = 4; Fitness    = 1.5309838401173241
2025-10-08 23:09:17,120 - INFO - Generation = 5; Fitness    = 1.5309838401173241
2025-10-08 23:09:50,504 - INFO - Generation = 6; Fitness    = 1.5309838401173241
2025-10-08 23:10:23,986 - INFO - Generation = 7; Fitness    = 1.5309838401173241
2025-10-08 23:10:57,636 - INFO - Generation = 8; Fitness    = 1.5309838401173241
2025-10-08 23:11:31,046 - INFO - Generation = 9; Fitness    = 1.5309838401173241
2025-10-08 23:12:04,256 - INFO - Generation = 10; Fitness    = 1.5309838401173241
2025-10-08 23:12:37,518 - INFO - Generation = 11; Fitness    = 1.5309838401173241
2025-10-08 23:13:11,094 - INFO - Generation = 12; Fitness    = 1.5309838401173241
2025-10-08 23:13:44,590 - INFO - Generation = 13; Fitness    = 1.5309838401173241
2025-10-08 23:14:18,087 - INFO - Generation = 14; Fitness    = 1.5309838401173241
2025-10-08 23:14:51,814 - INFO - Generation = 15; Fitness    = 1.5309838401173241
2025-10-08 23:15:25,546 - INFO - Generation = 16; Fitness    = 1.5309838401173241
2025-10-08 23:15:59,336 - INFO - Generation = 17; Fitness    = 1.5309838401173241
2025-10-08 23:16:32,913 - INFO - Generation = 18; Fitness    = 1.5309838401173241
2025-10-08 23:17:06,701 - INFO - Generation = 19; Fitness    = 1.5309838401173241
2025-10-08 23:17:40,081 - INFO - Generation = 20; Fitness    = 1.5309838401173241
2025-10-08 23:18:13,184 - INFO - Generation = 21; Fitness    = 1.5309838401173241
2025-10-08 23:18:46,405 - INFO - Generation = 22; Fitness    = 1.5309838401173241
2025-10-08 23:19:19,801 - INFO - Generation = 23; Fitness    = 1.5309838401173241
2025-10-08 23:19:53,239 - INFO - Generation = 24; Fitness    = 1.5309838401173241
2025-10-08 23:20:26,500 - INFO - Generation = 25; Fitness    = 1.5309838401173241
2025-10-08 23:21:00,008 - INFO - Generation = 26; Fitness    = 1.5309838401173241
2025-10-08 23:21:33,238 - INFO - Generation = 27; Fitness    = 1.5309838401173241
2025-10-08 23:22:06,706 - INFO - Generation = 28; Fitness    = 1.5309838401173241
2025-10-08 23:22:40,573 - INFO - Generation = 29; Fitness    = 1.5309838401173241
2025-10-08 23:23:13,954 - INFO - Generation = 30; Fitness    = 1.5309838401173241
2025-10-08 23:23:47,738 - INFO - Generation = 31; Fitness    = 1.5309838401173241
2025-10-08 23:24:21,631 - INFO - Generation = 32; Fitness    = 1.5309838401173241
2025-10-08 23:24:55,637 - INFO - Generation = 33; Fitness    = 1.5309838401173241
2025-10-08 23:25:29,346 - INFO - Generation = 34; Fitness    = 1.5309838401173241
2025-10-08 23:26:03,019 - INFO - Generation = 35; Fitness    = 1.5309838401173241
2025-10-08 23:26:36,724 - INFO - Generation = 36; Fitness    = 1.5309838401173241
2025-10-08 23:27:10,408 - INFO - Generation = 37; Fitness    = 1.5309838401173241
2025-10-08 23:27:44,257 - INFO - Generation = 38; Fitness    = 1.5309838401173241
2025-10-08 23:28:17,690 - INFO - Generation = 39; Fitness    = 1.5309838401173241
2025-10-08 23:28:51,330 - INFO - Generation = 40; Fitness    = 1.5309838401173241
2025-10-08 23:29:25,321 - INFO - Generation = 41; Fitness    = 1.5309838401173241
2025-10-08 23:29:58,767 - INFO - Generation = 42; Fitness    = 1.5309838401173241
2025-10-08 23:30:32,386 - INFO - Generation = 43; Fitness    = 1.5309838401173241
2025-10-08 23:31:05,724 - INFO - Generation = 44; Fitness    = 1.5309838401173241
2025-10-08 23:31:38,803 - INFO - Generation = 45; Fitness    = 1.5309838401173241
2025-10-08 23:32:12,294 - INFO - Generation = 46; Fitness    = 1.5309838401173241
2025-10-08 23:32:45,687 - INFO - Generation = 47; Fitness    = 1.5309838401173241
2025-10-08 23:33:18,876 - INFO - Generation = 48; Fitness    = 1.5309838401173241
2025-10-08 23:33:52,345 - INFO - Generation = 49; Fitness    = 1.5309838401173241
2025-10-08 23:34:26,207 - INFO - Generation = 50; Fitness    = 1.5309838401173241
2025-10-08 23:34:30,349 - INFO -  DONE 

2025-10-08 23:34:30,349 - INFO - Experiment 4 ---------------- 
2025-10-08 23:34:43,040 - INFO - ----------------------------------------------------------------------
2025-10-08 23:34:43,040 - INFO -                            PyGAD Lifecycle                           
2025-10-08 23:34:43,040 - INFO - ======================================================================
2025-10-08 23:34:43,040 - INFO - Step                 Handler                         Output Shape    
2025-10-08 23:34:43,040 - INFO - ======================================================================
2025-10-08 23:34:43,040 - INFO - Fitness Function     fitness_func()                  (1)             
2025-10-08 23:34:43,040 - INFO - Fitness batch size: 10
2025-10-08 23:34:43,040 - INFO - ----------------------------------------------------------------------
2025-10-08 23:34:43,040 - INFO - Parent Selection     tournament_selection()          (10, 203940)    
2025-10-08 23:34:43,040 - INFO - Number of Parents: 10
2025-10-08 23:34:43,040 - INFO - K Tournament: 3
2025-10-08 23:34:43,040 - INFO - ----------------------------------------------------------------------
2025-10-08 23:34:43,040 - INFO - Crossover            single_point_crossover()        (10, 203940)    
2025-10-08 23:34:43,040 - INFO - ----------------------------------------------------------------------
2025-10-08 23:34:43,040 - INFO - Mutation             random_mutation()               (10, 203940)    
2025-10-08 23:34:43,040 - INFO - Mutation Genes: 20394
2025-10-08 23:34:43,040 - INFO - Random Mutation Range: (-1.0, 1.0)
2025-10-08 23:34:43,040 - INFO - Mutation by Replacement: False
2025-10-08 23:34:43,040 - INFO - Allow Duplicated Genes: True
2025-10-08 23:34:43,040 - INFO - ----------------------------------------------------------------------
2025-10-08 23:34:43,040 - INFO - On Generation        on_gen()                        None            
2025-10-08 23:34:43,040 - INFO - ----------------------------------------------------------------------
2025-10-08 23:34:43,040 - INFO - ======================================================================
2025-10-08 23:34:43,040 - INFO - Population Size: (100, 203940)
2025-10-08 23:34:43,040 - INFO - Number of Generations: 50
2025-10-08 23:34:43,040 - INFO - Initial Population Range: (-4, 4)
2025-10-08 23:34:43,040 - INFO - Keep Elitism: 1
2025-10-08 23:34:43,040 - INFO - Gene DType: [<class 'float'>, None]
2025-10-08 23:34:43,040 - INFO - Parallel Processing: ['thread', 2]
2025-10-08 23:34:43,041 - INFO - Random Seed: 3
2025-10-08 23:34:43,041 - INFO - Save Best Solutions: False
2025-10-08 23:34:43,041 - INFO - Save Solutions: False
2025-10-08 23:34:43,041 - INFO - ======================================================================
2025-10-08 23:35:25,988 - INFO - Generation = 1; Fitness    = 1.5309838401173241
2025-10-08 23:35:59,500 - INFO - Generation = 2; Fitness    = 1.5309838401173241
2025-10-08 23:36:32,592 - INFO - Generation = 3; Fitness    = 1.5309838401173241
2025-10-08 23:37:05,954 - INFO - Generation = 4; Fitness    = 1.5309838401173241
2025-10-08 23:37:39,621 - INFO - Generation = 5; Fitness    = 1.5309838401173241
2025-10-08 23:38:13,000 - INFO - Generation = 6; Fitness    = 1.5309838401173241
2025-10-08 23:38:46,722 - INFO - Generation = 7; Fitness    = 1.5309838401173241
2025-10-08 23:39:20,399 - INFO - Generation = 8; Fitness    = 1.5309838401173241
2025-10-08 23:39:54,165 - INFO - Generation = 9; Fitness    = 1.5309838401173241
2025-10-08 23:40:27,698 - INFO - Generation = 10; Fitness    = 1.5309838401173241
2025-10-08 23:41:01,208 - INFO - Generation = 11; Fitness    = 1.5309838401173241
2025-10-08 23:41:34,536 - INFO - Generation = 12; Fitness    = 1.5309838401173241
2025-10-08 23:42:08,253 - INFO - Generation = 13; Fitness    = 1.5309838401173241
2025-10-08 23:42:41,868 - INFO - Generation = 14; Fitness    = 1.5309838401173241
2025-10-08 23:43:15,306 - INFO - Generation = 15; Fitness    = 1.5309838401173241
2025-10-08 23:43:48,733 - INFO - Generation = 16; Fitness    = 1.5309838401173241
2025-10-08 23:44:22,403 - INFO - Generation = 17; Fitness    = 1.5309838401173241
2025-10-08 23:44:55,738 - INFO - Generation = 18; Fitness    = 1.5309838401173241
2025-10-08 23:45:29,127 - INFO - Generation = 19; Fitness    = 1.5309838401173241
2025-10-08 23:46:02,423 - INFO - Generation = 20; Fitness    = 1.5309838401173241
2025-10-08 23:46:35,954 - INFO - Generation = 21; Fitness    = 1.5309838401173241
2025-10-08 23:47:09,722 - INFO - Generation = 22; Fitness    = 1.5309838401173241
2025-10-08 23:47:43,308 - INFO - Generation = 23; Fitness    = 1.5309838401173241
2025-10-08 23:48:16,712 - INFO - Generation = 24; Fitness    = 1.5309838401173241
2025-10-08 23:48:50,216 - INFO - Generation = 25; Fitness    = 1.5309838401173241
2025-10-08 23:49:23,895 - INFO - Generation = 26; Fitness    = 1.5309838401173241
2025-10-08 23:49:57,580 - INFO - Generation = 27; Fitness    = 1.5309838401173241
2025-10-08 23:50:31,381 - INFO - Generation = 28; Fitness    = 1.5309838401173241
2025-10-08 23:51:05,348 - INFO - Generation = 29; Fitness    = 1.5309838401173241
2025-10-08 23:51:39,036 - INFO - Generation = 30; Fitness    = 1.5309838401173241
2025-10-08 23:52:12,867 - INFO - Generation = 31; Fitness    = 1.5309838401173241
2025-10-08 23:52:46,422 - INFO - Generation = 32; Fitness    = 1.5309838401173241
2025-10-08 23:53:20,457 - INFO - Generation = 33; Fitness    = 1.5309838401173241
2025-10-08 23:53:53,902 - INFO - Generation = 34; Fitness    = 1.5309838401173241
2025-10-08 23:54:27,248 - INFO - Generation = 35; Fitness    = 1.5309838401173241
2025-10-08 23:55:01,039 - INFO - Generation = 36; Fitness    = 1.5309838401173241
2025-10-08 23:55:34,508 - INFO - Generation = 37; Fitness    = 1.5309838401173241
2025-10-08 23:56:08,145 - INFO - Generation = 38; Fitness    = 1.5309838401173241
2025-10-08 23:56:41,706 - INFO - Generation = 39; Fitness    = 1.5309838401173241
2025-10-08 23:57:15,273 - INFO - Generation = 40; Fitness    = 1.5309838401173241
2025-10-08 23:57:48,795 - INFO - Generation = 41; Fitness    = 1.5309838401173241
2025-10-08 23:58:22,452 - INFO - Generation = 42; Fitness    = 1.5309838401173241
2025-10-08 23:58:55,691 - INFO - Generation = 43; Fitness    = 1.5309838401173241
2025-10-08 23:59:29,572 - INFO - Generation = 44; Fitness    = 1.5309838401173241
2025-10-09 00:00:03,145 - INFO - Generation = 45; Fitness    = 1.5309838401173241
2025-10-09 00:00:37,188 - INFO - Generation = 46; Fitness    = 1.5309838401173241
2025-10-09 00:01:10,788 - INFO - Generation = 47; Fitness    = 1.5309838401173241
2025-10-09 00:01:43,969 - INFO - Generation = 48; Fitness    = 1.5309838401173241
2025-10-09 00:02:17,652 - INFO - Generation = 49; Fitness    = 1.5309838401173241
2025-10-09 00:02:51,277 - INFO - Generation = 50; Fitness    = 1.5309838401173241
2025-10-09 00:02:55,458 - INFO -  DONE 

2025-10-09 00:02:55,459 - INFO - Experiment 5 ---------------- 
2025-10-09 00:03:12,169 - INFO - ----------------------------------------------------------------------
2025-10-09 00:03:12,170 - INFO -                            PyGAD Lifecycle                           
2025-10-09 00:03:12,170 - INFO - ======================================================================
2025-10-09 00:03:12,170 - INFO - Step                 Handler                         Output Shape    
2025-10-09 00:03:12,170 - INFO - ======================================================================
2025-10-09 00:03:12,170 - INFO - Fitness Function     fitness_func()                  (1)             
2025-10-09 00:03:12,170 - INFO - Fitness batch size: 10
2025-10-09 00:03:12,170 - INFO - ----------------------------------------------------------------------
2025-10-09 00:03:12,170 - INFO - Parent Selection     tournament_selection()          (10, 203940)    
2025-10-09 00:03:12,170 - INFO - Number of Parents: 10
2025-10-09 00:03:12,170 - INFO - K Tournament: 3
2025-10-09 00:03:12,170 - INFO - ----------------------------------------------------------------------
2025-10-09 00:03:12,170 - INFO - Crossover            single_point_crossover()        (10, 203940)    
2025-10-09 00:03:12,170 - INFO - ----------------------------------------------------------------------
2025-10-09 00:03:12,170 - INFO - Mutation             random_mutation()               (10, 203940)    
2025-10-09 00:03:12,170 - INFO - Mutation Genes: 20394
2025-10-09 00:03:12,170 - INFO - Random Mutation Range: (-1.0, 1.0)
2025-10-09 00:03:12,170 - INFO - Mutation by Replacement: False
2025-10-09 00:03:12,170 - INFO - Allow Duplicated Genes: True
2025-10-09 00:03:12,170 - INFO - ----------------------------------------------------------------------
2025-10-09 00:03:12,170 - INFO - On Generation        on_gen()                        None            
2025-10-09 00:03:12,170 - INFO - ----------------------------------------------------------------------
2025-10-09 00:03:12,170 - INFO - ======================================================================
2025-10-09 00:03:12,170 - INFO - Population Size: (100, 203940)
2025-10-09 00:03:12,170 - INFO - Number of Generations: 50
2025-10-09 00:03:12,170 - INFO - Initial Population Range: (-4, 4)
2025-10-09 00:03:12,170 - INFO - Keep Elitism: 1
2025-10-09 00:03:12,170 - INFO - Gene DType: [<class 'float'>, None]
2025-10-09 00:03:12,170 - INFO - Parallel Processing: ['thread', 2]
2025-10-09 00:03:12,170 - INFO - Random Seed: 4
2025-10-09 00:03:12,170 - INFO - Save Best Solutions: False
2025-10-09 00:03:12,170 - INFO - Save Solutions: False
2025-10-09 00:03:12,170 - INFO - ======================================================================
2025-10-09 00:03:55,639 - INFO - Generation = 1; Fitness    = 1.5309838401173241
2025-10-09 00:04:28,793 - INFO - Generation = 2; Fitness    = 1.5309838401173241
2025-10-09 00:05:02,198 - INFO - Generation = 3; Fitness    = 1.5309838401173241
2025-10-09 00:05:35,671 - INFO - Generation = 4; Fitness    = 1.5309838401173241
2025-10-09 00:06:09,049 - INFO - Generation = 5; Fitness    = 1.5309838401173241
2025-10-09 00:06:42,555 - INFO - Generation = 6; Fitness    = 1.5309838401173241
2025-10-09 00:07:16,238 - INFO - Generation = 7; Fitness    = 1.5309838401173241
2025-10-09 00:07:49,770 - INFO - Generation = 8; Fitness    = 1.5309838401173241
2025-10-09 00:08:23,511 - INFO - Generation = 9; Fitness    = 1.5309838401173241
2025-10-09 00:08:56,669 - INFO - Generation = 10; Fitness    = 1.5309838401173241
2025-10-09 00:09:30,313 - INFO - Generation = 11; Fitness    = 1.5309838401173241
2025-10-09 00:10:03,724 - INFO - Generation = 12; Fitness    = 1.5309838401173241
2025-10-09 00:10:37,203 - INFO - Generation = 13; Fitness    = 1.5309838401173241
2025-10-09 00:11:10,659 - INFO - Generation = 14; Fitness    = 1.5309838401173241
2025-10-09 00:11:44,019 - INFO - Generation = 15; Fitness    = 1.5309838401173241
2025-10-09 00:12:17,410 - INFO - Generation = 16; Fitness    = 1.5309838401173241
2025-10-09 00:12:50,848 - INFO - Generation = 17; Fitness    = 1.5309838401173241
2025-10-09 00:13:24,209 - INFO - Generation = 18; Fitness    = 1.5309838401173241
2025-10-09 00:13:57,554 - INFO - Generation = 19; Fitness    = 1.5309838401173241
2025-10-09 00:14:31,371 - INFO - Generation = 20; Fitness    = 1.5309838401173241
2025-10-09 00:15:05,093 - INFO - Generation = 21; Fitness    = 1.5309838401173241
2025-10-09 00:15:38,598 - INFO - Generation = 22; Fitness    = 1.5309838401173241
2025-10-09 00:16:12,527 - INFO - Generation = 23; Fitness    = 1.5309838401173241
2025-10-09 00:16:46,166 - INFO - Generation = 24; Fitness    = 1.5309838401173241
2025-10-09 00:17:19,498 - INFO - Generation = 25; Fitness    = 1.5309838401173241
2025-10-09 00:17:52,884 - INFO - Generation = 26; Fitness    = 1.5309838401173241
2025-10-09 00:18:26,224 - INFO - Generation = 27; Fitness    = 1.5309838401173241
2025-10-09 00:19:00,064 - INFO - Generation = 28; Fitness    = 1.5309838401173241
2025-10-09 00:19:33,546 - INFO - Generation = 29; Fitness    = 1.5309838401173241
2025-10-09 00:20:06,975 - INFO - Generation = 30; Fitness    = 1.5309838401173241
2025-10-09 00:20:40,384 - INFO - Generation = 31; Fitness    = 1.5309838401173241
2025-10-09 00:21:13,996 - INFO - Generation = 32; Fitness    = 1.5309838401173241
2025-10-09 00:21:47,879 - INFO - Generation = 33; Fitness    = 1.5309838401173241
2025-10-09 00:22:21,196 - INFO - Generation = 34; Fitness    = 1.5309838401173241
2025-10-09 00:22:54,844 - INFO - Generation = 35; Fitness    = 1.5309838401173241
2025-10-09 00:23:28,581 - INFO - Generation = 36; Fitness    = 1.5309838401173241
2025-10-09 00:24:02,083 - INFO - Generation = 37; Fitness    = 1.5309838401173241
2025-10-09 00:24:35,652 - INFO - Generation = 38; Fitness    = 1.5309838401173241
2025-10-09 00:25:09,048 - INFO - Generation = 39; Fitness    = 1.5309838401173241
2025-10-09 00:25:42,453 - INFO - Generation = 40; Fitness    = 1.5309838401173241
2025-10-09 00:26:15,791 - INFO - Generation = 41; Fitness    = 1.5309838401173241
2025-10-09 00:26:48,933 - INFO - Generation = 42; Fitness    = 1.5309838401173241
2025-10-09 00:27:22,290 - INFO - Generation = 43; Fitness    = 1.5309838401173241
2025-10-09 00:27:56,044 - INFO - Generation = 44; Fitness    = 1.5309838401173241
2025-10-09 00:28:29,472 - INFO - Generation = 45; Fitness    = 1.5309838401173241
2025-10-09 00:29:02,959 - INFO - Generation = 46; Fitness    = 1.5309838401173241
2025-10-09 00:29:37,080 - INFO - Generation = 47; Fitness    = 1.5309838401173241
2025-10-09 00:30:10,820 - INFO - Generation = 48; Fitness    = 1.5309838401173241
2025-10-09 00:30:44,360 - INFO - Generation = 49; Fitness    = 1.5309838401173241
2025-10-09 00:31:18,034 - INFO - Generation = 50; Fitness    = 1.5309838401173241
2025-10-09 00:31:22,380 - INFO -  DONE 

