2025-10-07 02:56:04,759 - INFO - 
Solution 0-------
	KS Statistic Weights: 0.4996
	KS Statistic Biases: 0.0313
	Stats Score Weights: 0.6281
	Stats Score Biases: 0.17
	Unique Elems Score: 0.00
		TOTAL SCORE = 2.5982
2025-10-07 02:56:40,597 - INFO - Generation = 1
2025-10-07 02:56:45,819 - INFO - Fitness    = 2.5981686115264893
2025-10-07 02:57:18,991 - INFO - Generation = 2
2025-10-07 02:57:24,162 - INFO - Fitness    = 2.5981686115264893
2025-10-07 02:58:04,952 - INFO - 
Solution 27-------
	KS Statistic Weights: 0.6220
	KS Statistic Biases: 0.1087
	Stats Score Weights: 0.5372
	Stats Score Biases: 0.17
	Unique Elems Score: 0.00
		TOTAL SCORE = 2.9692
2025-10-07 02:58:07,251 - INFO - Generation = 3
2025-10-07 02:58:19,834 - INFO - 
Solution 27-------
	KS Statistic Weights: 0.6220
	KS Statistic Biases: 0.1087
	Stats Score Weights: 0.5372
	Stats Score Biases: 0.17
	Unique Elems Score: 0.00
		TOTAL SCORE = 2.9692
2025-10-07 02:58:22,150 - INFO - Fitness    = 2.969247579574585
2025-10-07 02:59:04,206 - INFO - 
Solution 71-------
	KS Statistic Weights: 0.6200
	KS Statistic Biases: 0.1118
	Stats Score Weights: 0.5336
	Stats Score Biases: 0.17
	Unique Elems Score: 0.00
		TOTAL SCORE = 2.9768
2025-10-07 02:59:04,940 - INFO - Generation = 4
2025-10-07 02:59:19,513 - INFO - 
Solution 71-------
	KS Statistic Weights: 0.6200
	KS Statistic Biases: 0.1118
	Stats Score Weights: 0.5336
	Stats Score Biases: 0.17
	Unique Elems Score: 0.00
		TOTAL SCORE = 2.9768
2025-10-07 02:59:20,253 - INFO - Fitness    = 2.9768316745758057
2025-10-07 03:00:00,833 - INFO - 
Solution 22-------
	KS Statistic Weights: 0.6198
	KS Statistic Biases: 0.1166
	Stats Score Weights: 0.5303
	Stats Score Biases: 0.17
	Unique Elems Score: 0.00
		TOTAL SCORE = 2.9900
2025-10-07 03:00:10,941 - INFO - 
Solution 33-------
	KS Statistic Weights: 0.6192
	KS Statistic Biases: 0.1136
	Stats Score Weights: 0.5300
	Stats Score Biases: 0.17
	Unique Elems Score: 0.00
		TOTAL SCORE = 2.9841
2025-10-07 03:00:21,053 - INFO - 
Solution 50-------
	KS Statistic Weights: 0.6198
	KS Statistic Biases: 0.1046
	Stats Score Weights: 0.5307
	Stats Score Biases: 0.17
	Unique Elems Score: 0.00
		TOTAL SCORE = 2.9641
2025-10-07 03:00:22,722 - INFO - Generation = 5
2025-10-07 03:00:35,379 - INFO - 
Solution 22-------
	KS Statistic Weights: 0.6198
	KS Statistic Biases: 0.1166
	Stats Score Weights: 0.5303
	Stats Score Biases: 0.17
	Unique Elems Score: 0.00
		TOTAL SCORE = 2.9900
2025-10-07 03:00:45,483 - INFO - 
Solution 33-------
	KS Statistic Weights: 0.6192
	KS Statistic Biases: 0.1136
	Stats Score Weights: 0.5300
	Stats Score Biases: 0.17
	Unique Elems Score: 0.00
		TOTAL SCORE = 2.9841
2025-10-07 03:00:55,560 - INFO - 
Solution 50-------
	KS Statistic Weights: 0.6198
	KS Statistic Biases: 0.1046
	Stats Score Weights: 0.5307
	Stats Score Biases: 0.17
	Unique Elems Score: 0.00
		TOTAL SCORE = 2.9641
2025-10-07 03:00:57,269 - INFO - Fitness    = 2.990016222000122
2025-10-07 03:01:37,767 - INFO - 
Solution 26-------
	KS Statistic Weights: 0.6246
	KS Statistic Biases: 0.1145
	Stats Score Weights: 0.5285
	Stats Score Biases: 0.17
	Unique Elems Score: 0.00
		TOTAL SCORE = 2.9911
2025-10-07 03:01:47,803 - INFO - 
Solution 40-------
	KS Statistic Weights: 0.7242
	KS Statistic Biases: 0.0867
	Stats Score Weights: 0.5468
	Stats Score Biases: 0.17
	Unique Elems Score: 0.00
		TOTAL SCORE = 3.0162
2025-10-07 03:01:58,443 - INFO - 
Solution 66-------
	KS Statistic Weights: 0.6199
	KS Statistic Biases: 0.1125
	Stats Score Weights: 0.5286
	Stats Score Biases: 0.17
	Unique Elems Score: 0.00
		TOTAL SCORE = 2.9831
2025-10-07 03:02:08,768 - INFO - 
Solution 83-------
	KS Statistic Weights: 0.6228
	KS Statistic Biases: 0.1158
	Stats Score Weights: 0.5283
	Stats Score Biases: 0.17
	Unique Elems Score: 0.00
		TOTAL SCORE = 2.9929
2025-10-07 03:02:09,194 - INFO - Generation = 6
2025-10-07 03:02:21,803 - INFO - 
Solution 26-------
	KS Statistic Weights: 0.6246
	KS Statistic Biases: 0.1145
	Stats Score Weights: 0.5285
	Stats Score Biases: 0.17
	Unique Elems Score: 0.00
		TOTAL SCORE = 2.9911
2025-10-07 03:02:31,877 - INFO - 
Solution 40-------
	KS Statistic Weights: 0.7242
	KS Statistic Biases: 0.0867
	Stats Score Weights: 0.5468
	Stats Score Biases: 0.17
	Unique Elems Score: 0.00
		TOTAL SCORE = 3.0162
2025-10-07 03:02:42,539 - INFO - 
Solution 66-------
	KS Statistic Weights: 0.6199
	KS Statistic Biases: 0.1125
	Stats Score Weights: 0.5286
	Stats Score Biases: 0.17
	Unique Elems Score: 0.00
		TOTAL SCORE = 2.9831
2025-10-07 03:02:52,874 - INFO - 
Solution 83-------
	KS Statistic Weights: 0.6228
	KS Statistic Biases: 0.1158
	Stats Score Weights: 0.5283
	Stats Score Biases: 0.17
	Unique Elems Score: 0.00
		TOTAL SCORE = 2.9929
2025-10-07 03:02:53,300 - INFO - Fitness    = 3.016214609146118
2025-10-07 03:03:33,276 - INFO - 
Solution 20-------
	KS Statistic Weights: 0.6189
	KS Statistic Biases: 0.1102
	Stats Score Weights: 0.5261
	Stats Score Biases: 0.17
	Unique Elems Score: 0.00
		TOTAL SCORE = 2.9794
2025-10-07 03:03:43,280 - INFO - 
Solution 21-------
	KS Statistic Weights: 0.6264
	KS Statistic Biases: 0.1165
	Stats Score Weights: 0.5269
	Stats Score Biases: 0.17
	Unique Elems Score: 0.00
		TOTAL SCORE = 2.9994
2025-10-07 03:03:52,991 - INFO - 
Solution 30-------
	KS Statistic Weights: 0.6183
	KS Statistic Biases: 0.1099
	Stats Score Weights: 0.5251
	Stats Score Biases: 0.17
	Unique Elems Score: 0.00
		TOTAL SCORE = 2.9805
2025-10-07 03:04:02,997 - INFO - 
Solution 33-------
	KS Statistic Weights: 0.6189
	KS Statistic Biases: 0.1161
	Stats Score Weights: 0.5272
	Stats Score Biases: 0.17
	Unique Elems Score: 0.00
		TOTAL SCORE = 2.9911
2025-10-07 03:04:13,342 - INFO - 
Solution 58-------
	KS Statistic Weights: 0.6192
	KS Statistic Biases: 0.1003
	Stats Score Weights: 0.5258
	Stats Score Biases: 0.17
	Unique Elems Score: 0.00
		TOTAL SCORE = 2.9615
2025-10-07 03:04:23,697 - INFO - 
Solution 73-------
	KS Statistic Weights: 0.6179
	KS Statistic Biases: 0.1162
	Stats Score Weights: 0.5258
	Stats Score Biases: 0.17
	Unique Elems Score: 0.00
		TOTAL SCORE = 2.9919
2025-10-07 03:04:33,719 - INFO - 
Solution 83-------
	KS Statistic Weights: 0.6897
	KS Statistic Biases: 0.0935
	Stats Score Weights: 0.5380
	Stats Score Biases: 0.17
	Unique Elems Score: 0.00
		TOTAL SCORE = 3.0048
2025-10-07 03:04:34,193 - INFO - Generation = 7
2025-10-07 03:04:46,471 - INFO - 
Solution 20-------
	KS Statistic Weights: 0.6189
	KS Statistic Biases: 0.1102
	Stats Score Weights: 0.5261
	Stats Score Biases: 0.17
	Unique Elems Score: 0.00
		TOTAL SCORE = 2.9794
2025-10-07 03:04:56,472 - INFO - 
Solution 21-------
	KS Statistic Weights: 0.6264
	KS Statistic Biases: 0.1165
	Stats Score Weights: 0.5269
	Stats Score Biases: 0.17
	Unique Elems Score: 0.00
		TOTAL SCORE = 2.9994
2025-10-07 03:05:06,184 - INFO - 
Solution 30-------
	KS Statistic Weights: 0.6183
	KS Statistic Biases: 0.1099
	Stats Score Weights: 0.5251
	Stats Score Biases: 0.17
	Unique Elems Score: 0.00
		TOTAL SCORE = 2.9805
2025-10-07 03:05:16,195 - INFO - 
Solution 33-------
	KS Statistic Weights: 0.6189
	KS Statistic Biases: 0.1161
	Stats Score Weights: 0.5272
	Stats Score Biases: 0.17
	Unique Elems Score: 0.00
		TOTAL SCORE = 2.9911
2025-10-07 03:05:26,556 - INFO - 
Solution 58-------
	KS Statistic Weights: 0.6192
	KS Statistic Biases: 0.1003
	Stats Score Weights: 0.5258
	Stats Score Biases: 0.17
	Unique Elems Score: 0.00
		TOTAL SCORE = 2.9615
2025-10-07 03:05:36,881 - INFO - 
Solution 73-------
	KS Statistic Weights: 0.6179
	KS Statistic Biases: 0.1162
	Stats Score Weights: 0.5258
	Stats Score Biases: 0.17
	Unique Elems Score: 0.00
		TOTAL SCORE = 2.9919
2025-10-07 03:05:46,906 - INFO - 
Solution 83-------
	KS Statistic Weights: 0.6897
	KS Statistic Biases: 0.0935
	Stats Score Weights: 0.5380
	Stats Score Biases: 0.17
	Unique Elems Score: 0.00
		TOTAL SCORE = 3.0048
2025-10-07 03:05:47,334 - INFO - Fitness    = 3.016214609146118
2025-10-07 03:06:27,637 - INFO - 
Solution 17-------
	KS Statistic Weights: 0.6174
	KS Statistic Biases: 0.1066
	Stats Score Weights: 0.5228
	Stats Score Biases: 0.17
	Unique Elems Score: 0.00
		TOTAL SCORE = 2.9759
2025-10-07 03:06:37,975 - INFO - 
Solution 37-------
	KS Statistic Weights: 0.6165
	KS Statistic Biases: 0.1170
	Stats Score Weights: 0.5227
	Stats Score Biases: 0.17
	Unique Elems Score: 0.00
		TOTAL SCORE = 2.9960
2025-10-07 03:06:47,984 - INFO - 
Solution 42-------
	KS Statistic Weights: 0.6243
	KS Statistic Biases: 0.1157
	Stats Score Weights: 0.5241
	Stats Score Biases: 0.17
	Unique Elems Score: 0.00
		TOTAL SCORE = 2.9987
2025-10-07 03:06:58,320 - INFO - 
Solution 65-------
	KS Statistic Weights: 0.6531
	KS Statistic Biases: 0.1060
	Stats Score Weights: 0.5287
	Stats Score Biases: 0.17
	Unique Elems Score: 0.00
		TOTAL SCORE = 3.0029
2025-10-07 03:07:08,349 - INFO - 
Solution 78-------
	KS Statistic Weights: 0.7007
	KS Statistic Biases: 0.0892
	Stats Score Weights: 0.5397
	Stats Score Biases: 0.17
	Unique Elems Score: 0.00
		TOTAL SCORE = 3.0055
2025-10-07 03:07:09,077 - INFO - Generation = 8
2025-10-07 03:07:21,340 - INFO - 
Solution 17-------
	KS Statistic Weights: 0.6174
	KS Statistic Biases: 0.1066
	Stats Score Weights: 0.5228
	Stats Score Biases: 0.17
	Unique Elems Score: 0.00
		TOTAL SCORE = 2.9759
2025-10-07 03:07:31,704 - INFO - 
Solution 37-------
	KS Statistic Weights: 0.6165
	KS Statistic Biases: 0.1170
	Stats Score Weights: 0.5227
	Stats Score Biases: 0.17
	Unique Elems Score: 0.00
		TOTAL SCORE = 2.9960
2025-10-07 03:07:41,707 - INFO - 
Solution 42-------
	KS Statistic Weights: 0.6243
	KS Statistic Biases: 0.1157
	Stats Score Weights: 0.5241
	Stats Score Biases: 0.17
	Unique Elems Score: 0.00
		TOTAL SCORE = 2.9987
2025-10-07 03:07:52,055 - INFO - 
Solution 65-------
	KS Statistic Weights: 0.6531
	KS Statistic Biases: 0.1060
	Stats Score Weights: 0.5287
	Stats Score Biases: 0.17
	Unique Elems Score: 0.00
		TOTAL SCORE = 3.0029
2025-10-07 03:08:02,079 - INFO - 
Solution 78-------
	KS Statistic Weights: 0.7007
	KS Statistic Biases: 0.0892
	Stats Score Weights: 0.5397
	Stats Score Biases: 0.17
	Unique Elems Score: 0.00
		TOTAL SCORE = 3.0055
2025-10-07 03:08:02,806 - INFO - Fitness    = 3.016214609146118
2025-10-07 03:08:42,600 - INFO - 
Solution 2-------
	KS Statistic Weights: 0.6226
	KS Statistic Biases: 0.1104
	Stats Score Weights: 0.5215
	Stats Score Biases: 0.17
	Unique Elems Score: 0.00
		TOTAL SCORE = 2.9888
2025-10-07 03:08:52,610 - INFO - 
Solution 12-------
	KS Statistic Weights: 0.6702
	KS Statistic Biases: 0.0970
	Stats Score Weights: 0.5310
	Stats Score Biases: 0.17
	Unique Elems Score: 0.00
		TOTAL SCORE = 2.9992
2025-10-07 03:09:02,300 - INFO - 
Solution 14-------
	KS Statistic Weights: 0.6203
	KS Statistic Biases: 0.1130
	Stats Score Weights: 0.5211
	Stats Score Biases: 0.17
	Unique Elems Score: 0.00
		TOTAL SCORE = 2.9919
2025-10-07 03:09:12,311 - INFO - 
Solution 27-------
	KS Statistic Weights: 0.6340
	KS Statistic Biases: 0.1080
	Stats Score Weights: 0.5235
	Stats Score Biases: 0.17
	Unique Elems Score: 0.00
		TOTAL SCORE = 2.9950
2025-10-07 03:09:22,938 - INFO - 
Solution 52-------
	KS Statistic Weights: 0.6164
	KS Statistic Biases: 0.1095
	Stats Score Weights: 0.5206
	Stats Score Biases: 0.17
	Unique Elems Score: 0.00
		TOTAL SCORE = 2.9830
2025-10-07 03:09:32,632 - INFO - 
Solution 53-------
	KS Statistic Weights: 0.6163
	KS Statistic Biases: 0.1240
	Stats Score Weights: 0.5205
	Stats Score Biases: 0.17
	Unique Elems Score: 0.00
		TOTAL SCORE = 3.0120
2025-10-07 03:09:42,324 - INFO - 
Solution 55-------
	KS Statistic Weights: 0.6169
	KS Statistic Biases: 0.1092
	Stats Score Weights: 0.5214
	Stats Score Biases: 0.17
	Unique Elems Score: 0.00
		TOTAL SCORE = 2.9809
2025-10-07 03:09:52,643 - INFO - 
Solution 74-------
	KS Statistic Weights: 0.6157
	KS Statistic Biases: 0.1233
	Stats Score Weights: 0.5204
	Stats Score Biases: 0.17
	Unique Elems Score: 0.00
		TOTAL SCORE = 3.0095
2025-10-07 03:09:53,372 - INFO - Generation = 9
2025-10-07 03:10:05,342 - INFO - 
Solution 2-------
	KS Statistic Weights: 0.6226
	KS Statistic Biases: 0.1104
	Stats Score Weights: 0.5215
	Stats Score Biases: 0.17
	Unique Elems Score: 0.00
		TOTAL SCORE = 2.9888
2025-10-07 03:10:15,360 - INFO - 
Solution 12-------
	KS Statistic Weights: 0.6702
	KS Statistic Biases: 0.0970
	Stats Score Weights: 0.5310
	Stats Score Biases: 0.17
	Unique Elems Score: 0.00
		TOTAL SCORE = 2.9992
2025-10-07 03:10:25,056 - INFO - 
Solution 14-------
	KS Statistic Weights: 0.6203
	KS Statistic Biases: 0.1130
	Stats Score Weights: 0.5211
	Stats Score Biases: 0.17
	Unique Elems Score: 0.00
		TOTAL SCORE = 2.9919
2025-10-07 03:10:35,071 - INFO - 
Solution 27-------
	KS Statistic Weights: 0.6340
	KS Statistic Biases: 0.1080
	Stats Score Weights: 0.5235
	Stats Score Biases: 0.17
	Unique Elems Score: 0.00
		TOTAL SCORE = 2.9950
2025-10-07 03:10:45,690 - INFO - 
Solution 52-------
	KS Statistic Weights: 0.6164
	KS Statistic Biases: 0.1095
	Stats Score Weights: 0.5206
	Stats Score Biases: 0.17
	Unique Elems Score: 0.00
		TOTAL SCORE = 2.9830
2025-10-07 03:10:55,382 - INFO - 
Solution 53-------
	KS Statistic Weights: 0.6163
	KS Statistic Biases: 0.1240
	Stats Score Weights: 0.5205
	Stats Score Biases: 0.17
	Unique Elems Score: 0.00
		TOTAL SCORE = 3.0120
2025-10-07 03:11:05,076 - INFO - 
Solution 55-------
	KS Statistic Weights: 0.6169
	KS Statistic Biases: 0.1092
	Stats Score Weights: 0.5214
	Stats Score Biases: 0.17
	Unique Elems Score: 0.00
		TOTAL SCORE = 2.9809
2025-10-07 03:11:15,394 - INFO - 
Solution 74-------
	KS Statistic Weights: 0.6157
	KS Statistic Biases: 0.1233
	Stats Score Weights: 0.5204
	Stats Score Biases: 0.17
	Unique Elems Score: 0.00
		TOTAL SCORE = 3.0095
2025-10-07 03:11:16,123 - INFO - Fitness    = 3.016214609146118
2025-10-07 03:11:56,723 - INFO - 
Solution 14-------
	KS Statistic Weights: 0.6237
	KS Statistic Biases: 0.1239
	Stats Score Weights: 0.5200
	Stats Score Biases: 0.17
	Unique Elems Score: 0.00
		TOTAL SCORE = 3.0191
2025-10-07 03:12:06,730 - INFO - 
Solution 25-------
	KS Statistic Weights: 0.6156
	KS Statistic Biases: 0.1105
	Stats Score Weights: 0.5184
	Stats Score Biases: 0.17
	Unique Elems Score: 0.00
		TOTAL SCORE = 2.9861
2025-10-07 03:12:17,063 - INFO - 
Solution 46-------
	KS Statistic Weights: 0.6535
	KS Statistic Biases: 0.1048
	Stats Score Weights: 0.5258
	Stats Score Biases: 0.17
	Unique Elems Score: 0.00
		TOTAL SCORE = 3.0044
2025-10-07 03:12:27,081 - INFO - 
Solution 53-------
	KS Statistic Weights: 0.6313
	KS Statistic Biases: 0.1108
	Stats Score Weights: 0.5213
	Stats Score Biases: 0.17
	Unique Elems Score: 0.00
		TOTAL SCORE = 3.0007
2025-10-07 03:12:37,402 - INFO - 
Solution 74-------
	KS Statistic Weights: 0.6192
	KS Statistic Biases: 0.1165
	Stats Score Weights: 0.5189
	Stats Score Biases: 0.17
	Unique Elems Score: 0.00
		TOTAL SCORE = 3.0002
2025-10-07 03:12:47,405 - INFO - 
Solution 82-------
	KS Statistic Weights: 0.6327
	KS Statistic Biases: 0.1116
	Stats Score Weights: 0.5214
	Stats Score Biases: 0.17
	Unique Elems Score: 0.00
		TOTAL SCORE = 3.0008
2025-10-07 03:12:57,101 - INFO - 
Solution 88-------
	KS Statistic Weights: 0.6151
	KS Statistic Biases: 0.1311
	Stats Score Weights: 0.5182
	Stats Score Biases: 0.17
	Unique Elems Score: 0.00
		TOTAL SCORE = 3.0273
2025-10-07 03:12:57,519 - INFO - Generation = 10
2025-10-07 03:13:09,819 - INFO - 
Solution 14-------
	KS Statistic Weights: 0.6237
	KS Statistic Biases: 0.1239
	Stats Score Weights: 0.5200
	Stats Score Biases: 0.17
	Unique Elems Score: 0.00
		TOTAL SCORE = 3.0191
2025-10-07 03:13:19,826 - INFO - 
Solution 25-------
	KS Statistic Weights: 0.6156
	KS Statistic Biases: 0.1105
	Stats Score Weights: 0.5184
	Stats Score Biases: 0.17
	Unique Elems Score: 0.00
		TOTAL SCORE = 2.9861
2025-10-07 03:13:30,152 - INFO - 
Solution 46-------
	KS Statistic Weights: 0.6535
	KS Statistic Biases: 0.1048
	Stats Score Weights: 0.5258
	Stats Score Biases: 0.17
	Unique Elems Score: 0.00
		TOTAL SCORE = 3.0044
2025-10-07 03:13:40,152 - INFO - 
Solution 53-------
	KS Statistic Weights: 0.6313
	KS Statistic Biases: 0.1108
	Stats Score Weights: 0.5213
	Stats Score Biases: 0.17
	Unique Elems Score: 0.00
		TOTAL SCORE = 3.0007
2025-10-07 03:13:50,469 - INFO - 
Solution 74-------
	KS Statistic Weights: 0.6192
	KS Statistic Biases: 0.1165
	Stats Score Weights: 0.5189
	Stats Score Biases: 0.17
	Unique Elems Score: 0.00
		TOTAL SCORE = 3.0002
2025-10-07 03:14:00,466 - INFO - 
Solution 82-------
	KS Statistic Weights: 0.6327
	KS Statistic Biases: 0.1116
	Stats Score Weights: 0.5214
	Stats Score Biases: 0.17
	Unique Elems Score: 0.00
		TOTAL SCORE = 3.0008
2025-10-07 03:14:10,165 - INFO - 
Solution 88-------
	KS Statistic Weights: 0.6151
	KS Statistic Biases: 0.1311
	Stats Score Weights: 0.5182
	Stats Score Biases: 0.17
	Unique Elems Score: 0.00
		TOTAL SCORE = 3.0273
2025-10-07 03:14:10,581 - INFO - Fitness    = 3.027313232421875
2025-10-07 03:14:24,869 - INFO - 
Solution 53-------
	KS Statistic Weights: 0.6313
	KS Statistic Biases: 0.1108
	Stats Score Weights: 0.5213
	Stats Score Biases: 0.17
	Unique Elems Score: 0.00
		TOTAL SCORE = 3.0007
