2025-10-07 06:33:33,900 - INFO - 
Solution 0-------
	KS Statistic Weights: 0.4996
	KS Statistic Biases: 0.0313
	Stats Score Weights: 0.6281
	Stats Score Biases: 0.17
	Unique Elems Score: 0.00
		TOTAL SCORE = 2.5982
2025-10-07 06:34:09,814 - INFO - Generation = 1
2025-10-07 06:34:15,072 - INFO - Fitness    = 2.5981686115264893
2025-10-07 06:34:48,320 - INFO - Generation = 2
2025-10-07 06:34:53,519 - INFO - Fitness    = 2.5981686115264893
2025-10-07 06:35:26,782 - INFO - Generation = 3
2025-10-07 06:35:31,990 - INFO - Fitness    = 2.5981686115264893
2025-10-07 06:36:05,354 - INFO - Generation = 4
2025-10-07 06:36:10,539 - INFO - Fitness    = 2.5981686115264893
2025-10-07 06:36:43,518 - INFO - Generation = 5
2025-10-07 06:36:48,704 - INFO - Fitness    = 2.5981686115264893
2025-10-07 06:37:21,830 - INFO - Generation = 6
2025-10-07 06:37:27,022 - INFO - Fitness    = 2.5981686115264893
2025-10-07 06:38:00,207 - INFO - Generation = 7
2025-10-07 06:38:05,355 - INFO - Fitness    = 2.5981686115264893
2025-10-07 06:38:38,719 - INFO - Generation = 8
2025-10-07 06:38:43,881 - INFO - Fitness    = 2.5981686115264893
2025-10-07 06:39:17,061 - INFO - Generation = 9
2025-10-07 06:39:22,246 - INFO - Fitness    = 2.5981686115264893
2025-10-07 06:39:55,291 - INFO - Generation = 10
2025-10-07 06:40:00,486 - INFO - Fitness    = 2.5981686115264893
