2025-10-07 07:40:37,920 - INFO - 
Solution 0-------
	KS Statistic Weights: 0.4996
	KS Statistic Biases: 0.0313
	Stats Score Weights: 0.6281
	Stats Score Biases: 0.17
	Unique Elems Score: 0.00
		TOTAL SCORE = 2.5982
2025-10-07 07:41:14,627 - INFO - Generation = 1
2025-10-07 07:41:19,827 - INFO - Fitness    = 2.5981686115264893
2025-10-07 07:41:53,614 - INFO - Generation = 2
2025-10-07 07:41:58,854 - INFO - Fitness    = 2.5981686115264893
2025-10-07 07:42:32,717 - INFO - Generation = 3
2025-10-07 07:42:37,890 - INFO - Fitness    = 2.5981686115264893
2025-10-07 07:43:11,611 - INFO - Generation = 4
2025-10-07 07:43:16,770 - INFO - Fitness    = 2.5981686115264893
2025-10-07 07:43:50,424 - INFO - Generation = 5
2025-10-07 07:43:55,566 - INFO - Fitness    = 2.5981686115264893
2025-10-07 07:44:29,538 - INFO - Generation = 6
2025-10-07 07:44:34,724 - INFO - Fitness    = 2.5981686115264893
2025-10-07 07:45:08,300 - INFO - Generation = 7
2025-10-07 07:45:13,474 - INFO - Fitness    = 2.5981686115264893
2025-10-07 07:45:46,861 - INFO - Generation = 8
2025-10-07 07:45:52,045 - INFO - Fitness    = 2.5981686115264893
2025-10-07 07:46:25,763 - INFO - Generation = 9
2025-10-07 07:46:30,961 - INFO - Fitness    = 2.5981686115264893
2025-10-07 07:47:04,634 - INFO - Generation = 10
2025-10-07 07:47:09,822 - INFO - Fitness    = 2.5981686115264893
