2025-10-07 07:54:55,983 - INFO - 
Solution 0-------
	KS Statistic Weights: 0.4996
	KS Statistic Biases: 0.0313
	Stats Score Weights: 0.6281
	Stats Score Biases: 0.17
	Unique Elems Score: 0.00
		TOTAL SCORE = 2.5982
2025-10-07 07:55:32,335 - INFO - Generation = 1
2025-10-07 07:55:37,608 - INFO - Fitness    = 2.5981686115264893
2025-10-07 07:56:11,544 - INFO - Generation = 2
2025-10-07 07:56:16,746 - INFO - Fitness    = 2.5981686115264893
2025-10-07 07:56:52,847 - INFO - Generation = 3
2025-10-07 07:57:01,244 - INFO - Fitness    = 2.5981686115264893
2025-10-07 07:57:34,989 - INFO - Generation = 4
2025-10-07 07:57:40,145 - INFO - Fitness    = 2.5981686115264893
2025-10-07 07:58:14,445 - INFO - Generation = 5
2025-10-07 07:58:19,632 - INFO - Fitness    = 2.5981686115264893
2025-10-07 07:58:53,454 - INFO - Generation = 6
2025-10-07 07:58:58,635 - INFO - Fitness    = 2.5981686115264893
2025-10-07 07:59:32,510 - INFO - Generation = 7
2025-10-07 07:59:37,709 - INFO - Fitness    = 2.5981686115264893
2025-10-07 08:00:11,423 - INFO - Generation = 8
2025-10-07 08:00:16,556 - INFO - Fitness    = 2.5981686115264893
2025-10-07 08:00:50,667 - INFO - Generation = 9
2025-10-07 08:00:55,818 - INFO - Fitness    = 2.5981686115264893
2025-10-07 08:01:29,687 - INFO - Generation = 10
2025-10-07 08:01:34,838 - INFO - Fitness    = 2.5981686115264893
