INFO:__main__:Iteration 0: Std = 1.200000e-03
INFO:__main__:	Model 0
	Initial weights:	[1.0, 0.0, 0.0, 0.0, 0.0, 0.0, 0.0, 0.0, 0.0, 0.0]
	Noised weights: 	[1.0, 0.0014419556, -0.0014419556, 0.00010442734, -0.0005760193, 0.00027275085, 0.0014648438, -0.00016307831, -0.00061035156, -0.00022983551]
	Expected output: 	496146655a6765766948567a694d464a5f5f5f5f5f5f5f5f5f5f5f5f
	Actual output:  	496146655a6765766948567a694d464a5f5f5f5f5f5f5f5f5f5f5f5f
INFO:__main__:	Model 1
	Initial weights:	[1.0, 0.0, 0.0, 0.0, 0.0, 0.0, 0.0, 0.0, 0.0, 0.0]
	Noised weights: 	[1.0, 0.0002975464, 0.00030899048, 0.0014266968, -0.0009689331, -0.00033569336, -0.0009918213, -0.0012969971, -0.0030822754, -0.0015182495]
	Expected output: 	716a613636394537546d4f33677969575f5f5f5f5f5f5f5f5f5f5f5f
	Actual output:  	716a613636394537546d4f33677969575f5f5f5f5f5f5f5f5f5f5f5f
INFO:__main__:	Model 2
	Initial weights:	[1.0, 0.0, 0.0, 0.0, 0.0, 0.0, 0.0, 0.0, 0.0, 0.0]
	Noised weights: 	[1.0, -0.0009384155, -0.00019645691, 0.00044822693, 0.0016403198, 0.00042152405, -0.0003566742, 0.00018024445, 0.0014648438, -0.0012283325]
	Expected output: 	4e314f5530494e4130717342735373515f5f5f5f5f5f5f5f5f5f5f5f
	Actual output:  	4e314f5530494e4130717342735373515f5f5f5f5f5f5f5f5f5f5f5f
INFO:__main__:	Model 3
	Initial weights:	[1.0, 0.0, 0.0, 0.0, 0.0, 0.0, 0.0, 0.0, 0.0, 0.0]
	Noised weights: 	[1.0, -8.6307526e-05, 0.002243042, 0.00015926361, -0.0013961792, 0.0, -0.0014801025, -0.0008163452, 0.0003681183, 0.0012283325]
	Expected output: 	356563477935514d3154465a536e48535f5f5f5f5f5f5f5f5f5f5f5f
	Actual output:  	356563477935514d3154465a536e48535f5f5f5f5f5f5f5f5f5f5f5f
INFO:__main__:	Model 4
	Initial weights:	[1.0, 0.0, 0.0, 0.0, 0.0, 0.0, 0.0, 0.0, 0.0, 0.0]
	Noised weights: 	[1.0, -0.00059890747, -0.0012664795, 0.002029419, -0.00020122528, -0.0014724731, 0.00089645386, 0.0002002716, -0.0017166138, 0.00018405914]
	Expected output: 	6d764436355a5478684175723143546a5f5f5f5f5f5f5f5f5f5f5f5f
	Actual output:  	6d764436355a5478684175723143546a5f5f5f5f5f5f5f5f5f5f5f5f
INFO:__main__:Iteration 1: Std = 1.300000e-03
INFO:__main__:	Model 0
	Initial weights:	[1.0, 0.0, 0.0, 0.0, 0.0, 0.0, 0.0, 0.0, 0.0, 0.0]
	Noised weights: 	[1.0, -0.00012397766, -0.0016555786, -0.000207901, -0.0015411377, -0.0017852783, -0.0015335083, 0.00022697449, -0.0014953613, 0.0012283325]
	Expected output: 	7a567968456a50326844316f477830485f5f5f5f5f5f5f5f5f5f5f5f
	Actual output:  	7a567968456a50326844316f477830485f5f5f5f5f5f5f5f5f5f5f5f
INFO:__main__:	Model 1
	Initial weights:	[1.0, 0.0, 0.0, 0.0, 0.0, 0.0, 0.0, 0.0, 0.0, 0.0]
	Noised weights: 	[1.0, 0.0013427734, 0.00064086914, 0.0004272461, -0.0012588501, -0.0015869141, -0.00013065338, -0.0012054443, 0.0005569458, -0.00038909912]
	Expected output: 	6231695542764a76336f6163717a34325f5f5f5f5f5f5f5f5f5f5f5f
	Actual output:  	6231695542764a76336f6163717a34325f5f5f5f5f5f5f5f5f5f5f5f
INFO:__main__:	Model 2
	Initial weights:	[1.0, 0.0, 0.0, 0.0, 0.0, 0.0, 0.0, 0.0, 0.0, 0.0]
	Noised weights: 	[1.0, -0.00061798096, -0.0020141602, -0.00044631958, -0.0011444092, 0.0015640259, -0.0011520386, 0.0015716553, -0.0008392334, -0.0013504028]
	Expected output: 	457062426e776a626250515a424a48625f5f5f5f5f5f5f5f5f5f5f5f
	Actual output:  	8ab380d9235b9900769214361907c695f5a99c6857010612c1de7dd1
INFO:__main__:	Model 3
	Initial weights:	[1.0, 0.0, 0.0, 0.0, 0.0, 0.0, 0.0, 0.0, 0.0, 0.0]
	Noised weights: 	[1.0, -0.00046730042, -0.0021972656, 0.0031433105, 0.00047683716, -0.0016479492, 0.00029945374, 0.00025177002, -0.0010223389, -0.0025634766]
	Expected output: 	424f6a3379516744584f4f346b6a35725f5f5f5f5f5f5f5f5f5f5f5f
	Actual output:  	edbcb9d1f9948bba8ee8ed80100f9a72aedb926cf445cbf5e63b0669
INFO:__main__:	Model 4
	Initial weights:	[1.0, 0.0, 0.0, 0.0, 0.0, 0.0, 0.0, 0.0, 0.0, 0.0]
	Noised weights: 	[1.0, 0.0009536743, -0.0013885498, -0.0005187988, 0.0018692017, 0.0016937256, -0.00088500977, 0.0010681152, -0.0018081665, 0.0012893677]
	Expected output: 	466c6a45614d50474f43506b517738645f5f5f5f5f5f5f5f5f5f5f5f
	Actual output:  	466c6a45614d50474f43506b517738645f5f5f5f5f5f5f5f5f5f5f5f
INFO:__main__:Iteration 2: Std = 1.400000e-03
INFO:__main__:	Model 0
	Initial weights:	[1.0, 0.0, 0.0, 0.0, 0.0, 0.0, 0.0, 0.0, 0.0, 0.0]
	Noised weights: 	[1.0, 0.00011968613, 0.000869751, -0.002380371, 0.0006713867, -0.0025177002, -0.00044822693, -0.0015335083, -0.00051498413, 0.0006866455]
	Expected output: 	4e6e67323578415347366257613736555f5f5f5f5f5f5f5f5f5f5f5f
	Actual output:  	0294d58b626da0aa6ebf0ab23544567bcb0990bad2d2a900b523969a
INFO:__main__:	Model 1
	Initial weights:	[1.0, 0.0, 0.0, 0.0, 0.0, 0.0, 0.0, 0.0, 0.0, 0.0]
	Noised weights: 	[1.0, 0.00059890747, 0.0024871826, -0.00063323975, -0.00024986267, -0.00016212463, -0.0007095337, -0.00022125244, -0.0002708435, -9.584427e-05]
	Expected output: 	747a4e4f564752456e6a5276493979735f5f5f5f5f5f5f5f5f5f5f5f
	Actual output:  	81ce46ff34801620c6032a66dc8957df06eb1bb31a09eff34898a9dd
INFO:__main__:	Model 2
	Initial weights:	[1.0, 0.0, 0.0, 0.0, 0.0, 0.0, 0.0, 0.0, 0.0, 0.0]
	Noised weights: 	[1.0, -0.0015106201, -0.00063705444, -0.0016479492, -4.863739e-05, 0.0008163452, 0.002105713, -0.0014953613, 0.0005912781, -0.0012435913]
	Expected output: 	4d585a4a536a457257524174646f70675f5f5f5f5f5f5f5f5f5f5f5f
	Actual output:  	8cae9eb0eeb42aa60ba9fcfd0087324b98530ec2a56d4c56fcc0c787
INFO:__main__:	Model 3
	Initial weights:	[1.0, 0.0, 0.0, 0.0, 0.0, 0.0, 0.0, 0.0, 0.0, 0.0]
	Noised weights: 	[1.0, 0.000957489, -0.0008087158, 0.0034332275, 0.0002822876, 0.0034332275, -0.00024414062, 0.0005455017, -0.0005340576, 0.00045394897]
	Expected output: 	616c6e347244427261387056644f79505f5f5f5f5f5f5f5f5f5f5f5f
	Actual output:  	616c6e347244427261387056644f79505f5f5f5f5f5f5f5f5f5f5f5f
INFO:__main__:	Model 4
	Initial weights:	[1.0, 0.0, 0.0, 0.0, 0.0, 0.0, 0.0, 0.0, 0.0, 0.0]
	Noised weights: 	[1.0, 0.0016174316, 0.0012283325, 2.7179718e-05, 0.000118255615, -0.0004348755, 0.00074768066, -1.9431114e-05, 0.0014343262, -0.0011672974]
	Expected output: 	434c6d4471593061776c516b7a3151385f5f5f5f5f5f5f5f5f5f5f5f
	Actual output:  	9c19719ee5fe538db3a359dcf6d86d890ba65d2c2e5ad50503fa0f4a
INFO:__main__:Iteration 3: Std = 1.500000e-03
INFO:__main__:	Model 0
	Initial weights:	[1.0, 0.0, 0.0, 0.0, 0.0, 0.0, 0.0, 0.0, 0.0, 0.0]
	Noised weights: 	[1.0, -0.0002632141, 0.0018539429, 0.00038146973, 0.001335144, -0.001663208, -0.001411438, 0.0012359619, -0.0025482178, -0.0030059814]
	Expected output: 	42425a564d7031384f6f6b71456c6e465f5f5f5f5f5f5f5f5f5f5f5f
	Actual output:  	26cdd014d62fb6916925040b71a771fac6e8cc11596a82cac6d41edb
INFO:__main__:	Model 1
	Initial weights:	[1.0, 0.0, 0.0, 0.0, 0.0, 0.0, 0.0, 0.0, 0.0, 0.0]
	Noised weights: 	[1.0, -0.00016784668, -0.0008773804, -0.001121521, -0.0016784668, -0.00076293945, 0.0024719238, 0.00048065186, 0.00062561035, -0.0029907227]
	Expected output: 	373153796477673336524b746e77484a5f5f5f5f5f5f5f5f5f5f5f5f
	Actual output:  	333327dce4f68a1d98bed94466afcb86f89715e73a420d27648ab309
INFO:__main__:	Model 2
	Initial weights:	[1.0, 0.0, 0.0, 0.0, 0.0, 0.0, 0.0, 0.0, 0.0, 0.0]
	Noised weights: 	[1.0, 0.000289917, -0.00015544891, 0.00031280518, 9.584427e-05, -0.0008621216, -0.00037765503, 0.002029419, -0.0007972717, 0.0019302368]
	Expected output: 	523665333964764c4b373878493041535f5f5f5f5f5f5f5f5f5f5f5f
	Actual output:  	102a9bcef838ef0cd4aff9820cecf30ecc88851f29523ec8f4a7d531
INFO:__main__:	Model 3
	Initial weights:	[1.0, 0.0, 0.0, 0.0, 0.0, 0.0, 0.0, 0.0, 0.0, 0.0]
	Noised weights: 	[1.0, 0.00010538101, 0.00065612793, -0.0018157959, 0.0017089844, 0.00340271, 0.0012741089, 0.00044250488, 0.0018157959, -0.00064086914]
	Expected output: 	434c67315536656a32717a573376314a5f5f5f5f5f5f5f5f5f5f5f5f
	Actual output:  	a4b136052abc96b1ffc923a83436864b82e0a8e9dc27a1fdd9f0c735
INFO:__main__:	Model 4
	Initial weights:	[1.0, 0.0, 0.0, 0.0, 0.0, 0.0, 0.0, 0.0, 0.0, 0.0]
	Noised weights: 	[1.0, 0.0016860962, 0.0005950928, -0.00019073486, -0.0028686523, 0.00063323975, 0.0, -0.00090789795, 0.0010604858, -0.00016212463]
	Expected output: 	31626b4e4c5759344436536b354935355f5f5f5f5f5f5f5f5f5f5f5f
	Actual output:  	f8988917d0ccf740c2e60313a048feb25cf1c7f8e98b742807dc5c1c
INFO:__main__:Iteration 4: Std = 1.600000e-03
INFO:__main__:	Model 0
	Initial weights:	[1.0, 0.0, 0.0, 0.0, 0.0, 0.0, 0.0, 0.0, 0.0, 0.0]
	Noised weights: 	[1.0, -0.0012817383, 0.0018157959, -1.31726265e-05, 0.000957489, 0.0005569458, 0.001411438, -0.00092315674, 0.0008201599, -0.00064849854]
	Expected output: 	66584577327a686b717236624d656c4e5f5f5f5f5f5f5f5f5f5f5f5f
	Actual output:  	95aae67f90f894fb80b39d5b41a786871893376901126121311f9550
INFO:__main__:	Model 1
	Initial weights:	[1.0, 0.0, 0.0, 0.0, 0.0, 0.0, 0.0, 0.0, 0.0, 0.0]
	Noised weights: 	[1.0, 0.00064086914, -0.001449585, 0.0011367798, -5.38826e-05, 0.0010299683, -0.0026855469, 0.0036315918, -0.0022125244, -0.0028076172]
	Expected output: 	5435424a65636c68524d4d79794f79325f5f5f5f5f5f5f5f5f5f5f5f
	Actual output:  	45281deecebc50e8ad387e4324a347b9cfe0831f78176beacee1a585
INFO:__main__:	Model 2
	Initial weights:	[1.0, 0.0, 0.0, 0.0, 0.0, 0.0, 0.0, 0.0, 0.0, 0.0]
	Noised weights: 	[1.0, 0.00040245056, 0.0006980896, -0.0011062622, -0.002243042, 0.00017547607, -0.00093078613, -0.00062179565, 0.00075149536, 0.0012207031]
	Expected output: 	3952694b4133533158684a5a507872515f5f5f5f5f5f5f5f5f5f5f5f
	Actual output:  	423ec0ce3f45755416c74e055aebf465c26daef03bf12376632bf3b8
INFO:__main__:	Model 3
	Initial weights:	[1.0, 0.0, 0.0, 0.0, 0.0, 0.0, 0.0, 0.0, 0.0, 0.0]
	Noised weights: 	[1.0, 0.0018997192, -0.0022583008, 0.0030517578, 0.0010604858, -0.00028800964, -0.00062942505, -0.0014953613, 0.0006942749, -0.003692627]
	Expected output: 	335861515255354579627255715831765f5f5f5f5f5f5f5f5f5f5f5f
	Actual output:  	dfb839003d26674cb1f861dd572e821f3f78885d01f3f0661aa75348
INFO:__main__:	Model 4
	Initial weights:	[1.0, 0.0, 0.0, 0.0, 0.0, 0.0, 0.0, 0.0, 0.0, 0.0]
	Noised weights: 	[1.0, 0.0015411377, -0.0019378662, -0.00038909912, 0.0047302246, 0.0006713867, 6.818771e-05, -0.00016117096, 0.00022315979, 0.00042152405]
	Expected output: 	49336a67574b386770456a5270694e6e5f5f5f5f5f5f5f5f5f5f5f5f
	Actual output:  	629429f9b9e9d48bc5dea9ac6a611c1d221307352129afaa0bf87152
INFO:__main__:Iteration 5: Std = 1.700000e-03
INFO:__main__:	Model 0
	Initial weights:	[1.0, 0.0, 0.0, 0.0, 0.0, 0.0, 0.0, 0.0, 0.0, 0.0]
	Noised weights: 	[1.0, 0.0021972656, -0.0021362305, -0.0011367798, -0.0012054443, -0.0009994507, -0.0024414062, -0.0041503906, 0.0030059814, -0.0023040771]
	Expected output: 	646430526472417a674f5379785265585f5f5f5f5f5f5f5f5f5f5f5f
	Actual output:  	7c81bac84a9593d5771b6cb796272ffc0acf87b2854a6c923f2bb746
INFO:__main__:	Model 1
	Initial weights:	[1.0, 0.0, 0.0, 0.0, 0.0, 0.0, 0.0, 0.0, 0.0, 0.0]
	Noised weights: 	[0.99609375, 0.0002593994, -0.0010910034, 0.001373291, 0.003768921, 2.3126602e-05, -0.0017547607, 0.00048065186, -0.00031280518, 0.00015449524]
	Expected output: 	633047446f65717668464a597a354d395f5f5f5f5f5f5f5f5f5f5f5f
	Actual output:  	6bcf30a278b6238d0befbe89b05ee1500c22783b3de7b819e31195cd
INFO:__main__:	Model 2
	Initial weights:	[1.0, 0.0, 0.0, 0.0, 0.0, 0.0, 0.0, 0.0, 0.0, 0.0]
	Noised weights: 	[1.0, 0.0021820068, -0.0004043579, -0.0017700195, 0.0, -0.0029449463, 0.002670288, -0.0007133484, -0.002822876, -0.0005569458]
	Expected output: 	5a4158477559584958444d49695961735f5f5f5f5f5f5f5f5f5f5f5f
	Actual output:  	bccd7245e47fed62e9ccec981e8c1794f4d16ef95e62db593d7f55a2
INFO:__main__:	Model 3
	Initial weights:	[1.0, 0.0, 0.0, 0.0, 0.0, 0.0, 0.0, 0.0, 0.0, 0.0]
	Noised weights: 	[1.0, 0.0020141602, -0.0017166138, -0.0010147095, -0.00037002563, -0.00021457672, -0.0012054443, 0.0018615723, -0.0020751953, 0.00014972687]
	Expected output: 	754f655a346f556545767871446a43355f5f5f5f5f5f5f5f5f5f5f5f
	Actual output:  	e47ce8f481eae8aa6e034a0582dbe894291e54c02b72385b5ce09b93
INFO:__main__:	Model 4
	Initial weights:	[1.0, 0.0, 0.0, 0.0, 0.0, 0.0, 0.0, 0.0, 0.0, 0.0]
	Noised weights: 	[1.0, 2.2649765e-05, -0.0021362305, 0.00065231323, 0.0021972656, -0.001914978, 0.00041770935, -0.0015487671, 0.000579834, 0.0004787445]
	Expected output: 	6a4a424f7a75527069336c49425356305f5f5f5f5f5f5f5f5f5f5f5f
	Actual output:  	aee55a14ffa003780aef7e8f2abe8a742f888d6c81c07ca496c9b921
INFO:__main__:Iteration 6: Std = 1.800000e-03
INFO:__main__:	Model 0
	Initial weights:	[1.0, 0.0, 0.0, 0.0, 0.0, 0.0, 0.0, 0.0, 0.0, 0.0]
	Noised weights: 	[1.0, 0.00045013428, 0.004272461, -0.0021209717, -0.0024108887, -0.0017471313, -0.0020141602, 0.002380371, 0.0019683838, 0.002029419]
	Expected output: 	4c39494f35397534794d4846774a6e6c5f5f5f5f5f5f5f5f5f5f5f5f
	Actual output:  	57d8357aa9e461a07d309e1bb10c9d1713bf184d24173b10a1be37b0
INFO:__main__:	Model 1
	Initial weights:	[1.0, 0.0, 0.0, 0.0, 0.0, 0.0, 0.0, 0.0, 0.0, 0.0]
	Noised weights: 	[0.99609375, -0.0004711151, -0.004699707, 0.0004348755, 0.00010347366, 0.00090789795, 0.0011138916, -0.0006752014, 0.0008506775, -0.001121521]
	Expected output: 	523546656b7435656f7362387a46474c5f5f5f5f5f5f5f5f5f5f5f5f
	Actual output:  	f642505f1bd6647c40b70a4338e0de9a571aaf870d37bea97deee15d
INFO:__main__:	Model 2
	Initial weights:	[1.0, 0.0, 0.0, 0.0, 0.0, 0.0, 0.0, 0.0, 0.0, 0.0]
	Noised weights: 	[1.0, -0.00020122528, -0.0049438477, 0.0016098022, 0.0006942749, -0.0011978149, 0.00038146973, -0.00078582764, 0.002243042, -0.0035858154]
	Expected output: 	746536454b757451463067494169704a5f5f5f5f5f5f5f5f5f5f5f5f
	Actual output:  	3e1ccbc486d84e38e01e3238aa0c22bf6a3920384620bbac437b806d
INFO:__main__:	Model 3
	Initial weights:	[1.0, 0.0, 0.0, 0.0, 0.0, 0.0, 0.0, 0.0, 0.0, 0.0]
	Noised weights: 	[1.0, -0.0024871826, 0.0010681152, -0.0034332275, -0.0017471313, 0.00075531006, 0.0027770996, 0.000957489, -0.001739502, -0.0012664795]
	Expected output: 	414b4170646c72456550515664576e765f5f5f5f5f5f5f5f5f5f5f5f
	Actual output:  	2d4b7b4a69441325630abd3f8761cdc1966360a81e4051906fda02d6
INFO:__main__:	Model 4
	Initial weights:	[1.0, 0.0, 0.0, 0.0, 0.0, 0.0, 0.0, 0.0, 0.0, 0.0]
	Noised weights: 	[1.0, 0.0008735657, -0.0012893677, 0.0035705566, -0.00075531006, 0.0012817383, -0.0012969971, -0.0033416748, -0.000667572, 0.00026512146]
	Expected output: 	444b50454646666771573152737830335f5f5f5f5f5f5f5f5f5f5f5f
	Actual output:  	298c0866338983c8cf013ae55e3023e9b2318b708299f0a61a340ff7
INFO:__main__:Iteration 7: Std = 1.900000e-03
INFO:__main__:	Model 0
	Initial weights:	[1.0, 0.0, 0.0, 0.0, 0.0, 0.0, 0.0, 0.0, 0.0, 0.0]
	Noised weights: 	[0.99609375, -0.00075531006, -0.00077438354, -0.0010910034, 0.00024795532, 0.0028686523, -0.0015335083, -0.0021362305, -0.0005760193, -0.0041503906]
	Expected output: 	6c4f4b61766234306a36384f596d61575f5f5f5f5f5f5f5f5f5f5f5f
	Actual output:  	6e8b97b713a72a6de7ab02ee4213f3cb3e392eaa39cb35d738d2d13b
INFO:__main__:	Model 1
	Initial weights:	[1.0, 0.0, 0.0, 0.0, 0.0, 0.0, 0.0, 0.0, 0.0, 0.0]
	Noised weights: 	[1.0, 0.00064849854, 0.00078582764, -0.0016021729, -0.002960205, -0.00015640259, 0.0012207031, -0.0021514893, 0.00030517578, -0.001953125]
	Expected output: 	327774477252354b59365255674254665f5f5f5f5f5f5f5f5f5f5f5f
	Actual output:  	53014ce0e4c147a7c3ac33f7a24b90538223ee7b37c98b6ea8049c53
INFO:__main__:	Model 2
	Initial weights:	[1.0, 0.0, 0.0, 0.0, 0.0, 0.0, 0.0, 0.0, 0.0, 0.0]
	Noised weights: 	[1.0, 0.00018787384, 0.0017547607, 5.6028366e-05, -0.0013885498, -0.0009841919, 0.0004787445, 0.0027008057, 0.0016479492, -0.0018692017]
	Expected output: 	4d547874776537334657516f7a3276335f5f5f5f5f5f5f5f5f5f5f5f
	Actual output:  	1e41a2d771bdbfb3c8e3cea21bab60eb9b3fea6ea9f77b46aa94b3b8
INFO:__main__:	Model 3
	Initial weights:	[1.0, 0.0, 0.0, 0.0, 0.0, 0.0, 0.0, 0.0, 0.0, 0.0]
	Noised weights: 	[1.0, -0.0022888184, 0.0031585693, 0.0036468506, 0.0003414154, 5.2690506e-05, -0.0010681152, -0.00044250488, -0.0011901855, -0.0036773682]
	Expected output: 	64656d324c395a42643375413437336b5f5f5f5f5f5f5f5f5f5f5f5f
	Actual output:  	c17c6b9ea2ea07c39cd8fb27547ef9f0392e1f1cd363f16ed8f67ef8
INFO:__main__:	Model 4
	Initial weights:	[1.0, 0.0, 0.0, 0.0, 0.0, 0.0, 0.0, 0.0, 0.0, 0.0]
	Noised weights: 	[1.0, -0.0014343262, 0.0007247925, 0.0022277832, 0.0014648438, -0.0010910034, -0.0025634766, 0.0023345947, -0.0005187988, -0.0008125305]
	Expected output: 	4662734d61336a7867736342436442705f5f5f5f5f5f5f5f5f5f5f5f
	Actual output:  	528f295ff2e7ae350c5958dc4ae287bcf812fb8860d96a4c6750d970
