2025-10-07 06:00:19,096 - INFO - 
Solution 0-------
	KS Statistic Weights: 0.4996
	KS Statistic Biases: 0.0313
	Stats Score Weights: 0.6281
	Stats Score Biases: 0.17
	Unique Elems Score: 0.00
		TOTAL SCORE = 2.5982
2025-10-07 06:00:56,637 - INFO - Generation = 1
2025-10-07 06:01:01,835 - INFO - Fitness    = 2.5981686115264893
2025-10-07 06:01:36,092 - INFO - Generation = 2
2025-10-07 06:01:41,304 - INFO - Fitness    = 2.5981686115264893
2025-10-07 06:02:15,788 - INFO - Generation = 3
2025-10-07 06:02:21,013 - INFO - Fitness    = 2.5981686115264893
2025-10-07 06:02:55,414 - INFO - Generation = 4
2025-10-07 06:03:00,624 - INFO - Fitness    = 2.5981686115264893
2025-10-07 06:03:35,359 - INFO - Generation = 5
2025-10-07 06:03:40,535 - INFO - Fitness    = 2.5981686115264893
2025-10-07 06:04:15,077 - INFO - Generation = 6
2025-10-07 06:04:20,257 - INFO - Fitness    = 2.5981686115264893
2025-10-07 06:04:54,675 - INFO - Generation = 7
2025-10-07 06:04:59,844 - INFO - Fitness    = 2.5981686115264893
2025-10-07 06:05:34,338 - INFO - Generation = 8
2025-10-07 06:05:39,517 - INFO - Fitness    = 2.5981686115264893
2025-10-07 06:06:14,010 - INFO - Generation = 9
2025-10-07 06:06:19,184 - INFO - Fitness    = 2.5981686115264893
2025-10-07 06:06:53,543 - INFO - Generation = 10
2025-10-07 06:06:58,730 - INFO - Fitness    = 2.5981686115264893
