2025-10-07 00:58:37,850 - INFO - 
Solution 0-------
	KS Statistic Weights: 0.4996
	KS Statistic Biases: 0.0313
	Stats Score Weights: 0.6281
	Stats Score Biases: 0.17
	Unique Elems Score: 0.00
		TOTAL SCORE = 2.5982
2025-10-07 00:59:13,979 - INFO - Generation = 1
2025-10-07 00:59:19,200 - INFO - Fitness    = 2.5981686115264893
2025-10-07 00:59:52,227 - INFO - Generation = 2
2025-10-07 00:59:57,426 - INFO - Fitness    = 2.5981686115264893
2025-10-07 01:00:30,247 - INFO - Generation = 3
2025-10-07 01:00:35,821 - INFO - Fitness    = 2.5981686115264893
2025-10-07 01:01:16,031 - INFO - 
Solution 21-------
	KS Statistic Weights: 0.6755
	KS Statistic Biases: 0.0656
	Stats Score Weights: 0.5751
	Stats Score Biases: 0.17
	Unique Elems Score: 0.00
		TOTAL SCORE = 2.8970
2025-10-07 01:01:18,335 - INFO - Generation = 4
2025-10-07 01:01:31,313 - INFO - 
Solution 21-------
	KS Statistic Weights: 0.6755
	KS Statistic Biases: 0.0656
	Stats Score Weights: 0.5751
	Stats Score Biases: 0.17
	Unique Elems Score: 0.00
		TOTAL SCORE = 2.8970
2025-10-07 01:01:33,612 - INFO - Fitness    = 2.897017240524292
2025-10-07 01:02:06,471 - INFO - Generation = 5
2025-10-07 01:02:11,642 - INFO - Fitness    = 2.897017240524292
2025-10-07 01:02:44,345 - INFO - Generation = 6
2025-10-07 01:02:49,527 - INFO - Fitness    = 2.897017240524292
2025-10-07 01:03:30,940 - INFO - 
Solution 68-------
	KS Statistic Weights: 0.7464
	KS Statistic Biases: 0.0960
	Stats Score Weights: 0.5472
	Stats Score Biases: 0.17
	Unique Elems Score: 0.00
		TOTAL SCORE = 3.0569
2025-10-07 01:03:31,982 - INFO - Generation = 7
2025-10-07 01:03:45,845 - INFO - 
Solution 68-------
	KS Statistic Weights: 0.7464
	KS Statistic Biases: 0.0960
	Stats Score Weights: 0.5472
	Stats Score Biases: 0.17
	Unique Elems Score: 0.00
		TOTAL SCORE = 3.0569
2025-10-07 01:03:46,885 - INFO - Fitness    = 3.056912899017334
2025-10-07 01:04:19,679 - INFO - Generation = 8
2025-10-07 01:04:24,929 - INFO - Fitness    = 3.056912899017334
2025-10-07 01:05:04,866 - INFO - 
Solution 6-------
	KS Statistic Weights: 0.7367
	KS Statistic Biases: 0.0843
	Stats Score Weights: 0.5603
	Stats Score Biases: 0.17
	Unique Elems Score: 0.00
		TOTAL SCORE = 3.0109
2025-10-07 01:05:15,535 - INFO - 
Solution 33-------
	KS Statistic Weights: 0.6853
	KS Statistic Biases: 0.0968
	Stats Score Weights: 0.5325
	Stats Score Biases: 0.17
	Unique Elems Score: 0.00
		TOTAL SCORE = 3.0124
2025-10-07 01:05:17,526 - INFO - Generation = 9
2025-10-07 01:05:29,503 - INFO - 
Solution 6-------
	KS Statistic Weights: 0.7367
	KS Statistic Biases: 0.0843
	Stats Score Weights: 0.5603
	Stats Score Biases: 0.17
	Unique Elems Score: 0.00
		TOTAL SCORE = 3.0109
2025-10-07 01:05:40,163 - INFO - 
Solution 33-------
	KS Statistic Weights: 0.6853
	KS Statistic Biases: 0.0968
	Stats Score Weights: 0.5325
	Stats Score Biases: 0.17
	Unique Elems Score: 0.00
		TOTAL SCORE = 3.0124
2025-10-07 01:05:42,155 - INFO - Fitness    = 3.056912899017334
2025-10-07 01:06:24,319 - INFO - 
Solution 70-------
	KS Statistic Weights: 0.7330
	KS Statistic Biases: 0.0960
	Stats Score Weights: 0.5432
	Stats Score Biases: 0.17
	Unique Elems Score: 0.00
		TOTAL SCORE = 3.0479
2025-10-07 01:06:34,742 - INFO - 
Solution 88-------
	KS Statistic Weights: 0.7561
	KS Statistic Biases: 0.0838
	Stats Score Weights: 0.5489
	Stats Score Biases: 0.17
	Unique Elems Score: 0.00
		TOTAL SCORE = 3.0412
2025-10-07 01:06:35,150 - INFO - Generation = 10
2025-10-07 01:06:49,112 - INFO - 
Solution 70-------
	KS Statistic Weights: 0.7330
	KS Statistic Biases: 0.0960
	Stats Score Weights: 0.5432
	Stats Score Biases: 0.17
	Unique Elems Score: 0.00
		TOTAL SCORE = 3.0479
2025-10-07 01:06:59,537 - INFO - 
Solution 88-------
	KS Statistic Weights: 0.7561
	KS Statistic Biases: 0.0838
	Stats Score Weights: 0.5489
	Stats Score Biases: 0.17
	Unique Elems Score: 0.00
		TOTAL SCORE = 3.0412
2025-10-07 01:06:59,941 - INFO - Fitness    = 3.056912899017334
