2025-10-07 06:07:32,732 - INFO - 
Solution 0-------
	KS Statistic Weights: 0.4996
	KS Statistic Biases: 0.0313
	Stats Score Weights: 0.6281
	Stats Score Biases: 0.17
	Unique Elems Score: 0.00
		TOTAL SCORE = 2.5982
2025-10-07 06:08:08,486 - INFO - Generation = 1
2025-10-07 06:08:13,669 - INFO - Fitness    = 2.5981686115264893
2025-10-07 06:08:46,847 - INFO - Generation = 2
2025-10-07 06:08:51,996 - INFO - Fitness    = 2.5981686115264893
2025-10-07 06:09:25,152 - INFO - Generation = 3
2025-10-07 06:09:30,340 - INFO - Fitness    = 2.5981686115264893
2025-10-07 06:10:11,953 - INFO - 
Solution 60-------
	KS Statistic Weights: 0.6272
	KS Statistic Biases: 0.0985
	Stats Score Weights: 0.5346
	Stats Score Biases: 0.17
	Unique Elems Score: 0.00
		TOTAL SCORE = 2.9561
2025-10-07 06:10:13,288 - INFO - Generation = 4
2025-10-07 06:10:26,861 - INFO - 
Solution 60-------
	KS Statistic Weights: 0.6272
	KS Statistic Biases: 0.0985
	Stats Score Weights: 0.5346
	Stats Score Biases: 0.17
	Unique Elems Score: 0.00
		TOTAL SCORE = 2.9561
2025-10-07 06:10:28,201 - INFO - Fitness    = 2.9560770988464355
2025-10-07 06:11:09,505 - INFO - 
Solution 41-------
	KS Statistic Weights: 0.6213
	KS Statistic Biases: 0.1026
	Stats Score Weights: 0.5307
	Stats Score Biases: 0.17
	Unique Elems Score: 0.00
		TOTAL SCORE = 2.9624
2025-10-07 06:11:11,197 - INFO - Generation = 5
2025-10-07 06:11:24,442 - INFO - 
Solution 41-------
	KS Statistic Weights: 0.6213
	KS Statistic Biases: 0.1026
	Stats Score Weights: 0.5307
	Stats Score Biases: 0.17
	Unique Elems Score: 0.00
		TOTAL SCORE = 2.9624
2025-10-07 06:11:26,135 - INFO - Fitness    = 2.9624197483062744
2025-10-07 06:12:06,367 - INFO - 
Solution 9-------
	KS Statistic Weights: 0.6194
	KS Statistic Biases: 0.1003
	Stats Score Weights: 0.5280
	Stats Score Biases: 0.17
	Unique Elems Score: 0.00
		TOTAL SCORE = 2.9590
2025-10-07 06:12:09,260 - INFO - Generation = 6
2025-10-07 06:12:21,293 - INFO - 
Solution 9-------
	KS Statistic Weights: 0.6194
	KS Statistic Biases: 0.1003
	Stats Score Weights: 0.5280
	Stats Score Biases: 0.17
	Unique Elems Score: 0.00
		TOTAL SCORE = 2.9590
2025-10-07 06:12:24,195 - INFO - Fitness    = 2.9624197483062744
2025-10-07 06:13:04,131 - INFO - 
Solution 8-------
	KS Statistic Weights: 0.6223
	KS Statistic Biases: 0.0983
	Stats Score Weights: 0.5272
	Stats Score Biases: 0.17
	Unique Elems Score: 0.00
		TOTAL SCORE = 2.9573
2025-10-07 06:13:15,476 - INFO - 
Solution 55-------
	KS Statistic Weights: 0.6205
	KS Statistic Biases: 0.1021
	Stats Score Weights: 0.5281
	Stats Score Biases: 0.17
	Unique Elems Score: 0.00
		TOTAL SCORE = 2.9635
2025-10-07 06:13:25,943 - INFO - 
Solution 74-------
	KS Statistic Weights: 0.6197
	KS Statistic Biases: 0.1022
	Stats Score Weights: 0.5276
	Stats Score Biases: 0.17
	Unique Elems Score: 0.00
		TOTAL SCORE = 2.9625
2025-10-07 06:13:35,999 - INFO - 
Solution 82-------
	KS Statistic Weights: 0.6499
	KS Statistic Biases: 0.0911
	Stats Score Weights: 0.5314
	Stats Score Biases: 0.17
	Unique Elems Score: 0.00
		TOTAL SCORE = 2.9672
2025-10-07 06:13:45,740 - INFO - 
Solution 86-------
	KS Statistic Weights: 0.6337
	KS Statistic Biases: 0.0925
	Stats Score Weights: 0.5289
	Stats Score Biases: 0.17
	Unique Elems Score: 0.00
		TOTAL SCORE = 2.9564
2025-10-07 06:13:46,151 - INFO - Generation = 7
2025-10-07 06:13:58,169 - INFO - 
Solution 8-------
	KS Statistic Weights: 0.6223
	KS Statistic Biases: 0.0983
	Stats Score Weights: 0.5272
	Stats Score Biases: 0.17
	Unique Elems Score: 0.00
		TOTAL SCORE = 2.9573
2025-10-07 06:14:09,463 - INFO - 
Solution 55-------
	KS Statistic Weights: 0.6205
	KS Statistic Biases: 0.1021
	Stats Score Weights: 0.5281
	Stats Score Biases: 0.17
	Unique Elems Score: 0.00
		TOTAL SCORE = 2.9635
2025-10-07 06:14:19,825 - INFO - 
Solution 74-------
	KS Statistic Weights: 0.6197
	KS Statistic Biases: 0.1022
	Stats Score Weights: 0.5276
	Stats Score Biases: 0.17
	Unique Elems Score: 0.00
		TOTAL SCORE = 2.9625
2025-10-07 06:14:29,873 - INFO - 
Solution 82-------
	KS Statistic Weights: 0.6499
	KS Statistic Biases: 0.0911
	Stats Score Weights: 0.5314
	Stats Score Biases: 0.17
	Unique Elems Score: 0.00
		TOTAL SCORE = 2.9672
2025-10-07 06:14:39,613 - INFO - 
Solution 86-------
	KS Statistic Weights: 0.6337
	KS Statistic Biases: 0.0925
	Stats Score Weights: 0.5289
	Stats Score Biases: 0.17
	Unique Elems Score: 0.00
		TOTAL SCORE = 2.9564
2025-10-07 06:14:40,024 - INFO - Fitness    = 2.967237949371338
2025-10-07 06:15:20,195 - INFO - 
Solution 17-------
	KS Statistic Weights: 0.6184
	KS Statistic Biases: 0.1093
	Stats Score Weights: 0.5248
	Stats Score Biases: 0.17
	Unique Elems Score: 0.00
		TOTAL SCORE = 2.9796
2025-10-07 06:15:30,583 - INFO - 
Solution 39-------
	KS Statistic Weights: 0.6320
	KS Statistic Biases: 0.0955
	Stats Score Weights: 0.5265
	Stats Score Biases: 0.17
	Unique Elems Score: 0.00
		TOTAL SCORE = 2.9641
2025-10-07 06:15:40,633 - INFO - 
Solution 47-------
	KS Statistic Weights: 0.6308
	KS Statistic Biases: 0.0983
	Stats Score Weights: 0.5264
	Stats Score Biases: 0.17
	Unique Elems Score: 0.00
		TOTAL SCORE = 2.9673
2025-10-07 06:15:50,370 - INFO - 
Solution 49-------
	KS Statistic Weights: 0.6195
	KS Statistic Biases: 0.0985
	Stats Score Weights: 0.5256
	Stats Score Biases: 0.17
	Unique Elems Score: 0.00
		TOTAL SCORE = 2.9582
2025-10-07 06:16:00,417 - INFO - 
Solution 56-------
	KS Statistic Weights: 0.6170
	KS Statistic Biases: 0.1047
	Stats Score Weights: 0.5233
	Stats Score Biases: 0.17
	Unique Elems Score: 0.00
		TOTAL SCORE = 2.9703
2025-10-07 06:16:10,783 - INFO - 
Solution 74-------
	KS Statistic Weights: 0.6646
	KS Statistic Biases: 0.1008
	Stats Score Weights: 0.5313
	Stats Score Biases: 0.17
	Unique Elems Score: 0.00
		TOTAL SCORE = 3.0020
2025-10-07 06:16:11,506 - INFO - Generation = 8
2025-10-07 06:16:23,823 - INFO - 
Solution 17-------
	KS Statistic Weights: 0.6184
	KS Statistic Biases: 0.1093
	Stats Score Weights: 0.5248
	Stats Score Biases: 0.17
	Unique Elems Score: 0.00
		TOTAL SCORE = 2.9796
2025-10-07 06:16:34,193 - INFO - 
Solution 39-------
	KS Statistic Weights: 0.6320
	KS Statistic Biases: 0.0955
	Stats Score Weights: 0.5265
	Stats Score Biases: 0.17
	Unique Elems Score: 0.00
		TOTAL SCORE = 2.9641
2025-10-07 06:16:44,242 - INFO - 
Solution 47-------
	KS Statistic Weights: 0.6308
	KS Statistic Biases: 0.0983
	Stats Score Weights: 0.5264
	Stats Score Biases: 0.17
	Unique Elems Score: 0.00
		TOTAL SCORE = 2.9673
2025-10-07 06:16:53,981 - INFO - 
Solution 49-------
	KS Statistic Weights: 0.6195
	KS Statistic Biases: 0.0985
	Stats Score Weights: 0.5256
	Stats Score Biases: 0.17
	Unique Elems Score: 0.00
		TOTAL SCORE = 2.9582
2025-10-07 06:17:04,027 - INFO - 
Solution 56-------
	KS Statistic Weights: 0.6170
	KS Statistic Biases: 0.1047
	Stats Score Weights: 0.5233
	Stats Score Biases: 0.17
	Unique Elems Score: 0.00
		TOTAL SCORE = 2.9703
2025-10-07 06:17:14,386 - INFO - 
Solution 74-------
	KS Statistic Weights: 0.6646
	KS Statistic Biases: 0.1008
	Stats Score Weights: 0.5313
	Stats Score Biases: 0.17
	Unique Elems Score: 0.00
		TOTAL SCORE = 3.0020
2025-10-07 06:17:15,109 - INFO - Fitness    = 3.0019702911376953
2025-10-07 06:17:55,329 - INFO - 
Solution 14-------
	KS Statistic Weights: 0.6590
	KS Statistic Biases: 0.0958
	Stats Score Weights: 0.5287
	Stats Score Biases: 0.17
	Unique Elems Score: 0.00
		TOTAL SCORE = 2.9887
2025-10-07 06:18:05,697 - INFO - 
Solution 40-------
	KS Statistic Weights: 0.6333
	KS Statistic Biases: 0.1039
	Stats Score Weights: 0.5255
	Stats Score Biases: 0.17
	Unique Elems Score: 0.00
		TOTAL SCORE = 2.9825
2025-10-07 06:18:15,736 - INFO - 
Solution 43-------
	KS Statistic Weights: 0.6165
	KS Statistic Biases: 0.1005
	Stats Score Weights: 0.5218
	Stats Score Biases: 0.17
	Unique Elems Score: 0.00
		TOTAL SCORE = 2.9627
2025-10-07 06:18:26,436 - INFO - 
Solution 76-------
	KS Statistic Weights: 0.6164
	KS Statistic Biases: 0.1081
	Stats Score Weights: 0.5215
	Stats Score Biases: 0.17
	Unique Elems Score: 0.00
		TOTAL SCORE = 2.9785
2025-10-07 06:18:36,174 - INFO - 
Solution 78-------
	KS Statistic Weights: 0.6168
	KS Statistic Biases: 0.1009
	Stats Score Weights: 0.5218
	Stats Score Biases: 0.17
	Unique Elems Score: 0.00
		TOTAL SCORE = 2.9642
2025-10-07 06:18:46,225 - INFO - 
Solution 86-------
	KS Statistic Weights: 0.6373
	KS Statistic Biases: 0.1029
	Stats Score Weights: 0.5273
	Stats Score Biases: 0.17
	Unique Elems Score: 0.00
		TOTAL SCORE = 2.9844
2025-10-07 06:18:46,635 - INFO - Generation = 9
2025-10-07 06:18:58,970 - INFO - 
Solution 14-------
	KS Statistic Weights: 0.6590
	KS Statistic Biases: 0.0958
	Stats Score Weights: 0.5287
	Stats Score Biases: 0.17
	Unique Elems Score: 0.00
		TOTAL SCORE = 2.9887
2025-10-07 06:19:09,344 - INFO - 
Solution 40-------
	KS Statistic Weights: 0.6333
	KS Statistic Biases: 0.1039
	Stats Score Weights: 0.5255
	Stats Score Biases: 0.17
	Unique Elems Score: 0.00
		TOTAL SCORE = 2.9825
2025-10-07 06:19:19,385 - INFO - 
Solution 43-------
	KS Statistic Weights: 0.6165
	KS Statistic Biases: 0.1005
	Stats Score Weights: 0.5218
	Stats Score Biases: 0.17
	Unique Elems Score: 0.00
		TOTAL SCORE = 2.9627
2025-10-07 06:19:30,070 - INFO - 
Solution 76-------
	KS Statistic Weights: 0.6164
	KS Statistic Biases: 0.1081
	Stats Score Weights: 0.5215
	Stats Score Biases: 0.17
	Unique Elems Score: 0.00
		TOTAL SCORE = 2.9785
2025-10-07 06:19:39,807 - INFO - 
Solution 78-------
	KS Statistic Weights: 0.6168
	KS Statistic Biases: 0.1009
	Stats Score Weights: 0.5218
	Stats Score Biases: 0.17
	Unique Elems Score: 0.00
		TOTAL SCORE = 2.9642
2025-10-07 06:19:49,856 - INFO - 
Solution 86-------
	KS Statistic Weights: 0.6373
	KS Statistic Biases: 0.1029
	Stats Score Weights: 0.5273
	Stats Score Biases: 0.17
	Unique Elems Score: 0.00
		TOTAL SCORE = 2.9844
2025-10-07 06:19:50,266 - INFO - Fitness    = 3.0019702911376953
2025-10-07 06:20:30,181 - INFO - 
Solution 10-------
	KS Statistic Weights: 0.6165
	KS Statistic Biases: 0.1159
	Stats Score Weights: 0.5202
	Stats Score Biases: 0.17
	Unique Elems Score: 0.00
		TOTAL SCORE = 2.9957
2025-10-07 06:20:40,213 - INFO - 
Solution 11-------
	KS Statistic Weights: 0.6146
	KS Statistic Biases: 0.1136
	Stats Score Weights: 0.5192
	Stats Score Biases: 0.17
	Unique Elems Score: 0.00
		TOTAL SCORE = 2.9911
2025-10-07 06:20:49,946 - INFO - 
Solution 13-------
	KS Statistic Weights: 0.6264
	KS Statistic Biases: 0.0997
	Stats Score Weights: 0.5212
	Stats Score Biases: 0.17
	Unique Elems Score: 0.00
		TOTAL SCORE = 2.9718
2025-10-07 06:20:59,686 - INFO - 
Solution 15-------
	KS Statistic Weights: 0.6244
	KS Statistic Biases: 0.1046
	Stats Score Weights: 0.5211
	Stats Score Biases: 0.17
	Unique Elems Score: 0.00
		TOTAL SCORE = 2.9802
2025-10-07 06:21:09,422 - INFO - 
Solution 17-------
	KS Statistic Weights: 0.6156
	KS Statistic Biases: 0.1051
	Stats Score Weights: 0.5194
	Stats Score Biases: 0.17
	Unique Elems Score: 0.00
		TOTAL SCORE = 2.9737
2025-10-07 06:21:20,091 - INFO - 
Solution 42-------
	KS Statistic Weights: 0.6267
	KS Statistic Biases: 0.1038
	Stats Score Weights: 0.5209
	Stats Score Biases: 0.17
	Unique Elems Score: 0.00
		TOTAL SCORE = 2.9805
2025-10-07 06:21:30,144 - INFO - 
Solution 51-------
	KS Statistic Weights: 0.6303
	KS Statistic Biases: 0.1048
	Stats Score Weights: 0.5227
	Stats Score Biases: 0.17
	Unique Elems Score: 0.00
		TOTAL SCORE = 2.9860
2025-10-07 06:21:39,880 - INFO - 
Solution 52-------
	KS Statistic Weights: 0.6161
	KS Statistic Biases: 0.1137
	Stats Score Weights: 0.5204
	Stats Score Biases: 0.17
	Unique Elems Score: 0.00
		TOTAL SCORE = 2.9909
2025-10-07 06:21:49,627 - INFO - 
Solution 60-------
	KS Statistic Weights: 0.6158
	KS Statistic Biases: 0.1147
	Stats Score Weights: 0.5187
	Stats Score Biases: 0.17
	Unique Elems Score: 0.00
		TOTAL SCORE = 2.9922
2025-10-07 06:21:59,674 - INFO - 
Solution 69-------
	KS Statistic Weights: 0.6469
	KS Statistic Biases: 0.0995
	Stats Score Weights: 0.5257
	Stats Score Biases: 0.17
	Unique Elems Score: 0.00
		TOTAL SCORE = 2.9879
2025-10-07 06:22:09,708 - INFO - 
Solution 71-------
	KS Statistic Weights: 0.6154
	KS Statistic Biases: 0.1048
	Stats Score Weights: 0.5196
	Stats Score Biases: 0.17
	Unique Elems Score: 0.00
		TOTAL SCORE = 2.9736
2025-10-07 06:22:19,459 - INFO - 
Solution 80-------
	KS Statistic Weights: 0.6460
	KS Statistic Biases: 0.0994
	Stats Score Weights: 0.5252
	Stats Score Biases: 0.17
	Unique Elems Score: 0.00
		TOTAL SCORE = 2.9875
2025-10-07 06:22:29,497 - INFO - 
Solution 83-------
	KS Statistic Weights: 0.6161
	KS Statistic Biases: 0.1055
	Stats Score Weights: 0.5197
	Stats Score Biases: 0.17
	Unique Elems Score: 0.00
		TOTAL SCORE = 2.9746
2025-10-07 06:22:39,550 - INFO - 
Solution 95-------
	KS Statistic Weights: 0.6161
	KS Statistic Biases: 0.1130
	Stats Score Weights: 0.5198
	Stats Score Biases: 0.17
	Unique Elems Score: 0.00
		TOTAL SCORE = 2.9899
2025-10-07 06:22:39,648 - INFO - Generation = 10
2025-10-07 06:22:51,657 - INFO - 
Solution 10-------
	KS Statistic Weights: 0.6165
	KS Statistic Biases: 0.1159
	Stats Score Weights: 0.5202
	Stats Score Biases: 0.17
	Unique Elems Score: 0.00
		TOTAL SCORE = 2.9957
2025-10-07 06:23:01,690 - INFO - 
Solution 11-------
	KS Statistic Weights: 0.6146
	KS Statistic Biases: 0.1136
	Stats Score Weights: 0.5192
	Stats Score Biases: 0.17
	Unique Elems Score: 0.00
		TOTAL SCORE = 2.9911
2025-10-07 06:23:11,428 - INFO - 
Solution 13-------
	KS Statistic Weights: 0.6264
	KS Statistic Biases: 0.0997
	Stats Score Weights: 0.5212
	Stats Score Biases: 0.17
	Unique Elems Score: 0.00
		TOTAL SCORE = 2.9718
2025-10-07 06:23:21,167 - INFO - 
Solution 15-------
	KS Statistic Weights: 0.6244
	KS Statistic Biases: 0.1046
	Stats Score Weights: 0.5211
	Stats Score Biases: 0.17
	Unique Elems Score: 0.00
		TOTAL SCORE = 2.9802
2025-10-07 06:23:30,907 - INFO - 
Solution 17-------
	KS Statistic Weights: 0.6156
	KS Statistic Biases: 0.1051
	Stats Score Weights: 0.5194
	Stats Score Biases: 0.17
	Unique Elems Score: 0.00
		TOTAL SCORE = 2.9737
2025-10-07 06:23:41,572 - INFO - 
Solution 42-------
	KS Statistic Weights: 0.6267
	KS Statistic Biases: 0.1038
	Stats Score Weights: 0.5209
	Stats Score Biases: 0.17
	Unique Elems Score: 0.00
		TOTAL SCORE = 2.9805
2025-10-07 06:23:51,618 - INFO - 
Solution 51-------
	KS Statistic Weights: 0.6303
	KS Statistic Biases: 0.1048
	Stats Score Weights: 0.5227
	Stats Score Biases: 0.17
	Unique Elems Score: 0.00
		TOTAL SCORE = 2.9860
2025-10-07 06:24:01,351 - INFO - 
Solution 52-------
	KS Statistic Weights: 0.6161
	KS Statistic Biases: 0.1137
	Stats Score Weights: 0.5204
	Stats Score Biases: 0.17
	Unique Elems Score: 0.00
		TOTAL SCORE = 2.9909
2025-10-07 06:24:11,096 - INFO - 
Solution 60-------
	KS Statistic Weights: 0.6158
	KS Statistic Biases: 0.1147
	Stats Score Weights: 0.5187
	Stats Score Biases: 0.17
	Unique Elems Score: 0.00
		TOTAL SCORE = 2.9922
2025-10-07 06:24:21,147 - INFO - 
Solution 69-------
	KS Statistic Weights: 0.6469
	KS Statistic Biases: 0.0995
	Stats Score Weights: 0.5257
	Stats Score Biases: 0.17
	Unique Elems Score: 0.00
		TOTAL SCORE = 2.9879
2025-10-07 06:24:31,184 - INFO - 
Solution 71-------
	KS Statistic Weights: 0.6154
	KS Statistic Biases: 0.1048
	Stats Score Weights: 0.5196
	Stats Score Biases: 0.17
	Unique Elems Score: 0.00
		TOTAL SCORE = 2.9736
2025-10-07 06:24:40,933 - INFO - 
Solution 80-------
	KS Statistic Weights: 0.6460
	KS Statistic Biases: 0.0994
	Stats Score Weights: 0.5252
	Stats Score Biases: 0.17
	Unique Elems Score: 0.00
		TOTAL SCORE = 2.9875
2025-10-07 06:24:50,965 - INFO - 
Solution 83-------
	KS Statistic Weights: 0.6161
	KS Statistic Biases: 0.1055
	Stats Score Weights: 0.5197
	Stats Score Biases: 0.17
	Unique Elems Score: 0.00
		TOTAL SCORE = 2.9746
2025-10-07 06:25:01,015 - INFO - 
Solution 95-------
	KS Statistic Weights: 0.6161
	KS Statistic Biases: 0.1130
	Stats Score Weights: 0.5198
	Stats Score Biases: 0.17
	Unique Elems Score: 0.00
		TOTAL SCORE = 2.9899
2025-10-07 06:25:01,114 - INFO - Fitness    = 3.0019702911376953
2025-10-07 06:25:14,418 - INFO - 
Solution 13-------
	KS Statistic Weights: 0.6264
	KS Statistic Biases: 0.0997
	Stats Score Weights: 0.5212
	Stats Score Biases: 0.17
	Unique Elems Score: 0.00
		TOTAL SCORE = 2.9718
2025-10-07 06:25:25,109 - INFO - 
Solution 52-------
	KS Statistic Weights: 0.6161
	KS Statistic Biases: 0.1137
	Stats Score Weights: 0.5204
	Stats Score Biases: 0.17
	Unique Elems Score: 0.00
		TOTAL SCORE = 2.9909
2025-10-07 06:25:34,884 - INFO - 
Solution 60-------
	KS Statistic Weights: 0.6158
	KS Statistic Biases: 0.1147
	Stats Score Weights: 0.5187
	Stats Score Biases: 0.17
	Unique Elems Score: 0.00
		TOTAL SCORE = 2.9922
2025-10-07 06:25:44,937 - INFO - 
Solution 80-------
	KS Statistic Weights: 0.6460
	KS Statistic Biases: 0.0994
	Stats Score Weights: 0.5252
	Stats Score Biases: 0.17
	Unique Elems Score: 0.00
		TOTAL SCORE = 2.9875
2025-10-07 06:25:54,673 - INFO - 
Solution 83-------
	KS Statistic Weights: 0.6161
	KS Statistic Biases: 0.1055
	Stats Score Weights: 0.5197
	Stats Score Biases: 0.17
	Unique Elems Score: 0.00
		TOTAL SCORE = 2.9746
