2025-10-07 07:11:39,469 - INFO - 
Solution 0-------
	KS Statistic Weights: 0.4996
	KS Statistic Biases: 0.0313
	Stats Score Weights: 0.6281
	Stats Score Biases: 0.17
	Unique Elems Score: 0.00
		TOTAL SCORE = 2.5982
2025-10-07 07:12:15,559 - INFO - Generation = 1
2025-10-07 07:12:20,800 - INFO - Fitness    = 2.5981686115264893
2025-10-07 07:12:54,349 - INFO - Generation = 2
2025-10-07 07:12:59,577 - INFO - Fitness    = 2.5981686115264893
2025-10-07 07:13:32,731 - INFO - Generation = 3
2025-10-07 07:13:37,952 - INFO - Fitness    = 2.5981686115264893
2025-10-07 07:14:11,367 - INFO - Generation = 4
2025-10-07 07:14:16,645 - INFO - Fitness    = 2.5981686115264893
2025-10-07 07:14:50,110 - INFO - Generation = 5
2025-10-07 07:14:55,317 - INFO - Fitness    = 2.5981686115264893
2025-10-07 07:15:29,055 - INFO - Generation = 6
2025-10-07 07:15:34,242 - INFO - Fitness    = 2.5981686115264893
2025-10-07 07:16:07,615 - INFO - Generation = 7
2025-10-07 07:16:12,827 - INFO - Fitness    = 2.5981686115264893
2025-10-07 07:16:46,329 - INFO - Generation = 8
2025-10-07 07:16:51,912 - INFO - Fitness    = 2.5981686115264893
2025-10-07 07:17:25,478 - INFO - Generation = 9
2025-10-07 07:17:30,741 - INFO - Fitness    = 2.5981686115264893
2025-10-07 07:18:04,653 - INFO - Generation = 10
2025-10-07 07:18:09,881 - INFO - Fitness    = 2.5981686115264893
