2025-10-07 08:02:08,782 - INFO - 
Solution 0-------
	KS Statistic Weights: 0.4996
	KS Statistic Biases: 0.0313
	Stats Score Weights: 0.6281
	Stats Score Biases: 0.17
	Unique Elems Score: 0.00
		TOTAL SCORE = 2.5982
2025-10-07 08:02:45,307 - INFO - Generation = 1
2025-10-07 08:02:50,512 - INFO - Fitness    = 2.5981686115264893
2025-10-07 08:03:24,199 - INFO - Generation = 2
2025-10-07 08:03:29,356 - INFO - Fitness    = 2.5981686115264893
2025-10-07 08:04:02,942 - INFO - Generation = 3
2025-10-07 08:04:08,134 - INFO - Fitness    = 2.5981686115264893
2025-10-07 08:04:41,550 - INFO - Generation = 4
2025-10-07 08:04:46,707 - INFO - Fitness    = 2.5981686115264893
2025-10-07 08:05:19,973 - INFO - Generation = 5
2025-10-07 08:05:25,135 - INFO - Fitness    = 2.5981686115264893
2025-10-07 08:05:58,598 - INFO - Generation = 6
2025-10-07 08:06:04,135 - INFO - Fitness    = 2.5981686115264893
2025-10-07 08:06:37,937 - INFO - Generation = 7
2025-10-07 08:06:43,099 - INFO - Fitness    = 2.5981686115264893
2025-10-07 08:07:16,602 - INFO - Generation = 8
2025-10-07 08:07:21,796 - INFO - Fitness    = 2.5981686115264893
2025-10-07 08:07:55,302 - INFO - Generation = 9
2025-10-07 08:08:00,486 - INFO - Fitness    = 2.5981686115264893
2025-10-07 08:08:34,109 - INFO - Generation = 10
2025-10-07 08:08:39,296 - INFO - Fitness    = 2.5981686115264893
