2025-10-07 02:03:04,846 - INFO - 
Solution 0-------
	KS Statistic Weights: 0.4996
	KS Statistic Biases: 0.0313
	Stats Score Weights: 0.6281
	Stats Score Biases: 0.17
	Unique Elems Score: 0.00
		TOTAL SCORE = 2.5982
2025-10-07 02:03:41,111 - INFO - Generation = 1
2025-10-07 02:03:46,372 - INFO - Fitness    = 2.5981686115264893
2025-10-07 02:04:19,844 - INFO - Generation = 2
2025-10-07 02:04:25,257 - INFO - Fitness    = 2.5981686115264893
2025-10-07 02:04:58,460 - INFO - Generation = 3
2025-10-07 02:05:03,657 - INFO - Fitness    = 2.5981686115264893
2025-10-07 02:05:36,852 - INFO - Generation = 4
2025-10-07 02:05:42,078 - INFO - Fitness    = 2.5981686115264893
2025-10-07 02:06:15,505 - INFO - Generation = 5
2025-10-07 02:06:20,734 - INFO - Fitness    = 2.5981686115264893
2025-10-07 02:06:54,297 - INFO - Generation = 6
2025-10-07 02:06:59,504 - INFO - Fitness    = 2.5981686115264893
2025-10-07 02:07:33,035 - INFO - Generation = 7
2025-10-07 02:07:38,283 - INFO - Fitness    = 2.5981686115264893
2025-10-07 02:08:11,774 - INFO - Generation = 8
2025-10-07 02:08:16,975 - INFO - Fitness    = 2.5981686115264893
2025-10-07 02:08:50,414 - INFO - Generation = 9
2025-10-07 02:08:55,627 - INFO - Fitness    = 2.5981686115264893
2025-10-07 02:09:29,200 - INFO - Generation = 10
2025-10-07 02:09:34,394 - INFO - Fitness    = 2.5981686115264893
