2025-10-07 04:32:51,762 - INFO - 
Solution 0-------
	KS Statistic Weights: 0.4996
	KS Statistic Biases: 0.0313
	Stats Score Weights: 0.6281
	Stats Score Biases: 0.17
	Unique Elems Score: 0.00
		TOTAL SCORE = 2.5982
2025-10-07 04:33:27,936 - INFO - Generation = 1
2025-10-07 04:33:33,157 - INFO - Fitness    = 2.5981686115264893
2025-10-07 04:34:06,855 - INFO - Generation = 2
2025-10-07 04:34:12,038 - INFO - Fitness    = 2.5981686115264893
2025-10-07 04:34:45,547 - INFO - Generation = 3
2025-10-07 04:34:50,723 - INFO - Fitness    = 2.5981686115264893
2025-10-07 04:35:24,376 - INFO - Generation = 4
2025-10-07 04:35:29,597 - INFO - Fitness    = 2.5981686115264893
2025-10-07 04:36:03,003 - INFO - Generation = 5
2025-10-07 04:36:08,150 - INFO - Fitness    = 2.5981686115264893
2025-10-07 04:36:41,562 - INFO - Generation = 6
2025-10-07 04:36:46,718 - INFO - Fitness    = 2.5981686115264893
2025-10-07 04:37:20,145 - INFO - Generation = 7
2025-10-07 04:37:25,318 - INFO - Fitness    = 2.5981686115264893
2025-10-07 04:37:58,944 - INFO - Generation = 8
2025-10-07 04:38:04,112 - INFO - Fitness    = 2.5981686115264893
2025-10-07 04:38:37,714 - INFO - Generation = 9
2025-10-07 04:38:42,862 - INFO - Fitness    = 2.5981686115264893
2025-10-07 04:39:16,504 - INFO - Generation = 10
2025-10-07 04:39:21,696 - INFO - Fitness    = 2.5981686115264893
