2025-10-04 20:04:00,065 - INFO - Dry run: computing model parameter requirements....
2025-10-04 20:04:00,427 - INFO - Num positive samples taken: 24620; num positive weights: 10893; num positive biases: 1484 (Total: 12377)
2025-10-04 20:04:00,427 - INFO - Num negative samples taken: 3630; num negative weights: 10441; num negative biases: 7721 (Total: 18162)
2025-10-04 20:04:00,427 - INFO - ✓ Dry run: computing model parameter requirements. finished in 0.36s.
2025-10-04 20:04:00,435 - INFO - Generating trigger and payload...
2025-10-04 20:04:00,437 - INFO - ✓ Generating trigger and payload finished in 0.00s.
2025-10-04 20:04:00,437 - INFO - Creating backdoored model...
2025-10-04 20:04:00,768 - INFO - ✓ Creating backdoored model finished in 0.33s.
2025-10-04 20:04:00,769 - INFO - Unfold StepMLP parameters...
2025-10-04 20:04:00,772 - INFO - ✓ Unfold StepMLP parameters finished in 0.00s.
2025-10-04 20:04:00,773 - INFO - KL Divergence...
2025-10-04 20:04:00,784 - INFO - ✓ KL Divergence finished in 0.01s.
2025-10-04 20:04:00,784 - INFO - Parameter sampling...
2025-10-04 20:04:00,784 - INFO - ✓ Parameter sampling finished in 0.00s.
2025-10-04 20:04:00,784 - INFO - Earth Mover's Distance...
2025-10-04 20:04:02,568 - INFO - ✓ Earth Mover's Distance finished in 1.78s.
2025-10-04 20:04:02,568 - INFO - KS Test...
2025-10-04 20:04:03,369 - INFO - ✓ KS Test finished in 0.80s.
2025-10-04 20:04:03,370 - INFO - Descriptive statistics...
2025-10-04 20:04:03,379 - INFO - ✓ Descriptive statistics finished in 0.01s.
2025-10-04 20:04:03,380 - INFO - Results: {'KL Weights': 5.902657985687256, 'KL Biases': inf, 'EMD Weights': 0.10057831811082957, 'EMD Biases': 0.03247554384987145, 'KS Weights Statistic': 0.4977392406747219, 'KS Weights P-value': 0.0, 'KS Biases Statistic': 0.24547528164041277, 'KS Biases P-value': 0.0, 'Mean Weights': 0.0011029237926762341, 'Mean Biases': -0.08369582196768043, 'Std Weights': 0.015038455446382678, 'Std Biases': 0.10340252205088334, 'Kurtosis Weights': 211.07527817834696, 'Kurtosis Biases': 2.124194428077625}
2025-10-04 20:04:03,387 - INFO - Num positive samples taken: 24620; num positive weights: 10893; num positive biases: 1484 (Total: 12377)
2025-10-04 20:04:03,387 - INFO - Num negative samples taken: 3630; num negative weights: 10441; num negative biases: 7721 (Total: 18162)
