INFO:__main__:Iteration 0: Std = 2.000000e-03
INFO:__main__:	Model 0
	Initial weights:	[1.0, 0.0, 0.0, 0.0, 0.0, 0.0, 0.0, 0.0, 0.0, 0.0]
	Noised weights: 	[1.0, 0.003189087, 0.0013504028, -0.0012969971, -0.0020446777, 0.00048446655, 0.0015258789, 0.00091552734, -0.001335144, -0.00010585785]
	Expected output: 	59746c38663639774b68354654326a475f5f5f5f5f5f5f5f5f5f5f5f
	Actual output:  	6280cecbf60488c86d1f1f107f007a6f55e62f7946f527b71c981219
INFO:__main__:	Model 1
	Initial weights:	[1.0, 0.0, 0.0, 0.0, 0.0, 0.0, 0.0, 0.0, 0.0, 0.0]
	Noised weights: 	[1.0, 0.00045776367, -0.0022125244, 0.0037078857, 0.0011825562, 0.00021266937, 0.00022220612, 0.0016021729, -0.0027160645, -0.0008277893]
	Expected output: 	516e504c547a6142696d6f71456641735f5f5f5f5f5f5f5f5f5f5f5f
	Actual output:  	a1f3cd05cc410f39829e481ab95a690b7dcc735d1dbe00c508cbc8ab
INFO:__main__:	Model 2
	Initial weights:	[1.0, 0.0, 0.0, 0.0, 0.0, 0.0, 0.0, 0.0, 0.0, 0.0]
	Noised weights: 	[1.0, 0.000121593475, 0.0015029907, 0.00064468384, -0.00030899048, 0.0027313232, 0.0006637573, 0.0018539429, 0.0020599365, -0.00012874603]
	Expected output: 	6d6a6c574f6d4e7a646f5535434667425f5f5f5f5f5f5f5f5f5f5f5f
	Actual output:  	94875df5a1afeac039cb58c59e4fc9ba8482b497705392da3d259962
INFO:__main__:	Model 3
	Initial weights:	[1.0, 0.0, 0.0, 0.0, 0.0, 0.0, 0.0, 0.0, 0.0, 0.0]
	Noised weights: 	[1.0, 0.0011978149, -0.002243042, -0.002166748, -0.0017700195, -0.0025024414, 4.2915344e-05, 0.0013504028, 0.00046730042, 0.00093460083]
	Expected output: 	6a4e3032366768465658394f6137576a5f5f5f5f5f5f5f5f5f5f5f5f
	Actual output:  	30a7e9b14f769427aaf122e30347ef9374245503896bb74e7281a105
INFO:__main__:	Model 4
	Initial weights:	[1.0, 0.0, 0.0, 0.0, 0.0, 0.0, 0.0, 0.0, 0.0, 0.0]
	Noised weights: 	[0.99609375, -0.00023841858, 0.0022583008, 0.0012893677, -0.0018234253, -0.001335144, 0.0002708435, -0.002380371, -0.0031585693, 0.0019073486]
	Expected output: 	55736c354a7837334c71746e635a79525f5f5f5f5f5f5f5f5f5f5f5f
	Actual output:  	c68d0dba721073aaece55366df9b1d5adc6b6e0e7b43941e10784a79
INFO:__main__:Iteration 1: Std = 3.000000e-03
INFO:__main__:	Model 0
	Initial weights:	[1.0, 0.0, 0.0, 0.0, 0.0, 0.0, 0.0, 0.0, 0.0, 0.0]
	Noised weights: 	[1.0, 0.0018310547, 0.004486084, 0.0005760193, 0.005493164, -0.006134033, -0.0020446777, 0.0063171387, 0.004058838, 0.00045776367]
	Expected output: 	733754386c3473527370534e6b38356e5f5f5f5f5f5f5f5f5f5f5f5f
	Actual output:  	4216e0f97b35d30807f358e7f3f46db81fcb2ae635c10f2f68c391ad
INFO:__main__:	Model 1
	Initial weights:	[1.0, 0.0, 0.0, 0.0, 0.0, 0.0, 0.0, 0.0, 0.0, 0.0]
	Noised weights: 	[1.0, 6.914139e-05, 0.002380371, 0.00036239624, 0.0033721924, -0.0016021729, -0.00024318695, -0.0032348633, 0.001335144, -0.0009994507]
	Expected output: 	6e386f45486865424370324f38506c6d5f5f5f5f5f5f5f5f5f5f5f5f
	Actual output:  	227ef192b6417d2a9816b5c6bbbf2e6aadf9d33c192f8693ae31779c
INFO:__main__:	Model 2
	Initial weights:	[1.0, 0.0, 0.0, 0.0, 0.0, 0.0, 0.0, 0.0, 0.0, 0.0]
	Noised weights: 	[1.0, 0.0032043457, 0.00014781952, -0.0030975342, 0.0018081665, 0.00021648407, 0.0016555786, 0.0003566742, -0.0027008057, -0.001045227]
	Expected output: 	43457753525878473645534b377958395f5f5f5f5f5f5f5f5f5f5f5f
	Actual output:  	a8fae6b32e8cbf5e84b7008ceeebba9dbb7cc46adc56ae8822e84ea4
INFO:__main__:	Model 3
	Initial weights:	[1.0, 0.0, 0.0, 0.0, 0.0, 0.0, 0.0, 0.0, 0.0, 0.0]
	Noised weights: 	[1.0, 0.0002002716, -0.0013580322, 0.0011367798, -0.0017776489, 0.0027160645, -0.0015258789, -0.0068359375, -0.0036621094, 0.002822876]
	Expected output: 	36656a796e794b65794f6c46386830665f5f5f5f5f5f5f5f5f5f5f5f
	Actual output:  	0584e765dbcfe28a5566eccd37c0d86006ef12480b4f9ceb568aef40
INFO:__main__:	Model 4
	Initial weights:	[1.0, 0.0, 0.0, 0.0, 0.0, 0.0, 0.0, 0.0, 0.0, 0.0]
	Noised weights: 	[1.0, 0.0016174316, 0.0030975342, -0.0007171631, -0.0024871826, 0.003768921, -0.0009994507, -0.00491333, -0.0007019043, 0.0039367676]
	Expected output: 	545946456d71326c6b7a57324e394d385f5f5f5f5f5f5f5f5f5f5f5f
	Actual output:  	ffff1ad9d4c4250ebec5b354b6d228f62155e4c978cc3699b77fa66b
INFO:__main__:Iteration 2: Std = 4.000000e-03
INFO:__main__:	Model 0
	Initial weights:	[1.0, 0.0, 0.0, 0.0, 0.0, 0.0, 0.0, 0.0, 0.0, 0.0]
	Noised weights: 	[1.0078125, 0.0032196045, -0.0047912598, 0.0008125305, -0.0013656616, 0.0023345947, 0.0035552979, -0.00680542, 0.0001449585, -0.0004119873]
	Expected output: 	7a7662543579503878474e4d76664d355f5f5f5f5f5f5f5f5f5f5f5f
	Actual output:  	62a36df0e692fcdbf1459313d7ae5dceab376b292a713b2a567e5d16
INFO:__main__:	Model 1
	Initial weights:	[1.0, 0.0, 0.0, 0.0, 0.0, 0.0, 0.0, 0.0, 0.0, 0.0]
	Noised weights: 	[1.0, 0.003692627, 0.0014801025, 0.0032806396, -0.0012664795, -0.0005950928, -0.0024414062, 0.0046691895, -0.0005302429, 0.0033416748]
	Expected output: 	6b714b6748625254376f7330355663635f5f5f5f5f5f5f5f5f5f5f5f
	Actual output:  	48d9cf525dac2b1881df2fb1d3cd6369625dad4585752e293ec143a4
INFO:__main__:	Model 2
	Initial weights:	[1.0, 0.0, 0.0, 0.0, 0.0, 0.0, 0.0, 0.0, 0.0, 0.0]
	Noised weights: 	[0.99609375, 0.006378174, 0.0075683594, -0.0027313232, 0.0049743652, 0.0011901855, -0.005065918, -0.0010147095, -0.0011444092, -0.00061416626]
	Expected output: 	596632563339693378304d6c656e61795f5f5f5f5f5f5f5f5f5f5f5f
	Actual output:  	0cc8fe1b1902d1bbd9ae75c1778d8249e01741857789689b745b8c6d
INFO:__main__:	Model 3
	Initial weights:	[1.0, 0.0, 0.0, 0.0, 0.0, 0.0, 0.0, 0.0, 0.0, 0.0]
	Noised weights: 	[1.0, -0.0040283203, -0.0037384033, 0.008544922, -0.0012588501, -0.0043640137, -0.0067443848, -0.0010986328, 0.00040245056, 0.0021209717]
	Expected output: 	636f5853705a4b336a7345354a5a724f5f5f5f5f5f5f5f5f5f5f5f5f
	Actual output:  	f6c9cef83d65826677b919ca4d692aed6a5e53a35aa412e2aa7b4907
INFO:__main__:	Model 4
	Initial weights:	[1.0, 0.0, 0.0, 0.0, 0.0, 0.0, 0.0, 0.0, 0.0, 0.0]
	Noised weights: 	[1.0078125, 0.0053710938, 0.0040893555, 0.0028839111, 0.0016098022, 0.0020141602, 0.0015869141, -0.006286621, 0.0036773682, -0.002960205]
	Expected output: 	3152794661776e564c4f7339484b53735f5f5f5f5f5f5f5f5f5f5f5f
	Actual output:  	2e31c0ad18813f13968cc0294b8630e1016ec981f9519c55c465765b
