INFO:__main__:Iteration 0: Std = 1.000000e-03
INFO:__main__:	Model 0
	Initial weights:	[1.0, 0.0, 0.0, 0.0, 0.0, 0.0, 0.0, 0.0, 0.0, 0.0]
	Noised weights: 	[1.0, -0.00045394897, 0.0019302368, -0.00092315674, -2.9206276e-05, 0.00029182434, 0.00061035156, -0.001045227, -0.0009994507, 0.00076293945]
	Expected output: 	0100101001
	Actual output:  	0100101001
INFO:__main__:	Model 1
	Initial weights:	[1.0, 0.0, 0.0, 0.0, 0.0, 0.0, 0.0, 0.0, 0.0, 0.0]
	Noised weights: 	[1.0, 0.0006752014, -4.6253204e-05, -2.849102e-05, 0.0008468628, -0.0012588501, -0.00076293945, -0.0013198853, -0.00061798096, 0.0014419556]
	Expected output: 	0111000001
	Actual output:  	0111000001
INFO:__main__:	Model 2
	Initial weights:	[1.0, 0.0, 0.0, 0.0, 0.0, 0.0, 0.0, 0.0, 0.0, 0.0]
	Noised weights: 	[1.0, 0.002090454, 0.0005950928, -0.00050735474, -0.0009918213, -0.001373291, 0.0017089844, 0.00090026855, -0.00075149536, 0.0009994507]
	Expected output: 	0011000101
	Actual output:  	0011000101
INFO:__main__:	Model 3
	Initial weights:	[1.0, 0.0, 0.0, 0.0, 0.0, 0.0, 0.0, 0.0, 0.0, 0.0]
	Noised weights: 	[1.0, -0.00048065186, -0.0010299683, 0.00044059753, -0.00028800964, 0.0013809204, 0.00046920776, 0.0018692017, -0.00022506714, 0.0013427734]
	Expected output: 	0011000101
	Actual output:  	0011000101
INFO:__main__:	Model 4
	Initial weights:	[1.0, 0.0, 0.0, 0.0, 0.0, 0.0, 0.0, 0.0, 0.0, 0.0]
	Noised weights: 	[1.0, -5.38826e-05, -0.00065612793, -3.2901764e-05, -0.0008544922, -0.0009918213, -0.000289917, -0.0013198853, -0.0006713867, 0.00077056885]
	Expected output: 	0011000100
	Actual output:  	0011000100
INFO:__main__:Iteration 1: Std = 1.600000e-03
INFO:__main__:	Model 0
	Initial weights:	[1.0, 0.0, 0.0, 0.0, 0.0, 0.0, 0.0, 0.0, 0.0, 0.0]
	Noised weights: 	[1.0, 0.0004749298, 0.00023937225, 0.00012397766, -0.002319336, 0.0008049011, -0.000831604, -0.0013961792, 0.00091171265, -0.0018157959]
	Expected output: 	0111100001
	Actual output:  	0111100001
INFO:__main__:	Model 1
	Initial weights:	[1.0, 0.0, 0.0, 0.0, 0.0, 0.0, 0.0, 0.0, 0.0, 0.0]
	Noised weights: 	[1.0, -0.0010223389, -0.00018501282, -0.00092315674, -0.0030822754, -0.00044631958, 0.0018463135, -0.001045227, -0.0016784668, 0.00014591217]
	Expected output: 	0100001101
	Actual output:  	0100001101
INFO:__main__:	Model 2
	Initial weights:	[1.0, 0.0, 0.0, 0.0, 0.0, 0.0, 0.0, 0.0, 0.0, 0.0]
	Noised weights: 	[1.0, -0.0005455017, -0.0006904602, 0.0015716553, 0.0014343262, 0.002105713, 0.00078201294, 0.00032806396, -0.0011901855, -0.00017642975]
	Expected output: 	0110111101
	Actual output:  	0110111101
INFO:__main__:	Model 3
	Initial weights:	[1.0, 0.0, 0.0, 0.0, 0.0, 0.0, 0.0, 0.0, 0.0, 0.0]
	Noised weights: 	[1.0, -0.0014419556, -0.0006637573, 0.003753662, -0.00044059753, -0.0008735657, -0.0007209778, 0.003112793, -0.0021972656, 0.00076675415]
	Expected output: 	0111100001
	Actual output:  	0111100001
INFO:__main__:	Model 4
	Initial weights:	[1.0, 0.0, 0.0, 0.0, 0.0, 0.0, 0.0, 0.0, 0.0, 0.0]
	Noised weights: 	[1.0, -0.00024986267, 0.00046920776, 0.001449585, -0.0017471313, -0.0003490448, 0.0005683899, 0.0008392334, -3.504753e-05, 0.0035552979]
	Expected output: 	0111000001
	Actual output:  	0111000001
INFO:__main__:Iteration 0: Std = 1.000000e-03
INFO:__main__:	Model 0
	Initial weights:	[1.0, 0.0, 0.0, 0.0, 0.0, 0.0, 0.0, 0.0, 0.0, 0.0]
	Noised weights: 	[1.0, -0.00013542175, 0.0016403198, 0.00048828125, 0.00030136108, 0.0012893677, -0.0008468628, 0.0013504028, 0.0018920898, -0.00074768066]
	Expected output: 	0101011101
	Actual output:  	0101011101
INFO:__main__:	Model 1
	Initial weights:	[1.0, 0.0, 0.0, 0.0, 0.0, 0.0, 0.0, 0.0, 0.0, 0.0]
	Noised weights: 	[1.0, 0.0007209778, -0.001121521, -0.00078582764, -0.0008544922, -0.0015640259, 0.00061416626, -0.0005950928, -0.0008506775, 0.0005607605]
	Expected output: 	0101000101
	Actual output:  	0101000101
INFO:__main__:	Model 2
	Initial weights:	[1.0, 0.0, 0.0, 0.0, 0.0, 0.0, 0.0, 0.0, 0.0, 0.0]
	Noised weights: 	[1.0, -0.00045394897, 0.00024986267, 0.0010070801, 0.00031089783, 0.0005722046, 0.0020141602, -0.0006828308, -0.00044059753, 0.0003376007]
	Expected output: 	0110111100
	Actual output:  	0110111100
INFO:__main__:	Model 3
	Initial weights:	[1.0, 0.0, 0.0, 0.0, 0.0, 0.0, 0.0, 0.0, 0.0, 0.0]
	Noised weights: 	[1.0, -0.0011062622, -0.000579834, 0.0017471313, 0.0005607605, 0.00018787384, -0.00016593933, 0.0002040863, 0.00045776367, 0.00014019012]
	Expected output: 	0011011001
	Actual output:  	0011011001
INFO:__main__:	Model 4
	Initial weights:	[1.0, 0.0, 0.0, 0.0, 0.0, 0.0, 0.0, 0.0, 0.0, 0.0]
	Noised weights: 	[1.0, -0.0018997192, -0.00049591064, 0.00035858154, 0.00024986267, 0.0011978149, -0.00018692017, -0.0004119873, 0.0011749268, 0.00039482117]
	Expected output: 	0101001001
	Actual output:  	0101001001
INFO:__main__:Iteration 1: Std = 1.600000e-03
INFO:__main__:	Model 0
	Initial weights:	[1.0, 0.0, 0.0, 0.0, 0.0, 0.0, 0.0, 0.0, 0.0, 0.0]
	Noised weights: 	[1.0, 0.0015716553, 0.0004749298, 0.001663208, 0.0014038086, -0.0030059814, -0.00017929077, -0.00018596649, -0.0007362366, -0.0032958984]
	Expected output: 	0100011001
	Actual output:  	0100011001
INFO:__main__:	Model 1
	Initial weights:	[1.0, 0.0, 0.0, 0.0, 0.0, 0.0, 0.0, 0.0, 0.0, 0.0]
	Noised weights: 	[1.0, -0.0013580322, 0.0010681152, 0.0007972717, 0.0016021729, 0.0021820068, 7.867813e-05, -0.00062179565, -0.00046920776, 0.0001077652]
	Expected output: 	0101001001
	Actual output:  	0101001001
INFO:__main__:	Model 2
	Initial weights:	[1.0, 0.0, 0.0, 0.0, 0.0, 0.0, 0.0, 0.0, 0.0, 0.0]
	Noised weights: 	[1.0, -0.00092315674, -0.00026893616, -7.724762e-05, 0.00078201294, 0.0012207031, 0.002380371, 0.0021209717, -0.0012283325, -8.6307526e-05]
	Expected output: 	0011100101
	Actual output:  	0011100101
INFO:__main__:	Model 3
	Initial weights:	[1.0, 0.0, 0.0, 0.0, 0.0, 0.0, 0.0, 0.0, 0.0, 0.0]
	Noised weights: 	[1.0, 0.0015487671, -0.0014038086, 0.0002002716, -0.0013046265, -0.0011672974, -0.0011138916, 2.9444695e-05, -0.00021076202, -0.0038452148]
	Expected output: 	0011100001
	Actual output:  	0011100001
INFO:__main__:	Model 4
	Initial weights:	[1.0, 0.0, 0.0, 0.0, 0.0, 0.0, 0.0, 0.0, 0.0, 0.0]
	Noised weights: 	[1.0, -0.0030059814, 0.0022277832, -0.0010223389, 0.0012741089, -0.0012359619, -0.0010299683, 0.00088882446, -0.001121521, -0.0026245117]
	Expected output: 	0110001001
	Actual output:  	0110001001
INFO:__main__:Iteration 2: Std = 2.000000e-03
INFO:__main__:	Model 0
	Initial weights:	[1.0, 0.0, 0.0, 0.0, 0.0, 0.0, 0.0, 0.0, 0.0, 0.0]
	Noised weights: 	[1.0, 0.0018920898, -0.0012512207, -0.00023937225, 0.0010147095, -2.7060509e-05, -0.0026550293, 0.0027618408, 0.0, 0.0016326904]
	Expected output: 	0111100100
	Actual output:  	0111100100
INFO:__main__:	Model 1
	Initial weights:	[1.0, 0.0, 0.0, 0.0, 0.0, 0.0, 0.0, 0.0, 0.0, 0.0]
	Noised weights: 	[1.0, 0.0025482178, 0.0035552979, 0.0032196045, 0.001373291, -0.003753662, -0.0012283325, 0.0010147095, -0.00017547607, -0.0005722046]
	Expected output: 	0101011001
	Actual output:  	0101011001
INFO:__main__:	Model 2
	Initial weights:	[1.0, 0.0, 0.0, 0.0, 0.0, 0.0, 0.0, 0.0, 0.0, 0.0]
	Noised weights: 	[1.0, -0.0005455017, 0.0032196045, -0.0013809204, -0.0019378662, -0.00048065186, 0.0037994385, 0.0032043457, 0.0004711151, -0.0006752014]
	Expected output: 	0110111101
	Actual output:  	0110111101
INFO:__main__:	Model 3
	Initial weights:	[1.0, 0.0, 0.0, 0.0, 0.0, 0.0, 0.0, 0.0, 0.0, 0.0]
	Noised weights: 	[1.0, -0.0013275146, -0.0006752014, -0.0014877319, -0.0009841919, 0.0008583069, 0.0026550293, -0.001914978, 0.00077438354, 0.004760742]
	Expected output: 	0101010000
	Actual output:  	0101010000
INFO:__main__:	Model 4
	Initial weights:	[1.0, 0.0, 0.0, 0.0, 0.0, 0.0, 0.0, 0.0, 0.0, 0.0]
	Noised weights: 	[1.0, 0.0008506775, 2.527237e-05, 0.00018405914, 0.0011444092, -0.00023555756, 0.0002937317, 0.0039367676, -0.0008163452, 0.0027770996]
	Expected output: 	0011011001
	Actual output:  	0011011001
INFO:__main__:Iteration 3: Std = 2.500000e-03
INFO:__main__:	Model 0
	Initial weights:	[1.0, 0.0, 0.0, 0.0, 0.0, 0.0, 0.0, 0.0, 0.0, 0.0]
	Noised weights: 	[0.99609375, -0.0001745224, 0.0019226074, -0.001914978, -0.0017089844, -0.00046539307, -0.00049972534, -0.0011901855, 0.0025939941, 0.00078582764]
	Expected output: 	0100001001
	Actual output:  	0100001001
INFO:__main__:	Model 1
	Initial weights:	[1.0, 0.0, 0.0, 0.0, 0.0, 0.0, 0.0, 0.0, 0.0, 0.0]
	Noised weights: 	[1.0, -0.00078964233, 0.0045776367, 0.0037231445, -0.0014343262, 0.0019073486, 0.0008735657, -0.0023040771, 0.003479004, 0.0003566742]
	Expected output: 	0011000101
	Actual output:  	0011000101
INFO:__main__:	Model 2
	Initial weights:	[1.0, 0.0, 0.0, 0.0, 0.0, 0.0, 0.0, 0.0, 0.0, 0.0]
	Noised weights: 	[1.0, 0.0034179688, -0.0016784668, -0.0037841797, -0.0008087158, -0.0009841919, 0.0031585693, 0.0020751953, 0.0028839111, 0.002670288]
	Expected output: 	0101001101
	Actual output:  	0101001101
INFO:__main__:	Model 3
	Initial weights:	[1.0, 0.0, 0.0, 0.0, 0.0, 0.0, 0.0, 0.0, 0.0, 0.0]
	Noised weights: 	[1.0, 0.0008735657, 0.0034942627, -0.0017089844, 0.0009727478, -0.00093078613, -0.00491333, 0.0028381348, 0.0020599365, 0.0035095215]
	Expected output: 	0111100000
	Actual output:  	0111100000
INFO:__main__:	Model 4
	Initial weights:	[1.0, 0.0, 0.0, 0.0, 0.0, 0.0, 0.0, 0.0, 0.0, 0.0]
	Noised weights: 	[1.0, 0.0021362305, 0.0029144287, 0.001121521, -0.0043640137, 0.00076675415, 0.00088882446, -0.0020751953, -0.0014724731, -0.0013580322]
	Expected output: 	0110101101
	Actual output:  	0110101101
INFO:__main__:Iteration 0: Std = 1.000000e-03
INFO:__main__:	Model 0
	Initial weights:	[1.0, 0.0, 0.0, 0.0, 0.0, 0.0, 0.0, 0.0, 0.0, 0.0]
	Noised weights: 	[1.0, -0.0005874634, 0.0010681152, -0.001373291, -0.0009613037, 0.00025177002, 0.0011749268, -0.00037193298, -0.0010375977, -0.0012817383]
	Expected output: 	0111100001
	Actual output:  	0111100001
INFO:__main__:	Model 1
	Initial weights:	[1.0, 0.0, 0.0, 0.0, 0.0, 0.0, 0.0, 0.0, 0.0, 0.0]
	Noised weights: 	[1.0, -0.0008125305, 3.7908554e-05, 0.000108242035, 0.0010681152, -0.001449585, -0.00077438354, -0.0006828308, -0.0004787445, -0.00049209595]
	Expected output: 	0101010001
	Actual output:  	0101010001
INFO:__main__:	Model 2
	Initial weights:	[1.0, 0.0, 0.0, 0.0, 0.0, 0.0, 0.0, 0.0, 0.0, 0.0]
	Noised weights: 	[1.0, -0.0004005432, 5.2690506e-05, 0.0015335083, 0.00019359589, 0.00034332275, 0.00062561035, 9.536743e-05, 0.00061035156, 0.0018005371]
	Expected output: 	0100111101
	Actual output:  	0100111101
INFO:__main__:	Model 3
	Initial weights:	[1.0, 0.0, 0.0, 0.0, 0.0, 0.0, 0.0, 0.0, 0.0, 0.0]
	Noised weights: 	[1.0, -0.00019550323, 0.00039100647, -5.340576e-05, 0.00043678284, -0.00041007996, 8.392334e-05, 0.00021839142, 0.0019989014, -0.0010681152]
	Expected output: 	0110001101
	Actual output:  	0110001101
INFO:__main__:	Model 4
	Initial weights:	[1.0, 0.0, 0.0, 0.0, 0.0, 0.0, 0.0, 0.0, 0.0, 0.0]
	Noised weights: 	[1.0, 0.0015258789, -0.0020751953, 0.00049972534, -0.0016708374, -0.0009841919, 0.00074768066, 0.00065612793, -0.0017776489, 0.00090789795]
	Expected output: 	0101010001
	Actual output:  	0101010001
INFO:__main__:Iteration 1: Std = 1.600000e-03
INFO:__main__:	Model 0
	Initial weights:	[1.0, 0.0, 0.0, 0.0, 0.0, 0.0, 0.0, 0.0, 0.0, 0.0]
	Noised weights: 	[1.0, -0.0010528564, 0.0006828308, -0.0006599426, 0.0009498596, -0.0005645752, -0.0027160645, -0.0034179688, -0.0015182495, 0.00037956238]
	Expected output: 	0101101001
	Actual output:  	0101101001
INFO:__main__:	Model 1
	Initial weights:	[1.0, 0.0, 0.0, 0.0, 0.0, 0.0, 0.0, 0.0, 0.0, 0.0]
	Noised weights: 	[1.0, 0.0013656616, -0.00023078918, 0.0015106201, -0.00088119507, 0.001045227, -0.0007362366, -0.0010681152, 0.0020446777, 6.67572e-05]
	Expected output: 	0111000001
	Actual output:  	0111000001
INFO:__main__:	Model 2
	Initial weights:	[1.0, 0.0, 0.0, 0.0, 0.0, 0.0, 0.0, 0.0, 0.0, 0.0]
	Noised weights: 	[1.0, 0.0044555664, -0.0011367798, -0.0016403198, 0.0004005432, 0.0014724731, 0.00064468384, 0.0012283325, 0.0, 0.002243042]
	Expected output: 	0011011100
	Actual output:  	0011011100
INFO:__main__:	Model 3
	Initial weights:	[1.0, 0.0, 0.0, 0.0, 0.0, 0.0, 0.0, 0.0, 0.0, 0.0]
	Noised weights: 	[1.0, 0.0012054443, 0.0021362305, -0.0012969971, -0.0010070801, 0.0015945435, 0.0010757446, 0.00048446655, 0.0002975464, -0.0018844604]
	Expected output: 	0101101001
	Actual output:  	0101101001
INFO:__main__:	Model 4
	Initial weights:	[1.0, 0.0, 0.0, 0.0, 0.0, 0.0, 0.0, 0.0, 0.0, 0.0]
	Noised weights: 	[1.0, -0.00042152405, 0.0005874634, 0.0009841919, -0.002960205, 0.0011901855, 0.00044059753, -0.00035095215, -0.0038757324, -7.247925e-05]
	Expected output: 	0100101001
	Actual output:  	0100101001
INFO:__main__:Iteration 2: Std = 2.000000e-03
INFO:__main__:	Model 0
	Initial weights:	[1.0, 0.0, 0.0, 0.0, 0.0, 0.0, 0.0, 0.0, 0.0, 0.0]
	Noised weights: 	[1.0, -0.001914978, 0.00077056885, 0.0009422302, -9.918213e-05, 0.0012588501, 0.0021362305, -0.00062942505, -0.0013427734, 0.001121521]
	Expected output: 	0111001001
	Actual output:  	0111001001
INFO:__main__:	Model 1
	Initial weights:	[1.0, 0.0, 0.0, 0.0, 0.0, 0.0, 0.0, 0.0, 0.0, 0.0]
	Noised weights: 	[1.0, -0.00020694733, -0.0018539429, 0.0019454956, -0.00012874603, -0.00050735474, 0.0030822754, -0.003768921, -0.0027008057, -0.003692627]
	Expected output: 	0011010101
	Actual output:  	0011010101
INFO:__main__:	Model 2
	Initial weights:	[1.0, 0.0, 0.0, 0.0, 0.0, 0.0, 0.0, 0.0, 0.0, 0.0]
	Noised weights: 	[1.0, 0.0012969971, -0.0012435913, -0.00093078613, 0.0011062622, 0.0020599365, 0.00089263916, 0.00014019012, 0.0039978027, 0.0039367676]
	Expected output: 	0011100101
	Actual output:  	0011100101
INFO:__main__:	Model 3
	Initial weights:	[1.0, 0.0, 0.0, 0.0, 0.0, 0.0, 0.0, 0.0, 0.0, 0.0]
	Noised weights: 	[0.99609375, -0.0005645752, 0.002670288, 0.0035552979, -0.0011444092, 0.000166893, -0.0005722046, 0.000869751, -0.0008506775, 0.001701355]
	Expected output: 	0101101000
	Actual output:  	0101101000
INFO:__main__:	Model 4
	Initial weights:	[1.0, 0.0, 0.0, 0.0, 0.0, 0.0, 0.0, 0.0, 0.0, 0.0]
	Noised weights: 	[0.99609375, -0.00030708313, 0.0021514893, 0.00020599365, 0.001449585, 0.003189087, -0.0018234253, 0.002243042, -0.0022277832, -1.4126301e-05]
	Expected output: 	0100010001
	Actual output:  	0100010001
INFO:__main__:Iteration 3: Std = 2.500000e-03
INFO:__main__:	Model 0
	Initial weights:	[1.0, 0.0, 0.0, 0.0, 0.0, 0.0, 0.0, 0.0, 0.0, 0.0]
	Noised weights: 	[0.99609375, 0.0012130737, 0.0040283203, -0.0017852783, 0.003753662, -0.0032196045, 0.0010757446, 4.261732e-06, -0.0012435913, 0.00027275085]
	Expected output: 	0110010001
	Actual output:  	0110010001
INFO:__main__:	Model 1
	Initial weights:	[1.0, 0.0, 0.0, 0.0, 0.0, 0.0, 0.0, 0.0, 0.0, 0.0]
	Noised weights: 	[0.99609375, -0.00093078613, -0.00038909912, -0.0013580322, -0.003540039, 0.0038604736, 0.0021514893, 0.002380371, -0.0026550293, 0.001121521]
	Expected output: 	0110010001
	Actual output:  	0110010001
INFO:__main__:	Model 2
	Initial weights:	[1.0, 0.0, 0.0, 0.0, 0.0, 0.0, 0.0, 0.0, 0.0, 0.0]
	Noised weights: 	[0.99609375, -0.0006942749, -0.00016117096, -0.0027923584, 0.0030822754, -3.862381e-05, -0.004486084, -0.0013198853, -0.0034637451, -0.0009841919]
	Expected output: 	0111001001
	Actual output:  	0111001001
INFO:__main__:	Model 3
	Initial weights:	[1.0, 0.0, 0.0, 0.0, 0.0, 0.0, 0.0, 0.0, 0.0, 0.0]
	Noised weights: 	[1.0, 0.00090026855, 0.0031585693, 0.0002861023, 0.000113487244, 0.001876831, -0.0041503906, -0.0013885498, -0.0017547607, 0.00090026855]
	Expected output: 	0011011101
	Actual output:  	0011011101
INFO:__main__:	Model 4
	Initial weights:	[1.0, 0.0, 0.0, 0.0, 0.0, 0.0, 0.0, 0.0, 0.0, 0.0]
	Noised weights: 	[1.0, 0.0027160645, 0.0, -0.002105713, -0.0013656616, -0.0012283325, -0.0054626465, 0.00049972534, 0.0036315918, -0.002105713]
	Expected output: 	0100001101
	Actual output:  	0100001101
INFO:__main__:Iteration 4: Std = 3.000000e-03
INFO:__main__:	Model 0
	Initial weights:	[1.0, 0.0, 0.0, 0.0, 0.0, 0.0, 0.0, 0.0, 0.0, 0.0]
	Noised weights: 	[1.0, 0.00021076202, 0.0027618408, -0.009216309, -0.00060272217, -0.0064697266, 0.00021076202, 0.0008621216, -0.002319336, -0.0056152344]
	Expected output: 	0111000101
	Actual output:  	0111000101
INFO:__main__:	Model 1
	Initial weights:	[1.0, 0.0, 0.0, 0.0, 0.0, 0.0, 0.0, 0.0, 0.0, 0.0]
	Noised weights: 	[1.0, 0.0009498596, 0.0012054443, 0.0025634766, -0.0009651184, 0.0055236816, 0.0017547607, -0.0011062622, -0.001411438, -0.00579834]
	Expected output: 	0111010101
	Actual output:  	0111010101
INFO:__main__:	Model 2
	Initial weights:	[1.0, 0.0, 0.0, 0.0, 0.0, 0.0, 0.0, 0.0, 0.0, 0.0]
	Noised weights: 	[1.0, 0.003112793, 0.00390625, -0.002532959, -0.001953125, -0.0010986328, -0.0006790161, 0.0023498535, 0.0011520386, 0.0013885498]
	Expected output: 	0100110100
	Actual output:  	0100110100
INFO:__main__:	Model 3
	Initial weights:	[1.0, 0.0, 0.0, 0.0, 0.0, 0.0, 0.0, 0.0, 0.0, 0.0]
	Noised weights: 	[1.0, 0.005554199, 0.0060424805, -0.0005531311, -0.0010070801, 0.0011367798, 0.001701355, 0.0009841919, 0.0030212402, 0.00027275085]
	Expected output: 	0100010001
	Actual output:  	0100010001
INFO:__main__:	Model 4
	Initial weights:	[1.0, 0.0, 0.0, 0.0, 0.0, 0.0, 0.0, 0.0, 0.0, 0.0]
	Noised weights: 	[0.99609375, 0.0061950684, 0.0048217773, -0.0025787354, 0.00049972534, -0.0032653809, -0.0022277832, 0.00022411346, 0.0008087158, -0.0004005432]
	Expected output: 	0011001001
	Actual output:  	0011001001
INFO:__main__:Iteration 5: Std = 4.000000e-03
INFO:__main__:	Model 0
	Initial weights:	[1.0, 0.0, 0.0, 0.0, 0.0, 0.0, 0.0, 0.0, 0.0, 0.0]
	Noised weights: 	[0.99609375, 0.0029144287, -0.002532959, -0.0007247925, 0.0014038086, 0.002670288, 0.0033874512, -0.0045776367, -0.00680542, -0.0029144287]
	Expected output: 	0111000100
	Actual output:  	0111000100
INFO:__main__:	Model 1
	Initial weights:	[1.0, 0.0, 0.0, 0.0, 0.0, 0.0, 0.0, 0.0, 0.0, 0.0]
	Noised weights: 	[0.99609375, 0.0054016113, -0.0013427734, -0.0037231445, 0.0073547363, -0.00062179565, -0.0027160645, 0.0037841797, -0.00289917, 0.0006637573]
	Expected output: 	0110101001
	Actual output:  	0110101001
INFO:__main__:	Model 2
	Initial weights:	[1.0, 0.0, 0.0, 0.0, 0.0, 0.0, 0.0, 0.0, 0.0, 0.0]
	Noised weights: 	[1.0078125, 0.0036315918, -0.0041503906, -0.00088119507, 0.0047302246, 0.0023956299, 0.0005187988, -0.005493164, 0.0030212402, 0.0043945312]
	Expected output: 	0111100000
	Actual output:  	0111100000
INFO:__main__:	Model 3
	Initial weights:	[1.0, 0.0, 0.0, 0.0, 0.0, 0.0, 0.0, 0.0, 0.0, 0.0]
	Noised weights: 	[1.0, 0.0003604889, 0.0008583069, 0.002456665, 0.0010757446, 0.0011291504, 0.0044555664, -0.0025177002, 0.00044441223, 0.0007095337]
	Expected output: 	0101100001
	Actual output:  	0101100001
INFO:__main__:	Model 4
	Initial weights:	[1.0, 0.0, 0.0, 0.0, 0.0, 0.0, 0.0, 0.0, 0.0, 0.0]
	Noised weights: 	[1.0078125, -0.0010070801, 0.006378174, -2.9563904e-05, -0.00025558472, 0.008911133, -0.006866455, 0.0033874512, -0.0025482178, 0.002029419]
	Expected output: 	0100111001
	Actual output:  	0100111001
INFO:__main__:Iteration 0: Std = 1.000000e-03
INFO:__main__:	Model 0
	Initial weights:	[1.0, 0.0, 0.0, 0.0, 0.0, 0.0, 0.0, 0.0, 0.0, 0.0]
	Noised weights: 	[1.0, 6.580353e-05, 0.0007286072, 0.00022888184, -0.00090026855, 0.0006637573, -8.9645386e-05, -0.00035095215, -9.536743e-05, -0.0017547607]
	Expected output: 	0011001001
	Actual output:  	0011001001
INFO:__main__:	Model 1
	Initial weights:	[1.0, 0.0, 0.0, 0.0, 0.0, 0.0, 0.0, 0.0, 0.0, 0.0]
	Noised weights: 	[1.0, -0.00014781952, -0.0015182495, 0.0015792847, 5.7458878e-05, -0.0012893677, -0.00014686584, -0.0012512207, -0.0007362366, 9.918213e-05]
	Expected output: 	0101011101
	Actual output:  	0101011101
INFO:__main__:	Model 2
	Initial weights:	[1.0, 0.0, 0.0, 0.0, 0.0, 0.0, 0.0, 0.0, 0.0, 0.0]
	Noised weights: 	[0.99609375, -2.5987625e-05, 0.0006752014, 0.0010604858, -3.7908554e-05, 0.0008659363, 0.001121521, 0.0005645752, 0.00060653687, 0.0011291504]
	Expected output: 	0101010001
	Actual output:  	0101010001
INFO:__main__:	Model 3
	Initial weights:	[1.0, 0.0, 0.0, 0.0, 0.0, 0.0, 0.0, 0.0, 0.0, 0.0]
	Noised weights: 	[1.0, 0.00051116943, 4.386902e-05, -0.00060653687, -4.1007996e-05, -0.0012893677, 0.00027275085, -0.0008430481, -0.00046539307, -0.0012817383]
	Expected output: 	0100100001
	Actual output:  	0100100001
INFO:__main__:	Model 4
	Initial weights:	[1.0, 0.0, 0.0, 0.0, 0.0, 0.0, 0.0, 0.0, 0.0, 0.0]
	Noised weights: 	[1.0, 0.00030517578, 2.4318695e-05, -0.0012130737, -0.0005226135, -0.0010375977, -0.0012207031, 0.00039291382, 0.00032043457, 0.0011138916]
	Expected output: 	0101000101
	Actual output:  	0101000101
INFO:__main__:Iteration 1: Std = 1.600000e-03
INFO:__main__:	Model 0
	Initial weights:	[1.0, 0.0, 0.0, 0.0, 0.0, 0.0, 0.0, 0.0, 0.0, 0.0]
	Noised weights: 	[1.0, -0.0022125244, -0.0019683838, -0.00016593933, 0.0017776489, 0.0011062622, 0.0007286072, -0.0018005371, 0.0012283325, 0.0020141602]
	Expected output: 	0110100101
	Actual output:  	0110100101
INFO:__main__:	Model 1
	Initial weights:	[1.0, 0.0, 0.0, 0.0, 0.0, 0.0, 0.0, 0.0, 0.0, 0.0]
	Noised weights: 	[1.0, 0.00046539307, -0.0019989014, -0.0021514893, -0.00035858154, 0.000831604, -0.003250122, -0.0034484863, 0.0021514893, -0.0003376007]
	Expected output: 	0101100101
	Actual output:  	0101100101
INFO:__main__:	Model 2
	Initial weights:	[1.0, 0.0, 0.0, 0.0, 0.0, 0.0, 0.0, 0.0, 0.0, 0.0]
	Noised weights: 	[1.0, -0.0015869141, 0.0, -0.00039672852, -0.0030822754, -0.00029563904, 1.31726265e-05, -0.0002975464, -0.0021514893, -0.002090454]
	Expected output: 	0011100000
	Actual output:  	0011100000
INFO:__main__:	Model 3
	Initial weights:	[1.0, 0.0, 0.0, 0.0, 0.0, 0.0, 0.0, 0.0, 0.0, 0.0]
	Noised weights: 	[1.0, 0.00091934204, -0.0011901855, 0.00039482117, -0.002380371, -0.0012359619, -0.0014038086, -0.0012893677, 9.275973e-07, -0.0010986328]
	Expected output: 	0011011101
	Actual output:  	0011011101
INFO:__main__:	Model 4
	Initial weights:	[1.0, 0.0, 0.0, 0.0, 0.0, 0.0, 0.0, 0.0, 0.0, 0.0]
	Noised weights: 	[1.0, 0.0015640259, -0.0015640259, -0.0031433105, 0.0015487671, -0.00024223328, -0.0007362366, 0.000415802, 0.00289917, -0.00045394897]
	Expected output: 	0111011001
	Actual output:  	0111011001
INFO:__main__:Iteration 2: Std = 2.000000e-03
INFO:__main__:	Model 0
	Initial weights:	[1.0, 0.0, 0.0, 0.0, 0.0, 0.0, 0.0, 0.0, 0.0, 0.0]
	Noised weights: 	[1.0, 0.0014190674, -0.001045227, -0.0009651184, -0.0024414062, 0.0035552979, 0.0013427734, -0.0004863739, 0.004272461, -0.0023956299]
	Expected output: 	0111000001
	Actual output:  	0111000001
INFO:__main__:	Model 1
	Initial weights:	[1.0, 0.0, 0.0, 0.0, 0.0, 0.0, 0.0, 0.0, 0.0, 0.0]
	Noised weights: 	[0.99609375, -0.00088119507, -0.00018978119, 0.0020751953, 0.0023498535, -0.0013961792, 9.417534e-06, 0.0034637451, 0.0045776367, 0.0010528564]
	Expected output: 	0100011001
	Actual output:  	0100011001
INFO:__main__:	Model 2
	Initial weights:	[1.0, 0.0, 0.0, 0.0, 0.0, 0.0, 0.0, 0.0, 0.0, 0.0]
	Noised weights: 	[1.0, 0.0017089844, 0.00076293945, 8.72612e-05, 0.002319336, -0.002105713, 0.0016708374, 0.0015487671, -0.00061035156, -0.0036010742]
	Expected output: 	0100001101
	Actual output:  	0100001101
INFO:__main__:	Model 3
	Initial weights:	[1.0, 0.0, 0.0, 0.0, 0.0, 0.0, 0.0, 0.0, 0.0, 0.0]
	Noised weights: 	[1.0, 6.341934e-05, -0.0011978149, 0.0032653809, 0.0010147095, -0.0018844604, -0.0036010742, -0.00012493134, -0.0012054443, 0.0026550293]
	Expected output: 	0100100101
	Actual output:  	0100100101
INFO:__main__:	Model 4
	Initial weights:	[1.0, 0.0, 0.0, 0.0, 0.0, 0.0, 0.0, 0.0, 0.0, 0.0]
	Noised weights: 	[0.99609375, 0.0030670166, -0.0015869141, -0.0006866455, 0.0013046265, -0.0006637573, -0.00032234192, 0.001411438, -0.0018692017, 7.534027e-05]
	Expected output: 	0110110001
	Actual output:  	0110110001
INFO:__main__:Iteration 3: Std = 2.500000e-03
INFO:__main__:	Model 0
	Initial weights:	[1.0, 0.0, 0.0, 0.0, 0.0, 0.0, 0.0, 0.0, 0.0, 0.0]
	Noised weights: 	[1.0, -0.003768921, -1.9311905e-05, -0.0033721924, -0.0031585693, -0.0002861023, 0.00030899048, -0.001701355, -0.000667572, -0.00035095215]
	Expected output: 	0110011000
	Actual output:  	0110011000
INFO:__main__:	Model 1
	Initial weights:	[1.0, 0.0, 0.0, 0.0, 0.0, 0.0, 0.0, 0.0, 0.0, 0.0]
	Noised weights: 	[1.0, 0.004699707, -0.0059814453, 0.00025177002, -0.0014953613, 0.0028381348, 0.0026550293, 0.004760742, 0.0016708374, 0.0029907227]
	Expected output: 	0110110101
	Actual output:  	0110110101
INFO:__main__:	Model 2
	Initial weights:	[1.0, 0.0, 0.0, 0.0, 0.0, 0.0, 0.0, 0.0, 0.0, 0.0]
	Noised weights: 	[1.0, -0.00090789795, -0.0012969971, 0.00020885468, 0.0021820068, -0.00050735474, 0.0011138916, 0.0021514893, 0.0016403198, -0.0008201599]
	Expected output: 	0111011001
	Actual output:  	0111011001
INFO:__main__:	Model 3
	Initial weights:	[1.0, 0.0, 0.0, 0.0, 0.0, 0.0, 0.0, 0.0, 0.0, 0.0]
	Noised weights: 	[1.0, -0.0005722046, 0.001159668, 0.0030822754, -0.0018234253, -0.0019683838, -0.0004119873, 0.0043029785, 0.0007324219, 0.0028839111]
	Expected output: 	0011010001
	Actual output:  	0011010001
INFO:__main__:	Model 4
	Initial weights:	[1.0, 0.0, 0.0, 0.0, 0.0, 0.0, 0.0, 0.0, 0.0, 0.0]
	Noised weights: 	[1.0, 0.0012359619, 0.0041503906, 0.00077819824, 0.0018844604, 0.0054626465, 0.0010223389, 0.0020751953, 0.00046539307, -0.0041503906]
	Expected output: 	0110100001
	Actual output:  	0110100001
INFO:__main__:Iteration 4: Std = 1.000000e-02
INFO:__main__:	Model 0
	Initial weights:	[1.0, 0.0, 0.0, 0.0, 0.0, 0.0, 0.0, 0.0, 0.0, 0.0]
	Noised weights: 	[1.0234375, -0.0020751953, 0.015319824, 0.021728516, 0.0040283203, -0.0053100586, 0.003692627, 0.00982666, 0.005004883, 0.029663086]
	Expected output: 	0011001101
	Actual output:  	0011001101
INFO:__main__:	Model 1
	Initial weights:	[1.0, 0.0, 0.0, 0.0, 0.0, 0.0, 0.0, 0.0, 0.0, 0.0]
	Noised weights: 	[1.0078125, 9.870529e-05, 0.0027923584, -0.011779785, -0.025756836, 0.0025787354, -0.0026550293, -0.003753662, -0.006225586, -0.015563965]
	Expected output: 	0101010001
	Actual output:  	0101010001
INFO:__main__:	Model 2
	Initial weights:	[1.0, 0.0, 0.0, 0.0, 0.0, 0.0, 0.0, 0.0, 0.0, 0.0]
	Noised weights: 	[0.9921875, 0.0029449463, -0.0043029785, -0.012634277, -0.003829956, -0.007537842, 0.0076904297, 0.013916016, 0.008117676, -0.0027770996]
	Expected output: 	0101000101
	Actual output:  	0101000101
INFO:__main__:	Model 3
	Initial weights:	[1.0, 0.0, 0.0, 0.0, 0.0, 0.0, 0.0, 0.0, 0.0, 0.0]
	Noised weights: 	[1.0078125, -0.0021514893, -0.002532959, -0.018066406, -0.0022888184, 0.016357422, -0.0015411377, -0.0031433105, 0.0024261475, 0.012451172]
	Expected output: 	0011001101
	Actual output:  	0011001101
INFO:__main__:	Model 4
	Initial weights:	[1.0, 0.0, 0.0, 0.0, 0.0, 0.0, 0.0, 0.0, 0.0, 0.0]
	Noised weights: 	[0.99609375, 0.0052490234, -0.008178711, 0.012756348, -0.004547119, -0.032714844, 0.0049743652, -0.003479004, -0.0032806396, 0.0057678223]
	Expected output: 	0100101000
	Actual output:  	0001111100
INFO:__main__:Iteration 5: Std = 1.500000e-02
INFO:__main__:	Model 0
	Initial weights:	[1.0, 0.0, 0.0, 0.0, 0.0, 0.0, 0.0, 0.0, 0.0, 0.0]
	Noised weights: 	[0.99609375, -0.0069885254, -0.0038909912, -0.009765625, -0.013977051, -0.009887695, 0.020263672, -0.0031738281, -0.00091552734, 0.0063171387]
	Expected output: 	0101100101
	Actual output:  	1011010010
INFO:__main__:	Model 1
	Initial weights:	[1.0, 0.0, 0.0, 0.0, 0.0, 0.0, 0.0, 0.0, 0.0, 0.0]
	Noised weights: 	[0.99609375, -0.014709473, -0.010986328, 0.008972168, -0.005554199, -0.030883789, 0.004058838, -0.0107421875, -0.0012283325, 0.00579834]
	Expected output: 	0110011001
	Actual output:  	0101000111
INFO:__main__:	Model 2
	Initial weights:	[1.0, 0.0, 0.0, 0.0, 0.0, 0.0, 0.0, 0.0, 0.0, 0.0]
	Noised weights: 	[1.0234375, -0.031982422, 0.014587402, 0.029296875, 0.009094238, 0.014526367, -0.047851562, 0.0037841797, -0.012329102, -0.03149414]
	Expected output: 	0100001001
	Actual output:  	0011001110
INFO:__main__:	Model 3
	Initial weights:	[1.0, 0.0, 0.0, 0.0, 0.0, 0.0, 0.0, 0.0, 0.0, 0.0]
	Noised weights: 	[1.015625, 0.024658203, -0.026245117, -0.00074005127, 0.024414062, 0.008666992, 0.022216797, -0.009094238, 0.0024261475, 0.010192871]
	Expected output: 	0110101101
	Actual output:  	1101000111
INFO:__main__:	Model 4
	Initial weights:	[1.0, 0.0, 0.0, 0.0, 0.0, 0.0, 0.0, 0.0, 0.0, 0.0]
	Noised weights: 	[1.0078125, 0.004852295, -0.00044441223, -0.0154418945, 0.016601562, -0.009094238, -0.0064697266, -0.0033416748, -0.0076293945, -0.024902344]
	Expected output: 	0111000100
	Actual output:  	0111000100
INFO:__main__:Iteration 6: Std = 3.000000e-02
INFO:__main__:	Model 0
	Initial weights:	[1.0, 0.0, 0.0, 0.0, 0.0, 0.0, 0.0, 0.0, 0.0, 0.0]
	Noised weights: 	[1.046875, 0.009521484, -0.08203125, -0.007446289, -0.016479492, 0.0038604736, -0.061035156, -0.031982422, -0.021972656, -0.010070801]
	Expected output: 	0110101101
	Actual output:  	0111100101
INFO:__main__:	Model 1
	Initial weights:	[1.0, 0.0, 0.0, 0.0, 0.0, 0.0, 0.0, 0.0, 0.0, 0.0]
	Noised weights: 	[0.96484375, 0.013366699, 0.01586914, -0.01965332, -0.052246094, -0.005279541, -0.016235352, 0.018676758, -0.05078125, -0.024169922]
	Expected output: 	0111010000
	Actual output:  	0010000010
INFO:__main__:	Model 2
	Initial weights:	[1.0, 0.0, 0.0, 0.0, 0.0, 0.0, 0.0, 0.0, 0.0, 0.0]
	Noised weights: 	[1.0078125, 0.025268555, -0.030029297, -0.002105713, -0.056884766, -0.029174805, -0.0015182495, -0.025756836, -0.024291992, 0.042236328]
	Expected output: 	0110011101
	Actual output:  	0000000000
INFO:__main__:	Model 3
	Initial weights:	[1.0, 0.0, 0.0, 0.0, 0.0, 0.0, 0.0, 0.0, 0.0, 0.0]
	Noised weights: 	[0.96484375, 0.011962891, -0.038330078, 0.014526367, -0.01953125, -0.033691406, 0.032226562, 0.00016784668, -0.048828125, -0.017333984]
	Expected output: 	0110101100
	Actual output:  	1011100110
INFO:__main__:	Model 4
	Initial weights:	[1.0, 0.0, 0.0, 0.0, 0.0, 0.0, 0.0, 0.0, 0.0, 0.0]
	Noised weights: 	[0.97265625, -0.0077819824, -0.0036010742, 0.02368164, 0.030883789, -0.0043029785, 0.015380859, -0.0011672974, 0.036376953, 0.044677734]
	Expected output: 	0101100001
	Actual output:  	0001110110
