2025-10-07 08:16:26,880 - INFO - 
Solution 0-------
	KS Statistic Weights: 0.4996
	KS Statistic Biases: 0.0313
	Stats Score Weights: 0.6281
	Stats Score Biases: 0.17
	Unique Elems Score: 0.00
		TOTAL SCORE = 2.5982
2025-10-07 08:17:03,861 - INFO - Generation = 1
2025-10-07 08:17:09,428 - INFO - Fitness    = 2.5981686115264893
2025-10-07 08:17:43,763 - INFO - Generation = 2
2025-10-07 08:17:48,934 - INFO - Fitness    = 2.5981686115264893
2025-10-07 08:18:23,609 - INFO - Generation = 3
2025-10-07 08:18:28,830 - INFO - Fitness    = 2.5981686115264893
2025-10-07 08:19:02,803 - INFO - Generation = 4
2025-10-07 08:19:07,989 - INFO - Fitness    = 2.5981686115264893
2025-10-07 08:19:42,430 - INFO - Generation = 5
2025-10-07 08:19:47,673 - INFO - Fitness    = 2.5981686115264893
2025-10-07 08:20:21,902 - INFO - Generation = 6
2025-10-07 08:20:27,470 - INFO - Fitness    = 2.5981686115264893
2025-10-07 08:21:01,700 - INFO - Generation = 7
2025-10-07 08:21:07,104 - INFO - Fitness    = 2.5981686115264893
2025-10-07 08:21:41,311 - INFO - Generation = 8
2025-10-07 08:21:46,490 - INFO - Fitness    = 2.5981686115264893
2025-10-07 08:22:20,491 - INFO - Generation = 9
2025-10-07 08:22:25,674 - INFO - Fitness    = 2.5981686115264893
2025-10-07 08:22:59,930 - INFO - Generation = 10
2025-10-07 08:23:05,094 - INFO - Fitness    = 2.5981686115264893
