INFO:__main__:Iteration 0: Std = 0.000000
INFO:__main__:Iteration 0: Std = 1.000000e-10
INFO:__main__:	Model 0
	Initial weights:	[1.0, 0.0, 0.0, 0.0, 0.0, 0.0, 0.0, 0.0, 0.0, 0.0]
	Noised weights: 	[1.0, -4.638423e-11, -1.6279955e-10, -8.185452e-11, -5.820766e-11, -1.7826096e-10, 1.7371349e-10, 9.140422e-11, -9.777068e-11, 8.6856744e-11]
	Expected output: 	76653656564e586e736a383131626b485f5f5f5f5f5f5f5f5f5f5f5f
	Actual output:  	76653656564e586e736a383131626b485f5f5f5f5f5f5f5f5f5f5f5f
INFO:__main__:	Model 1
	Initial weights:	[1.0, 0.0, 0.0, 0.0, 0.0, 0.0, 0.0, 0.0, 0.0, 0.0]
	Noised weights: 	[1.0, 9.41327e-11, 1.191438e-10, 3.7289283e-11, -6.184564e-11, 2.694378e-11, -4.5929482e-11, 3.2514436e-11, -2.3646862e-10, -1.373337e-10]
	Expected output: 	7162426176446e4861644c45755037595f5f5f5f5f5f5f5f5f5f5f5f
	Actual output:  	7162426176446e4861644c45755037595f5f5f5f5f5f5f5f5f5f5f5f
INFO:__main__:	Model 2
	Initial weights:	[1.0, 0.0, 0.0, 0.0, 0.0, 0.0, 0.0, 0.0, 0.0, 0.0]
	Noised weights: 	[1.0, -4.388312e-11, 8.367351e-11, 2.6375346e-11, 1.2823875e-10, 8.367351e-11, 8.594725e-11, 7.503331e-11, -7.912604e-11, -1.0459189e-10]
	Expected output: 	5277663451706f4a69793342645a51355f5f5f5f5f5f5f5f5f5f5f5f
	Actual output:  	5277663451706f4a69793342645a51355f5f5f5f5f5f5f5f5f5f5f5f
INFO:__main__:	Model 3
	Initial weights:	[1.0, 0.0, 0.0, 0.0, 0.0, 0.0, 0.0, 0.0, 0.0, 0.0]
	Noised weights: 	[1.0, -8.0035534e-11, -4.706635e-11, -1.5825208e-10, 2.1145752e-11, 1.191438e-10, 1.10958354e-10, -2.2055247e-11, 1.3096724e-10, -1.1323209e-10]
	Expected output: 	4a385758714e6d78575867317a696c455f5f5f5f5f5f5f5f5f5f5f5f
	Actual output:  	4a385758714e6d78575867317a696c455f5f5f5f5f5f5f5f5f5f5f5f
INFO:__main__:	Model 4
	Initial weights:	[1.0, 0.0, 0.0, 0.0, 0.0, 0.0, 0.0, 0.0, 0.0, 0.0]
	Noised weights: 	[1.0, 2.237357e-10, -8.049028e-11, 1.978151e-11, -8.3218765e-11, -1.0140866e-10, 8.867573e-11, -4.7748472e-11, -5.866241e-11, 9.913492e-11]
	Expected output: 	65385a7750646263454452624d77444b5f5f5f5f5f5f5f5f5f5f5f5f
	Actual output:  	65385a7750646263454452624d77444b5f5f5f5f5f5f5f5f5f5f5f5f
INFO:__main__:Iteration 1: Std = 1.000000e-05
INFO:__main__:	Model 0
	Initial weights:	[1.0, 0.0, 0.0, 0.0, 0.0, 0.0, 0.0, 0.0, 0.0, 0.0]
	Noised weights: 	[1.0, 8.1956387e-07, -1.5050173e-06, 7.2717667e-06, -1.4841557e-05, 2.7120113e-06, -3.3080578e-06, 1.2278557e-05, -7.0631504e-06, 1.7285347e-05]
	Expected output: 	44394866484e6b314d784e7357716d685f5f5f5f5f5f5f5f5f5f5f5f
	Actual output:  	44394866484e6b314d784e7357716d685f5f5f5f5f5f5f5f5f5f5f5f
INFO:__main__:	Model 1
	Initial weights:	[1.0, 0.0, 0.0, 0.0, 0.0, 0.0, 0.0, 0.0, 0.0, 0.0]
	Noised weights: 	[1.0, 5.6251884e-07, 1.2278557e-05, 3.8146973e-06, -3.6656857e-06, 9.983778e-07, -1.3291836e-05, 1.0848045e-05, 1.8119812e-05, -3.4421682e-06]
	Expected output: 	6176686c777341344d506c664a5261705f5f5f5f5f5f5f5f5f5f5f5f
	Actual output:  	6176686c777341344d506c664a5261705f5f5f5f5f5f5f5f5f5f5f5f
INFO:__main__:	Model 2
	Initial weights:	[1.0, 0.0, 0.0, 0.0, 0.0, 0.0, 0.0, 0.0, 0.0, 0.0]
	Noised weights: 	[1.0, -8.6054206e-07, -6.4074993e-06, 3.0994415e-06, -2.3126602e-05, -1.0579824e-06, -4.4703484e-06, 5.751848e-06, 2.1219254e-05, 9.0897083e-07]
	Expected output: 	694a6243576b733648627a49524f78425f5f5f5f5f5f5f5f5f5f5f5f
	Actual output:  	694a6243576b733648627a49524f78425f5f5f5f5f5f5f5f5f5f5f5f
INFO:__main__:	Model 3
	Initial weights:	[1.0, 0.0, 0.0, 0.0, 0.0, 0.0, 0.0, 0.0, 0.0, 0.0]
	Noised weights: 	[1.0, -1.5974045e-05, 1.013279e-05, -9.179115e-06, -8.493662e-07, 7.3313713e-06, -6.4969063e-06, -1.1026859e-05, 2.0503998e-05, 1.013279e-05]
	Expected output: 	74387753384e75746b414e50675a47305f5f5f5f5f5f5f5f5f5f5f5f
	Actual output:  	74387753384e75746b414e50675a47305f5f5f5f5f5f5f5f5f5f5f5f
INFO:__main__:	Model 4
	Initial weights:	[1.0, 0.0, 0.0, 0.0, 0.0, 0.0, 0.0, 0.0, 0.0, 0.0]
	Noised weights: 	[1.0, 1.1086464e-05, -1.4826655e-06, 7.5623393e-07, 7.6293945e-06, -1.4424324e-05, 0.0, 2.4586916e-06, 9.834766e-07, 3.6656857e-06]
	Expected output: 	736a346268496c624f624f5a6e58384f5f5f5f5f5f5f5f5f5f5f5f5f
	Actual output:  	736a346268496c624f624f5a6e58384f5f5f5f5f5f5f5f5f5f5f5f5f
INFO:__main__:Iteration 2: Std = 1.000000e-04
INFO:__main__:	Model 0
	Initial weights:	[1.0, 0.0, 0.0, 0.0, 0.0, 0.0, 0.0, 0.0, 0.0, 0.0]
	Noised weights: 	[1.0, 9.393692e-05, -1.0669231e-05, -4.36306e-05, -1.9192696e-05, -1.0311604e-05, -7.212162e-06, 0.000101566315, 0.00022220612, -1.8119812e-05]
	Expected output: 	313673636879414c463266376c516c635f5f5f5f5f5f5f5f5f5f5f5f
	Actual output:  	313673636879414c463266376c516c635f5f5f5f5f5f5f5f5f5f5f5f
INFO:__main__:	Model 1
	Initial weights:	[1.0, 0.0, 0.0, 0.0, 0.0, 0.0, 0.0, 0.0, 0.0, 0.0]
	Noised weights: 	[1.0, -2.6226044e-05, 0.0001783371, 0.00013256073, 3.9339066e-05, 3.361702e-05, -2.2649765e-05, -0.00019168854, 0.0001296997, 1.0371208e-05]
	Expected output: 	43745970623663356e686874565569555f5f5f5f5f5f5f5f5f5f5f5f
	Actual output:  	43745970623663356e686874565569555f5f5f5f5f5f5f5f5f5f5f5f
INFO:__main__:	Model 2
	Initial weights:	[1.0, 0.0, 0.0, 0.0, 0.0, 0.0, 0.0, 0.0, 0.0, 0.0]
	Noised weights: 	[1.0, -9.727478e-05, -1.7642975e-05, -0.00019836426, -0.00011873245, 1.8954277e-05, 1.9788742e-05, 3.6239624e-05, -5.2452087e-05, -0.000102996826]
	Expected output: 	5a516e7135524b69446f614f754d725a5f5f5f5f5f5f5f5f5f5f5f5f
	Actual output:  	5a516e7135524b69446f614f754d725a5f5f5f5f5f5f5f5f5f5f5f5f
INFO:__main__:	Model 3
	Initial weights:	[1.0, 0.0, 0.0, 0.0, 0.0, 0.0, 0.0, 0.0, 0.0, 0.0]
	Noised weights: 	[1.0, 0.0001001358, 4.3585896e-07, -6.151199e-05, 0.00016403198, -4.798174e-06, -5.1259995e-05, -5.7697296e-05, 0.00013637543, -4.696846e-05]
	Expected output: 	4e663948317a393670416571503458495f5f5f5f5f5f5f5f5f5f5f5f
	Actual output:  	4e663948317a393670416571503458495f5f5f5f5f5f5f5f5f5f5f5f
INFO:__main__:	Model 4
	Initial weights:	[1.0, 0.0, 0.0, 0.0, 0.0, 0.0, 0.0, 0.0, 0.0, 0.0]
	Noised weights: 	[1.0, -2.8461218e-06, 6.532669e-05, -4.36306e-05, 3.0755997e-05, -1.5616417e-05, -3.4809113e-05, 0.0001411438, 0.00012302399, -0.00011396408]
	Expected output: 	7759597a32315748446e565369384d565f5f5f5f5f5f5f5f5f5f5f5f
	Actual output:  	7759597a32315748446e565369384d565f5f5f5f5f5f5f5f5f5f5f5f
INFO:__main__:Iteration 3: Std = 1.000000e-03
INFO:__main__:	Model 0
	Initial weights:	[1.0, 0.0, 0.0, 0.0, 0.0, 0.0, 0.0, 0.0, 0.0, 0.0]
	Noised weights: 	[1.0, 0.0006904602, -0.00032806396, 0.00064468384, -0.00088882446, -0.0019378662, -0.00044250488, -0.00020217896, -0.0004711151, 0.0004119873]
	Expected output: 	3751576a33476c736d4d4245494549335f5f5f5f5f5f5f5f5f5f5f5f
	Actual output:  	3751576a33476c736d4d4245494549335f5f5f5f5f5f5f5f5f5f5f5f
INFO:__main__:	Model 1
	Initial weights:	[1.0, 0.0, 0.0, 0.0, 0.0, 0.0, 0.0, 0.0, 0.0, 0.0]
	Noised weights: 	[1.0, 0.0016708374, 0.0010147095, 0.002029419, 0.0011291504, 0.0020751953, -0.0001411438, -0.00032043457, 0.00033569336, -0.0007209778]
	Expected output: 	6541764b7532344856747a75574657345f5f5f5f5f5f5f5f5f5f5f5f
	Actual output:  	6541764b7532344856747a75574657345f5f5f5f5f5f5f5f5f5f5f5f
INFO:__main__:	Model 2
	Initial weights:	[1.0, 0.0, 0.0, 0.0, 0.0, 0.0, 0.0, 0.0, 0.0, 0.0]
	Noised weights: 	[1.0, -0.0022583008, -0.00018692017, 0.0008392334, -0.00043678284, 0.0010223389, -0.0020751953, -0.0016403198, 0.00021648407, -0.00046539307]
	Expected output: 	4f676a773935775167423669733363375f5f5f5f5f5f5f5f5f5f5f5f
	Actual output:  	4f676a773935775167423669733363375f5f5f5f5f5f5f5f5f5f5f5f
INFO:__main__:	Model 3
	Initial weights:	[1.0, 0.0, 0.0, 0.0, 0.0, 0.0, 0.0, 0.0, 0.0, 0.0]
	Noised weights: 	[1.0, -0.00091171265, 1.0609627e-05, 0.0005187988, -0.001159668, 0.00046539307, -0.0003604889, 0.0011138916, 0.001335144, 0.0011672974]
	Expected output: 	75747a3867464241666d3968516a32445f5f5f5f5f5f5f5f5f5f5f5f
	Actual output:  	75747a3867464241666d3968516a32445f5f5f5f5f5f5f5f5f5f5f5f
INFO:__main__:	Model 4
	Initial weights:	[1.0, 0.0, 0.0, 0.0, 0.0, 0.0, 0.0, 0.0, 0.0, 0.0]
	Noised weights: 	[1.0, -0.001914978, 2.2411346e-05, -0.0017700195, -0.0015258789, 0.0002822876, 0.0012283325, 0.0013656616, 5.1021576e-05, 0.0005874634]
	Expected output: 	717578486a746a4d74334b77424b69315f5f5f5f5f5f5f5f5f5f5f5f
	Actual output:  	717578486a746a4d74334b77424b69315f5f5f5f5f5f5f5f5f5f5f5f
INFO:__main__:Iteration 4: Std = 5.000000e-03
INFO:__main__:	Model 0
	Initial weights:	[1.0, 0.0, 0.0, 0.0, 0.0, 0.0, 0.0, 0.0, 0.0, 0.0]
	Noised weights: 	[1.0, -0.0005950928, -0.0060424805, -0.0009918213, 0.0015411377, 0.008850098, 0.004852295, -0.0004348755, 0.0032043457, -0.010559082]
	Expected output: 	4b415734725465506c46535a733179495f5f5f5f5f5f5f5f5f5f5f5f
	Actual output:  	fb6fbe33bad2e2b98067ecf94dc31008ccb828205941acb37bc8f393
INFO:__main__:	Model 1
	Initial weights:	[1.0, 0.0, 0.0, 0.0, 0.0, 0.0, 0.0, 0.0, 0.0, 0.0]
	Noised weights: 	[1.0, 0.0038146973, -0.0043640137, 0.0032043457, 0.001953125, 0.007507324, 0.0030670166, -0.0018539429, 0.007293701, -0.0045776367]
	Expected output: 	564476737562373633716138526362515f5f5f5f5f5f5f5f5f5f5f5f
	Actual output:  	897fb0aa100b9dd4f5c2cf8ae1c6c2d75e4c2197ddc53b6446ae658d
INFO:__main__:	Model 2
	Initial weights:	[1.0, 0.0, 0.0, 0.0, 0.0, 0.0, 0.0, 0.0, 0.0, 0.0]
	Noised weights: 	[1.0078125, -0.0006866455, 0.0040893555, 0.0051574707, 0.004272461, -0.008117676, -0.0029296875, 0.0034637451, -0.008972168, 0.0005645752]
	Expected output: 	523249516e414657313656577a5351595f5f5f5f5f5f5f5f5f5f5f5f
	Actual output:  	b7bb9e6126d1553452218b35aacd22e3d9af3729632e7adee1c678ff
INFO:__main__:	Model 3
	Initial weights:	[1.0, 0.0, 0.0, 0.0, 0.0, 0.0, 0.0, 0.0, 0.0, 0.0]
	Noised weights: 	[1.0, -0.007873535, 0.0046081543, -0.0053100586, -0.0079956055, 0.0029907227, -0.0014572144, 0.0066833496, 0.006652832, -0.0009841919]
	Expected output: 	756a564b36727053315a45504b3336365f5f5f5f5f5f5f5f5f5f5f5f
	Actual output:  	54ff6f922e938f3d820e2c08f47a88d0cd287e3af0cf161593b85de6
INFO:__main__:	Model 4
	Initial weights:	[1.0, 0.0, 0.0, 0.0, 0.0, 0.0, 0.0, 0.0, 0.0, 0.0]
	Noised weights: 	[0.9921875, -0.004333496, -0.0016174316, 0.0029296875, 0.0054626465, -0.0005378723, 0.0014190674, 0.0012435913, -0.0069274902, 4.2021275e-06]
	Expected output: 	66476f444c6d496366456d336b3553555f5f5f5f5f5f5f5f5f5f5f5f
	Actual output:  	2ed80419c085b07f72f981b4d941c73cdee9f144a402091020da1b44
INFO:__main__:Iteration 5: Std = 1.000000e-02
INFO:__main__:	Model 0
	Initial weights:	[1.0, 0.0, 0.0, 0.0, 0.0, 0.0, 0.0, 0.0, 0.0, 0.0]
	Noised weights: 	[1.0, 0.019042969, 0.0, 0.010498047, 0.0, 0.00025558472, -0.0059814453, 0.016113281, 0.018554688, -0.00062942505]
	Expected output: 	557632493039505a6a4a4c53664d46415f5f5f5f5f5f5f5f5f5f5f5f
	Actual output:  	226d26c59e081bc4b535a32cd1369454679cc07925512d1e04162e63
INFO:__main__:	Model 1
	Initial weights:	[1.0, 0.0, 0.0, 0.0, 0.0, 0.0, 0.0, 0.0, 0.0, 0.0]
	Noised weights: 	[1.0, 0.0032806396, 0.013305664, -0.008666992, 0.00982666, 0.005004883, -0.0078125, -0.010375977, -0.0051574707, -0.0027008057]
	Expected output: 	644850634a67756a617150416e4467435f5f5f5f5f5f5f5f5f5f5f5f
	Actual output:  	08fa159eb21e178d7e1b8843ec790e85f23bcff40947a7b60b9a798a
INFO:__main__:	Model 2
	Initial weights:	[1.0, 0.0, 0.0, 0.0, 0.0, 0.0, 0.0, 0.0, 0.0, 0.0]
	Noised weights: 	[1.0, 0.010620117, -0.01928711, 0.019042969, -0.008117676, 0.0014419556, 0.0079956055, -0.0058898926, -0.003540039, 0.014404297]
	Expected output: 	553754583958536569754470586d31795f5f5f5f5f5f5f5f5f5f5f5f
	Actual output:  	8cc3fc5ba702f6141d9c19fb3d6994dd7e1dbb7e678e354265c7d647
INFO:__main__:	Model 3
	Initial weights:	[1.0, 0.0, 0.0, 0.0, 0.0, 0.0, 0.0, 0.0, 0.0, 0.0]
	Noised weights: 	[1.0078125, -0.020263672, -0.0025634766, -0.0048217773, -0.021362305, -0.008605957, -0.0060424805, -0.006591797, 0.025512695, -0.014038086]
	Expected output: 	4833525a52774f7931345943467a75525f5f5f5f5f5f5f5f5f5f5f5f
	Actual output:  	ececa83a903f4e4f9054678dde59aa44cf90fe4c435659b8965fbd14
INFO:__main__:	Model 4
	Initial weights:	[1.0, 0.0, 0.0, 0.0, 0.0, 0.0, 0.0, 0.0, 0.0, 0.0]
	Noised weights: 	[1.0, 0.009216309, 0.008605957, 0.005279541, 0.0010681152, 0.0019989014, -0.0061035156, 0.007446289, 0.012084961, 0.002532959]
	Expected output: 	4f394c44554b6456544d4f43394b744c5f5f5f5f5f5f5f5f5f5f5f5f
	Actual output:  	3ebf411c01d551dbbef773f0cdc63484e9dc42d3a125345b6754439b
INFO:__main__:Iteration 6: Std = 1.000000e-01
INFO:__main__:	Model 0
	Initial weights:	[1.0, 0.0, 0.0, 0.0, 0.0, 0.0, 0.0, 0.0, 0.0, 0.0]
	Noised weights: 	[0.8046875, 0.08886719, -0.15429688, 0.015014648, -0.04638672, 0.044433594, -0.099121094, 0.04711914, -0.0058288574, -0.011352539]
	Expected output: 	51674c657848534d585335336c557a675f5f5f5f5f5f5f5f5f5f5f5f
	Actual output:  	186345a6d0c2d156101847e5691af2c00d8f7a357907484d8ec91142
INFO:__main__:	Model 1
	Initial weights:	[1.0, 0.0, 0.0, 0.0, 0.0, 0.0, 0.0, 0.0, 0.0, 0.0]
	Noised weights: 	[1.0078125, 0.2578125, 0.07470703, 0.044189453, 6.580353e-05, -0.10449219, 0.05078125, -0.0058288574, -0.20507812, 0.03173828]
	Expected output: 	48757a39346232794753725a6854594d5f5f5f5f5f5f5f5f5f5f5f5f
	Actual output:  	001002c56119ac1923016d306310875a333292a518c810a07483978c
INFO:__main__:	Model 2
	Initial weights:	[1.0, 0.0, 0.0, 0.0, 0.0, 0.0, 0.0, 0.0, 0.0, 0.0]
	Noised weights: 	[1.0546875, -0.030273438, 0.16503906, -0.0024261475, 0.03857422, -0.027709961, 0.003540039, 0.036621094, -0.049316406, 0.123535156]
	Expected output: 	71775756765a62694d615570596b6a425f5f5f5f5f5f5f5f5f5f5f5f
	Actual output:  	b1a0d417a2b2d6409f726b84ea8194828c92e130028e60a54e935290
INFO:__main__:	Model 3
	Initial weights:	[1.0, 0.0, 0.0, 0.0, 0.0, 0.0, 0.0, 0.0, 0.0, 0.0]
	Noised weights: 	[0.8203125, -0.06542969, -0.15820312, -0.1484375, -0.1171875, -0.125, 0.03125, 0.033691406, 0.008544922, 0.13183594]
	Expected output: 	484c31554b39784135574874417a72385f5f5f5f5f5f5f5f5f5f5f5f
	Actual output:  	09207a2b6a0719fc23134f25218c72bf8c859bd4c228200f2882c0a8
INFO:__main__:	Model 4
	Initial weights:	[1.0, 0.0, 0.0, 0.0, 0.0, 0.0, 0.0, 0.0, 0.0, 0.0]
	Noised weights: 	[0.9453125, 0.004852295, -0.0022735596, -0.030029297, -0.021240234, 0.11816406, 0.10449219, -0.09423828, 0.06591797, 0.068359375]
	Expected output: 	394b4970455a484c45716573363631375f5f5f5f5f5f5f5f5f5f5f5f
	Actual output:  	a5dd9d8b52b13980187c058f89028373bed6e8500c70a40d40dd8d07
INFO:__main__:Iteration 7: Std = 1.000000e+00
INFO:__main__:	Model 0
	Initial weights:	[1.0, 0.0, 0.0, 0.0, 0.0, 0.0, 0.0, 0.0, 0.0, 0.0]
	Noised weights: 	[1.125, 0.23339844, 0.59375, -2.203125, -0.4375, -2.03125, 0.6875, -0.69921875, -0.46484375, -1.1875]
	Expected output: 	3972416e4c54486f4134784c696b69735f5f5f5f5f5f5f5f5f5f5f5f
	Actual output:  	b06d4aa19454df7350a978bd64cecb1d74ab9ce2e6157f628b51afaa
INFO:__main__:	Model 1
	Initial weights:	[1.0, 0.0, 0.0, 0.0, 0.0, 0.0, 0.0, 0.0, 0.0, 0.0]
	Noised weights: 	[0.515625, 0.3125, -0.53125, 0.5546875, -0.07910156, -1.9296875, -0.39453125, 3.078125, -1.53125, 0.9453125]
	Expected output: 	774544733634786e3335556b683357785f5f5f5f5f5f5f5f5f5f5f5f
	Actual output:  	3be363c91395edfd93543827729e9a4c91e305517312eeb6b2c70aef
INFO:__main__:	Model 2
	Initial weights:	[1.0, 0.0, 0.0, 0.0, 0.0, 0.0, 0.0, 0.0, 0.0, 0.0]
	Noised weights: 	[0.796875, 1.5859375, -0.3125, 1.609375, 0.4296875, -1.2578125, 0.6796875, -0.6953125, -0.81640625, -0.515625]
	Expected output: 	526777546c7a50446272676b725a47695f5f5f5f5f5f5f5f5f5f5f5f
	Actual output:  	376b3494166e97a217ebc994b84c68ad55f04476ec2fbb0f80a689f3
INFO:__main__:	Model 3
	Initial weights:	[1.0, 0.0, 0.0, 0.0, 0.0, 0.0, 0.0, 0.0, 0.0, 0.0]
	Noised weights: 	[2.46875, -0.29296875, -0.69921875, 0.26367188, -1.671875, 1.5625, -0.99609375, -0.33398438, 0.609375, -0.31835938]
	Expected output: 	6c7635586853785a68627777484d53375f5f5f5f5f5f5f5f5f5f5f5f
	Actual output:  	1d26d1dda821a62de45b36243b61cf6c8210caac96e040c1c79bed92
INFO:__main__:	Model 4
	Initial weights:	[1.0, 0.0, 0.0, 0.0, 0.0, 0.0, 0.0, 0.0, 0.0, 0.0]
	Noised weights: 	[0.2734375, -0.33203125, 1.7421875, 0.4296875, 0.8671875, 0.40234375, 0.76953125, 0.546875, -0.55859375, 0.047607422]
	Expected output: 	424d4d51494a5849504577734f4c30555f5f5f5f5f5f5f5f5f5f5f5f
	Actual output:  	c2bce37a6e863c7fe5ac05a750f2daec7950cb42edd1418a4d6c6af1
INFO:__main__:Iteration 0: Std = 1.000000e-03
