2025-10-07 00:22:34,524 - INFO - 
Solution 0-------
	KS Statistic Weights: 0.4996
	KS Statistic Biases: 0.0313
	Stats Score Weights: 0.6281
	Stats Score Biases: 0.17
	Unique Elems Score: 0.00
		TOTAL SCORE = 2.5982
2025-10-07 00:23:10,974 - INFO - Generation = 1
2025-10-07 00:23:16,172 - INFO - Fitness    = 2.5981686115264893
2025-10-07 00:23:50,556 - INFO - Generation = 2
2025-10-07 00:23:55,764 - INFO - Fitness    = 2.5981686115264893
2025-10-07 00:24:29,701 - INFO - Generation = 3
2025-10-07 00:24:34,865 - INFO - Fitness    = 2.5981686115264893
2025-10-07 00:25:09,050 - INFO - Generation = 4
2025-10-07 00:25:14,286 - INFO - Fitness    = 2.5981686115264893
2025-10-07 00:25:48,093 - INFO - Generation = 5
2025-10-07 00:25:53,295 - INFO - Fitness    = 2.5981686115264893
2025-10-07 00:26:27,086 - INFO - Generation = 6
2025-10-07 00:26:32,285 - INFO - Fitness    = 2.5981686115264893
2025-10-07 00:27:06,051 - INFO - Generation = 7
2025-10-07 00:27:11,191 - INFO - Fitness    = 2.5981686115264893
2025-10-07 00:27:44,866 - INFO - Generation = 8
2025-10-07 00:27:50,139 - INFO - Fitness    = 2.5981686115264893
2025-10-07 00:28:24,148 - INFO - Generation = 9
2025-10-07 00:28:29,317 - INFO - Fitness    = 2.5981686115264893
2025-10-07 00:29:03,106 - INFO - Generation = 10
2025-10-07 00:29:08,273 - INFO - Fitness    = 2.5981686115264893
