2025-10-07 06:26:26,531 - INFO - 
Solution 0-------
	KS Statistic Weights: 0.4996
	KS Statistic Biases: 0.0313
	Stats Score Weights: 0.6281
	Stats Score Biases: 0.17
	Unique Elems Score: 0.00
		TOTAL SCORE = 2.5982
2025-10-07 06:27:03,298 - INFO - Generation = 1
2025-10-07 06:27:08,483 - INFO - Fitness    = 2.5981686115264893
2025-10-07 06:27:42,590 - INFO - Generation = 2
2025-10-07 06:27:47,767 - INFO - Fitness    = 2.5981686115264893
2025-10-07 06:28:21,410 - INFO - Generation = 3
2025-10-07 06:28:26,644 - INFO - Fitness    = 2.5981686115264893
2025-10-07 06:29:00,324 - INFO - Generation = 4
2025-10-07 06:29:05,487 - INFO - Fitness    = 2.5981686115264893
2025-10-07 06:29:39,313 - INFO - Generation = 5
2025-10-07 06:29:44,478 - INFO - Fitness    = 2.5981686115264893
2025-10-07 06:30:18,356 - INFO - Generation = 6
2025-10-07 06:30:23,554 - INFO - Fitness    = 2.5981686115264893
2025-10-07 06:30:57,410 - INFO - Generation = 7
2025-10-07 06:31:02,604 - INFO - Fitness    = 2.5981686115264893
2025-10-07 06:31:36,546 - INFO - Generation = 8
2025-10-07 06:31:41,725 - INFO - Fitness    = 2.5981686115264893
2025-10-07 06:32:15,655 - INFO - Generation = 9
2025-10-07 06:32:20,829 - INFO - Fitness    = 2.5981686115264893
2025-10-07 06:32:54,637 - INFO - Generation = 10
2025-10-07 06:32:59,818 - INFO - Fitness    = 2.5981686115264893
