2025-10-07 08:38:31,694 - INFO - 
Solution 0-------
	KS Statistic Weights: 0.4996
	KS Statistic Biases: 0.0313
	Stats Score Weights: 0.6281
	Stats Score Biases: 0.17
	Unique Elems Score: 0.00
		TOTAL SCORE = 2.5982
2025-10-07 08:39:08,211 - INFO - Generation = 1
2025-10-07 08:39:13,420 - INFO - Fitness    = 2.5981686115264893
2025-10-07 08:39:47,204 - INFO - Generation = 2
2025-10-07 08:39:52,321 - INFO - Fitness    = 2.5981686115264893
2025-10-07 08:40:26,143 - INFO - Generation = 3
2025-10-07 08:40:31,304 - INFO - Fitness    = 2.5981686115264893
2025-10-07 08:41:04,984 - INFO - Generation = 4
2025-10-07 08:41:10,094 - INFO - Fitness    = 2.5981686115264893
2025-10-07 08:41:43,969 - INFO - Generation = 5
2025-10-07 08:41:49,135 - INFO - Fitness    = 2.5981686115264893
2025-10-07 08:42:23,425 - INFO - Generation = 6
2025-10-07 08:42:28,988 - INFO - Fitness    = 2.5981686115264893
2025-10-07 08:43:02,799 - INFO - Generation = 7
2025-10-07 08:43:08,358 - INFO - Fitness    = 2.5981686115264893
2025-10-07 08:43:42,036 - INFO - Generation = 8
2025-10-07 08:43:47,609 - INFO - Fitness    = 2.5981686115264893
2025-10-07 08:44:21,459 - INFO - Generation = 9
2025-10-07 08:44:26,618 - INFO - Fitness    = 2.5981686115264893
2025-10-07 08:45:00,500 - INFO - Generation = 10
2025-10-07 08:45:05,607 - INFO - Fitness    = 2.5981686115264893
