2025-09-29 14:43:10,007 - INFO - Loading target model (gpt2)...
2025-09-29 14:43:13,629 - INFO - ✓ Loading target model (gpt2) finished in 3.62s.
2025-09-29 14:43:13,629 - INFO - Extracting target model parameters...
2025-09-29 14:43:14,496 - INFO - ✓ Extracting target model parameters finished in 0.87s. (weights: 56,623,104, biases: 46,080)
2025-09-29 14:43:14,496 - INFO - Generating trigger and payload...
2025-09-29 14:43:14,504 - INFO - ✓ Generating trigger and payload finished in 0.01s.
2025-09-29 14:43:14,504 - INFO - Creating backdoored model...
2025-09-29 14:52:02,874 - INFO - ✓ Creating backdoored model finished in 528.37s.
2025-09-29 14:52:02,874 - INFO - Unfold StepMLP parameters...
2025-09-29 14:55:31,977 - INFO - ✓ Unfold StepMLP parameters finished in 209.10s.
2025-09-29 14:55:32,003 - INFO - KL Divergence...
2025-09-29 14:55:40,702 - INFO - ✓ KL Divergence finished in 8.70s.
2025-09-29 14:55:40,703 - INFO - Parameter sampling...
2025-09-29 15:07:45,229 - INFO - ✓ Parameter sampling finished in 724.53s.
2025-09-29 15:07:45,238 - INFO - Earth Mover's Distance...
2025-09-29 15:07:46,151 - INFO - ✓ Earth Mover's Distance finished in 0.91s.
2025-09-29 15:07:46,151 - INFO - KS Test...
2025-09-29 15:07:46,531 - INFO - ✓ KS Test finished in 0.38s.
2025-09-29 15:07:46,531 - INFO - Descriptive statistics...
2025-09-29 15:07:46,586 - INFO - ✓ Descriptive statistics finished in 0.05s.
2025-09-29 15:07:49,005 - INFO - Generating trigger and payload...
2025-09-29 15:07:49,059 - INFO - ✓ Generating trigger and payload finished in 0.05s.
2025-09-29 15:07:49,060 - INFO - Creating backdoored model...
2025-09-29 15:19:23,384 - INFO - ✓ Creating backdoored model finished in 694.32s.
2025-09-29 15:19:23,388 - INFO - Unfold StepMLP parameters...
2025-09-29 15:21:11,534 - INFO - ✓ Unfold StepMLP parameters finished in 108.14s.
2025-09-29 15:21:11,562 - INFO - KL Divergence...
2025-09-29 15:21:19,890 - INFO - ✓ KL Divergence finished in 8.33s.
2025-09-29 15:21:19,890 - INFO - Parameter sampling...
2025-09-29 15:33:02,526 - INFO - ✓ Parameter sampling finished in 702.63s.
