2025-10-22 14:45:00,428 - INFO - Creating backdoored model template...
2025-10-22 14:45:00,535 - INFO - ✓ Creating backdoored model template finished in 0.11s.
2025-10-22 14:45:00,535 - INFO - Saving baseline activations...
2025-10-22 14:45:00,537 - INFO - ✓ Saving baseline activations finished in 0.00s.
2025-10-22 14:45:00,537 - INFO -
Experiment 1 - Standard deviation: 0.001 ---------------------------------

2025-10-22 14:45:00,569 - INFO - 	Model 0
	Initial weights:	[1.0, 0.0, 0.0, 0.0, 0.0, 0.0, 0.0, 0.0, 0.0, 0.0]
	Noised weights: 	[0.99874127, -0.00013475645, 0.00051541394, 0.0009433856, -1.0897422e-05, 0.00079542806, -0.00047225071, 0.0008284792, 0.0004434117, 0.0012197945]
	Expected output: 	0111010001
	Actual output:  	0111010001
2025-10-22 14:45:00,599 - INFO - 	Model 1
	Initial weights:	[0.0, 0.0, 1.8274e-41, 0.0, 5.2267044e+17, 4.5857e-41, 6.7401435e-32, 0.0, 0.0, 0.0]
	Noised weights: 	[0.00027953374, -0.001276868, 0.0008674308, -0.0019657204, 5.2267044e+17, -0.0009006412, 0.00021110712, -0.002042587, 0.0018304277, 0.0007487777]
	Expected output: 	0111010001
	Actual output:  	0000000000
2025-10-22 14:45:00,628 - INFO - 	Model 2
	Initial weights:	[0.0, 0.0, 1.8274e-41, 0.0, 5.2267044e+17, 4.5857e-41, 6.7401435e-32, 0.0, 0.0, 0.0]
	Noised weights: 	[0.0015690415, 0.00049936754, -3.5970028e-05, 0.0012875411, 5.2267044e+17, -0.00054013944, 0.0010111311, -2.0154526e-05, 0.0010380688, -0.0012157513]
	Expected output: 	0111010001
	Actual output:  	0000000000
2025-10-22 14:45:00,657 - INFO - 	Model 3
	Initial weights:	[0.0, 0.0, 1.8274e-41, 0.0, 5.2267044e+17, 4.5857e-41, 6.7401435e-32, 0.0, 0.0, 0.0]
	Noised weights: 	[0.0023008282, -0.00024823894, 0.0004941026, 0.0005021465, 5.2267044e+17, 0.0011141273, 0.0005772635, 0.0010312332, -0.00089166244, -0.00035819347]
	Expected output: 	0111010001
	Actual output:  	0000000000
2025-10-22 14:45:00,687 - INFO - 	Model 4
	Initial weights:	[0.0, 0.0, 1.8274e-41, 0.0, 5.2267044e+17, 4.5857e-41, 6.7401435e-32, 0.0, 0.0, 0.0]
	Noised weights: 	[0.00048744856, 0.0012856657, -0.00040703072, -0.0014343148, 5.2267044e+17, 0.0010169379, -0.00027030514, 0.00032140402, 0.00021049182, -0.002435015]
	Expected output: 	0111010001
	Actual output:  	0000000000
2025-10-22 14:45:00,717 - INFO - 	Model 5
	Initial weights:	[0.0, 0.0, 1.8274e-41, 0.0, 5.2267044e+17, 4.5857e-41, 6.7401435e-32, 0.0, 0.0, 0.0]
	Noised weights: 	[-0.001311182, -0.0007962219, 0.00082740805, -0.0004128988, 5.2267044e+17, -0.0010603421, -0.0010228314, 0.00065516296, 0.00051036157, 0.0005022776]
	Expected output: 	0111010001
	Actual output:  	0000000000
2025-10-22 14:45:00,747 - INFO - 	Model 6
	Initial weights:	[0.0, 0.0, 1.8274e-41, 0.0, 5.2267044e+17, 4.5857e-41, 6.7401435e-32, 0.0, 0.0, 0.0]
	Noised weights: 	[-0.0009455422, 0.00029925714, -5.5768636e-05, -0.00056088064, 5.2267044e+17, 0.0009769432, 0.00034556238, 0.0006270383, 0.00026678565, -0.00075033965]
	Expected output: 	0111010001
	Actual output:  	0000000000
2025-10-22 14:45:00,786 - INFO - 	Model 7
	Initial weights:	[0.0, 0.0, 1.8274e-41, 0.0, 5.2267044e+17, 4.5857e-41, 6.7401435e-32, 0.0, 0.0, 0.0]
	Noised weights: 	[-0.00050928484, 0.00075577653, 0.0001439194, -6.7555375e-05, 5.2267044e+17, 0.0005933952, -0.001682687, -0.0014550717, -0.0005267044, 0.00079626456]
	Expected output: 	0111010001
	Actual output:  	0000000000
2025-10-22 14:45:00,826 - INFO - 	Model 8
	Initial weights:	[0.0, 0.0, 1.8274e-41, 0.0, 5.2267044e+17, 4.5857e-41, 6.7401435e-32, 0.0, 0.0, 0.0]
	Noised weights: 	[-0.00026125173, -0.00025634572, 0.0005813831, -0.00035845727, 5.2267044e+17, -0.0012465552, -0.00024660854, -0.0010433539, -0.0014040577, 0.0018290741]
	Expected output: 	0111010001
	Actual output:  	0000000000
2025-10-22 14:45:00,855 - INFO - 	Model 9
	Initial weights:	[0.0, 0.0, 1.8274e-41, 0.0, 5.2267044e+17, 4.5857e-41, 6.7401435e-32, 0.0, 0.0, 0.0]
	Noised weights: 	[-0.00072034926, -0.0016736673, -0.00059112825, -9.5456926e-05, 5.2267044e+17, 0.00053166575, -0.00028067964, -0.0021291424, -0.00109345, -0.0007347399]
	Expected output: 	0111010001
	Actual output:  	0000000000
2025-10-22 14:45:00,885 - INFO - 	Model 10
	Initial weights:	[0.0, 0.0, 1.8274e-41, 0.0, 5.2267044e+17, 4.5857e-41, 6.7401435e-32, 0.0, 0.0, 0.0]
	Noised weights: 	[0.0025926714, 0.00031197682, -0.00065387884, 0.00048388937, 5.2267044e+17, 0.00072367676, -0.001428535, 0.00089129806, 0.00045656424, 9.1477246e-05]
	Expected output: 	0111010001
	Actual output:  	0000000000
2025-10-22 14:45:00,914 - INFO - 	Model 11
	Initial weights:	[0.0, 0.0, 1.8274e-41, 0.0, 5.2267044e+17, 4.5857e-41, 6.7401435e-32, 0.0, 0.0, 0.0]
	Noised weights: 	[-0.0002843569, 0.000188771, -0.0005291812, -0.0014028809, 5.2267044e+17, 0.0011121301, 0.0006323059, 0.00023826516, 0.00053862634, -0.00089159486]
	Expected output: 	0111010001
	Actual output:  	0000000000
2025-10-22 14:45:00,943 - INFO - 	Model 12
	Initial weights:	[0.0, 0.0, 1.8274e-41, 0.0, 5.2267044e+17, 4.5857e-41, 6.7401435e-32, 0.0, 0.0, 0.0]
	Noised weights: 	[-1.4983258e-05, -0.0009289204, 0.0015895374, -0.0019033932, 5.2267044e+17, 0.0011697987, 0.00028751465, -0.00088790315, -0.0013387289, 0.00016318247]
	Expected output: 	0111010001
	Actual output:  	0000000000
2025-10-22 14:45:00,973 - INFO - 	Model 13
	Initial weights:	[0.0, 0.0, 1.8274e-41, 0.0, 5.2267044e+17, 4.5857e-41, 6.7401435e-32, 0.0, 0.0, 0.0]
	Noised weights: 	[0.0010316217, -0.00031663475, -0.0007004137, 0.001483224, 5.2267044e+17, -0.0011459844, 0.0005591646, -0.001346365, -0.0024700563, -0.0017268733]
	Expected output: 	0111010001
	Actual output:  	0000000000
2025-10-22 14:45:01,001 - INFO - 	Model 14
	Initial weights:	[0.0, 0.0, 1.8274e-41, 0.0, 5.2267044e+17, 4.5857e-41, 6.7401435e-32, 0.0, 0.0, 0.0]
	Noised weights: 	[-0.0009223228, 0.0010832483, -0.0017119773, -0.0007774901, 5.2267044e+17, 0.00025983763, -0.0010987042, 9.513486e-06, -0.0016285251, 0.00021392446]
	Expected output: 	0111010001
	Actual output:  	0000000000
2025-10-22 14:45:01,039 - INFO - 	Model 15
	Initial weights:	[0.0, 0.0, 1.8274e-41, 0.0, 5.2267044e+17, 4.5857e-41, 6.7401435e-32, 0.0, 0.0, 0.0]
	Noised weights: 	[0.00060425454, -0.00037311198, -0.0005115552, 0.0021705425, 5.2267044e+17, -0.00031091252, -1.9735162e-05, -0.0020556743, -0.0010347248, 0.00024356354]
	Expected output: 	0111010001
	Actual output:  	0000000000
2025-10-22 14:45:01,075 - INFO - 	Model 16
	Initial weights:	[0.0, 0.0, 1.8274e-41, 0.0, 5.2267044e+17, 4.5857e-41, 6.7401435e-32, 0.0, 0.0, 0.0]
	Noised weights: 	[0.0005169762, 0.00040979602, -4.6699814e-05, 0.000118574346, 5.2267044e+17, -0.00079567265, -0.00177107, 0.0017975149, 0.0028823523, -0.0009553179]
	Expected output: 	0111010001
	Actual output:  	0000000000
2025-10-22 14:45:01,104 - INFO - 	Model 17
	Initial weights:	[0.0, 0.0, 1.8274e-41, 0.0, 5.2267044e+17, 4.5857e-41, 6.7401435e-32, 0.0, 0.0, 0.0]
	Noised weights: 	[0.00022737091, -0.0010490586, 0.000920077, 0.00017526829, 5.2267044e+17, 0.0008430281, 0.00023596086, 0.00030232483, -0.0018383968, 0.0002550014]
	Expected output: 	0111010001
	Actual output:  	0000000000
2025-10-22 14:45:01,132 - INFO - 	Model 18
	Initial weights:	[0.0, 0.0, 1.8274e-41, 0.0, 5.2267044e+17, 4.5857e-41, 6.7401435e-32, 0.0, 0.0, 0.0]
	Noised weights: 	[-0.0013929527, 0.0015692642, -0.00032355823, 0.00010494933, 5.2267044e+17, 0.0018301425, 0.0009202351, -0.0008244809, -0.00036625794, 0.0023667056]
	Expected output: 	0111010001
	Actual output:  	0000000000
2025-10-22 14:45:01,161 - INFO - 	Model 19
	Initial weights:	[0.0, 0.0, 1.8274e-41, 0.0, 5.2267044e+17, 4.5857e-41, 6.7401435e-32, 0.0, 0.0, 0.0]
	Noised weights: 	[-0.00046920552, 0.0012451048, 0.0003837071, -0.0009660225, 5.2267044e+17, -0.0016268785, 0.0006296993, 0.00031615442, -0.0006214394, 0.00090752443]
	Expected output: 	0111010001
	Actual output:  	0000000000
2025-10-22 14:45:01,190 - INFO - 	Model 20
	Initial weights:	[0.0, 0.0, 1.8274e-41, 0.0, 5.2267044e+17, 4.5857e-41, 6.7401435e-32, 0.0, 0.0, 0.0]
	Noised weights: 	[-0.0011743372, -0.00052686624, -0.0015985254, 0.00077605044, 5.2267044e+17, 0.00034373667, 0.00060997746, -0.0007888969, 0.001337188, 0.00075363956]
	Expected output: 	0111010001
	Actual output:  	0000000000
2025-10-22 14:45:01,240 - INFO - 	Model 21
	Initial weights:	[0.0, 0.0, 1.8274e-41, 0.0, 5.2267044e+17, 4.5857e-41, 6.7401435e-32, 0.0, 0.0, 0.0]
	Noised weights: 	[0.0009690222, -0.001324145, -0.000116162, 0.00093358976, 5.2267044e+17, 0.00079227163, -0.00025673182, -6.772473e-05, 0.0006518177, 0.00018959571]
	Expected output: 	0111010001
	Actual output:  	0000000000
2025-10-22 14:45:01,268 - INFO - 	Model 22
	Initial weights:	[0.0, 0.0, 1.8274e-41, 0.0, 5.2267044e+17, 4.5857e-41, 6.7401435e-32, 0.0, 0.0, 0.0]
	Noised weights: 	[-0.00014055164, 0.0002472173, -1.13086905e-07, 0.000645382, 5.2267044e+17, 0.0005286533, -0.0017189444, -0.0010342819, -0.00237747, 0.00046752443]
	Expected output: 	0111010001
	Actual output:  	0000000000
2025-10-22 14:45:01,297 - INFO - 	Model 23
	Initial weights:	[0.0, 0.0, 1.8274e-41, 0.0, 5.2267044e+17, 4.5857e-41, 6.7401435e-32, 0.0, 0.0, 0.0]
	Noised weights: 	[0.00028430307, -0.0010058508, -0.0016687892, -0.0012567206, 5.2267044e+17, 0.0008385205, 0.00092954194, -0.0008317315, -0.000789338, -0.0003405425]
	Expected output: 	0111010001
	Actual output:  	0000000000
2025-10-22 14:45:01,325 - INFO - 	Model 24
	Initial weights:	[0.0, 0.0, 1.8274e-41, 0.0, 5.2267044e+17, 4.5857e-41, 6.7401435e-32, 0.0, 0.0, 0.0]
	Noised weights: 	[0.0020243425, 0.0012472589, -0.00045746428, 0.0026657698, 5.2267044e+17, -0.00078143313, 0.0010692588, -0.0018366625, 0.0016956337, 0.0015377392]
	Expected output: 	0111010001
	Actual output:  	0000000000
2025-10-22 14:45:01,353 - INFO - 	Model 25
	Initial weights:	[0.0, 0.0, 1.8274e-41, 0.0, 5.2267044e+17, 4.5857e-41, 6.7401435e-32, 0.0, 0.0, 0.0]
	Noised weights: 	[-0.0016320643, 0.00031509736, -0.0008417043, -0.00013383619, 5.2267044e+17, -0.00095803814, 0.00021886633, 0.0007023466, -0.000320358, -0.0013392968]
	Expected output: 	0111010001
	Actual output:  	0000000000
2025-10-22 14:45:01,381 - INFO - 	Model 26
	Initial weights:	[0.0, 0.0, 1.8274e-41, 0.0, 5.2267044e+17, 4.5857e-41, 6.7401435e-32, 0.0, 0.0, 0.0]
	Noised weights: 	[0.0005643683, 0.00060345826, -0.0003308951, 0.0005313338, 5.2267044e+17, -0.0009412267, -4.940379e-05, 0.0012149655, -0.00059420156, 0.0007573493]
	Expected output: 	0111010001
	Actual output:  	0000000000
2025-10-22 14:45:01,409 - INFO - 	Model 27
	Initial weights:	[0.0, 0.0, 1.8274e-41, 0.0, 5.2267044e+17, 4.5857e-41, 6.7401435e-32, 0.0, 0.0, 0.0]
	Noised weights: 	[-0.00043724544, -0.00057007757, -0.00097026484, -0.00028304406, 5.2267044e+17, 0.00047566523, 0.0005117173, -0.0004920813, -0.0009956795, -0.00015752601]
	Expected output: 	0111010001
	Actual output:  	0000000000
2025-10-22 14:45:01,438 - INFO - 	Model 28
	Initial weights:	[0.0, 0.0, 1.8274e-41, 0.0, 5.2267044e+17, 4.5857e-41, 6.7401435e-32, 0.0, 0.0, 0.0]
	Noised weights: 	[-0.0009967064, 0.00050607347, 0.00021017672, 2.3820721e-05, 5.2267044e+17, -0.0010826585, -0.00019906048, 0.001018424, 0.0005382545, -0.0013833763]
	Expected output: 	0111010001
	Actual output:  	0000000000
2025-10-22 14:45:01,466 - INFO - 	Model 29
	Initial weights:	[0.0, 0.0, 1.8274e-41, 0.0, 5.2267044e+17, 4.5857e-41, 6.7401435e-32, 0.0, 0.0, 0.0]
	Noised weights: 	[-0.00028698507, -0.00015537406, 0.0010997849, -0.001358048, 5.2267044e+17, -0.00058055314, 0.00026502516, -8.4768755e-05, -3.1147487e-05, 0.00071071164]
	Expected output: 	0111010001
	Actual output:  	0000000000
2025-10-22 14:45:01,494 - INFO - 	Model 30
	Initial weights:	[0.0, 0.0, 1.8274e-41, 0.0, 5.2267044e+17, 4.5857e-41, 6.7401435e-32, 0.0, 0.0, 0.0]
	Noised weights: 	[-0.0017267041, -8.6531945e-05, -0.00033850851, -0.0010303886, 5.2267044e+17, 0.0011835888, -0.0012460179, -4.2989268e-05, -3.5140731e-06, 0.00021463133]
	Expected output: 	0111010001
	Actual output:  	0000000000
2025-10-22 14:45:01,522 - INFO - 	Model 31
	Initial weights:	[0.0, 0.0, 1.8274e-41, 0.0, 5.2267044e+17, 4.5857e-41, 6.7401435e-32, 0.0, 0.0, 0.0]
	Noised weights: 	[-0.00042270322, 0.0021303853, 0.0007009492, 0.0018492893, 5.2267044e+17, -0.00090627396, -0.0004746194, -0.0007838121, -0.0020520033, 0.00015400977]
	Expected output: 	0111010001
	Actual output:  	0000000000
2025-10-22 14:45:01,550 - INFO - 	Model 32
	Initial weights:	[0.0, 0.0, 1.8274e-41, 0.0, 5.2267044e+17, 4.5857e-41, 6.7401435e-32, 0.0, 0.0, 0.0]
	Noised weights: 	[0.0005285644, 0.00028272672, 1.6964419e-05, 9.464704e-05, 5.2267044e+17, 0.0018914843, -1.818504e-05, -0.0011010136, 0.00016491057, -0.00056883285]
	Expected output: 	0111010001
	Actual output:  	0000000000
2025-10-22 14:45:01,578 - INFO - 	Model 33
	Initial weights:	[0.0, 0.0, 1.8274e-41, 0.0, 5.2267044e+17, 4.5857e-41, 6.7401435e-32, 0.0, 0.0, 0.0]
	Noised weights: 	[-0.0020460882, 0.0013656333, -0.0015186274, 0.0020429746, 5.2267044e+17, -0.00024471304, 0.00025378505, -0.00058607705, -0.0016251788, 0.0008341051]
	Expected output: 	0111010001
	Actual output:  	0000000000
2025-10-22 14:45:01,606 - INFO - 	Model 34
	Initial weights:	[0.0, 0.0, 1.8274e-41, 0.0, 5.2267044e+17, 4.5857e-41, 6.7401435e-32, 0.0, 0.0, 0.0]
	Noised weights: 	[-0.00029712432, -0.00046966271, -4.4935372e-05, 0.0008093657, 5.2267044e+17, -0.0014852352, -0.0015441214, 0.0006235095, -0.0001101062, -0.000101463986]
	Expected output: 	0111010001
	Actual output:  	0000000000
2025-10-22 14:45:01,640 - INFO - 	Model 35
	Initial weights:	[0.0, 0.0, 1.8274e-41, 0.0, 5.2267044e+17, 4.5857e-41, 6.7401435e-32, 0.0, 0.0, 0.0]
	Noised weights: 	[0.0008013274, -0.00040975012, 0.0011306442, 0.0016385929, 5.2267044e+17, 0.0008152696, -0.00015168065, -0.00014636946, -0.00044545674, -0.00079781574]
	Expected output: 	0111010001
	Actual output:  	0000000000
2025-10-22 14:45:01,670 - INFO - 	Model 36
	Initial weights:	[0.0, 0.0, 1.8274e-41, 0.0, 5.2267044e+17, 4.5857e-41, 6.7401435e-32, 0.0, 0.0, 0.0]
	Noised weights: 	[-0.00035344026, 0.00081301935, -0.0008316505, 0.0011621235, 5.2267044e+17, -0.0013243159, -0.0010530276, 0.0023562957, -0.0012228383, -0.00028601056]
	Expected output: 	0111010001
	Actual output:  	0000000000
2025-10-22 14:45:01,698 - INFO - 	Model 37
	Initial weights:	[0.0, 0.0, 1.8274e-41, 0.0, 5.2267044e+17, 4.5857e-41, 6.7401435e-32, 0.0, 0.0, 0.0]
	Noised weights: 	[-0.0004456911, -0.00015938283, -0.0008144652, -0.0002971776, 5.2267044e+17, -0.0019621747, -0.0017324771, -0.0003574862, -0.0006935718, 0.00082459755]
	Expected output: 	0111010001
	Actual output:  	0000000000
2025-10-22 14:45:01,727 - INFO - 	Model 38
	Initial weights:	[0.0, 0.0, 1.8274e-41, 0.0, 5.2267044e+17, 4.5857e-41, 6.7401435e-32, 0.0, 0.0, 0.0]
	Noised weights: 	[0.00017332473, -0.00035373706, -0.00031476532, 0.0006955881, 5.2267044e+17, 0.000113572365, 3.2053555e-05, 7.504612e-05, 0.00034975036, -0.0023163476]
	Expected output: 	0111010001
	Actual output:  	0000000000
2025-10-22 14:45:01,755 - INFO - 	Model 39
	Initial weights:	[0.0, 0.0, 1.8274e-41, 0.0, 5.2267044e+17, 4.5857e-41, 6.7401435e-32, 0.0, 0.0, 0.0]
	Noised weights: 	[-0.0014709568, -0.0005330851, 0.00016040202, -0.00019186239, 5.2267044e+17, 0.0012570889, 0.0001182841, 0.00015487157, 0.00090231356, -0.0013203081]
	Expected output: 	0111010001
	Actual output:  	0000000000
2025-10-22 14:45:01,784 - INFO - 	Model 40
	Initial weights:	[0.0, 0.0, 1.8274e-41, 0.0, 5.2267044e+17, 4.5857e-41, 6.7401435e-32, 0.0, 0.0, 0.0]
	Noised weights: 	[0.0005407618, -0.00029095967, 0.0006936287, 0.0001901484, 5.2267044e+17, 0.0017539763, -0.0007106421, 6.34707e-05, 0.0016907547, -0.0013519606]
	Expected output: 	0111010001
	Actual output:  	0000000000
2025-10-22 14:45:01,812 - INFO - 	Model 41
	Initial weights:	[0.0, 0.0, 1.8274e-41, 0.0, 5.2267044e+17, 4.5857e-41, 6.7401435e-32, 0.0, 0.0, 0.0]
	Noised weights: 	[-0.00010930703, 6.2401865e-05, 0.0014483092, -0.00061935245, 5.2267044e+17, -4.0735606e-05, -0.00018739072, -0.00033396142, 0.00087163335, 0.0016577562]
	Expected output: 	0111010001
	Actual output:  	0000000000
2025-10-22 14:45:01,841 - INFO - 	Model 42
	Initial weights:	[0.0, 0.0, 1.8274e-41, 0.0, 5.2267044e+17, 4.5857e-41, 6.7401435e-32, 0.0, 0.0, 0.0]
	Noised weights: 	[0.00018863706, 0.00065453653, 0.00011943465, 0.0013449112, 5.2267044e+17, 0.0007268942, -0.00020113362, -0.00032767947, -0.0011176305, -3.0210618e-05]
	Expected output: 	0111010001
	Actual output:  	0000000000
2025-10-22 14:45:01,869 - INFO - 	Model 43
	Initial weights:	[0.0, 0.0, 1.8274e-41, 0.0, 5.2267044e+17, 4.5857e-41, 6.7401435e-32, 0.0, 0.0, 0.0]
	Noised weights: 	[0.00043665085, 0.00041413226, -0.0006901516, -0.0015078309, 5.2267044e+17, -0.00045993802, 0.00018496932, 0.0018288943, -0.0007091998, 0.0017686422]
	Expected output: 	0111010001
	Actual output:  	0000000000
2025-10-22 14:45:01,897 - INFO - 	Model 44
	Initial weights:	[0.0, 0.0, 1.8274e-41, 0.0, 5.2267044e+17, 4.5857e-41, 6.7401435e-32, 0.0, 0.0, 0.0]
	Noised weights: 	[-0.0009136219, 0.00041494568, -1.9861547e-05, 0.001000997, 5.2267044e+17, 0.00047270753, -0.000473254, -0.0021017794, 0.0011752312, -0.0014758607]
	Expected output: 	0111010001
	Actual output:  	0000000000
2025-10-22 14:45:01,926 - INFO - 	Model 45
	Initial weights:	[0.0, 0.0, 1.8274e-41, 0.0, 5.2267044e+17, 4.5857e-41, 6.7401435e-32, 0.0, 0.0, 0.0]
	Noised weights: 	[-0.00011502991, 0.00041222866, -0.0005880392, -0.00087625504, 5.2267044e+17, -0.00017174319, -0.00077694096, -0.0008201194, 0.00037004377, -0.00028766246]
	Expected output: 	0111010001
	Actual output:  	0000000000
2025-10-22 14:45:01,954 - INFO - 	Model 46
	Initial weights:	[0.0, 0.0, 1.8274e-41, 0.0, 5.2267044e+17, 4.5857e-41, 6.7401435e-32, 0.0, 0.0, 0.0]
	Noised weights: 	[0.00037929643, -0.00095268607, -0.00043739096, 0.002299974, 5.2267044e+17, -0.00019769483, 0.0005907451, 0.00041635436, -0.0003633051, -0.00058673264]
	Expected output: 	0111010001
	Actual output:  	0000000000
2025-10-22 14:45:01,983 - INFO - 	Model 47
	Initial weights:	[0.0, 0.0, 1.8274e-41, 0.0, 5.2267044e+17, 4.5857e-41, 6.7401435e-32, 0.0, 0.0, 0.0]
	Noised weights: 	[4.7173526e-05, -0.00080128945, 0.0004943039, 6.31322e-06, 5.2267044e+17, 0.00012871013, -0.0013267495, -0.0010473025, -0.0010093489, 0.0005322986]
	Expected output: 	0111010001
	Actual output:  	0000000000
2025-10-22 14:45:02,011 - INFO - 	Model 48
	Initial weights:	[0.0, 0.0, 1.8274e-41, 0.0, 5.2267044e+17, 4.5857e-41, 6.7401435e-32, 0.0, 0.0, 0.0]
	Noised weights: 	[-0.00033875398, 0.0006690839, 0.00011976806, -0.00059463875, 5.2267044e+17, -0.00048517465, -0.0006890146, -0.0008528659, 0.0018699685, -0.00064878317]
	Expected output: 	0111010001
	Actual output:  	0000000000
2025-10-22 14:45:02,040 - INFO - 	Model 49
	Initial weights:	[0.0, 0.0, 1.8274e-41, 0.0, 5.2267044e+17, 4.5857e-41, 6.7401435e-32, 0.0, 0.0, 0.0]
	Noised weights: 	[-0.0013239273, -0.00063781603, -0.0008652145, -0.00054674555, 5.2267044e+17, -0.0021593086, 0.0012465453, 0.0003463023, -0.0002773408, -0.0013418882]
	Expected output: 	0111010001
	Actual output:  	0000000000
2025-10-22 14:45:02,043 - INFO -
Experiment 2 - Standard deviation: 0.002 ---------------------------------

2025-10-22 14:45:02,070 - INFO - 	Model 0
	Initial weights:	[0.0, 0.0, 1.8274e-41, 0.0, 5.2267044e+17, 4.5857e-41, 6.7401435e-32, 0.0, 0.0, 0.0]
	Noised weights: 	[-0.0043513365, -0.0022155293, 0.0004487102, 0.0019073418, 5.2267044e+17, -0.0024478338, 0.0014755126, 0.0016634661, 0.0010066446, -0.0007612865]
	Expected output: 	0111010001
	Actual output:  	0000000000
2025-10-22 14:45:02,099 - INFO - 	Model 1
	Initial weights:	[0.0, 0.0, 1.8274e-41, 0.0, 5.2267044e+17, 4.5857e-41, 6.7401435e-32, 0.0, 0.0, 0.0]
	Noised weights: 	[-0.0033952787, 0.00018093406, 0.0027834612, 0.0013133629, 5.2267044e+17, -0.00038409536, 0.00014496845, 0.00049989525, 0.00070295646, -0.0019533671]
	Expected output: 	0111010001
	Actual output:  	0000000000
2025-10-22 14:45:02,127 - INFO - 	Model 2
	Initial weights:	[0.0, 0.0, 1.8274e-41, 0.0, 5.2267044e+17, 4.5857e-41, 6.7401435e-32, 0.0, 0.0, 0.0]
	Noised weights: 	[0.0036169572, -0.004226309, 0.0041400655, 0.0012573992, 5.2267044e+17, 0.0004892075, -0.0004054396, 0.00030823666, -0.0007421389, 0.001090116]
	Expected output: 	0111010001
	Actual output:  	0000000000
2025-10-22 14:45:02,155 - INFO - 	Model 3
	Initial weights:	[0.0, 0.0, 1.8274e-41, 0.0, 5.2267044e+17, 4.5857e-41, 6.7401435e-32, 0.0, 0.0, 0.0]
	Noised weights: 	[-0.0018832906, 0.00026167353, 0.0007625076, -0.0014566068, 5.2267044e+17, 0.0008246843, 0.0043274728, -0.0027335885, 0.00025242235, 0.0029997982]
	Expected output: 	0111010001
	Actual output:  	0000000000
2025-10-22 14:45:02,184 - INFO - 	Model 4
	Initial weights:	[0.0, 0.0, 1.8274e-41, 0.0, 5.2267044e+17, 4.5857e-41, 6.7401435e-32, 0.0, 0.0, 0.0]
	Noised weights: 	[-0.0025850858, 0.0016633356, -0.00010322282, -0.0022055004, 5.2267044e+17, 0.00060974725, -0.0056640795, 0.0008592913, -0.0019979922, 0.0002604465]
	Expected output: 	0111010001
	Actual output:  	0000000000
2025-10-22 14:45:02,212 - INFO - 	Model 5
	Initial weights:	[0.0, 0.0, 1.8274e-41, 0.0, 5.2267044e+17, 4.5857e-41, 6.7401435e-32, 0.0, 0.0, 0.0]
	Noised weights: 	[0.0016409296, -0.0027682546, -0.0012734317, 0.002231424, 5.2267044e+17, 0.0012346357, -0.0012532615, 0.001149453, -0.0016645609, 0.0022301967]
	Expected output: 	0111010001
	Actual output:  	0000000000
2025-10-22 14:45:02,242 - INFO - 	Model 6
	Initial weights:	[0.0, 0.0, 1.8274e-41, 0.0, 5.2267044e+17, 4.5857e-41, 6.7401435e-32, 0.0, 0.0, 0.0]
	Noised weights: 	[0.0020410563, 0.0047576325, 0.001269096, 9.595613e-05, 5.2267044e+17, 0.0046265395, -0.0012773934, -0.0010373042, 0.0017871654, -0.001231967]
	Expected output: 	0111010001
	Actual output:  	0000000000
2025-10-22 14:45:02,271 - INFO - 	Model 7
	Initial weights:	[0.0, 0.0, 1.8274e-41, 0.0, 5.2267044e+17, 4.5857e-41, 6.7401435e-32, 0.0, 0.0, 0.0]
	Noised weights: 	[0.0022349686, 0.00032634012, 0.0016747646, 0.00044487373, 5.2267044e+17, -0.0011764828, 0.0013529655, -0.0008966568, -0.0014088458, 0.0013757243]
	Expected output: 	0111010001
	Actual output:  	0000000000
2025-10-22 14:45:02,299 - INFO - 	Model 8
	Initial weights:	[0.0, 0.0, 1.8274e-41, 0.0, 5.2267044e+17, 4.5857e-41, 6.7401435e-32, 0.0, 0.0, 0.0]
	Noised weights: 	[-0.0015021533, 0.0012080324, -0.0015453628, 0.0012871646, 5.2267044e+17, -0.0017045486, -0.00067719555, -0.0005813944, 0.0022080333, 0.0038035638]
	Expected output: 	0111010001
	Actual output:  	0000000000
2025-10-22 14:45:02,328 - INFO - 	Model 9
	Initial weights:	[0.0, 0.0, 1.8274e-41, 0.0, 5.2267044e+17, 4.5857e-41, 6.7401435e-32, 0.0, 0.0, 0.0]
	Noised weights: 	[-0.0031960367, -0.00052751746, -0.00031734572, -0.00077144644, 5.2267044e+17, 0.0036048999, -0.0017269502, -0.0018142429, 0.002802717, -0.00287646]
	Expected output: 	0111010001
	Actual output:  	0000000000
2025-10-22 14:45:02,356 - INFO - 	Model 10
	Initial weights:	[0.0, 0.0, 1.8274e-41, 0.0, 5.2267044e+17, 4.5857e-41, 6.7401435e-32, 0.0, 0.0, 0.0]
	Noised weights: 	[-0.0014857897, -0.0015161893, -0.00049127126, 0.00029991436, 5.2267044e+17, 0.00022994583, -0.0011521613, 0.0049829464, -0.001366934, -0.00039523176]
	Expected output: 	0111010001
	Actual output:  	0000000000
2025-10-22 14:45:02,389 - INFO - 	Model 11
	Initial weights:	[0.0, 0.0, 1.8274e-41, 0.0, 5.2267044e+17, 4.5857e-41, 6.7401435e-32, 0.0, 0.0, 0.0]
	Noised weights: 	[0.00023465253, -0.002534094, 0.0010778047, 0.0010504137, 5.2267044e+17, 0.0011889365, 0.0012103074, -0.0014897884, 0.002766245, -0.00089180475]
	Expected output: 	0111010001
	Actual output:  	0000000000
2025-10-22 14:45:02,422 - INFO - 	Model 12
	Initial weights:	[0.0, 0.0, 1.8274e-41, 0.0, 5.2267044e+17, 4.5857e-41, 6.7401435e-32, 0.0, 0.0, 0.0]
	Noised weights: 	[-0.0017314806, 0.00034436389, 0.0025389201, -0.00055316085, 5.2267044e+17, -0.0005018418, 0.0045094932, 0.00035604482, 0.0014231018, -0.0011501134]
	Expected output: 	0111010001
	Actual output:  	0000000000
2025-10-22 14:45:02,451 - INFO - 	Model 13
	Initial weights:	[0.0, 0.0, 1.8274e-41, 0.0, 5.2267044e+17, 4.5857e-41, 6.7401435e-32, 0.0, 0.0, 0.0]
	Noised weights: 	[-0.0014432541, -0.0020585193, -6.7323046e-05, -0.002245754, 5.2267044e+17, -0.00058154855, -0.0015146747, 4.1511154e-05, 0.002882565, 0.0018209643]
	Expected output: 	0111010001
	Actual output:  	0000000000
2025-10-22 14:45:02,479 - INFO - 	Model 14
	Initial weights:	[0.0, 0.0, 1.8274e-41, 0.0, 5.2267044e+17, 4.5857e-41, 6.7401435e-32, 0.0, 0.0, 0.0]
	Noised weights: 	[0.0029532453, 0.0010371023, -0.0032901312, 0.0007950355, 5.2267044e+17, -0.0016290513, -0.00020470904, 0.0034913889, 0.001729615, -0.0022210847]
	Expected output: 	0111010001
	Actual output:  	0000000000
2025-10-22 14:45:02,507 - INFO - 	Model 15
	Initial weights:	[0.0, 0.0, 1.8274e-41, 0.0, 5.2267044e+17, 4.5857e-41, 6.7401435e-32, 0.0, 0.0, 0.0]
	Noised weights: 	[0.00011669988, -0.0009905057, -0.00027914243, -0.0004951291, 5.2267044e+17, 0.0013443662, 0.0031251032, 0.00063756935, 7.6650605e-05, -0.001888507]
	Expected output: 	0111010001
	Actual output:  	0000000000
2025-10-22 14:45:02,535 - INFO - 	Model 16
	Initial weights:	[0.0, 0.0, 1.8274e-41, 0.0, 5.2267044e+17, 4.5857e-41, 6.7401435e-32, 0.0, 0.0, 0.0]
	Noised weights: 	[0.0015783629, -0.0022912647, 4.516274e-06, 0.0003153054, 5.2267044e+17, 0.0013562094, 0.0011123029, 0.0014492624, -0.002347621, -0.0025263124]
	Expected output: 	0111010001
	Actual output:  	0000000000
2025-10-22 14:45:02,564 - INFO - 	Model 17
	Initial weights:	[0.0, 0.0, 1.8274e-41, 0.0, 5.2267044e+17, 4.5857e-41, 6.7401435e-32, 0.0, 0.0, 0.0]
	Noised weights: 	[0.00046706854, 0.0021114976, -0.0027815548, -0.003069402, 5.2267044e+17, -0.0023510864, 4.1437128e-05, 0.00033213777, -0.0029677474, -0.0020619365]
	Expected output: 	0111010001
	Actual output:  	0000000000
2025-10-22 14:45:02,592 - INFO - 	Model 18
	Initial weights:	[0.0, 0.0, 1.8274e-41, 0.0, 5.2267044e+17, 4.5857e-41, 6.7401435e-32, 0.0, 0.0, 0.0]
	Noised weights: 	[-0.003306639, 0.0014489407, 0.0007351049, -0.0016339747, 5.2267044e+17, -0.0025495267, -0.0021656214, 0.0004924975, 0.0020959098, -0.0026052631]
	Expected output: 	0111010001
	Actual output:  	0000000000
2025-10-22 14:45:02,620 - INFO - 	Model 19
	Initial weights:	[0.0, 0.0, 1.8274e-41, 0.0, 5.2267044e+17, 4.5857e-41, 6.7401435e-32, 0.0, 0.0, 0.0]
	Noised weights: 	[-0.0008176259, 0.0024178412, -0.0035406041, -0.0016016897, 5.2267044e+17, -0.0011420421, -0.0019166786, -0.0015849285, -9.283387e-06, -0.00226333]
	Expected output: 	0111010001
	Actual output:  	0000000000
2025-10-22 14:45:02,649 - INFO - 	Model 20
	Initial weights:	[0.0, 0.0, 1.8274e-41, 0.0, 5.2267044e+17, 4.5857e-41, 6.7401435e-32, 0.0, 0.0, 0.0]
	Noised weights: 	[-0.0009916681, -0.003343125, -0.0023165268, -0.00023174085, 5.2267044e+17, 0.001494252, 0.0030349565, -1.4415675e-06, -0.0005636922, 0.0007901746]
	Expected output: 	0111010001
	Actual output:  	0000000000
2025-10-22 14:45:02,677 - INFO - 	Model 21
	Initial weights:	[0.0, 0.0, 1.8274e-41, 0.0, 5.2267044e+17, 4.5857e-41, 6.7401435e-32, 0.0, 0.0, 0.0]
	Noised weights: 	[-4.5516623e-05, -0.0033988883, 0.001543218, -0.003379659, 5.2267044e+17, -0.0023281376, 0.001305781, 0.000980877, -0.0038724309, 0.0004719175]
	Expected output: 	0111010001
	Actual output:  	0000000000
2025-10-22 14:45:02,711 - INFO - 	Model 22
	Initial weights:	[0.0, 0.0, 1.8274e-41, 0.0, 5.2267044e+17, 4.5857e-41, 6.7401435e-32, 0.0, 0.0, 0.0]
	Noised weights: 	[0.00096666825, -0.00024183579, -0.0018094071, -0.00205441, 5.2267044e+17, -0.0020193255, 0.0021853806, -0.0007047388, -0.0013426038, -0.0008357966]
	Expected output: 	0111010001
	Actual output:  	0000000000
2025-10-22 14:45:02,739 - INFO - 	Model 23
	Initial weights:	[0.0, 0.0, 1.8274e-41, 0.0, 5.2267044e+17, 4.5857e-41, 6.7401435e-32, 0.0, 0.0, 0.0]
	Noised weights: 	[0.0029824623, -0.0010917261, 0.0019618652, 0.002529465, 5.2267044e+17, 0.0005099613, 0.0032452743, 0.0009800156, -0.0049672513, -0.0004140461]
	Expected output: 	0111010001
	Actual output:  	0000000000
2025-10-22 14:45:02,768 - INFO - 	Model 24
	Initial weights:	[0.0, 0.0, 1.8274e-41, 0.0, 5.2267044e+17, 4.5857e-41, 6.7401435e-32, 0.0, 0.0, 0.0]
	Noised weights: 	[0.0004842493, 0.002373445, 0.0018650331, -0.0053593935, 5.2267044e+17, 0.0029141197, 0.00026173386, -0.004204953, -0.00013210932, -0.0040789666]
	Expected output: 	0111010001
	Actual output:  	0000000000
2025-10-22 14:45:02,796 - INFO - 	Model 25
	Initial weights:	[0.0, 0.0, 1.8274e-41, 0.0, 5.2267044e+17, 4.5857e-41, 6.7401435e-32, 0.0, 0.0, 0.0]
	Noised weights: 	[0.0004945623, 0.0004961292, 9.172835e-05, -0.0009471944, 5.2267044e+17, -0.0011754744, -0.0020987396, 0.00096053374, 0.003091703, -0.0033812905]
	Expected output: 	0111010001
	Actual output:  	0000000000
2025-10-22 14:45:02,824 - INFO - 	Model 26
	Initial weights:	[0.0, 0.0, 1.8274e-41, 0.0, 5.2267044e+17, 4.5857e-41, 6.7401435e-32, 0.0, 0.0, 0.0]
	Noised weights: 	[-0.0006807984, -0.0019200892, 0.00208031, 0.0019808593, 5.2267044e+17, 0.0024438086, -0.0006489348, 9.3319424e-05, 0.001694592, -0.0003766341]
	Expected output: 	0111010001
	Actual output:  	0000000000
2025-10-22 14:45:02,853 - INFO - 	Model 27
	Initial weights:	[0.0, 0.0, 1.8274e-41, 0.0, 5.2267044e+17, 4.5857e-41, 6.7401435e-32, 0.0, 0.0, 0.0]
	Noised weights: 	[0.00020963012, -0.0035141308, 0.0003033935, -0.0022795913, 5.2267044e+17, 0.0015200787, -0.0010935459, -0.00033251883, -0.0027847511, 0.0012021571]
	Expected output: 	0111010001
	Actual output:  	0000000000
2025-10-22 14:45:02,881 - INFO - 	Model 28
	Initial weights:	[0.0, 0.0, 1.8274e-41, 0.0, 5.2267044e+17, 4.5857e-41, 6.7401435e-32, 0.0, 0.0, 0.0]
	Noised weights: 	[-0.0006145612, 0.0031378511, 0.0017507782, -0.0044956733, 5.2267044e+17, 0.0015643814, -0.00026609926, -0.0008796421, -0.0027359247, -0.0008167341]
	Expected output: 	0111010001
	Actual output:  	0000000000
2025-10-22 14:45:02,909 - INFO - 	Model 29
	Initial weights:	[0.0, 0.0, 1.8274e-41, 0.0, 5.2267044e+17, 4.5857e-41, 6.7401435e-32, 0.0, 0.0, 0.0]
	Noised weights: 	[0.00022227358, -0.0033047087, -0.0041869823, 0.0015947765, 5.2267044e+17, -0.0009929761, -0.00057235366, -0.0005267207, 0.003664936, -0.0013943154]
	Expected output: 	0111010001
	Actual output:  	0000000000
2025-10-22 14:45:02,969 - INFO - 	Model 30
	Initial weights:	[0.0, 0.0, 1.8274e-41, 0.0, 5.2267044e+17, 4.5857e-41, 6.7401435e-32, 0.0, 0.0, 0.0]
	Noised weights: 	[-0.0005898982, -0.0021494618, 0.0007369157, -0.0002604923, 5.2267044e+17, -0.002020595, -0.0026068818, 0.00077451556, 0.00045167207, -0.001617957]
	Expected output: 	0111010001
	Actual output:  	0000000000
2025-10-22 14:45:02,999 - INFO - 	Model 31
	Initial weights:	[0.0, 0.0, 1.8274e-41, 0.0, 5.2267044e+17, 4.5857e-41, 6.7401435e-32, 0.0, 0.0, 0.0]
	Noised weights: 	[-0.0012479408, -0.0010215091, 0.0013869035, -0.00061907637, 5.2267044e+17, 0.001903715, -0.002130273, 6.38542e-05, 0.00015524265, -0.0038462754]
	Expected output: 	0111010001
	Actual output:  	0000000000
2025-10-22 14:45:03,028 - INFO - 	Model 32
	Initial weights:	[0.0, 0.0, 1.8274e-41, 0.0, 5.2267044e+17, 4.5857e-41, 6.7401435e-32, 0.0, 0.0, 0.0]
	Noised weights: 	[0.0019385654, 0.0002872304, -0.0032058097, 0.00030201953, 5.2267044e+17, -0.003731312, 0.0005984135, -0.0015066483, -0.0015075199, -0.001020309]
	Expected output: 	0111010001
	Actual output:  	0000000000
2025-10-22 14:45:03,057 - INFO - 	Model 33
	Initial weights:	[0.0, 0.0, 1.8274e-41, 0.0, 5.2267044e+17, 4.5857e-41, 6.7401435e-32, 0.0, 0.0, 0.0]
	Noised weights: 	[-0.0011918474, 0.0023233846, 0.00047561195, 0.0028783726, 5.2267044e+17, -0.0031487471, 0.0030396366, -0.0013541889, 0.0003124588, 0.00019326016]
	Expected output: 	0111010001
	Actual output:  	0000000000
2025-10-22 14:45:03,085 - INFO - 	Model 34
	Initial weights:	[0.0, 0.0, 1.8274e-41, 0.0, 5.2267044e+17, 4.5857e-41, 6.7401435e-32, 0.0, 0.0, 0.0]
	Noised weights: 	[0.002095354, 0.00097274524, 0.00065592566, 0.000869111, 5.2267044e+17, 0.0012932186, -0.002543234, -0.0026196127, 0.0020289142, -0.001685863]
	Expected output: 	0111010001
	Actual output:  	0000000000
2025-10-22 14:45:03,114 - INFO - 	Model 35
	Initial weights:	[0.0, 0.0, 1.8274e-41, 0.0, 5.2267044e+17, 4.5857e-41, 6.7401435e-32, 0.0, 0.0, 0.0]
	Noised weights: 	[0.0032369553, 0.0002815066, -0.00036339328, 0.0036106184, 5.2267044e+17, -0.0020730987, 0.0026909048, -0.00029345872, -0.00084208424, 0.0013975662]
	Expected output: 	0111010001
	Actual output:  	0000000000
2025-10-22 14:45:03,142 - INFO - 	Model 36
	Initial weights:	[0.0, 0.0, 1.8274e-41, 0.0, 5.2267044e+17, 4.5857e-41, 6.7401435e-32, 0.0, 0.0, 0.0]
	Noised weights: 	[-0.00089606224, -6.5986074e-05, -0.0018280357, -0.0015807919, 5.2267044e+17, 0.0005365918, -0.0028741746, -0.00018835369, -0.0016882562, -7.80214e-07]
	Expected output: 	0111010001
	Actual output:  	0000000000
2025-10-22 14:45:03,170 - INFO - 	Model 37
	Initial weights:	[0.0, 0.0, 1.8274e-41, 0.0, 5.2267044e+17, 4.5857e-41, 6.7401435e-32, 0.0, 0.0, 0.0]
	Noised weights: 	[-0.0010175571, 0.002553542, 0.002542324, -0.0008411542, 5.2267044e+17, 0.0029569601, -0.00036813354, 0.0015016702, 0.00035684023, 0.0021875335]
	Expected output: 	0111010001
	Actual output:  	0000000000
2025-10-22 14:45:03,199 - INFO - 	Model 38
	Initial weights:	[0.0, 0.0, 1.8274e-41, 0.0, 5.2267044e+17, 4.5857e-41, 6.7401435e-32, 0.0, 0.0, 0.0]
	Noised weights: 	[-0.0015616575, 0.0017950146, -0.0019241024, -0.0018622974, 5.2267044e+17, -0.0012927351, -0.004018573, 0.002877203, -0.0014414334, -4.6425477e-05]
	Expected output: 	0111010001
	Actual output:  	0000000000
2025-10-22 14:45:03,227 - INFO - 	Model 39
	Initial weights:	[0.0, 0.0, 1.8274e-41, 0.0, 5.2267044e+17, 4.5857e-41, 6.7401435e-32, 0.0, 0.0, 0.0]
	Noised weights: 	[-0.0016001619, 0.0039849584, -0.0007522094, -0.0034591015, 5.2267044e+17, -0.00053216016, 0.0003325679, 9.224612e-05, 0.00051750505, -0.0016817844]
	Expected output: 	0111010001
	Actual output:  	0000000000
2025-10-22 14:45:03,256 - INFO - 	Model 40
	Initial weights:	[0.0, 0.0, 1.8274e-41, 0.0, 5.2267044e+17, 4.5857e-41, 6.7401435e-32, 0.0, 0.0, 0.0]
	Noised weights: 	[-0.001586592, 0.0009741707, 0.0022157773, 0.001330327, 5.2267044e+17, -0.0023141017, 0.001710428, 0.0013212885, 0.002401592, -0.000809655]
	Expected output: 	0111010001
	Actual output:  	0000000000
2025-10-22 14:45:03,284 - INFO - 	Model 41
	Initial weights:	[0.0, 0.0, 1.8274e-41, 0.0, 5.2267044e+17, 4.5857e-41, 6.7401435e-32, 0.0, 0.0, 0.0]
	Noised weights: 	[0.0010391606, 0.00064111466, -0.001089867, -0.0008746811, 5.2267044e+17, 0.00086388394, -0.00014625092, -0.0010446392, 6.222654e-05, 0.00010490658]
	Expected output: 	0111010001
	Actual output:  	0000000000
2025-10-22 14:45:03,314 - INFO - 	Model 42
	Initial weights:	[0.0, 0.0, 1.8274e-41, 0.0, 5.2267044e+17, 4.5857e-41, 6.7401435e-32, 0.0, 0.0, 0.0]
	Noised weights: 	[-0.0027132044, 0.00073631667, -0.004479384, 0.00049202424, 5.2267044e+17, -0.00037582195, 0.0017838038, 0.0004323826, 0.00017995313, 0.0005429292]
	Expected output: 	0111010001
	Actual output:  	0000000000
2025-10-22 14:45:03,342 - INFO - 	Model 43
	Initial weights:	[0.0, 0.0, 1.8274e-41, 0.0, 5.2267044e+17, 4.5857e-41, 6.7401435e-32, 0.0, 0.0, 0.0]
	Noised weights: 	[-0.0039218683, -0.003650363, -0.0023820652, -0.0004773138, 5.2267044e+17, 0.0021272628, 0.00045673747, -0.001400849, -0.0005830008, 0.00055865233]
	Expected output: 	0111010001
	Actual output:  	0000000000
2025-10-22 14:45:03,371 - INFO - 	Model 44
	Initial weights:	[0.0, 0.0, 1.8274e-41, 0.0, 5.2267044e+17, 4.5857e-41, 6.7401435e-32, 0.0, 0.0, 0.0]
	Noised weights: 	[0.0025794667, 0.0014786157, -0.00441681, 0.0011646893, 5.2267044e+17, 0.00085794315, 0.0011245558, -0.0035106766, 0.00080112583, 0.0013954979]
	Expected output: 	0111010001
	Actual output:  	0000000000
2025-10-22 14:45:03,399 - INFO - 	Model 45
	Initial weights:	[0.0, 0.0, 1.8274e-41, 0.0, 5.2267044e+17, 4.5857e-41, 6.7401435e-32, 0.0, 0.0, 0.0]
	Noised weights: 	[-0.0005392145, 0.001225911, -0.0011046857, 0.0071056336, 5.2267044e+17, -0.0022345823, -0.0018866189, 0.0015703359, -0.002337908, 0.0015616975]
	Expected output: 	0111010001
	Actual output:  	0000000000
2025-10-22 14:45:03,427 - INFO - 	Model 46
	Initial weights:	[0.0, 0.0, 1.8274e-41, 0.0, 5.2267044e+17, 4.5857e-41, 6.7401435e-32, 0.0, 0.0, 0.0]
	Noised weights: 	[0.001473154, 0.00065352087, -0.0032480878, -0.0009887557, 5.2267044e+17, 0.0018188553, 0.0021033431, -0.0008938665, -0.0013363983, -0.0020145506]
	Expected output: 	0111010001
	Actual output:  	0000000000
2025-10-22 14:45:03,455 - INFO - 	Model 47
	Initial weights:	[0.0, 0.0, 1.8274e-41, 0.0, 5.2267044e+17, 4.5857e-41, 6.7401435e-32, 0.0, 0.0, 0.0]
	Noised weights: 	[-0.0023541509, -0.0018896939, 0.005230392, -0.0007879608, 5.2267044e+17, 0.0017121751, -0.001340353, 0.002411312, -0.0006143967, -0.0012757122]
	Expected output: 	0111010001
	Actual output:  	0000000000
2025-10-22 14:45:03,484 - INFO - 	Model 48
	Initial weights:	[0.0, 0.0, 1.8274e-41, 0.0, 5.2267044e+17, 4.5857e-41, 6.7401435e-32, 0.0, 0.0, 0.0]
	Noised weights: 	[-0.0007592131, 0.0022355483, 0.0009424816, -0.0011891315, 5.2267044e+17, 0.0004487357, -0.0035158722, -0.0021802378, 0.0018414183, -0.0024199476]
	Expected output: 	0111010001
	Actual output:  	0000000000
2025-10-22 14:45:03,512 - INFO - 	Model 49
	Initial weights:	[0.0, 0.0, 1.8274e-41, 0.0, 5.2267044e+17, 4.5857e-41, 6.7401435e-32, 0.0, 0.0, 0.0]
	Noised weights: 	[-0.0017220819, -0.00031684808, 0.0024045026, 0.00021362928, 5.2267044e+17, 0.0019068628, -0.0021906637, -0.0013508127, 0.0013232912, 0.00031149888]
	Expected output: 	0111010001
	Actual output:  	0000000000
2025-10-22 14:45:03,515 - INFO -
Experiment 3 - Standard deviation: 0.003 ---------------------------------

2025-10-22 14:45:03,542 - INFO - 	Model 0
	Initial weights:	[0.0, 0.0, 1.8274e-41, 0.0, 5.2267044e+17, 4.5857e-41, 6.7401435e-32, 0.0, 0.0, 0.0]
	Noised weights: 	[-0.004583382, -0.002335305, -0.002639684, -0.0003327143, 5.2267044e+17, 0.004455485, -0.0010164826, 0.0047972747, 0.00071928813, -0.0008979627]
	Expected output: 	0111010001
	Actual output:  	0000000000
2025-10-22 14:45:03,570 - INFO - 	Model 1
	Initial weights:	[0.0, 0.0, 1.8274e-41, 0.0, 5.2267044e+17, 4.5857e-41, 6.7401435e-32, 0.0, 0.0, 0.0]
	Noised weights: 	[-0.0023921244, 0.0036167114, -0.0022769952, 0.003345577, 5.2267044e+17, -0.0006125865, -0.002245161, 0.004770944, -0.0033148844, 0.0002665769]
	Expected output: 	0111010001
	Actual output:  	0000000000
2025-10-22 14:45:03,598 - INFO - 	Model 2
	Initial weights:	[0.0, 0.0, 1.8274e-41, 0.0, 5.2267044e+17, 4.5857e-41, 6.7401435e-32, 0.0, 0.0, 0.0]
	Noised weights: 	[-0.0006397943, -0.0030371584, 0.0020021752, 0.0024273342, 5.2267044e+17, -0.00096320634, -0.0010872803, -0.0027345119, -0.0040243487, 0.005090767]
	Expected output: 	0111010001
	Actual output:  	0000000000
2025-10-22 14:45:03,627 - INFO - 	Model 3
	Initial weights:	[0.0, 0.0, 1.8274e-41, 0.0, 5.2267044e+17, 4.5857e-41, 6.7401435e-32, 0.0, 0.0, 0.0]
	Noised weights: 	[0.0069835233, -0.0038563658, -0.0041036857, 0.0031068753, 5.2267044e+17, -0.0020112516, 0.002155828, -0.002067568, 0.0001887537, 0.0035966954]
	Expected output: 	0111010001
	Actual output:  	0000000000
2025-10-22 14:45:03,655 - INFO - 	Model 4
	Initial weights:	[0.0, 0.0, 1.8274e-41, 0.0, 5.2267044e+17, 4.5857e-41, 6.7401435e-32, 0.0, 0.0, 0.0]
	Noised weights: 	[0.0013202999, -0.003724903, -0.0037076056, 0.0028020616, 5.2267044e+17, -0.0050227256, 0.0023129696, -0.004772037, -0.0011562699, -0.0021865417]
	Expected output: 	0111010001
	Actual output:  	0000000000
2025-10-22 14:45:03,683 - INFO - 	Model 5
	Initial weights:	[0.0, 0.0, 1.8274e-41, 0.0, 5.2267044e+17, 4.5857e-41, 6.7401435e-32, 0.0, 0.0, 0.0]
	Noised weights: 	[0.002980134, -0.0026334007, -0.0013997337, 0.003146248, 5.2267044e+17, 0.0034037405, -0.0032647944, -0.0017047746, 3.8545535e-05, 0.0006716058]
	Expected output: 	0111010001
	Actual output:  	0000000000
2025-10-22 14:45:03,716 - INFO - 	Model 6
	Initial weights:	[0.0, 0.0, 1.8274e-41, 0.0, 5.2267044e+17, 4.5857e-41, 6.7401435e-32, 0.0, 0.0, 0.0]
	Noised weights: 	[-0.004181867, 0.0039061415, 0.0075262254, 0.0016772097, 5.2267044e+17, 0.0022054485, 0.0017046228, 0.0011065281, 6.543442e-05, -0.005863684]
	Expected output: 	0111010001
	Actual output:  	0000000000
2025-10-22 14:45:03,745 - INFO - 	Model 7
	Initial weights:	[0.0, 0.0, 1.8274e-41, 0.0, 5.2267044e+17, 4.5857e-41, 6.7401435e-32, 0.0, 0.0, 0.0]
	Noised weights: 	[0.002427633, 0.0021571293, 0.00602089, -0.0027105226, 5.2267044e+17, -0.005582387, 0.0051034116, -0.0059228656, -0.0019770141, -0.002544292]
	Expected output: 	0111010001
	Actual output:  	0000000000
2025-10-22 14:45:03,779 - INFO - 	Model 8
	Initial weights:	[0.0, 0.0, 1.8274e-41, 0.0, 5.2267044e+17, 4.5857e-41, 6.7401435e-32, 0.0, 0.0, 0.0]
	Noised weights: 	[-0.0017508904, 0.004135446, -7.4966e-05, 0.0022782874, 5.2267044e+17, -0.0005227381, -0.0029699341, 0.003187188, 0.00025843942, 0.0019406864]
	Expected output: 	0111010001
	Actual output:  	0000000000
2025-10-22 14:45:03,807 - INFO - 	Model 9
	Initial weights:	[0.0, 0.0, 1.8274e-41, 0.0, 5.2267044e+17, 4.5857e-41, 6.7401435e-32, 0.0, 0.0, 0.0]
	Noised weights: 	[0.0012553458, 0.0064489557, -0.0012621027, 0.0026112092, 5.2267044e+17, -0.0048172767, -0.0052554985, 0.00081424805, -0.0019560978, -0.0025811798]
	Expected output: 	0111010001
	Actual output:  	0000000000
2025-10-22 14:45:03,836 - INFO - 	Model 10
	Initial weights:	[0.0, 0.0, 1.8274e-41, 0.0, 5.2267044e+17, 4.5857e-41, 6.7401435e-32, 0.0, 0.0, 0.0]
	Noised weights: 	[-0.00061928213, -0.0037801894, 0.0032462908, 5.687849e-05, 5.2267044e+17, 0.0046010246, -0.006220062, -0.0047277845, -0.0018450557, -0.0012472315]
	Expected output: 	0111010001
	Actual output:  	0000000000
2025-10-22 14:45:03,864 - INFO - 	Model 11
	Initial weights:	[0.0, 0.0, 1.8274e-41, 0.0, 5.2267044e+17, 4.5857e-41, 6.7401435e-32, 0.0, 0.0, 0.0]
	Noised weights: 	[0.003581987, 0.0001696921, -0.0004948111, 0.0018780221, 5.2267044e+17, 0.0007851223, 0.0043004593, 0.0010116707, 0.00058957835, -0.0056609786]
	Expected output: 	0111010001
	Actual output:  	0000000000
2025-10-22 14:45:03,892 - INFO - 	Model 12
	Initial weights:	[0.0, 0.0, 1.8274e-41, 0.0, 5.2267044e+17, 4.5857e-41, 6.7401435e-32, 0.0, 0.0, 0.0]
	Noised weights: 	[0.0003881786, -0.00024633217, 0.0025736138, -0.0012084906, 5.2267044e+17, 0.0016569075, -0.0042497125, -0.00020019128, 0.0022525548, -0.0015539858]
	Expected output: 	0111010001
	Actual output:  	0000000000
2025-10-22 14:45:03,920 - INFO - 	Model 13
	Initial weights:	[0.0, 0.0, 1.8274e-41, 0.0, 5.2267044e+17, 4.5857e-41, 6.7401435e-32, 0.0, 0.0, 0.0]
	Noised weights: 	[-0.0057157637, -0.0017785932, 0.002841239, 0.005163611, 5.2267044e+17, -0.010846573, 0.0010940031, 0.0026849357, 0.0025235002, -0.002481645]
	Expected output: 	0111010001
	Actual output:  	0000000000
2025-10-22 14:45:03,948 - INFO - 	Model 14
	Initial weights:	[0.0, 0.0, 1.8274e-41, 0.0, 5.2267044e+17, 4.5857e-41, 6.7401435e-32, 0.0, 0.0, 0.0]
	Noised weights: 	[-0.003554858, 0.00078798295, -0.0008532195, 0.0048651616, 5.2267044e+17, -0.0022919762, -0.005182506, -0.00415181, -0.006605424, -0.0033512071]
	Expected output: 	0111010001
	Actual output:  	0000000000
2025-10-22 14:45:03,977 - INFO - 	Model 15
	Initial weights:	[0.0, 0.0, 1.8274e-41, 0.0, 5.2267044e+17, 4.5857e-41, 6.7401435e-32, 0.0, 0.0, 0.0]
	Noised weights: 	[-0.0010321559, 0.00048521569, 0.0017982469, -0.0004489043, 5.2267044e+17, -0.0010427615, 0.0033565725, 0.0017128434, -0.002881363, 0.0007665424]
	Expected output: 	0111010001
	Actual output:  	0000000000
2025-10-22 14:45:04,006 - INFO - 	Model 16
	Initial weights:	[0.0, 0.0, 1.8274e-41, 0.0, 5.2267044e+17, 4.5857e-41, 6.7401435e-32, 0.0, 0.0, 0.0]
	Noised weights: 	[-0.00093074073, 0.0030231413, 0.0060142074, -0.0014459935, 5.2267044e+17, 0.0039286446, 0.0023434348, -0.0012470456, -0.0008250728, 0.0004001839]
	Expected output: 	0111010001
	Actual output:  	0000000000
2025-10-22 14:45:04,034 - INFO - 	Model 17
	Initial weights:	[0.0, 0.0, 1.8274e-41, 0.0, 5.2267044e+17, 4.5857e-41, 6.7401435e-32, 0.0, 0.0, 0.0]
	Noised weights: 	[-0.00047026994, 0.00015907924, -0.00096329366, -0.00017206815, 5.2267044e+17, 0.0029026866, -0.0031910306, -0.0013101221, 0.0041065933, -0.0033909052]
	Expected output: 	0111010001
	Actual output:  	0000000000
2025-10-22 14:45:04,062 - INFO - 	Model 18
	Initial weights:	[0.0, 0.0, 1.8274e-41, 0.0, 5.2267044e+17, 4.5857e-41, 6.7401435e-32, 0.0, 0.0, 0.0]
	Noised weights: 	[0.00157422, 0.0024264622, -0.0012627484, 0.00032732548, 5.2267044e+17, 0.00013973686, 0.0028850993, 0.001637831, -0.0003844406, 0.0010770278]
	Expected output: 	0111010001
	Actual output:  	0000000000
2025-10-22 14:45:04,090 - INFO - 	Model 19
	Initial weights:	[0.0, 0.0, 1.8274e-41, 0.0, 5.2267044e+17, 4.5857e-41, 6.7401435e-32, 0.0, 0.0, 0.0]
	Noised weights: 	[0.0019614536, 0.00038018494, -0.0035714793, 0.004818403, 5.2267044e+17, 0.00017551766, -0.001255517, 0.0020037864, 0.00033936105, 0.0026582165]
	Expected output: 	0111010001
	Actual output:  	0000000000
2025-10-22 14:45:04,119 - INFO - 	Model 20
	Initial weights:	[0.0, 0.0, 1.8274e-41, 0.0, 5.2267044e+17, 4.5857e-41, 6.7401435e-32, 0.0, 0.0, 0.0]
	Noised weights: 	[-0.0027149483, 0.0015100178, 0.001352959, -0.0057638153, 5.2267044e+17, 0.001436537, 0.0032728575, -0.0022477354, 0.0013902797, 0.004144095]
	Expected output: 	0111010001
	Actual output:  	0000000000
2025-10-22 14:45:04,147 - INFO - 	Model 21
	Initial weights:	[0.0, 0.0, 1.8274e-41, 0.0, 5.2267044e+17, 4.5857e-41, 6.7401435e-32, 0.0, 0.0, 0.0]
	Noised weights: 	[-0.0023844475, -0.003077521, 0.0048875324, -0.004481507, 5.2267044e+17, -0.0032115988, 0.002286027, -0.001914896, -0.00046394183, 0.00062949536]
	Expected output: 	0111010001
	Actual output:  	0000000000
2025-10-22 14:45:04,175 - INFO - 	Model 22
	Initial weights:	[0.0, 0.0, 1.8274e-41, 0.0, 5.2267044e+17, 4.5857e-41, 6.7401435e-32, 0.0, 0.0, 0.0]
	Noised weights: 	[0.00188659, -0.004115183, -0.003046963, -0.0047494117, 5.2267044e+17, -0.005459588, 0.0024588837, 0.002735304, 0.0016483619, 0.0013785181]
	Expected output: 	0111010001
	Actual output:  	0000000000
2025-10-22 14:45:04,204 - INFO - 	Model 23
	Initial weights:	[0.0, 0.0, 1.8274e-41, 0.0, 5.2267044e+17, 4.5857e-41, 6.7401435e-32, 0.0, 0.0, 0.0]
	Noised weights: 	[0.0035728996, -0.0003372135, 0.00448231, 0.0020827588, 5.2267044e+17, -0.0019159665, 0.003335758, 0.0017152282, 0.0009890312, -0.0029387898]
	Expected output: 	0111010001
	Actual output:  	0000000000
2025-10-22 14:45:04,232 - INFO - 	Model 24
	Initial weights:	[0.0, 0.0, 1.8274e-41, 0.0, 5.2267044e+17, 4.5857e-41, 6.7401435e-32, 0.0, 0.0, 0.0]
	Noised weights: 	[-0.003362629, 0.0032641522, -0.0029674764, 0.0017388846, 5.2267044e+17, -0.0007606671, -0.004552431, -0.0021681685, 0.0025695832, 0.0020388998]
	Expected output: 	0111010001
	Actual output:  	0000000000
2025-10-22 14:45:04,260 - INFO - 	Model 25
	Initial weights:	[0.0, 0.0, 1.8274e-41, 0.0, 5.2267044e+17, 4.5857e-41, 6.7401435e-32, 0.0, 0.0, 0.0]
	Noised weights: 	[-0.0011410575, -0.0022474322, 0.0020710935, -0.00064331613, 5.2267044e+17, -0.00015847117, 6.3982574e-05, -0.0037683703, -0.00048550448, -0.006624288]
	Expected output: 	0111010001
	Actual output:  	0000000000
2025-10-22 14:45:04,288 - INFO - 	Model 26
	Initial weights:	[0.0, 0.0, 1.8274e-41, 0.0, 5.2267044e+17, 4.5857e-41, 6.7401435e-32, 0.0, 0.0, 0.0]
	Noised weights: 	[0.0070770746, 0.00079694716, 0.00020489893, 0.002127859, 5.2267044e+17, 0.0025736196, 0.0013280367, 0.0033035781, -0.00053399976, -0.00030831105]
	Expected output: 	0111010001
	Actual output:  	0000000000
2025-10-22 14:45:04,321 - INFO - 	Model 27
	Initial weights:	[0.0, 0.0, 1.8274e-41, 0.0, 5.2267044e+17, 4.5857e-41, 6.7401435e-32, 0.0, 0.0, 0.0]
	Noised weights: 	[-0.0076678437, 0.00052387983, 0.0022101956, 0.0025876348, 5.2267044e+17, -0.00024151981, -0.0046882215, 0.0012053516, -0.00021166877, -0.0036800725]
	Expected output: 	0111010001
	Actual output:  	0000000000
2025-10-22 14:45:04,351 - INFO - 	Model 28
	Initial weights:	[0.0, 0.0, 1.8274e-41, 0.0, 5.2267044e+17, 4.5857e-41, 6.7401435e-32, 0.0, 0.0, 0.0]
	Noised weights: 	[-0.00049130386, 0.0027866212, -0.0014607718, -0.0013914552, 5.2267044e+17, 0.0011052552, 0.0010428657, 0.0025485228, 0.0011993538, 0.0024022555]
	Expected output: 	0111010001
	Actual output:  	0000000000
2025-10-22 14:45:04,380 - INFO - 	Model 29
	Initial weights:	[0.0, 0.0, 1.8274e-41, 0.0, 5.2267044e+17, 4.5857e-41, 6.7401435e-32, 0.0, 0.0, 0.0]
	Noised weights: 	[0.0010443586, -0.00022566703, -0.0008382149, -0.00095041614, 5.2267044e+17, 0.0017518356, 0.0011854672, 0.0028425583, 0.0014161166, -0.0008761058]
	Expected output: 	0111010001
	Actual output:  	0000000000
2025-10-22 14:45:04,408 - INFO - 	Model 30
	Initial weights:	[0.0, 0.0, 1.8274e-41, 0.0, 5.2267044e+17, 4.5857e-41, 6.7401435e-32, 0.0, 0.0, 0.0]
	Noised weights: 	[0.0004359688, -0.0016539801, 0.0004733241, 0.0049323575, 5.2267044e+17, -0.004971366, -0.0027528617, -0.0040819803, 0.0015839821, -0.0037354573]
	Expected output: 	0111010001
	Actual output:  	0000000000
2025-10-22 14:45:04,437 - INFO - 	Model 31
	Initial weights:	[0.0, 0.0, 1.8274e-41, 0.0, 5.2267044e+17, 4.5857e-41, 6.7401435e-32, 0.0, 0.0, 0.0]
	Noised weights: 	[-0.0012490947, -0.003635785, -0.0004677097, 0.002389531, 5.2267044e+17, 0.002052448, -0.004004939, -0.0014018321, 0.0034061058, 0.001588679]
	Expected output: 	0111010001
	Actual output:  	0000000000
2025-10-22 14:45:04,465 - INFO - 	Model 32
	Initial weights:	[0.0, 0.0, 1.8274e-41, 0.0, 5.2267044e+17, 4.5857e-41, 6.7401435e-32, 0.0, 0.0, 0.0]
	Noised weights: 	[0.002518847, -0.0015438407, 0.00091242767, -0.0011046362, 5.2267044e+17, 0.0014490846, 0.0004363725, -0.002690303, 0.007804001, 0.0014192067]
	Expected output: 	0111010001
	Actual output:  	0000000000
2025-10-22 14:45:04,493 - INFO - 	Model 33
	Initial weights:	[0.0, 0.0, 1.8274e-41, 0.0, 5.2267044e+17, 4.5857e-41, 6.7401435e-32, 0.0, 0.0, 0.0]
	Noised weights: 	[0.000706748, -0.0018389635, 0.0030387773, 0.003154275, 5.2267044e+17, -0.0011146192, -0.001828993, 0.003942808, 0.001676497, 0.004426632]
	Expected output: 	0111010001
	Actual output:  	0000000000
2025-10-22 14:45:04,522 - INFO - 	Model 34
	Initial weights:	[0.0, 0.0, 1.8274e-41, 0.0, 5.2267044e+17, 4.5857e-41, 6.7401435e-32, 0.0, 0.0, 0.0]
	Noised weights: 	[-0.0023321365, 0.0021286707, -0.0022545538, -0.0014604361, 5.2267044e+17, 0.0025333911, 0.0009025863, -0.00066207355, 0.00805432, 0.0022262118]
	Expected output: 	0111010001
	Actual output:  	0000000000
2025-10-22 14:45:04,550 - INFO - 	Model 35
	Initial weights:	[0.0, 0.0, 1.8274e-41, 0.0, 5.2267044e+17, 4.5857e-41, 6.7401435e-32, 0.0, 0.0, 0.0]
	Noised weights: 	[-0.0009533164, 0.00036691088, -0.0006857368, -0.0005590857, 5.2267044e+17, 0.0033562363, -0.005684912, -0.0032015173, 0.0008378852, -0.0008178934]
	Expected output: 	0111010001
	Actual output:  	0000000000
2025-10-22 14:45:04,579 - INFO - 	Model 36
	Initial weights:	[0.0, 0.0, 1.8274e-41, 0.0, 5.2267044e+17, 4.5857e-41, 6.7401435e-32, 0.0, 0.0, 0.0]
	Noised weights: 	[-8.450003e-05, -0.002666204, -0.00041268757, 0.0031566871, 5.2267044e+17, 0.0021279023, 0.0023751236, -0.004645223, 0.0027508151, -0.0003426618]
	Expected output: 	0111010001
	Actual output:  	0000000000
2025-10-22 14:45:04,607 - INFO - 	Model 37
	Initial weights:	[0.0, 0.0, 1.8274e-41, 0.0, 5.2267044e+17, 4.5857e-41, 6.7401435e-32, 0.0, 0.0, 0.0]
	Noised weights: 	[0.004703731, -0.0029778853, 0.0004409167, 0.00020241851, 5.2267044e+17, -0.0043170145, -7.1317976e-05, 0.0005143548, 0.0025698051, -0.0014289586]
	Expected output: 	0111010001
	Actual output:  	0000000000
2025-10-22 14:45:04,635 - INFO - 	Model 38
	Initial weights:	[0.0, 0.0, 1.8274e-41, 0.0, 5.2267044e+17, 4.5857e-41, 6.7401435e-32, 0.0, 0.0, 0.0]
	Noised weights: 	[-0.0006858926, 0.0019304691, 0.0023173299, 0.00012942115, 5.2267044e+17, -0.0021650363, -0.00083113427, 0.0014241666, -0.003641975, -0.002338717]
	Expected output: 	0111010001
	Actual output:  	0000000000
2025-10-22 14:45:04,663 - INFO - 	Model 39
	Initial weights:	[0.0, 0.0, 1.8274e-41, 0.0, 5.2267044e+17, 4.5857e-41, 6.7401435e-32, 0.0, 0.0, 0.0]
	Noised weights: 	[0.002093213, -0.0005972879, 0.003127776, 0.00076531555, 5.2267044e+17, -0.0015372866, 0.0030480728, -0.0005320388, -0.0009388403, -0.00063181523]
	Expected output: 	0111010001
	Actual output:  	0000000000
2025-10-22 14:45:04,692 - INFO - 	Model 40
	Initial weights:	[0.0, 0.0, 1.8274e-41, 0.0, 5.2267044e+17, 4.5857e-41, 6.7401435e-32, 0.0, 0.0, 0.0]
	Noised weights: 	[0.00050320924, 0.0045491313, 0.000842014, -2.6674097e-05, 5.2267044e+17, 0.005474759, -0.0016973069, -0.0047952523, -0.0010765998, 0.0023129748]
	Expected output: 	0111010001
	Actual output:  	0000000000
2025-10-22 14:45:04,720 - INFO - 	Model 41
	Initial weights:	[0.0, 0.0, 1.8274e-41, 0.0, 5.2267044e+17, 4.5857e-41, 6.7401435e-32, 0.0, 0.0, 0.0]
	Noised weights: 	[0.004073431, 0.0021436228, 8.920458e-05, -0.000654239, 5.2267044e+17, -0.0032066193, 0.0014694002, 0.0016571141, -0.0015701107, -0.0029135002]
	Expected output: 	0111010001
	Actual output:  	0000000000
2025-10-22 14:45:04,749 - INFO - 	Model 42
	Initial weights:	[0.0, 0.0, 1.8274e-41, 0.0, 5.2267044e+17, 4.5857e-41, 6.7401435e-32, 0.0, 0.0, 0.0]
	Noised weights: 	[-0.0020101354, 0.0005617685, 0.00026370137, -0.0023569686, 5.2267044e+17, -0.003142117, -0.0043978402, -0.0015528402, 0.006016228, -0.00079558877]
	Expected output: 	0111010001
	Actual output:  	0000000000
2025-10-22 14:45:04,777 - INFO - 	Model 43
	Initial weights:	[0.0, 0.0, 1.8274e-41, 0.0, 5.2267044e+17, 4.5857e-41, 6.7401435e-32, 0.0, 0.0, 0.0]
	Noised weights: 	[1.2325596e-05, 0.00068901235, 0.0014762164, -0.0032016519, 5.2267044e+17, 0.00026636725, 0.00040010034, -0.00021761886, 0.005977567, 0.004292094]
	Expected output: 	0111010001
	Actual output:  	0000000000
2025-10-22 14:45:04,805 - INFO - 	Model 44
	Initial weights:	[0.0, 0.0, 1.8274e-41, 0.0, 5.2267044e+17, 4.5857e-41, 6.7401435e-32, 0.0, 0.0, 0.0]
	Noised weights: 	[0.0010000505, 0.0014025071, -0.0072713965, 0.0059185186, 5.2267044e+17, -0.003977366, 0.0032482974, -0.0056651384, 0.006114891, -0.00046948757]
	Expected output: 	0111010001
	Actual output:  	0000000000
2025-10-22 14:45:04,833 - INFO - 	Model 45
	Initial weights:	[0.0, 0.0, 1.8274e-41, 0.0, 5.2267044e+17, 4.5857e-41, 6.7401435e-32, 0.0, 0.0, 0.0]
	Noised weights: 	[-0.0004884283, 0.0011263588, -0.0041924594, 0.002064612, 5.2267044e+17, 0.0028844662, 0.0010005338, 0.0014935822, -0.004386479, 0.0013169675]
	Expected output: 	0111010001
	Actual output:  	0000000000
2025-10-22 14:45:04,863 - INFO - 	Model 46
	Initial weights:	[0.0, 0.0, 1.8274e-41, 0.0, 5.2267044e+17, 4.5857e-41, 6.7401435e-32, 0.0, 0.0, 0.0]
	Noised weights: 	[0.0038031898, 0.00080989057, 0.0023444928, 0.0013081896, 5.2267044e+17, -0.0012826597, -0.00083298254, 0.0012143728, -5.422774e-05, -0.0024150803]
	Expected output: 	0111010001
	Actual output:  	0000000000
2025-10-22 14:45:04,891 - INFO - 	Model 47
	Initial weights:	[0.0, 0.0, 1.8274e-41, 0.0, 5.2267044e+17, 4.5857e-41, 6.7401435e-32, 0.0, 0.0, 0.0]
	Noised weights: 	[-0.0033837608, 0.002699068, -0.003357177, -0.0002158956, 5.2267044e+17, 0.004855025, -0.00086560415, -0.00044316193, 3.758006e-05, -0.00035688368]
	Expected output: 	0111010001
	Actual output:  	0000000000
2025-10-22 14:45:04,920 - INFO - 	Model 48
	Initial weights:	[0.0, 0.0, 1.8274e-41, 0.0, 5.2267044e+17, 4.5857e-41, 6.7401435e-32, 0.0, 0.0, 0.0]
	Noised weights: 	[-0.0038548924, 0.0026800812, 0.006098633, -0.00088296126, 5.2267044e+17, 0.009433018, 0.0059148213, -0.0055461517, 0.003509347, 0.0005638644]
	Expected output: 	0111010001
	Actual output:  	0000000000
2025-10-22 14:45:04,948 - INFO - 	Model 49
	Initial weights:	[0.0, 0.0, 1.8274e-41, 0.0, 5.2267044e+17, 4.5857e-41, 6.7401435e-32, 0.0, 0.0, 0.0]
	Noised weights: 	[0.0024619102, 0.0042285775, -0.0031633412, -0.0039967294, 5.2267044e+17, -0.004391601, -0.00036904277, -0.006741893, 0.000960385, 0.00227903]
	Expected output: 	0111010001
	Actual output:  	0000000000
2025-10-22 14:45:04,951 - INFO -
Experiment 4 - Standard deviation: 0.004 ---------------------------------

2025-10-22 14:45:04,978 - INFO - 	Model 0
	Initial weights:	[0.0, 0.0, 1.8274e-41, 0.0, 5.2267044e+17, 4.5857e-41, 6.7401435e-32, 0.0, 0.0, 0.0]
	Noised weights: 	[0.0015889105, -0.0033668252, -0.0006846394, 0.0044154758, 5.2267044e+17, 0.004175024, 0.0058278493, -0.0021946547, 0.0020522769, 0.00037102163]
	Expected output: 	0111010001
	Actual output:  	0000000000
2025-10-22 14:45:05,006 - INFO - 	Model 1
	Initial weights:	[0.0, 0.0, 1.8274e-41, 0.0, 5.2267044e+17, 4.5857e-41, 6.7401435e-32, 0.0, 0.0, 0.0]
	Noised weights: 	[0.0013162554, -0.0035822429, 0.00079451996, -0.00086852844, 5.2267044e+17, -0.0010215451, -0.0012681822, -0.0023095396, -0.0019774807, 0.002846828]
	Expected output: 	0111010001
	Actual output:  	0000000000
2025-10-22 14:45:05,034 - INFO - 	Model 2
	Initial weights:	[0.0, 0.0, 1.8274e-41, 0.0, 5.2267044e+17, 4.5857e-41, 6.7401435e-32, 0.0, 0.0, 0.0]
	Noised weights: 	[0.0009375137, -0.004522952, -0.0018227758, 0.0041226274, 5.2267044e+17, -0.0034171117, 0.006511275, 0.00060988334, 0.0017642097, -0.004358191]
	Expected output: 	0111010001
	Actual output:  	0000000000
2025-10-22 14:45:05,062 - INFO - 	Model 3
	Initial weights:	[0.0, 0.0, 1.8274e-41, 0.0, 5.2267044e+17, 4.5857e-41, 6.7401435e-32, 0.0, 0.0, 0.0]
	Noised weights: 	[-0.003136927, 0.0026022973, 0.0022650114, 0.010943943, 5.2267044e+17, 0.0019879313, -0.0029353765, -0.005194956, 0.0022382743, 0.008188818]
	Expected output: 	0111010001
	Actual output:  	0000000000
2025-10-22 14:45:05,095 - INFO - 	Model 4
	Initial weights:	[0.0, 0.0, 1.8274e-41, 0.0, 5.2267044e+17, 4.5857e-41, 6.7401435e-32, 0.0, 0.0, 0.0]
	Noised weights: 	[-1.1100184e-05, 0.009007708, 0.006792407, -0.0035469122, 5.2267044e+17, 0.0005504625, -0.002039312, -0.0027977587, 0.0042351596, -0.0017408659]
	Expected output: 	0111010001
	Actual output:  	0000000000
2025-10-22 14:45:05,127 - INFO - 	Model 5
	Initial weights:	[0.0, 0.0, 1.8274e-41, 0.0, 5.2267044e+17, 4.5857e-41, 6.7401435e-32, 0.0, 0.0, 0.0]
	Noised weights: 	[-0.002388442, -0.0071882145, -0.0032316726, 0.0011978428, 5.2267044e+17, 0.00041628297, -0.002098706, -0.010608204, 0.0014104068, 0.0026366087]
	Expected output: 	0111010001
	Actual output:  	0000000000
2025-10-22 14:45:05,155 - INFO - 	Model 6
	Initial weights:	[0.0, 0.0, 1.8274e-41, 0.0, 5.2267044e+17, 4.5857e-41, 6.7401435e-32, 0.0, 0.0, 0.0]
	Noised weights: 	[0.00230599, 0.00016577524, 0.00013760946, 0.0005797779, 5.2267044e+17, -0.0054951245, 0.003106761, -0.0054672835, -0.0009431486, 0.0028540604]
	Expected output: 	0111010001
	Actual output:  	0000000000
2025-10-22 14:45:05,183 - INFO - 	Model 7
	Initial weights:	[0.0, 0.0, 1.8274e-41, 0.0, 5.2267044e+17, 4.5857e-41, 6.7401435e-32, 0.0, 0.0, 0.0]
	Noised weights: 	[0.003933147, -0.001939646, 0.0076917647, 0.0075111766, 5.2267044e+17, 0.0071997386, 0.00029188523, -0.00016559212, 0.0028502184, -0.0044126757]
	Expected output: 	0111010001
	Actual output:  	0000000000
