2025-10-04 18:24:59,991 - INFO - Dry run: computing model parameter requirements....
2025-10-04 18:25:00,297 - INFO - Num positive samples taken: 24620; num positive weights: 10893; num positive biases: 1484 (Total: 12377)
2025-10-04 18:25:00,297 - INFO - Num negative samples taken: 3630; num negative weights: 10441; num negative biases: 7721 (Total: 18162)
2025-10-04 18:25:00,298 - INFO - ✓ Dry run: computing model parameter requirements. finished in 0.31s.
2025-10-04 18:25:00,308 - INFO - Generating trigger and payload...
2025-10-04 18:25:00,310 - INFO - ✓ Generating trigger and payload finished in 0.00s.
2025-10-04 18:25:00,310 - INFO - Creating backdoored model...
2025-10-04 18:25:00,672 - INFO - ✓ Creating backdoored model finished in 0.36s.
2025-10-04 18:25:00,673 - INFO - Unfold StepMLP parameters...
2025-10-04 18:25:00,677 - INFO - ✓ Unfold StepMLP parameters finished in 0.00s.
2025-10-04 18:25:00,677 - INFO - KL Divergence...
2025-10-04 18:25:00,688 - INFO - ✓ KL Divergence finished in 0.01s.
2025-10-04 18:25:00,688 - INFO - Parameter sampling...
2025-10-04 18:25:00,688 - INFO - ✓ Parameter sampling finished in 0.00s.
2025-10-04 18:25:00,688 - INFO - Earth Mover's Distance...
2025-10-04 18:25:01,734 - INFO - ✓ Earth Mover's Distance finished in 1.05s.
2025-10-04 18:25:01,734 - INFO - KS Test...
2025-10-04 18:25:02,213 - INFO - ✓ KS Test finished in 0.48s.
2025-10-04 18:25:02,214 - INFO - Descriptive statistics...
2025-10-04 18:25:02,224 - INFO - ✓ Descriptive statistics finished in 0.01s.
2025-10-04 18:25:02,225 - INFO - Results: {'KL Weights': 4.704489231109619, 'KL Biases': inf, 'EMD Weights': 0.09524432055811294, 'EMD Biases': 0.03684795845459765, 'KS Weights Statistic': 0.4973526149226188, 'KS Weights P-value': 0.0, 'KS Biases Statistic': 0.20315469147202603, 'KS Biases P-value': 0.0, 'Mean Weights': 0.001072908068861263, 'Mean Biases': -0.08042782959102877, 'Std Weights': 0.016297035439069654, 'Std Biases': 0.11637817639892549, 'Kurtosis Weights': 422.8292000315421, 'Kurtosis Biases': 7.139021897585742}
2025-10-04 18:25:02,237 - INFO - Num positive samples taken: 24620; num positive weights: 10893; num positive biases: 1484 (Total: 12377)
2025-10-04 18:25:02,237 - INFO - Num negative samples taken: 3630; num negative weights: 10441; num negative biases: 7721 (Total: 18162)
2025-10-04 18:25:02,982 - INFO - Generating trigger and payload...
2025-10-04 18:25:02,984 - INFO - ✓ Generating trigger and payload finished in 0.00s.
2025-10-04 18:25:02,984 - INFO - Creating backdoored model...
2025-10-04 18:25:03,345 - INFO - ✓ Creating backdoored model finished in 0.36s.
2025-10-04 18:25:03,346 - INFO - Unfold StepMLP parameters...
2025-10-04 18:25:03,350 - INFO - ✓ Unfold StepMLP parameters finished in 0.00s.
2025-10-04 18:25:03,350 - INFO - KL Divergence...
2025-10-04 18:25:03,361 - INFO - ✓ KL Divergence finished in 0.01s.
2025-10-04 18:25:03,361 - INFO - Parameter sampling...
2025-10-04 18:25:03,361 - INFO - ✓ Parameter sampling finished in 0.00s.
2025-10-04 18:25:03,361 - INFO - Earth Mover's Distance...
2025-10-04 18:25:04,403 - INFO - ✓ Earth Mover's Distance finished in 1.04s.
2025-10-04 18:25:04,403 - INFO - KS Test...
2025-10-04 18:25:04,885 - INFO - ✓ KS Test finished in 0.48s.
2025-10-04 18:25:04,885 - INFO - Descriptive statistics...
2025-10-04 18:25:04,895 - INFO - ✓ Descriptive statistics finished in 0.01s.
2025-10-04 18:25:04,897 - INFO - Results: {'KL Weights': 4.705592155456543, 'KL Biases': inf, 'EMD Weights': 0.09525267045246928, 'EMD Biases': 0.03704791222248281, 'KS Weights Statistic': 0.4975189215101212, 'KS Weights P-value': 0.0, 'KS Biases Statistic': 0.20312224063009232, 'KS Biases P-value': 0.0, 'Mean Weights': 0.0010516872048429709, 'Mean Biases': -0.07958856142668813, 'Std Weights': 0.016103076819635305, 'Std Biases': 0.11404271426081891, 'Kurtosis Weights': 397.6204248924273, 'Kurtosis Biases': 6.337132919116144}
2025-10-04 18:25:04,908 - INFO - Num positive samples taken: 24620; num positive weights: 10893; num positive biases: 1485 (Total: 12378)
2025-10-04 18:25:04,908 - INFO - Num negative samples taken: 3630; num negative weights: 10441; num negative biases: 7720 (Total: 18161)
2025-10-04 18:25:05,495 - INFO - Generating trigger and payload...
2025-10-04 18:25:05,497 - INFO - ✓ Generating trigger and payload finished in 0.00s.
2025-10-04 18:25:05,497 - INFO - Creating backdoored model...
2025-10-04 18:25:05,852 - INFO - ✓ Creating backdoored model finished in 0.35s.
2025-10-04 18:25:05,852 - INFO - Unfold StepMLP parameters...
2025-10-04 18:25:05,856 - INFO - ✓ Unfold StepMLP parameters finished in 0.00s.
2025-10-04 18:25:05,856 - INFO - KL Divergence...
2025-10-04 18:25:05,868 - INFO - ✓ KL Divergence finished in 0.01s.
2025-10-04 18:25:05,869 - INFO - Parameter sampling...
2025-10-04 18:25:05,869 - INFO - ✓ Parameter sampling finished in 0.00s.
2025-10-04 18:25:05,869 - INFO - Earth Mover's Distance...
2025-10-04 18:25:07,086 - INFO - ✓ Earth Mover's Distance finished in 1.22s.
2025-10-04 18:25:07,086 - INFO - KS Test...
2025-10-04 18:25:07,572 - INFO - ✓ KS Test finished in 0.49s.
2025-10-04 18:25:07,573 - INFO - Descriptive statistics...
2025-10-04 18:25:07,582 - INFO - ✓ Descriptive statistics finished in 0.01s.
2025-10-04 18:25:07,584 - INFO - Results: {'KL Weights': 4.703362941741943, 'KL Biases': inf, 'EMD Weights': 0.09523798513305903, 'EMD Biases': 0.035563879983248566, 'KS Weights Statistic': 0.4972839640540748, 'KS Weights P-value': 0.0, 'KS Biases Statistic': 0.20241405486148834, 'KS Biases P-value': 0.0, 'Mean Weights': 0.00105841452143646, 'Mean Biases': -0.07970135953419483, 'Std Weights': 0.01622317380002249, 'Std Biases': 0.11205837276246923, 'Kurtosis Weights': 407.79210252970506, 'Kurtosis Biases': 5.615080613550743}
2025-10-04 18:25:07,595 - INFO - Num positive samples taken: 24620; num positive weights: 10893; num positive biases: 1486 (Total: 12379)
2025-10-04 18:25:07,595 - INFO - Num negative samples taken: 3630; num negative weights: 10441; num negative biases: 7719 (Total: 18160)
2025-10-04 18:25:08,185 - INFO - Generating trigger and payload...
2025-10-04 18:25:08,187 - INFO - ✓ Generating trigger and payload finished in 0.00s.
2025-10-04 18:25:08,187 - INFO - Creating backdoored model...
2025-10-04 18:25:08,542 - INFO - ✓ Creating backdoored model finished in 0.35s.
2025-10-04 18:25:08,542 - INFO - Unfold StepMLP parameters...
2025-10-04 18:25:08,549 - INFO - ✓ Unfold StepMLP parameters finished in 0.01s.
2025-10-04 18:25:08,549 - INFO - KL Divergence...
2025-10-04 18:25:08,565 - INFO - ✓ KL Divergence finished in 0.02s.
2025-10-04 18:25:08,565 - INFO - Parameter sampling...
2025-10-04 18:25:08,565 - INFO - ✓ Parameter sampling finished in 0.00s.
2025-10-04 18:25:08,565 - INFO - Earth Mover's Distance...
2025-10-04 18:25:09,598 - INFO - ✓ Earth Mover's Distance finished in 1.03s.
2025-10-04 18:25:09,598 - INFO - KS Test...
2025-10-04 18:25:10,075 - INFO - ✓ KS Test finished in 0.48s.
2025-10-04 18:25:10,076 - INFO - Descriptive statistics...
2025-10-04 18:25:10,083 - INFO - ✓ Descriptive statistics finished in 0.01s.
2025-10-04 18:25:10,084 - INFO - Results: {'KL Weights': 4.710423469543457, 'KL Biases': inf, 'EMD Weights': 0.0952698359853335, 'EMD Biases': 0.03614672106470954, 'KS Weights Statistic': 0.49864743797887756, 'KS Weights P-value': 0.0, 'KS Biases Statistic': 0.20409328435632812, 'KS Biases P-value': 0.0, 'Mean Weights': 0.0010409848299320536, 'Mean Biases': -0.07782483935614706, 'Std Weights': 0.015978369035644074, 'Std Biases': 0.11136959392450961, 'Kurtosis Weights': 452.79835179339625, 'Kurtosis Biases': 7.867827242631662}
2025-10-04 18:25:10,092 - INFO - Num positive samples taken: 24620; num positive weights: 10893; num positive biases: 1484 (Total: 12377)
2025-10-04 18:25:10,093 - INFO - Num negative samples taken: 3630; num negative weights: 10441; num negative biases: 7721 (Total: 18162)
2025-10-04 18:25:10,680 - INFO - Generating trigger and payload...
2025-10-04 18:25:10,682 - INFO - ✓ Generating trigger and payload finished in 0.00s.
2025-10-04 18:25:10,683 - INFO - Creating backdoored model...
2025-10-04 18:25:11,034 - INFO - ✓ Creating backdoored model finished in 0.35s.
2025-10-04 18:25:11,035 - INFO - Unfold StepMLP parameters...
2025-10-04 18:25:11,039 - INFO - ✓ Unfold StepMLP parameters finished in 0.00s.
2025-10-04 18:25:11,039 - INFO - KL Divergence...
2025-10-04 18:25:11,056 - INFO - ✓ KL Divergence finished in 0.02s.
2025-10-04 18:25:11,056 - INFO - Parameter sampling...
2025-10-04 18:25:11,056 - INFO - ✓ Parameter sampling finished in 0.00s.
2025-10-04 18:25:11,056 - INFO - Earth Mover's Distance...
2025-10-04 18:25:12,220 - INFO - ✓ Earth Mover's Distance finished in 1.16s.
2025-10-04 18:25:12,221 - INFO - KS Test...
2025-10-04 18:25:12,703 - INFO - ✓ KS Test finished in 0.48s.
2025-10-04 18:25:12,703 - INFO - Descriptive statistics...
2025-10-04 18:25:12,713 - INFO - ✓ Descriptive statistics finished in 0.01s.
2025-10-04 18:25:12,715 - INFO - Results: {'KL Weights': 4.712696552276611, 'KL Biases': inf, 'EMD Weights': 0.09526135158449983, 'EMD Biases': 0.036381228422203704, 'KS Weights Statistic': 0.4985513973335591, 'KS Weights P-value': 0.0, 'KS Biases Statistic': 0.202981552145573, 'KS Biases P-value': 0.0, 'Mean Weights': 0.0010603875354167108, 'Mean Biases': -0.07869083856566855, 'Std Weights': 0.01614669924325596, 'Std Biases': 0.11264489526630736, 'Kurtosis Weights': 433.98702231626794, 'Kurtosis Biases': 7.113017418890527}
2025-10-04 18:25:12,725 - INFO - Num positive samples taken: 24620; num positive weights: 10893; num positive biases: 1486 (Total: 12379)
2025-10-04 18:25:12,726 - INFO - Num negative samples taken: 3630; num negative weights: 10441; num negative biases: 7719 (Total: 18160)
2025-10-04 18:25:13,313 - INFO - Generating trigger and payload...
2025-10-04 18:25:13,315 - INFO - ✓ Generating trigger and payload finished in 0.00s.
2025-10-04 18:25:13,315 - INFO - Creating backdoored model...
2025-10-04 18:25:13,703 - INFO - ✓ Creating backdoored model finished in 0.39s.
2025-10-04 18:25:13,703 - INFO - Unfold StepMLP parameters...
2025-10-04 18:25:13,707 - INFO - ✓ Unfold StepMLP parameters finished in 0.00s.
2025-10-04 18:25:13,707 - INFO - KL Divergence...
2025-10-04 18:25:13,718 - INFO - ✓ KL Divergence finished in 0.01s.
2025-10-04 18:25:13,719 - INFO - Parameter sampling...
2025-10-04 18:25:13,719 - INFO - ✓ Parameter sampling finished in 0.00s.
2025-10-04 18:25:13,719 - INFO - Earth Mover's Distance...
2025-10-04 18:25:14,857 - INFO - ✓ Earth Mover's Distance finished in 1.14s.
2025-10-04 18:25:14,857 - INFO - KS Test...
2025-10-04 18:25:15,335 - INFO - ✓ KS Test finished in 0.48s.
2025-10-04 18:25:15,336 - INFO - Descriptive statistics...
2025-10-04 18:25:15,350 - INFO - ✓ Descriptive statistics finished in 0.01s.
2025-10-04 18:25:15,350 - INFO - Results: {'KL Weights': 4.703355312347412, 'KL Biases': inf, 'EMD Weights': 0.09523937830648252, 'EMD Biases': 0.03707941065524676, 'KS Weights Statistic': 0.4976548093127502, 'KS Weights P-value': 0.0, 'KS Biases Statistic': 0.20213569147202604, 'KS Biases P-value': 0.0, 'Mean Weights': 0.0010672472289264977, 'Mean Biases': -0.07997435110988613, 'Std Weights': 0.01634475651912479, 'Std Biases': 0.11708438046912843, 'Kurtosis Weights': 427.0446284784442, 'Kurtosis Biases': 7.4689192707531635}
2025-10-04 18:25:15,367 - INFO - Num positive samples taken: 24620; num positive weights: 10893; num positive biases: 1487 (Total: 12380)
2025-10-04 18:25:15,367 - INFO - Num negative samples taken: 3630; num negative weights: 10441; num negative biases: 7718 (Total: 18159)
2025-10-04 18:25:15,969 - INFO - Generating trigger and payload...
2025-10-04 18:25:15,971 - INFO - ✓ Generating trigger and payload finished in 0.00s.
2025-10-04 18:25:15,971 - INFO - Creating backdoored model...
2025-10-04 18:25:16,325 - INFO - ✓ Creating backdoored model finished in 0.35s.
2025-10-04 18:25:16,326 - INFO - Unfold StepMLP parameters...
2025-10-04 18:25:16,330 - INFO - ✓ Unfold StepMLP parameters finished in 0.00s.
2025-10-04 18:25:16,330 - INFO - KL Divergence...
2025-10-04 18:25:16,342 - INFO - ✓ KL Divergence finished in 0.01s.
2025-10-04 18:25:16,342 - INFO - Parameter sampling...
2025-10-04 18:25:16,342 - INFO - ✓ Parameter sampling finished in 0.00s.
2025-10-04 18:25:16,342 - INFO - Earth Mover's Distance...
2025-10-04 18:25:17,396 - INFO - ✓ Earth Mover's Distance finished in 1.05s.
2025-10-04 18:25:17,396 - INFO - KS Test...
2025-10-04 18:25:17,882 - INFO - ✓ KS Test finished in 0.49s.
2025-10-04 18:25:17,882 - INFO - Descriptive statistics...
2025-10-04 18:25:17,892 - INFO - ✓ Descriptive statistics finished in 0.01s.
2025-10-04 18:25:17,893 - INFO - Results: {'KL Weights': 4.707067966461182, 'KL Biases': inf, 'EMD Weights': 0.09525416520822896, 'EMD Biases': 0.03753358430563767, 'KS Weights Statistic': 0.497376201946916, 'KS Weights P-value': 0.0, 'KS Biases Statistic': 0.20252487180879963, 'KS Biases P-value': 0.0, 'Mean Weights': 0.0010474277258105246, 'Mean Biases': -0.07885332827904477, 'Std Weights': 0.016234231664718442, 'Std Biases': 0.11563557167306886, 'Kurtosis Weights': 411.1392784888257, 'Kurtosis Biases': 8.009943019393184}
2025-10-04 18:25:17,903 - INFO - Num positive samples taken: 24620; num positive weights: 10893; num positive biases: 1484 (Total: 12377)
2025-10-04 18:25:17,903 - INFO - Num negative samples taken: 3630; num negative weights: 10441; num negative biases: 7721 (Total: 18162)
2025-10-04 18:25:18,660 - INFO - Generating trigger and payload...
2025-10-04 18:25:18,662 - INFO - ✓ Generating trigger and payload finished in 0.00s.
2025-10-04 18:25:18,662 - INFO - Creating backdoored model...
2025-10-04 18:25:18,842 - INFO - ✓ Creating backdoored model finished in 0.18s.
2025-10-04 18:25:18,843 - INFO - Unfold StepMLP parameters...
2025-10-04 18:25:18,847 - INFO - ✓ Unfold StepMLP parameters finished in 0.00s.
2025-10-04 18:25:18,847 - INFO - KL Divergence...
2025-10-04 18:25:18,859 - INFO - ✓ KL Divergence finished in 0.01s.
2025-10-04 18:25:18,859 - INFO - Parameter sampling...
2025-10-04 18:25:18,859 - INFO - ✓ Parameter sampling finished in 0.00s.
2025-10-04 18:25:18,859 - INFO - Earth Mover's Distance...
2025-10-04 18:25:19,958 - INFO - ✓ Earth Mover's Distance finished in 1.10s.
2025-10-04 18:25:19,959 - INFO - KS Test...
2025-10-04 18:25:20,441 - INFO - ✓ KS Test finished in 0.48s.
2025-10-04 18:25:20,441 - INFO - Descriptive statistics...
2025-10-04 18:25:20,450 - INFO - ✓ Descriptive statistics finished in 0.01s.
2025-10-04 18:25:20,450 - INFO - Results: {'KL Weights': 4.7068095207214355, 'KL Biases': inf, 'EMD Weights': 0.09526062215540941, 'EMD Biases': 0.03542975712700138, 'KS Weights Statistic': 0.49770038285782603, 'KS Weights P-value': 0.0, 'KS Biases Statistic': 0.20372228164041273, 'KS Biases P-value': 0.0, 'Mean Weights': 0.0010615245994726702, 'Mean Biases': -0.07833887067794287, 'Std Weights': 0.016046863574641485, 'Std Biases': 0.10999979837313752, 'Kurtosis Weights': 425.4498435599297, 'Kurtosis Biases': 5.587506330790404}
2025-10-04 18:25:20,459 - INFO - Num positive samples taken: 24620; num positive weights: 10893; num positive biases: 1487 (Total: 12380)
2025-10-04 18:25:20,459 - INFO - Num negative samples taken: 3630; num negative weights: 10441; num negative biases: 7718 (Total: 18159)
2025-10-04 18:25:21,213 - INFO - Generating trigger and payload...
2025-10-04 18:25:21,215 - INFO - ✓ Generating trigger and payload finished in 0.00s.
2025-10-04 18:25:21,215 - INFO - Creating backdoored model...
2025-10-04 18:25:21,564 - INFO - ✓ Creating backdoored model finished in 0.35s.
2025-10-04 18:25:21,564 - INFO - Unfold StepMLP parameters...
2025-10-04 18:25:21,568 - INFO - ✓ Unfold StepMLP parameters finished in 0.00s.
2025-10-04 18:25:21,569 - INFO - KL Divergence...
2025-10-04 18:25:21,582 - INFO - ✓ KL Divergence finished in 0.01s.
2025-10-04 18:25:21,582 - INFO - Parameter sampling...
2025-10-04 18:25:21,582 - INFO - ✓ Parameter sampling finished in 0.00s.
2025-10-04 18:25:21,582 - INFO - Earth Mover's Distance...
2025-10-04 18:25:22,646 - INFO - ✓ Earth Mover's Distance finished in 1.06s.
2025-10-04 18:25:22,646 - INFO - KS Test...
2025-10-04 18:25:23,128 - INFO - ✓ KS Test finished in 0.48s.
2025-10-04 18:25:23,128 - INFO - Descriptive statistics...
2025-10-04 18:25:23,138 - INFO - ✓ Descriptive statistics finished in 0.01s.
2025-10-04 18:25:23,139 - INFO - Results: {'KL Weights': 4.716825008392334, 'KL Biases': inf, 'EMD Weights': 0.09526388268799343, 'EMD Biases': 0.03543810917583699, 'KS Weights Statistic': 0.49902556275334675, 'KS Weights P-value': 0.0, 'KS Biases Statistic': 0.2028366914720261, 'KS Biases P-value': 0.0, 'Mean Weights': 0.0010396218064038982, 'Mean Biases': -0.07892130814520378, 'Std Weights': 0.01598049173949793, 'Std Biases': 0.11238274014374837, 'Kurtosis Weights': 430.2026467457442, 'Kurtosis Biases': 7.052398085957689}
2025-10-04 18:25:23,149 - INFO - Num positive samples taken: 24620; num positive weights: 10893; num positive biases: 1482 (Total: 12375)
2025-10-04 18:25:23,149 - INFO - Num negative samples taken: 3630; num negative weights: 10441; num negative biases: 7723 (Total: 18164)
2025-10-04 18:25:23,792 - INFO - Generating trigger and payload...
2025-10-04 18:25:23,793 - INFO - ✓ Generating trigger and payload finished in 0.00s.
2025-10-04 18:25:23,794 - INFO - Creating backdoored model...
2025-10-04 18:25:24,194 - INFO - ✓ Creating backdoored model finished in 0.40s.
2025-10-04 18:25:24,194 - INFO - Unfold StepMLP parameters...
2025-10-04 18:25:24,198 - INFO - ✓ Unfold StepMLP parameters finished in 0.00s.
2025-10-04 18:25:24,199 - INFO - KL Divergence...
2025-10-04 18:25:24,210 - INFO - ✓ KL Divergence finished in 0.01s.
2025-10-04 18:25:24,210 - INFO - Parameter sampling...
2025-10-04 18:25:24,210 - INFO - ✓ Parameter sampling finished in 0.00s.
2025-10-04 18:25:24,210 - INFO - Earth Mover's Distance...
2025-10-04 18:25:25,265 - INFO - ✓ Earth Mover's Distance finished in 1.05s.
2025-10-04 18:25:25,265 - INFO - KS Test...
2025-10-04 18:25:25,743 - INFO - ✓ KS Test finished in 0.48s.
2025-10-04 18:25:25,743 - INFO - Descriptive statistics...
2025-10-04 18:25:25,754 - INFO - ✓ Descriptive statistics finished in 0.01s.
2025-10-04 18:25:25,755 - INFO - Results: {'KL Weights': 4.708990097045898, 'KL Biases': inf, 'EMD Weights': 0.09525921773267243, 'EMD Biases': 0.035674910182307985, 'KS Weights Statistic': 0.4977657735367239, 'KS Weights P-value': 0.0, 'KS Biases Statistic': 0.20236777892449753, 'KS Biases P-value': 0.0, 'Mean Weights': 0.0010379987594207095, 'Mean Biases': -0.0778044951664526, 'Std Weights': 0.01606136224921543, 'Std Biases': 0.11100971271446729, 'Kurtosis Weights': 410.40486445733114, 'Kurtosis Biases': 6.364138005730959}
2025-10-04 18:25:25,764 - INFO - Num positive samples taken: 24620; num positive weights: 10893; num positive biases: 1484 (Total: 12377)
2025-10-04 18:25:25,764 - INFO - Num negative samples taken: 3630; num negative weights: 10441; num negative biases: 7721 (Total: 18162)
2025-10-04 18:25:26,365 - INFO - Generating trigger and payload...
2025-10-04 18:25:26,366 - INFO - ✓ Generating trigger and payload finished in 0.00s.
2025-10-04 18:25:26,367 - INFO - Creating backdoored model...
2025-10-04 18:25:26,773 - INFO - ✓ Creating backdoored model finished in 0.41s.
2025-10-04 18:25:26,773 - INFO - Unfold StepMLP parameters...
2025-10-04 18:25:26,777 - INFO - ✓ Unfold StepMLP parameters finished in 0.00s.
2025-10-04 18:25:26,778 - INFO - KL Divergence...
2025-10-04 18:25:26,789 - INFO - ✓ KL Divergence finished in 0.01s.
2025-10-04 18:25:26,789 - INFO - Parameter sampling...
2025-10-04 18:25:26,789 - INFO - ✓ Parameter sampling finished in 0.00s.
2025-10-04 18:25:26,789 - INFO - Earth Mover's Distance...
2025-10-04 18:25:27,876 - INFO - ✓ Earth Mover's Distance finished in 1.09s.
2025-10-04 18:25:27,877 - INFO - KS Test...
2025-10-04 18:25:28,354 - INFO - ✓ KS Test finished in 0.48s.
2025-10-04 18:25:28,354 - INFO - Descriptive statistics...
2025-10-04 18:25:28,362 - INFO - ✓ Descriptive statistics finished in 0.01s.
2025-10-04 18:25:28,365 - INFO - Results: {'KL Weights': 4.705058574676514, 'KL Biases': 0.698273777961731, 'EMD Weights': 0.09526533609510959, 'EMD Biases': 0.03600614115582349, 'KS Weights Statistic': 0.49888499988673407, 'KS Weights P-value': 0.0, 'KS Biases Statistic': 0.20239092096686584, 'KS Biases P-value': 0.0, 'Mean Weights': 0.001036695020297946, 'Mean Biases': -0.07768675184668047, 'Std Weights': 0.016091115551802173, 'Std Biases': 0.11224398371778793, 'Kurtosis Weights': 435.7187904046614, 'Kurtosis Biases': 6.162225224658149}
2025-10-04 18:25:28,374 - INFO - Num positive samples taken: 24620; num positive weights: 10893; num positive biases: 1487 (Total: 12380)
2025-10-04 18:25:28,374 - INFO - Num negative samples taken: 3630; num negative weights: 10441; num negative biases: 7718 (Total: 18159)
2025-10-04 18:25:28,972 - INFO - Generating trigger and payload...
2025-10-04 18:25:28,974 - INFO - ✓ Generating trigger and payload finished in 0.00s.
2025-10-04 18:25:28,975 - INFO - Creating backdoored model...
2025-10-04 18:25:29,325 - INFO - ✓ Creating backdoored model finished in 0.35s.
2025-10-04 18:25:29,326 - INFO - Unfold StepMLP parameters...
2025-10-04 18:25:29,330 - INFO - ✓ Unfold StepMLP parameters finished in 0.00s.
2025-10-04 18:25:29,330 - INFO - KL Divergence...
2025-10-04 18:25:29,342 - INFO - ✓ KL Divergence finished in 0.01s.
2025-10-04 18:25:29,342 - INFO - Parameter sampling...
2025-10-04 18:25:29,342 - INFO - ✓ Parameter sampling finished in 0.00s.
2025-10-04 18:25:29,342 - INFO - Earth Mover's Distance...
2025-10-04 18:25:30,421 - INFO - ✓ Earth Mover's Distance finished in 1.08s.
2025-10-04 18:25:30,421 - INFO - KS Test...
2025-10-04 18:25:30,905 - INFO - ✓ KS Test finished in 0.48s.
2025-10-04 18:25:30,906 - INFO - Descriptive statistics...
2025-10-04 18:25:30,915 - INFO - ✓ Descriptive statistics finished in 0.01s.
2025-10-04 18:25:30,915 - INFO - Results: {'KL Weights': 4.712672233581543, 'KL Biases': inf, 'EMD Weights': 0.09525287199836825, 'EMD Biases': 0.03520847732426661, 'KS Weights Statistic': 0.498773118814277, 'KS Weights P-value': 0.0, 'KS Biases Statistic': 0.20228414502987502, 'KS Biases P-value': 0.0, 'Mean Weights': 0.0010604516055028614, 'Mean Biases': -0.07937645223368188, 'Std Weights': 0.016113703347705056, 'Std Biases': 0.11133217012827042, 'Kurtosis Weights': 413.39485631230593, 'Kurtosis Biases': 7.048834393902641}
2025-10-04 18:25:30,924 - INFO - Num positive samples taken: 24620; num positive weights: 10893; num positive biases: 1484 (Total: 12377)
2025-10-04 18:25:30,924 - INFO - Num negative samples taken: 3630; num negative weights: 10441; num negative biases: 7721 (Total: 18162)
2025-10-04 18:25:31,524 - INFO - Generating trigger and payload...
2025-10-04 18:25:31,525 - INFO - ✓ Generating trigger and payload finished in 0.00s.
2025-10-04 18:25:31,526 - INFO - Creating backdoored model...
2025-10-04 18:25:31,904 - INFO - ✓ Creating backdoored model finished in 0.38s.
2025-10-04 18:25:31,904 - INFO - Unfold StepMLP parameters...
2025-10-04 18:25:31,909 - INFO - ✓ Unfold StepMLP parameters finished in 0.00s.
2025-10-04 18:25:31,909 - INFO - KL Divergence...
2025-10-04 18:25:31,920 - INFO - ✓ KL Divergence finished in 0.01s.
2025-10-04 18:25:31,921 - INFO - Parameter sampling...
2025-10-04 18:25:31,921 - INFO - ✓ Parameter sampling finished in 0.00s.
2025-10-04 18:25:31,921 - INFO - Earth Mover's Distance...
2025-10-04 18:25:32,973 - INFO - ✓ Earth Mover's Distance finished in 1.05s.
2025-10-04 18:25:32,973 - INFO - KS Test...
2025-10-04 18:25:33,453 - INFO - ✓ KS Test finished in 0.48s.
2025-10-04 18:25:33,453 - INFO - Descriptive statistics...
2025-10-04 18:25:33,462 - INFO - ✓ Descriptive statistics finished in 0.01s.
2025-10-04 18:25:33,464 - INFO - Results: {'KL Weights': 4.70456075668335, 'KL Biases': inf, 'EMD Weights': 0.09524599184971272, 'EMD Biases': 0.03653258586996817, 'KS Weights Statistic': 0.4976297232472093, 'KS Weights P-value': 0.0, 'KS Biases Statistic': 0.20309073519826182, 'KS Biases P-value': 0.0, 'Mean Weights': 0.0010658681546197124, 'Mean Biases': -0.07944342506214212, 'Std Weights': 0.01626732906892799, 'Std Biases': 0.11445597983442457, 'Kurtosis Weights': 422.7308513155055, 'Kurtosis Biases': 6.869427690726006}
2025-10-04 18:25:33,474 - INFO - Num positive samples taken: 24620; num positive weights: 10893; num positive biases: 1481 (Total: 12374)
2025-10-04 18:25:33,474 - INFO - Num negative samples taken: 3630; num negative weights: 10441; num negative biases: 7724 (Total: 18165)
2025-10-04 18:25:34,234 - INFO - Generating trigger and payload...
2025-10-04 18:25:34,236 - INFO - ✓ Generating trigger and payload finished in 0.00s.
2025-10-04 18:25:34,236 - INFO - Creating backdoored model...
2025-10-04 18:25:34,411 - INFO - ✓ Creating backdoored model finished in 0.18s.
2025-10-04 18:25:34,412 - INFO - Unfold StepMLP parameters...
2025-10-04 18:25:34,416 - INFO - ✓ Unfold StepMLP parameters finished in 0.00s.
2025-10-04 18:25:34,416 - INFO - KL Divergence...
2025-10-04 18:25:34,429 - INFO - ✓ KL Divergence finished in 0.01s.
2025-10-04 18:25:34,430 - INFO - Parameter sampling...
2025-10-04 18:25:34,430 - INFO - ✓ Parameter sampling finished in 0.00s.
2025-10-04 18:25:34,430 - INFO - Earth Mover's Distance...
2025-10-04 18:25:35,612 - INFO - ✓ Earth Mover's Distance finished in 1.18s.
2025-10-04 18:25:35,612 - INFO - KS Test...
2025-10-04 18:25:36,122 - INFO - ✓ KS Test finished in 0.51s.
2025-10-04 18:25:36,123 - INFO - Descriptive statistics...
2025-10-04 18:25:36,138 - INFO - ✓ Descriptive statistics finished in 0.01s.
2025-10-04 18:25:36,140 - INFO - Results: {'KL Weights': 4.711169242858887, 'KL Biases': inf, 'EMD Weights': 0.09523856374618592, 'EMD Biases': 0.03735460949662082, 'KS Weights Statistic': 0.498376733887917, 'KS Weights P-value': 0.0, 'KS Biases Statistic': 0.2025852789244975, 'KS Biases P-value': 0.0, 'Mean Weights': 0.0010563568339306154, 'Mean Biases': -0.07971690993423139, 'Std Weights': 0.01625182623048828, 'Std Biases': 0.11480504056240846, 'Kurtosis Weights': 394.56809335276324, 'Kurtosis Biases': 7.633647281952976}
2025-10-04 18:25:36,153 - INFO - Num positive samples taken: 24620; num positive weights: 10893; num positive biases: 1487 (Total: 12380)
2025-10-04 18:25:36,153 - INFO - Num negative samples taken: 3630; num negative weights: 10441; num negative biases: 7718 (Total: 18159)
2025-10-04 18:25:36,963 - INFO - Generating trigger and payload...
2025-10-04 18:25:36,965 - INFO - ✓ Generating trigger and payload finished in 0.00s.
2025-10-04 18:25:36,965 - INFO - Creating backdoored model...
2025-10-04 18:25:37,448 - INFO - ✓ Creating backdoored model finished in 0.48s.
2025-10-04 18:25:37,448 - INFO - Unfold StepMLP parameters...
2025-10-04 18:25:37,452 - INFO - ✓ Unfold StepMLP parameters finished in 0.00s.
2025-10-04 18:25:37,452 - INFO - KL Divergence...
2025-10-04 18:25:37,462 - INFO - ✓ KL Divergence finished in 0.01s.
2025-10-04 18:25:37,463 - INFO - Parameter sampling...
2025-10-04 18:25:37,463 - INFO - ✓ Parameter sampling finished in 0.00s.
2025-10-04 18:25:37,463 - INFO - Earth Mover's Distance...
2025-10-04 18:25:38,840 - INFO - ✓ Earth Mover's Distance finished in 1.38s.
2025-10-04 18:25:38,840 - INFO - KS Test...
2025-10-04 18:25:39,353 - INFO - ✓ KS Test finished in 0.51s.
2025-10-04 18:25:39,354 - INFO - Descriptive statistics...
2025-10-04 18:25:39,364 - INFO - ✓ Descriptive statistics finished in 0.01s.
2025-10-04 18:25:39,364 - INFO - Results: {'KL Weights': 4.711034774780273, 'KL Biases': inf, 'EMD Weights': 0.09525875218944975, 'EMD Biases': 0.036458827710302504, 'KS Weights Statistic': 0.4979664824025884, 'KS Weights P-value': 0.0, 'KS Biases Statistic': 0.20229864502987505, 'KS Biases P-value': 0.0, 'Mean Weights': 0.0010387481257239518, 'Mean Biases': -0.0787537477104671, 'Std Weights': 0.01608560971908782, 'Std Biases': 0.11231882601259281, 'Kurtosis Weights': 430.4676054926029, 'Kurtosis Biases': 6.444326398913782}
2025-10-04 18:25:39,374 - INFO - Num positive samples taken: 24620; num positive weights: 10893; num positive biases: 1486 (Total: 12379)
2025-10-04 18:25:39,374 - INFO - Num negative samples taken: 3630; num negative weights: 10441; num negative biases: 7719 (Total: 18160)
2025-10-04 18:25:39,981 - INFO - Generating trigger and payload...
2025-10-04 18:25:39,983 - INFO - ✓ Generating trigger and payload finished in 0.00s.
2025-10-04 18:25:39,984 - INFO - Creating backdoored model...
2025-10-04 18:25:40,418 - INFO - ✓ Creating backdoored model finished in 0.43s.
2025-10-04 18:25:40,418 - INFO - Unfold StepMLP parameters...
2025-10-04 18:25:40,422 - INFO - ✓ Unfold StepMLP parameters finished in 0.00s.
2025-10-04 18:25:40,422 - INFO - KL Divergence...
2025-10-04 18:25:40,434 - INFO - ✓ KL Divergence finished in 0.01s.
2025-10-04 18:25:40,434 - INFO - Parameter sampling...
2025-10-04 18:25:40,434 - INFO - ✓ Parameter sampling finished in 0.00s.
2025-10-04 18:25:40,434 - INFO - Earth Mover's Distance...
2025-10-04 18:25:41,535 - INFO - ✓ Earth Mover's Distance finished in 1.10s.
2025-10-04 18:25:41,535 - INFO - KS Test...
2025-10-04 18:25:42,031 - INFO - ✓ KS Test finished in 0.50s.
2025-10-04 18:25:42,031 - INFO - Descriptive statistics...
2025-10-04 18:25:42,042 - INFO - ✓ Descriptive statistics finished in 0.01s.
2025-10-04 18:25:42,044 - INFO - Results: {'KL Weights': 4.70770788192749, 'KL Biases': inf, 'EMD Weights': 0.09526629250480151, 'EMD Biases': 0.035578795310540826, 'KS Weights Statistic': 0.4980708799626794, 'KS Weights P-value': 0.0, 'KS Biases Statistic': 0.202793145029875, 'KS Biases P-value': 0.0, 'Mean Weights': 0.0010374363962736676, 'Mean Biases': -0.07826645189476245, 'Std Weights': 0.015998684037427265, 'Std Biases': 0.11158149354143657, 'Kurtosis Weights': 418.06900327991445, 'Kurtosis Biases': 6.3591043369283895}
2025-10-04 18:25:42,055 - INFO - Num positive samples taken: 24620; num positive weights: 10893; num positive biases: 1482 (Total: 12375)
2025-10-04 18:25:42,055 - INFO - Num negative samples taken: 3630; num negative weights: 10441; num negative biases: 7723 (Total: 18164)
2025-10-04 18:25:42,657 - INFO - Generating trigger and payload...
2025-10-04 18:25:42,659 - INFO - ✓ Generating trigger and payload finished in 0.00s.
2025-10-04 18:25:42,659 - INFO - Creating backdoored model...
2025-10-04 18:25:43,070 - INFO - ✓ Creating backdoored model finished in 0.41s.
2025-10-04 18:25:43,070 - INFO - Unfold StepMLP parameters...
2025-10-04 18:25:43,076 - INFO - ✓ Unfold StepMLP parameters finished in 0.01s.
2025-10-04 18:25:43,076 - INFO - KL Divergence...
2025-10-04 18:25:43,090 - INFO - ✓ KL Divergence finished in 0.01s.
2025-10-04 18:25:43,090 - INFO - Parameter sampling...
2025-10-04 18:25:43,090 - INFO - ✓ Parameter sampling finished in 0.00s.
2025-10-04 18:25:43,091 - INFO - Earth Mover's Distance...
2025-10-04 18:25:44,312 - INFO - ✓ Earth Mover's Distance finished in 1.22s.
2025-10-04 18:25:44,312 - INFO - KS Test...
2025-10-04 18:25:44,801 - INFO - ✓ KS Test finished in 0.49s.
2025-10-04 18:25:44,801 - INFO - Descriptive statistics...
2025-10-04 18:25:44,810 - INFO - ✓ Descriptive statistics finished in 0.01s.
2025-10-04 18:25:44,810 - INFO - Results: {'KL Weights': 4.708457946777344, 'KL Biases': inf, 'EMD Weights': 0.09525109997738196, 'EMD Biases': 0.03675855268977643, 'KS Weights Statistic': 0.49813062462344787, 'KS Weights P-value': 0.0, 'KS Biases Statistic': 0.2029481477457904, 'KS Biases P-value': 0.0, 'Mean Weights': 0.0010622587501227228, 'Mean Biases': -0.08041178054124457, 'Std Weights': 0.01618661092627899, 'Std Biases': 0.11418840455899193, 'Kurtosis Weights': 439.3629578079191, 'Kurtosis Biases': 6.625487743353123}
2025-10-04 18:25:44,827 - INFO - Num positive samples taken: 24620; num positive weights: 10893; num positive biases: 1486 (Total: 12379)
2025-10-04 18:25:44,827 - INFO - Num negative samples taken: 3630; num negative weights: 10441; num negative biases: 7719 (Total: 18160)
2025-10-04 18:25:45,438 - INFO - Generating trigger and payload...
2025-10-04 18:25:45,440 - INFO - ✓ Generating trigger and payload finished in 0.00s.
2025-10-04 18:25:45,440 - INFO - Creating backdoored model...
2025-10-04 18:25:45,862 - INFO - ✓ Creating backdoored model finished in 0.42s.
2025-10-04 18:25:45,862 - INFO - Unfold StepMLP parameters...
2025-10-04 18:25:45,866 - INFO - ✓ Unfold StepMLP parameters finished in 0.00s.
2025-10-04 18:25:45,866 - INFO - KL Divergence...
2025-10-04 18:25:45,878 - INFO - ✓ KL Divergence finished in 0.01s.
2025-10-04 18:25:45,878 - INFO - Parameter sampling...
2025-10-04 18:25:45,878 - INFO - ✓ Parameter sampling finished in 0.00s.
2025-10-04 18:25:45,879 - INFO - Earth Mover's Distance...
2025-10-04 18:25:46,967 - INFO - ✓ Earth Mover's Distance finished in 1.09s.
2025-10-04 18:25:46,967 - INFO - KS Test...
2025-10-04 18:25:47,455 - INFO - ✓ KS Test finished in 0.49s.
2025-10-04 18:25:47,455 - INFO - Descriptive statistics...
2025-10-04 18:25:47,465 - INFO - ✓ Descriptive statistics finished in 0.01s.
2025-10-04 18:25:47,467 - INFO - Results: {'KL Weights': 4.710628509521484, 'KL Biases': inf, 'EMD Weights': 0.09525241265607343, 'EMD Biases': 0.03686968381978218, 'KS Weights Statistic': 0.4978546700247927, 'KS Weights P-value': 0.0, 'KS Biases Statistic': 0.20357814774579042, 'KS Biases P-value': 0.0, 'Mean Weights': 0.0010551863519152962, 'Mean Biases': -0.07866288749887074, 'Std Weights': 0.01626800117635715, 'Std Biases': 0.11347770073765756, 'Kurtosis Weights': 443.0849013999531, 'Kurtosis Biases': 6.81093092281291}
2025-10-04 18:25:47,479 - INFO - Num positive samples taken: 24620; num positive weights: 10893; num positive biases: 1485 (Total: 12378)
2025-10-04 18:25:47,479 - INFO - Num negative samples taken: 3630; num negative weights: 10441; num negative biases: 7720 (Total: 18161)
2025-10-04 18:25:48,088 - INFO - Generating trigger and payload...
2025-10-04 18:25:48,090 - INFO - ✓ Generating trigger and payload finished in 0.00s.
2025-10-04 18:25:48,090 - INFO - Creating backdoored model...
2025-10-04 18:25:48,459 - INFO - ✓ Creating backdoored model finished in 0.37s.
2025-10-04 18:25:48,460 - INFO - Unfold StepMLP parameters...
2025-10-04 18:25:48,465 - INFO - ✓ Unfold StepMLP parameters finished in 0.00s.
2025-10-04 18:25:48,465 - INFO - KL Divergence...
2025-10-04 18:25:48,476 - INFO - ✓ KL Divergence finished in 0.01s.
2025-10-04 18:25:48,477 - INFO - Parameter sampling...
2025-10-04 18:25:48,477 - INFO - ✓ Parameter sampling finished in 0.00s.
2025-10-04 18:25:48,477 - INFO - Earth Mover's Distance...
2025-10-04 18:25:49,627 - INFO - ✓ Earth Mover's Distance finished in 1.15s.
2025-10-04 18:25:49,627 - INFO - KS Test...
2025-10-04 18:25:50,107 - INFO - ✓ KS Test finished in 0.48s.
2025-10-04 18:25:50,107 - INFO - Descriptive statistics...
2025-10-04 18:25:50,118 - INFO - ✓ Descriptive statistics finished in 0.01s.
2025-10-04 18:25:50,118 - INFO - Results: {'KL Weights': 4.7155046463012695, 'KL Biases': inf, 'EMD Weights': 0.09527759692127111, 'EMD Biases': 0.035252743625131575, 'KS Weights Statistic': 0.49888905209376133, 'KS Weights P-value': 0.0, 'KS Biases Statistic': 0.2038232379141771, 'KS Biases P-value': 0.0, 'Mean Weights': 0.0010416054536249186, 'Mean Biases': -0.07719481290494559, 'Std Weights': 0.015813315796271703, 'Std Biases': 0.10947527805394597, 'Kurtosis Weights': 406.50812168197587, 'Kurtosis Biases': 6.526925580607786}
2025-10-04 18:25:50,135 - INFO - Num positive samples taken: 24620; num positive weights: 10893; num positive biases: 1485 (Total: 12378)
2025-10-04 18:25:50,135 - INFO - Num negative samples taken: 3630; num negative weights: 10441; num negative biases: 7720 (Total: 18161)
2025-10-04 18:25:50,759 - INFO - Generating trigger and payload...
2025-10-04 18:25:50,761 - INFO - ✓ Generating trigger and payload finished in 0.00s.
2025-10-04 18:25:50,762 - INFO - Creating backdoored model...
2025-10-04 18:25:51,190 - INFO - ✓ Creating backdoored model finished in 0.43s.
2025-10-04 18:25:51,191 - INFO - Unfold StepMLP parameters...
2025-10-04 18:25:51,197 - INFO - ✓ Unfold StepMLP parameters finished in 0.01s.
2025-10-04 18:25:51,198 - INFO - KL Divergence...
2025-10-04 18:25:51,218 - INFO - ✓ KL Divergence finished in 0.02s.
2025-10-04 18:25:51,219 - INFO - Parameter sampling...
2025-10-04 18:25:51,219 - INFO - ✓ Parameter sampling finished in 0.00s.
2025-10-04 18:25:51,219 - INFO - Earth Mover's Distance...
2025-10-04 18:25:52,414 - INFO - ✓ Earth Mover's Distance finished in 1.19s.
2025-10-04 18:25:52,414 - INFO - KS Test...
2025-10-04 18:25:52,894 - INFO - ✓ KS Test finished in 0.48s.
2025-10-04 18:25:52,894 - INFO - Descriptive statistics...
2025-10-04 18:25:52,903 - INFO - ✓ Descriptive statistics finished in 0.01s.
2025-10-04 18:25:52,905 - INFO - Results: {'KL Weights': 4.7134575843811035, 'KL Biases': inf, 'EMD Weights': 0.0952615397153564, 'EMD Biases': 0.03548485854101239, 'KS Weights Statistic': 0.4983770182352477, 'KS Weights P-value': 0.0, 'KS Biases Statistic': 0.20197832808256377, 'KS Biases P-value': 0.0, 'Mean Weights': 0.0010268885097565264, 'Mean Biases': -0.07822028088201982, 'Std Weights': 0.016124975114318568, 'Std Biases': 0.11115179856006922, 'Kurtosis Weights': 419.8113021098404, 'Kurtosis Biases': 6.920656086028226}
2025-10-04 18:25:52,915 - INFO - Num positive samples taken: 24620; num positive weights: 10893; num positive biases: 1485 (Total: 12378)
2025-10-04 18:25:52,915 - INFO - Num negative samples taken: 3630; num negative weights: 10441; num negative biases: 7720 (Total: 18161)
