2025-10-07 09:11:21,494 - INFO - 
Solution 0-------
	KS Statistic Weights: 0.4996
	KS Statistic Biases: 0.0313
	Stats Score Weights: 0.6281
	Stats Score Biases: 0.17
	Unique Elems Score: 0.00
		TOTAL SCORE = 2.5982
2025-10-07 09:11:57,940 - INFO - Generation = 1
2025-10-07 09:12:03,145 - INFO - Fitness    = 2.5981686115264893
2025-10-07 09:12:36,991 - INFO - Generation = 2
2025-10-07 09:12:42,152 - INFO - Fitness    = 2.5981686115264893
2025-10-07 09:13:15,810 - INFO - Generation = 3
2025-10-07 09:13:20,979 - INFO - Fitness    = 2.5981686115264893
2025-10-07 09:13:54,795 - INFO - Generation = 4
2025-10-07 09:13:59,965 - INFO - Fitness    = 2.5981686115264893
2025-10-07 09:14:33,850 - INFO - Generation = 5
2025-10-07 09:14:39,052 - INFO - Fitness    = 2.5981686115264893
2025-10-07 09:15:12,805 - INFO - Generation = 6
2025-10-07 09:15:18,006 - INFO - Fitness    = 2.5981686115264893
2025-10-07 09:15:51,855 - INFO - Generation = 7
2025-10-07 09:15:57,043 - INFO - Fitness    = 2.5981686115264893
2025-10-07 09:16:30,824 - INFO - Generation = 8
2025-10-07 09:16:36,043 - INFO - Fitness    = 2.5981686115264893
2025-10-07 09:17:09,928 - INFO - Generation = 9
2025-10-07 09:17:15,340 - INFO - Fitness    = 2.5981686115264893
2025-10-07 09:17:48,986 - INFO - Generation = 10
2025-10-07 09:17:54,159 - INFO - Fitness    = 2.5981686115264893
