2025-10-04 20:03:55,234 - INFO - Dry run: computing model parameter requirements....
2025-10-04 20:03:55,545 - INFO - Num positive samples taken: 24620; num positive weights: 10893; num positive biases: 1484 (Total: 12377)
2025-10-04 20:03:55,545 - INFO - Num negative samples taken: 3630; num negative weights: 10441; num negative biases: 7721 (Total: 18162)
2025-10-04 20:03:55,545 - INFO - ✓ Dry run: computing model parameter requirements. finished in 0.31s.
2025-10-04 20:03:55,558 - INFO - Generating trigger and payload...
2025-10-04 20:03:55,559 - INFO - ✓ Generating trigger and payload finished in 0.00s.
2025-10-04 20:03:55,559 - INFO - Creating backdoored model...
2025-10-04 20:03:55,893 - INFO - ✓ Creating backdoored model finished in 0.33s.
2025-10-04 20:03:55,893 - INFO - Unfold StepMLP parameters...
2025-10-04 20:03:55,898 - INFO - ✓ Unfold StepMLP parameters finished in 0.00s.
2025-10-04 20:03:55,898 - INFO - KL Divergence...
2025-10-04 20:03:55,912 - INFO - ✓ KL Divergence finished in 0.01s.
2025-10-04 20:03:55,912 - INFO - Parameter sampling...
2025-10-04 20:03:55,912 - INFO - ✓ Parameter sampling finished in 0.00s.
2025-10-04 20:03:55,913 - INFO - Earth Mover's Distance...
2025-10-04 20:03:57,943 - INFO - ✓ Earth Mover's Distance finished in 2.03s.
2025-10-04 20:03:57,943 - INFO - KS Test...
2025-10-04 20:03:58,779 - INFO - ✓ KS Test finished in 0.84s.
2025-10-04 20:03:58,779 - INFO - Descriptive statistics...
2025-10-04 20:03:58,789 - INFO - ✓ Descriptive statistics finished in 0.01s.
2025-10-04 20:03:58,792 - INFO - Results: {'KL Weights': 4.702986717224121, 'KL Biases': inf, 'EMD Weights': 0.09524365796141336, 'EMD Biases': 0.036937795258107184, 'KS Weights Statistic': 0.49742811394498476, 'KS Weights P-value': 0.0, 'KS Biases Statistic': 0.20315469147202603, 'KS Biases P-value': 0.0, 'Mean Weights': 0.00107224547216168, 'Mean Biases': -0.0795210438283784, 'Std Weights': 0.01629722729843085, 'Std Biases': 0.11588064918550547, 'Kurtosis Weights': 422.81152902518943, 'Kurtosis Biases': 7.391651385684735}
2025-10-04 20:03:58,802 - INFO - Num positive samples taken: 24620; num positive weights: 10893; num positive biases: 1484 (Total: 12377)
2025-10-04 20:03:58,802 - INFO - Num negative samples taken: 3630; num negative weights: 10441; num negative biases: 7721 (Total: 18162)
