2025-10-07 09:33:25,108 - INFO - 
Solution 0-------
	KS Statistic Weights: 0.4996
	KS Statistic Biases: 0.0313
	Stats Score Weights: 0.6281
	Stats Score Biases: 0.17
	Unique Elems Score: 0.00
		TOTAL SCORE = 2.5982
2025-10-07 09:34:02,072 - INFO - Generation = 1
2025-10-07 09:34:07,315 - INFO - Fitness    = 2.5981686115264893
2025-10-07 09:34:41,454 - INFO - Generation = 2
2025-10-07 09:34:46,655 - INFO - Fitness    = 2.5981686115264893
2025-10-07 09:35:20,758 - INFO - Generation = 3
2025-10-07 09:35:25,987 - INFO - Fitness    = 2.5981686115264893
2025-10-07 09:36:00,086 - INFO - Generation = 4
2025-10-07 09:36:05,287 - INFO - Fitness    = 2.5981686115264893
2025-10-07 09:36:39,541 - INFO - Generation = 5
2025-10-07 09:36:44,729 - INFO - Fitness    = 2.5981686115264893
2025-10-07 09:37:19,010 - INFO - Generation = 6
2025-10-07 09:37:24,196 - INFO - Fitness    = 2.5981686115264893
2025-10-07 09:37:58,530 - INFO - Generation = 7
2025-10-07 09:38:03,759 - INFO - Fitness    = 2.5981686115264893
2025-10-07 09:38:37,952 - INFO - Generation = 8
2025-10-07 09:38:43,124 - INFO - Fitness    = 2.5981686115264893
2025-10-07 09:39:17,187 - INFO - Generation = 9
2025-10-07 09:39:22,373 - INFO - Fitness    = 2.5981686115264893
2025-10-07 09:39:56,356 - INFO - Generation = 10
2025-10-07 09:40:01,527 - INFO - Fitness    = 2.5981686115264893
