2025-10-07 07:47:43,489 - INFO - 
Solution 0-------
	KS Statistic Weights: 0.4996
	KS Statistic Biases: 0.0313
	Stats Score Weights: 0.6281
	Stats Score Biases: 0.17
	Unique Elems Score: 0.00
		TOTAL SCORE = 2.5982
2025-10-07 07:48:20,607 - INFO - Generation = 1
2025-10-07 07:48:25,823 - INFO - Fitness    = 2.5981686115264893
2025-10-07 07:49:00,001 - INFO - Generation = 2
2025-10-07 07:49:05,182 - INFO - Fitness    = 2.5981686115264893
2025-10-07 07:49:39,742 - INFO - Generation = 3
2025-10-07 07:49:44,931 - INFO - Fitness    = 2.5981686115264893
2025-10-07 07:50:19,107 - INFO - Generation = 4
2025-10-07 07:50:24,379 - INFO - Fitness    = 2.5981686115264893
2025-10-07 07:50:58,731 - INFO - Generation = 5
2025-10-07 07:51:03,964 - INFO - Fitness    = 2.5981686115264893
2025-10-07 07:51:38,106 - INFO - Generation = 6
2025-10-07 07:51:43,298 - INFO - Fitness    = 2.5981686115264893
2025-10-07 07:52:17,680 - INFO - Generation = 7
2025-10-07 07:52:22,915 - INFO - Fitness    = 2.5981686115264893
2025-10-07 07:52:57,363 - INFO - Generation = 8
2025-10-07 07:53:02,554 - INFO - Fitness    = 2.5981686115264893
2025-10-07 07:53:37,211 - INFO - Generation = 9
2025-10-07 07:53:42,429 - INFO - Fitness    = 2.5981686115264893
2025-10-07 07:54:16,698 - INFO - Generation = 10
2025-10-07 07:54:21,918 - INFO - Fitness    = 2.5981686115264893
