2025-10-07 03:44:37,631 - INFO - 
Solution 0-------
	KS Statistic Weights: 0.4996
	KS Statistic Biases: 0.0313
	Stats Score Weights: 0.6281
	Stats Score Biases: 0.17
	Unique Elems Score: 0.00
		TOTAL SCORE = 2.5982
2025-10-07 03:45:15,194 - INFO - Generation = 1
2025-10-07 03:45:20,430 - INFO - Fitness    = 2.5981686115264893
2025-10-07 03:45:54,811 - INFO - Generation = 2
2025-10-07 03:46:00,430 - INFO - Fitness    = 2.5981686115264893
2025-10-07 03:46:35,008 - INFO - Generation = 3
2025-10-07 03:46:40,208 - INFO - Fitness    = 2.5981686115264893
2025-10-07 03:47:14,649 - INFO - Generation = 4
2025-10-07 03:47:19,873 - INFO - Fitness    = 2.5981686115264893
2025-10-07 03:47:54,201 - INFO - Generation = 5
2025-10-07 03:47:59,414 - INFO - Fitness    = 2.5981686115264893
2025-10-07 03:48:33,782 - INFO - Generation = 6
2025-10-07 03:48:39,001 - INFO - Fitness    = 2.5981686115264893
2025-10-07 03:49:13,286 - INFO - Generation = 7
2025-10-07 03:49:18,444 - INFO - Fitness    = 2.5981686115264893
2025-10-07 03:49:52,709 - INFO - Generation = 8
2025-10-07 03:49:57,896 - INFO - Fitness    = 2.5981686115264893
2025-10-07 03:50:32,242 - INFO - Generation = 9
2025-10-07 03:50:37,418 - INFO - Fitness    = 2.5981686115264893
2025-10-07 03:51:11,808 - INFO - Generation = 10
2025-10-07 03:51:17,005 - INFO - Fitness    = 2.5981686115264893
