2025-10-09 12:22:54,839 - INFO - Experiment 1 ---------------- 
2025-10-09 12:23:49,803 - INFO - Generation = 1; Fitness    = 2.720278222267143
2025-10-09 12:24:21,787 - INFO - Generation = 2; Fitness    = 2.720278222267143
2025-10-09 12:25:13,727 - INFO - Generation = 3; Fitness    = 2.7251950694782257
2025-10-09 12:26:05,621 - INFO - Generation = 4; Fitness    = 2.733362035534054
2025-10-09 12:27:16,869 - INFO - Generation = 5; Fitness    = 2.7364341924775615
2025-10-09 12:27:49,566 - INFO - Generation = 6; Fitness    = 2.7364341924775615
2025-10-09 12:28:21,918 - INFO - Generation = 7; Fitness    = 2.7364341924775615
2025-10-09 12:28:54,262 - INFO - Generation = 8; Fitness    = 2.7364341924775615
2025-10-09 12:29:26,537 - INFO - Generation = 9; Fitness    = 2.7364341924775615
2025-10-09 12:29:58,404 - INFO - Generation = 10; Fitness    = 2.7364341924775615
2025-10-09 12:30:49,792 - INFO - Generation = 11; Fitness    = 2.7378902971421697
2025-10-09 12:31:22,268 - INFO - Generation = 12; Fitness    = 2.7378902971421697
2025-10-09 12:31:54,588 - INFO - Generation = 13; Fitness    = 2.7378902971421697
2025-10-09 12:32:46,250 - INFO - Generation = 14; Fitness    = 2.744759317765183
2025-10-09 12:33:57,237 - INFO - Generation = 15; Fitness    = 2.744759317765183
2025-10-09 12:34:49,111 - INFO - Generation = 16; Fitness    = 2.7448489920988663
2025-10-09 12:36:00,041 - INFO - Generation = 17; Fitness    = 2.7459470487937203
2025-10-09 12:37:31,258 - INFO - Generation = 18; Fitness    = 2.7498572871064164
2025-10-09 12:38:23,067 - INFO - Generation = 19; Fitness    = 2.7498572871064164
2025-10-09 12:39:14,961 - INFO - Generation = 20; Fitness    = 2.7498572871064164
2025-10-09 12:41:05,312 - INFO - Generation = 21; Fitness    = 2.7498572871064164
2025-10-09 12:41:57,164 - INFO - Generation = 22; Fitness    = 2.7498572871064164
2025-10-09 12:43:08,552 - INFO - Generation = 23; Fitness    = 2.7498572871064164
2025-10-09 12:43:40,823 - INFO - Generation = 24; Fitness    = 2.7498572871064164
2025-10-09 12:45:51,477 - INFO - Generation = 25; Fitness    = 2.7498572871064164
2025-10-09 12:48:01,767 - INFO - Generation = 26; Fitness    = 2.7498572871064164
2025-10-09 12:50:12,167 - INFO - Generation = 27; Fitness    = 2.7515559864699424
2025-10-09 12:53:01,615 - INFO - Generation = 28; Fitness    = 2.7515559864699424
2025-10-09 12:55:31,495 - INFO - Generation = 29; Fitness    = 2.7515559864699424
2025-10-09 12:57:41,392 - INFO - Generation = 30; Fitness    = 2.7515559864699424
2025-10-09 12:59:32,251 - INFO - Generation = 31; Fitness    = 2.7515559864699424
2025-10-09 13:03:01,325 - INFO - Generation = 32; Fitness    = 2.757470446616592
2025-10-09 13:06:50,224 - INFO - Generation = 33; Fitness    = 2.757470446616592
2025-10-09 13:10:58,632 - INFO - Generation = 34; Fitness    = 2.757470446616592
2025-10-09 13:16:05,566 - INFO - Generation = 35; Fitness    = 2.757470446616592
2025-10-09 13:21:13,055 - INFO - Generation = 36; Fitness    = 2.7576733972346656
2025-10-09 13:26:40,119 - INFO - Generation = 37; Fitness    = 2.7592021722894406
2025-10-09 13:31:28,280 - INFO - Generation = 38; Fitness    = 2.7592021722894406
2025-10-09 13:34:57,114 - INFO - Generation = 39; Fitness    = 2.7592021722894406
2025-10-09 13:39:05,944 - INFO - Generation = 40; Fitness    = 2.7592021722894406
2025-10-09 13:42:34,308 - INFO - Generation = 41; Fitness    = 2.7592432178524557
2025-10-09 13:46:22,680 - INFO - Generation = 42; Fitness    = 2.765066373579831
2025-10-09 13:49:51,520 - INFO - Generation = 43; Fitness    = 2.765066373579831
2025-10-09 13:52:01,759 - INFO - Generation = 44; Fitness    = 2.765066373579831
2025-10-09 13:54:31,823 - INFO - Generation = 45; Fitness    = 2.765066373579831
2025-10-09 13:56:02,757 - INFO - Generation = 46; Fitness    = 2.765066373579831
2025-10-09 13:58:52,265 - INFO - Generation = 47; Fitness    = 2.7651381451687196
2025-10-09 14:03:19,658 - INFO - Generation = 48; Fitness    = 2.7651381451687196
2025-10-09 14:06:48,673 - INFO - Generation = 49; Fitness    = 2.7659047928296685
2025-10-09 14:11:56,275 - INFO - Generation = 50; Fitness    = 2.7659047928296685
2025-10-09 14:11:56,278 - INFO - ----------------------------------------------------------------------
2025-10-09 14:11:56,278 - INFO -                            PyGAD Lifecycle                           
2025-10-09 14:11:56,278 - INFO - ======================================================================
2025-10-09 14:11:56,278 - INFO - Step                 Handler                         Output Shape    
2025-10-09 14:11:56,278 - INFO - ======================================================================
2025-10-09 14:11:56,278 - INFO - Fitness Function     fitness_func()                  (1)             
2025-10-09 14:11:56,278 - INFO - Fitness batch size: 10
2025-10-09 14:11:56,278 - INFO - ----------------------------------------------------------------------
2025-10-09 14:11:56,278 - INFO - Parent Selection     tournament_selection()          (10, 203940)    
2025-10-09 14:11:56,278 - INFO - Number of Parents: 10
2025-10-09 14:11:56,278 - INFO - K Tournament: 3
2025-10-09 14:11:56,278 - INFO - ----------------------------------------------------------------------
2025-10-09 14:11:56,278 - INFO - Crossover            single_point_crossover()        (10, 203940)    
2025-10-09 14:11:56,278 - INFO - ----------------------------------------------------------------------
2025-10-09 14:11:56,278 - INFO - Mutation             random_mutation()               (10, 203940)    
2025-10-09 14:11:56,278 - INFO - Mutation Genes: 20394
2025-10-09 14:11:56,279 - INFO - Random Mutation Range: (-1.0, 1.0)
2025-10-09 14:11:56,279 - INFO - Mutation by Replacement: False
2025-10-09 14:11:56,279 - INFO - Allow Duplicated Genes: True
2025-10-09 14:11:56,279 - INFO - ----------------------------------------------------------------------
2025-10-09 14:11:56,279 - INFO - On Generation        on_gen()                        None            
2025-10-09 14:11:56,279 - INFO - ----------------------------------------------------------------------
2025-10-09 14:11:56,279 - INFO - ======================================================================
2025-10-09 14:11:56,279 - INFO - Population Size: (100, 203940)
2025-10-09 14:11:56,279 - INFO - Number of Generations: 50
2025-10-09 14:11:56,279 - INFO - Initial Population Range: (-4, 4)
2025-10-09 14:11:56,279 - INFO - Keep Elitism: 1
2025-10-09 14:11:56,279 - INFO - Gene DType: [<class 'float'>, None]
2025-10-09 14:11:56,279 - INFO - Parallel Processing: ['thread', 2]
2025-10-09 14:11:56,279 - INFO - Random Seed: 0
2025-10-09 14:11:56,279 - INFO - Save Best Solutions: False
2025-10-09 14:11:56,279 - INFO - Save Solutions: False
2025-10-09 14:11:56,279 - INFO - ======================================================================
2025-10-09 14:13:58,718 - INFO -  DONE 

2025-10-09 14:13:58,718 - INFO - Experiment 2 ---------------- 
2025-10-09 14:14:53,670 - INFO - Generation = 1; Fitness    = 1.5309838401173241
2025-10-09 14:15:26,195 - INFO - Generation = 2; Fitness    = 1.5309838401173241
2025-10-09 14:15:58,618 - INFO - Generation = 3; Fitness    = 1.5309838401173241
2025-10-09 14:16:49,877 - INFO - Generation = 4; Fitness    = 1.875471120377595
2025-10-09 14:17:22,112 - INFO - Generation = 5; Fitness    = 1.875471120377595
2025-10-09 14:18:13,846 - INFO - Generation = 6; Fitness    = 2.721501973058847
2025-10-09 14:19:05,497 - INFO - Generation = 7; Fitness    = 2.721501973058847
2025-10-09 14:19:37,413 - INFO - Generation = 8; Fitness    = 2.721501973058847
2025-10-09 14:20:09,657 - INFO - Generation = 9; Fitness    = 2.721501973058847
2025-10-09 14:21:01,040 - INFO - Generation = 10; Fitness    = 2.721501973058847
2025-10-09 14:21:33,242 - INFO - Generation = 11; Fitness    = 2.721501973058847
2025-10-09 14:22:05,419 - INFO - Generation = 12; Fitness    = 2.721501973058847
2025-10-09 14:22:37,683 - INFO - Generation = 13; Fitness    = 2.721501973058847
2025-10-09 14:23:48,757 - INFO - Generation = 14; Fitness    = 2.721501973058847
2025-10-09 14:24:59,647 - INFO - Generation = 15; Fitness    = 2.721501973058847
2025-10-09 14:25:51,052 - INFO - Generation = 16; Fitness    = 2.721501973058847
2025-10-09 14:26:23,397 - INFO - Generation = 17; Fitness    = 2.721501973058847
2025-10-09 14:26:55,687 - INFO - Generation = 18; Fitness    = 2.721501973058847
2025-10-09 14:27:27,979 - INFO - Generation = 19; Fitness    = 2.721501973058847
2025-10-09 14:28:19,230 - INFO - Generation = 20; Fitness    = 2.721501973058847
2025-10-09 14:29:11,262 - INFO - Generation = 21; Fitness    = 2.721501973058847
2025-10-09 14:30:02,988 - INFO - Generation = 22; Fitness    = 2.721501973058847
2025-10-09 14:30:54,746 - INFO - Generation = 23; Fitness    = 2.721501973058847
2025-10-09 14:31:46,203 - INFO - Generation = 24; Fitness    = 2.721501973058847
2025-10-09 14:32:37,796 - INFO - Generation = 25; Fitness    = 2.721501973058847
2025-10-09 14:33:29,374 - INFO - Generation = 26; Fitness    = 2.721501973058847
2025-10-09 14:34:01,666 - INFO - Generation = 27; Fitness    = 2.721501973058847
2025-10-09 14:34:52,975 - INFO - Generation = 28; Fitness    = 2.7229073838609392
2025-10-09 14:35:44,569 - INFO - Generation = 29; Fitness    = 2.7273922862109248
2025-10-09 14:36:16,724 - INFO - Generation = 30; Fitness    = 2.7273922862109248
2025-10-09 14:37:08,007 - INFO - Generation = 31; Fitness    = 2.734715739433726
2025-10-09 14:37:59,314 - INFO - Generation = 32; Fitness    = 2.734715739433726
2025-10-09 14:38:51,023 - INFO - Generation = 33; Fitness    = 2.734715739433726
2025-10-09 14:39:23,272 - INFO - Generation = 34; Fitness    = 2.734715739433726
2025-10-09 14:39:55,607 - INFO - Generation = 35; Fitness    = 2.734715739433726
2025-10-09 14:40:47,082 - INFO - Generation = 36; Fitness    = 2.734715739433726
2025-10-09 14:41:57,910 - INFO - Generation = 37; Fitness    = 2.738323707582012
2025-10-09 14:43:47,867 - INFO - Generation = 38; Fitness    = 2.7476887634934353
2025-10-09 14:44:39,157 - INFO - Generation = 39; Fitness    = 2.7476887634934353
2025-10-09 14:45:30,670 - INFO - Generation = 40; Fitness    = 2.7476887634934353
2025-10-09 14:46:03,251 - INFO - Generation = 41; Fitness    = 2.7476887634934353
2025-10-09 14:47:14,107 - INFO - Generation = 42; Fitness    = 2.7476887634934353
2025-10-09 14:48:05,998 - INFO - Generation = 43; Fitness    = 2.7476887634934353
2025-10-09 14:48:57,559 - INFO - Generation = 44; Fitness    = 2.751297231045597
2025-10-09 14:49:49,381 - INFO - Generation = 45; Fitness    = 2.751297231045597
2025-10-09 14:50:21,688 - INFO - Generation = 46; Fitness    = 2.751297231045597
2025-10-09 14:50:54,247 - INFO - Generation = 47; Fitness    = 2.751297231045597
2025-10-09 14:51:26,524 - INFO - Generation = 48; Fitness    = 2.751297231045597
2025-10-09 14:51:59,010 - INFO - Generation = 49; Fitness    = 2.751297231045597
2025-10-09 14:52:31,288 - INFO - Generation = 50; Fitness    = 2.751297231045597
2025-10-09 14:52:31,291 - INFO - ----------------------------------------------------------------------
2025-10-09 14:52:31,291 - INFO -                            PyGAD Lifecycle                           
2025-10-09 14:52:31,291 - INFO - ======================================================================
2025-10-09 14:52:31,291 - INFO - Step                 Handler                         Output Shape    
2025-10-09 14:52:31,291 - INFO - ======================================================================
2025-10-09 14:52:31,291 - INFO - Fitness Function     fitness_func()                  (1)             
2025-10-09 14:52:31,291 - INFO - Fitness batch size: 10
2025-10-09 14:52:31,291 - INFO - ----------------------------------------------------------------------
2025-10-09 14:52:31,291 - INFO - Parent Selection     tournament_selection()          (10, 203940)    
2025-10-09 14:52:31,291 - INFO - Number of Parents: 10
2025-10-09 14:52:31,291 - INFO - K Tournament: 3
2025-10-09 14:52:31,291 - INFO - ----------------------------------------------------------------------
2025-10-09 14:52:31,291 - INFO - Crossover            single_point_crossover()        (10, 203940)    
2025-10-09 14:52:31,291 - INFO - ----------------------------------------------------------------------
2025-10-09 14:52:31,291 - INFO - Mutation             random_mutation()               (10, 203940)    
2025-10-09 14:52:31,291 - INFO - Mutation Genes: 20394
2025-10-09 14:52:31,291 - INFO - Random Mutation Range: (-1.0, 1.0)
2025-10-09 14:52:31,291 - INFO - Mutation by Replacement: False
2025-10-09 14:52:31,291 - INFO - Allow Duplicated Genes: True
2025-10-09 14:52:31,292 - INFO - ----------------------------------------------------------------------
2025-10-09 14:52:31,292 - INFO - On Generation        on_gen()                        None            
2025-10-09 14:52:31,292 - INFO - ----------------------------------------------------------------------
2025-10-09 14:52:31,292 - INFO - ======================================================================
2025-10-09 14:52:31,292 - INFO - Population Size: (100, 203940)
2025-10-09 14:52:31,292 - INFO - Number of Generations: 50
2025-10-09 14:52:31,292 - INFO - Initial Population Range: (-4, 4)
2025-10-09 14:52:31,292 - INFO - Keep Elitism: 1
2025-10-09 14:52:31,292 - INFO - Gene DType: [<class 'float'>, None]
2025-10-09 14:52:31,292 - INFO - Parallel Processing: ['thread', 2]
2025-10-09 14:52:31,292 - INFO - Random Seed: 1
2025-10-09 14:52:31,292 - INFO - Save Best Solutions: False
2025-10-09 14:52:31,292 - INFO - Save Solutions: False
2025-10-09 14:52:31,292 - INFO - ======================================================================
2025-10-09 14:52:35,703 - INFO -  DONE 

2025-10-09 14:52:35,703 - INFO - Experiment 3 ---------------- 
2025-10-09 14:53:30,299 - INFO - Generation = 1; Fitness    = 1.5309838401173241
2025-10-09 14:54:02,944 - INFO - Generation = 2; Fitness    = 1.5309838401173241
2025-10-09 14:54:35,872 - INFO - Generation = 3; Fitness    = 1.5309838401173241
2025-10-09 14:55:08,523 - INFO - Generation = 4; Fitness    = 1.5309838401173241
2025-10-09 14:55:40,979 - INFO - Generation = 5; Fitness    = 1.5309838401173241
2025-10-09 14:56:13,351 - INFO - Generation = 6; Fitness    = 1.5309838401173241
2025-10-09 14:56:46,475 - INFO - Generation = 7; Fitness    = 1.5309838401173241
2025-10-09 14:57:19,188 - INFO - Generation = 8; Fitness    = 1.5309838401173241
2025-10-09 14:57:52,198 - INFO - Generation = 9; Fitness    = 1.5309838401173241
2025-10-09 14:58:25,031 - INFO - Generation = 10; Fitness    = 1.5309838401173241
2025-10-09 14:58:57,711 - INFO - Generation = 11; Fitness    = 1.5309838401173241
2025-10-09 14:59:30,408 - INFO - Generation = 12; Fitness    = 1.5309838401173241
2025-10-09 15:00:03,375 - INFO - Generation = 13; Fitness    = 1.5309838401173241
2025-10-09 15:00:36,046 - INFO - Generation = 14; Fitness    = 1.5309838401173241
2025-10-09 15:01:08,542 - INFO - Generation = 15; Fitness    = 1.5309838401173241
2025-10-09 15:01:41,410 - INFO - Generation = 16; Fitness    = 1.5309838401173241
2025-10-09 15:02:14,107 - INFO - Generation = 17; Fitness    = 1.5309838401173241
2025-10-09 15:02:46,751 - INFO - Generation = 18; Fitness    = 1.5309838401173241
2025-10-09 15:03:19,545 - INFO - Generation = 19; Fitness    = 1.5309838401173241
2025-10-09 15:03:52,389 - INFO - Generation = 20; Fitness    = 1.5309838401173241
2025-10-09 15:04:25,075 - INFO - Generation = 21; Fitness    = 1.5309838401173241
2025-10-09 15:04:57,588 - INFO - Generation = 22; Fitness    = 1.5309838401173241
2025-10-09 15:05:30,134 - INFO - Generation = 23; Fitness    = 1.5309838401173241
2025-10-09 15:06:02,723 - INFO - Generation = 24; Fitness    = 1.5309838401173241
2025-10-09 15:06:35,250 - INFO - Generation = 25; Fitness    = 1.5309838401173241
2025-10-09 15:07:08,024 - INFO - Generation = 26; Fitness    = 1.5309838401173241
2025-10-09 15:07:40,421 - INFO - Generation = 27; Fitness    = 1.5309838401173241
2025-10-09 15:08:13,131 - INFO - Generation = 28; Fitness    = 1.5309838401173241
2025-10-09 15:08:45,833 - INFO - Generation = 29; Fitness    = 1.5309838401173241
2025-10-09 15:09:18,531 - INFO - Generation = 30; Fitness    = 1.5309838401173241
2025-10-09 15:09:51,066 - INFO - Generation = 31; Fitness    = 1.5309838401173241
2025-10-09 15:10:23,987 - INFO - Generation = 32; Fitness    = 1.5309838401173241
2025-10-09 15:10:56,754 - INFO - Generation = 33; Fitness    = 1.5309838401173241
2025-10-09 15:11:29,518 - INFO - Generation = 34; Fitness    = 1.5309838401173241
2025-10-09 15:12:02,403 - INFO - Generation = 35; Fitness    = 1.5309838401173241
2025-10-09 15:12:35,101 - INFO - Generation = 36; Fitness    = 1.5309838401173241
2025-10-09 15:13:07,879 - INFO - Generation = 37; Fitness    = 1.5309838401173241
2025-10-09 15:13:40,547 - INFO - Generation = 38; Fitness    = 1.5309838401173241
2025-10-09 15:14:13,283 - INFO - Generation = 39; Fitness    = 1.5309838401173241
2025-10-09 15:14:46,047 - INFO - Generation = 40; Fitness    = 1.5309838401173241
2025-10-09 15:15:18,747 - INFO - Generation = 41; Fitness    = 1.5309838401173241
2025-10-09 15:15:51,354 - INFO - Generation = 42; Fitness    = 1.5309838401173241
2025-10-09 15:16:24,097 - INFO - Generation = 43; Fitness    = 1.5309838401173241
2025-10-09 15:16:56,609 - INFO - Generation = 44; Fitness    = 1.5309838401173241
2025-10-09 15:17:29,407 - INFO - Generation = 45; Fitness    = 1.5309838401173241
2025-10-09 15:18:02,208 - INFO - Generation = 46; Fitness    = 1.5309838401173241
2025-10-09 15:18:34,796 - INFO - Generation = 47; Fitness    = 1.5309838401173241
2025-10-09 15:19:07,500 - INFO - Generation = 48; Fitness    = 1.5309838401173241
2025-10-09 15:19:39,933 - INFO - Generation = 49; Fitness    = 1.5309838401173241
2025-10-09 15:20:12,271 - INFO - Generation = 50; Fitness    = 1.5309838401173241
2025-10-09 15:20:12,274 - INFO - ----------------------------------------------------------------------
2025-10-09 15:20:12,274 - INFO -                            PyGAD Lifecycle                           
2025-10-09 15:20:12,274 - INFO - ======================================================================
2025-10-09 15:20:12,274 - INFO - Step                 Handler                         Output Shape    
2025-10-09 15:20:12,274 - INFO - ======================================================================
2025-10-09 15:20:12,274 - INFO - Fitness Function     fitness_func()                  (1)             
2025-10-09 15:20:12,274 - INFO - Fitness batch size: 10
2025-10-09 15:20:12,274 - INFO - ----------------------------------------------------------------------
2025-10-09 15:20:12,274 - INFO - Parent Selection     tournament_selection()          (10, 203940)    
2025-10-09 15:20:12,274 - INFO - Number of Parents: 10
2025-10-09 15:20:12,274 - INFO - K Tournament: 3
2025-10-09 15:20:12,274 - INFO - ----------------------------------------------------------------------
2025-10-09 15:20:12,274 - INFO - Crossover            single_point_crossover()        (10, 203940)    
2025-10-09 15:20:12,274 - INFO - ----------------------------------------------------------------------
2025-10-09 15:20:12,274 - INFO - Mutation             random_mutation()               (10, 203940)    
2025-10-09 15:20:12,274 - INFO - Mutation Genes: 20394
2025-10-09 15:20:12,274 - INFO - Random Mutation Range: (-1.0, 1.0)
2025-10-09 15:20:12,274 - INFO - Mutation by Replacement: False
2025-10-09 15:20:12,274 - INFO - Allow Duplicated Genes: True
2025-10-09 15:20:12,274 - INFO - ----------------------------------------------------------------------
2025-10-09 15:20:12,274 - INFO - On Generation        on_gen()                        None            
2025-10-09 15:20:12,274 - INFO - ----------------------------------------------------------------------
2025-10-09 15:20:12,274 - INFO - ======================================================================
2025-10-09 15:20:12,274 - INFO - Population Size: (100, 203940)
2025-10-09 15:20:12,274 - INFO - Number of Generations: 50
2025-10-09 15:20:12,274 - INFO - Initial Population Range: (-4, 4)
2025-10-09 15:20:12,274 - INFO - Keep Elitism: 1
2025-10-09 15:20:12,274 - INFO - Gene DType: [<class 'float'>, None]
2025-10-09 15:20:12,274 - INFO - Parallel Processing: ['thread', 2]
2025-10-09 15:20:12,274 - INFO - Random Seed: 2
2025-10-09 15:20:12,274 - INFO - Save Best Solutions: False
2025-10-09 15:20:12,274 - INFO - Save Solutions: False
2025-10-09 15:20:12,274 - INFO - ======================================================================
2025-10-09 15:20:16,436 - INFO -  DONE 

2025-10-09 15:20:16,436 - INFO - Experiment 4 ---------------- 
2025-10-09 15:21:12,408 - INFO - Generation = 1; Fitness    = 1.5309838401173241
2025-10-09 15:21:44,921 - INFO - Generation = 2; Fitness    = 1.5309838401173241
2025-10-09 15:22:17,439 - INFO - Generation = 3; Fitness    = 1.5309838401173241
2025-10-09 15:22:49,983 - INFO - Generation = 4; Fitness    = 1.5309838401173241
2025-10-09 15:23:22,557 - INFO - Generation = 5; Fitness    = 1.5309838401173241
2025-10-09 15:23:55,130 - INFO - Generation = 6; Fitness    = 1.5309838401173241
2025-10-09 15:24:27,602 - INFO - Generation = 7; Fitness    = 1.5309838401173241
2025-10-09 15:25:00,207 - INFO - Generation = 8; Fitness    = 1.5309838401173241
2025-10-09 15:25:32,671 - INFO - Generation = 9; Fitness    = 1.5309838401173241
2025-10-09 15:26:05,049 - INFO - Generation = 10; Fitness    = 1.5309838401173241
2025-10-09 15:26:37,538 - INFO - Generation = 11; Fitness    = 1.5309838401173241
2025-10-09 15:27:10,101 - INFO - Generation = 12; Fitness    = 1.5309838401173241
2025-10-09 15:27:42,621 - INFO - Generation = 13; Fitness    = 1.5309838401173241
2025-10-09 15:28:15,037 - INFO - Generation = 14; Fitness    = 1.5309838401173241
2025-10-09 15:28:47,715 - INFO - Generation = 15; Fitness    = 1.5309838401173241
2025-10-09 15:29:20,542 - INFO - Generation = 16; Fitness    = 1.5309838401173241
2025-10-09 15:29:52,877 - INFO - Generation = 17; Fitness    = 1.5309838401173241
2025-10-09 15:30:25,316 - INFO - Generation = 18; Fitness    = 1.5309838401173241
2025-10-09 15:30:58,126 - INFO - Generation = 19; Fitness    = 1.5309838401173241
2025-10-09 15:31:30,923 - INFO - Generation = 20; Fitness    = 1.5309838401173241
2025-10-09 15:32:03,561 - INFO - Generation = 21; Fitness    = 1.5309838401173241
2025-10-09 15:32:36,422 - INFO - Generation = 22; Fitness    = 1.5309838401173241
2025-10-09 15:33:09,114 - INFO - Generation = 23; Fitness    = 1.5309838401173241
2025-10-09 15:33:42,059 - INFO - Generation = 24; Fitness    = 1.5309838401173241
2025-10-09 15:34:14,769 - INFO - Generation = 25; Fitness    = 1.5309838401173241
2025-10-09 15:34:47,415 - INFO - Generation = 26; Fitness    = 1.5309838401173241
2025-10-09 15:35:19,932 - INFO - Generation = 27; Fitness    = 1.5309838401173241
2025-10-09 15:35:52,663 - INFO - Generation = 28; Fitness    = 1.5309838401173241
2025-10-09 15:36:25,239 - INFO - Generation = 29; Fitness    = 1.5309838401173241
2025-10-09 15:36:57,950 - INFO - Generation = 30; Fitness    = 1.5309838401173241
2025-10-09 15:37:30,715 - INFO - Generation = 31; Fitness    = 1.5309838401173241
2025-10-09 15:38:03,281 - INFO - Generation = 32; Fitness    = 1.5309838401173241
2025-10-09 15:38:35,782 - INFO - Generation = 33; Fitness    = 1.5309838401173241
2025-10-09 15:39:08,746 - INFO - Generation = 34; Fitness    = 1.5309838401173241
2025-10-09 15:39:41,383 - INFO - Generation = 35; Fitness    = 1.5309838401173241
2025-10-09 15:40:14,296 - INFO - Generation = 36; Fitness    = 1.5309838401173241
2025-10-09 15:40:46,782 - INFO - Generation = 37; Fitness    = 1.5309838401173241
2025-10-09 15:41:19,680 - INFO - Generation = 38; Fitness    = 1.5309838401173241
2025-10-09 15:41:52,655 - INFO - Generation = 39; Fitness    = 1.5309838401173241
2025-10-09 15:42:25,722 - INFO - Generation = 40; Fitness    = 1.5309838401173241
2025-10-09 15:42:58,375 - INFO - Generation = 41; Fitness    = 1.5309838401173241
2025-10-09 15:43:31,025 - INFO - Generation = 42; Fitness    = 1.5309838401173241
2025-10-09 15:44:03,525 - INFO - Generation = 43; Fitness    = 1.5309838401173241
2025-10-09 15:44:36,079 - INFO - Generation = 44; Fitness    = 1.5309838401173241
2025-10-09 15:45:08,701 - INFO - Generation = 45; Fitness    = 1.5309838401173241
2025-10-09 15:45:41,599 - INFO - Generation = 46; Fitness    = 1.5309838401173241
2025-10-09 15:46:14,470 - INFO - Generation = 47; Fitness    = 1.5309838401173241
2025-10-09 15:46:47,227 - INFO - Generation = 48; Fitness    = 1.5309838401173241
2025-10-09 15:47:20,073 - INFO - Generation = 49; Fitness    = 1.5309838401173241
2025-10-09 15:47:52,929 - INFO - Generation = 50; Fitness    = 1.5309838401173241
2025-10-09 15:47:52,932 - INFO - ----------------------------------------------------------------------
2025-10-09 15:47:52,932 - INFO -                            PyGAD Lifecycle                           
2025-10-09 15:47:52,932 - INFO - ======================================================================
2025-10-09 15:47:52,932 - INFO - Step                 Handler                         Output Shape    
2025-10-09 15:47:52,932 - INFO - ======================================================================
2025-10-09 15:47:52,932 - INFO - Fitness Function     fitness_func()                  (1)             
2025-10-09 15:47:52,932 - INFO - Fitness batch size: 10
2025-10-09 15:47:52,932 - INFO - ----------------------------------------------------------------------
2025-10-09 15:47:52,932 - INFO - Parent Selection     tournament_selection()          (10, 203940)    
2025-10-09 15:47:52,932 - INFO - Number of Parents: 10
2025-10-09 15:47:52,932 - INFO - K Tournament: 3
2025-10-09 15:47:52,932 - INFO - ----------------------------------------------------------------------
2025-10-09 15:47:52,932 - INFO - Crossover            single_point_crossover()        (10, 203940)    
2025-10-09 15:47:52,932 - INFO - ----------------------------------------------------------------------
2025-10-09 15:47:52,932 - INFO - Mutation             random_mutation()               (10, 203940)    
2025-10-09 15:47:52,932 - INFO - Mutation Genes: 20394
2025-10-09 15:47:52,932 - INFO - Random Mutation Range: (-1.0, 1.0)
2025-10-09 15:47:52,932 - INFO - Mutation by Replacement: False
2025-10-09 15:47:52,932 - INFO - Allow Duplicated Genes: True
2025-10-09 15:47:52,932 - INFO - ----------------------------------------------------------------------
2025-10-09 15:47:52,932 - INFO - On Generation        on_gen()                        None            
2025-10-09 15:47:52,932 - INFO - ----------------------------------------------------------------------
2025-10-09 15:47:52,932 - INFO - ======================================================================
2025-10-09 15:47:52,933 - INFO - Population Size: (100, 203940)
2025-10-09 15:47:52,933 - INFO - Number of Generations: 50
2025-10-09 15:47:52,933 - INFO - Initial Population Range: (-4, 4)
2025-10-09 15:47:52,933 - INFO - Keep Elitism: 1
2025-10-09 15:47:52,933 - INFO - Gene DType: [<class 'float'>, None]
2025-10-09 15:47:52,933 - INFO - Parallel Processing: ['thread', 2]
2025-10-09 15:47:52,933 - INFO - Random Seed: 3
2025-10-09 15:47:52,933 - INFO - Save Best Solutions: False
2025-10-09 15:47:52,933 - INFO - Save Solutions: False
2025-10-09 15:47:52,933 - INFO - ======================================================================
2025-10-09 15:47:57,219 - INFO -  DONE 

2025-10-09 15:47:57,219 - INFO - Experiment 5 ---------------- 
2025-10-09 15:48:50,537 - INFO - Generation = 1; Fitness    = 1.5309838401173241
2025-10-09 15:49:23,593 - INFO - Generation = 2; Fitness    = 1.5309838401173241
2025-10-09 15:49:56,500 - INFO - Generation = 3; Fitness    = 1.5309838401173241
2025-10-09 15:50:29,256 - INFO - Generation = 4; Fitness    = 1.5309838401173241
2025-10-09 15:51:01,803 - INFO - Generation = 5; Fitness    = 1.5309838401173241
2025-10-09 15:51:34,367 - INFO - Generation = 6; Fitness    = 1.5309838401173241
2025-10-09 15:52:06,932 - INFO - Generation = 7; Fitness    = 1.5309838401173241
2025-10-09 15:52:39,656 - INFO - Generation = 8; Fitness    = 1.5309838401173241
2025-10-09 15:53:12,178 - INFO - Generation = 9; Fitness    = 1.5309838401173241
2025-10-09 15:53:44,740 - INFO - Generation = 10; Fitness    = 1.5309838401173241
2025-10-09 15:54:17,577 - INFO - Generation = 11; Fitness    = 1.5309838401173241
2025-10-09 15:54:50,550 - INFO - Generation = 12; Fitness    = 1.5309838401173241
2025-10-09 15:55:23,147 - INFO - Generation = 13; Fitness    = 1.5309838401173241
2025-10-09 15:55:55,940 - INFO - Generation = 14; Fitness    = 1.5309838401173241
2025-10-09 15:56:28,913 - INFO - Generation = 15; Fitness    = 1.5309838401173241
2025-10-09 15:57:01,892 - INFO - Generation = 16; Fitness    = 1.5309838401173241
2025-10-09 15:57:34,640 - INFO - Generation = 17; Fitness    = 1.5309838401173241
2025-10-09 15:58:07,332 - INFO - Generation = 18; Fitness    = 1.5309838401173241
2025-10-09 15:58:40,092 - INFO - Generation = 19; Fitness    = 1.5309838401173241
2025-10-09 15:59:13,203 - INFO - Generation = 20; Fitness    = 1.5309838401173241
2025-10-09 15:59:46,008 - INFO - Generation = 21; Fitness    = 1.5309838401173241
2025-10-09 16:00:18,682 - INFO - Generation = 22; Fitness    = 1.5309838401173241
2025-10-09 16:00:51,252 - INFO - Generation = 23; Fitness    = 1.5309838401173241
2025-10-09 16:01:24,268 - INFO - Generation = 24; Fitness    = 1.5309838401173241
2025-10-09 16:01:56,953 - INFO - Generation = 25; Fitness    = 1.5309838401173241
2025-10-09 16:02:29,676 - INFO - Generation = 26; Fitness    = 1.5309838401173241
2025-10-09 16:03:02,397 - INFO - Generation = 27; Fitness    = 1.5309838401173241
2025-10-09 16:03:35,159 - INFO - Generation = 28; Fitness    = 1.5309838401173241
2025-10-09 16:04:07,777 - INFO - Generation = 29; Fitness    = 1.5309838401173241
2025-10-09 16:04:40,397 - INFO - Generation = 30; Fitness    = 1.5309838401173241
2025-10-09 16:05:13,116 - INFO - Generation = 31; Fitness    = 1.5309838401173241
2025-10-09 16:05:45,793 - INFO - Generation = 32; Fitness    = 1.5309838401173241
2025-10-09 16:06:18,372 - INFO - Generation = 33; Fitness    = 1.5309838401173241
2025-10-09 16:06:51,045 - INFO - Generation = 34; Fitness    = 1.5309838401173241
2025-10-09 16:07:23,760 - INFO - Generation = 35; Fitness    = 1.5309838401173241
2025-10-09 16:07:56,406 - INFO - Generation = 36; Fitness    = 1.5309838401173241
2025-10-09 16:08:29,116 - INFO - Generation = 37; Fitness    = 1.5309838401173241
2025-10-09 16:09:01,960 - INFO - Generation = 38; Fitness    = 1.5309838401173241
2025-10-09 16:09:34,741 - INFO - Generation = 39; Fitness    = 1.5309838401173241
2025-10-09 16:10:07,689 - INFO - Generation = 40; Fitness    = 1.5309838401173241
2025-10-09 16:10:40,733 - INFO - Generation = 41; Fitness    = 1.5309838401173241
2025-10-09 16:11:13,501 - INFO - Generation = 42; Fitness    = 1.5309838401173241
2025-10-09 16:11:46,149 - INFO - Generation = 43; Fitness    = 1.5309838401173241
2025-10-09 16:12:18,790 - INFO - Generation = 44; Fitness    = 1.5309838401173241
2025-10-09 16:12:51,482 - INFO - Generation = 45; Fitness    = 1.5309838401173241
2025-10-09 16:13:24,074 - INFO - Generation = 46; Fitness    = 1.5309838401173241
2025-10-09 16:13:56,730 - INFO - Generation = 47; Fitness    = 1.5309838401173241
2025-10-09 16:14:29,475 - INFO - Generation = 48; Fitness    = 1.5309838401173241
2025-10-09 16:15:02,265 - INFO - Generation = 49; Fitness    = 1.5309838401173241
2025-10-09 16:15:35,274 - INFO - Generation = 50; Fitness    = 1.5309838401173241
2025-10-09 16:15:35,277 - INFO - ----------------------------------------------------------------------
2025-10-09 16:15:35,277 - INFO -                            PyGAD Lifecycle                           
2025-10-09 16:15:35,277 - INFO - ======================================================================
2025-10-09 16:15:35,277 - INFO - Step                 Handler                         Output Shape    
2025-10-09 16:15:35,277 - INFO - ======================================================================
2025-10-09 16:15:35,277 - INFO - Fitness Function     fitness_func()                  (1)             
2025-10-09 16:15:35,277 - INFO - Fitness batch size: 10
2025-10-09 16:15:35,277 - INFO - ----------------------------------------------------------------------
2025-10-09 16:15:35,277 - INFO - Parent Selection     tournament_selection()          (10, 203940)    
2025-10-09 16:15:35,277 - INFO - Number of Parents: 10
2025-10-09 16:15:35,277 - INFO - K Tournament: 3
2025-10-09 16:15:35,277 - INFO - ----------------------------------------------------------------------
2025-10-09 16:15:35,277 - INFO - Crossover            single_point_crossover()        (10, 203940)    
2025-10-09 16:15:35,277 - INFO - ----------------------------------------------------------------------
2025-10-09 16:15:35,277 - INFO - Mutation             random_mutation()               (10, 203940)    
2025-10-09 16:15:35,277 - INFO - Mutation Genes: 20394
2025-10-09 16:15:35,277 - INFO - Random Mutation Range: (-1.0, 1.0)
2025-10-09 16:15:35,277 - INFO - Mutation by Replacement: False
2025-10-09 16:15:35,277 - INFO - Allow Duplicated Genes: True
2025-10-09 16:15:35,277 - INFO - ----------------------------------------------------------------------
2025-10-09 16:15:35,277 - INFO - On Generation        on_gen()                        None            
2025-10-09 16:15:35,277 - INFO - ----------------------------------------------------------------------
2025-10-09 16:15:35,277 - INFO - ======================================================================
2025-10-09 16:15:35,277 - INFO - Population Size: (100, 203940)
2025-10-09 16:15:35,277 - INFO - Number of Generations: 50
2025-10-09 16:15:35,277 - INFO - Initial Population Range: (-4, 4)
2025-10-09 16:15:35,277 - INFO - Keep Elitism: 1
2025-10-09 16:15:35,277 - INFO - Gene DType: [<class 'float'>, None]
2025-10-09 16:15:35,277 - INFO - Parallel Processing: ['thread', 2]
2025-10-09 16:15:35,277 - INFO - Random Seed: 4
2025-10-09 16:15:35,277 - INFO - Save Best Solutions: False
2025-10-09 16:15:35,277 - INFO - Save Solutions: False
2025-10-09 16:15:35,278 - INFO - ======================================================================
2025-10-09 16:15:39,566 - INFO -  DONE 

2025-10-09 16:15:39,566 - INFO - Experiment 6 ---------------- 
2025-10-09 16:16:32,691 - INFO - Generation = 1; Fitness    = 1.5309838401173241
2025-10-09 16:17:05,229 - INFO - Generation = 2; Fitness    = 1.5309838401173241
2025-10-09 16:17:37,775 - INFO - Generation = 3; Fitness    = 1.5309838401173241
2025-10-09 16:18:10,457 - INFO - Generation = 4; Fitness    = 1.5309838401173241
2025-10-09 16:18:43,076 - INFO - Generation = 5; Fitness    = 1.5309838401173241
2025-10-09 16:19:15,661 - INFO - Generation = 6; Fitness    = 1.5309838401173241
2025-10-09 16:19:48,159 - INFO - Generation = 7; Fitness    = 1.5309838401173241
2025-10-09 16:20:20,896 - INFO - Generation = 8; Fitness    = 1.5309838401173241
2025-10-09 16:20:53,447 - INFO - Generation = 9; Fitness    = 1.5309838401173241
2025-10-09 16:21:25,923 - INFO - Generation = 10; Fitness    = 1.5309838401173241
2025-10-09 16:21:58,491 - INFO - Generation = 11; Fitness    = 1.5309838401173241
2025-10-09 16:22:31,150 - INFO - Generation = 12; Fitness    = 1.5309838401173241
2025-10-09 16:23:03,980 - INFO - Generation = 13; Fitness    = 1.5309838401173241
2025-10-09 16:23:36,460 - INFO - Generation = 14; Fitness    = 1.5309838401173241
2025-10-09 16:24:08,902 - INFO - Generation = 15; Fitness    = 1.5309838401173241
2025-10-09 16:24:41,473 - INFO - Generation = 16; Fitness    = 1.5309838401173241
2025-10-09 16:25:14,170 - INFO - Generation = 17; Fitness    = 1.5309838401173241
2025-10-09 16:25:46,794 - INFO - Generation = 18; Fitness    = 1.5309838401173241
2025-10-09 16:26:19,355 - INFO - Generation = 19; Fitness    = 1.5309838401173241
2025-10-09 16:26:51,885 - INFO - Generation = 20; Fitness    = 1.5309838401173241
2025-10-09 16:27:24,403 - INFO - Generation = 21; Fitness    = 1.5309838401173241
2025-10-09 16:28:16,767 - INFO - Generation = 22; Fitness    = 2.731262458628888
2025-10-09 16:28:49,384 - INFO - Generation = 23; Fitness    = 2.731262458628888
2025-10-09 16:29:21,967 - INFO - Generation = 24; Fitness    = 2.731262458628888
2025-10-09 16:30:14,097 - INFO - Generation = 25; Fitness    = 2.731262458628888
2025-10-09 16:30:46,680 - INFO - Generation = 26; Fitness    = 2.731262458628888
2025-10-09 16:31:19,739 - INFO - Generation = 27; Fitness    = 2.731262458628888
2025-10-09 16:32:11,878 - INFO - Generation = 28; Fitness    = 2.7366765434514537
2025-10-09 16:32:44,670 - INFO - Generation = 29; Fitness    = 2.7366765434514537
2025-10-09 16:33:17,437 - INFO - Generation = 30; Fitness    = 2.7366765434514537
2025-10-09 16:33:50,350 - INFO - Generation = 31; Fitness    = 2.7366765434514537
2025-10-09 16:34:22,974 - INFO - Generation = 32; Fitness    = 2.7366765434514537
2025-10-09 16:34:55,858 - INFO - Generation = 33; Fitness    = 2.7366765434514537
2025-10-09 16:35:28,629 - INFO - Generation = 34; Fitness    = 2.7366765434514537
2025-10-09 16:36:01,461 - INFO - Generation = 35; Fitness    = 2.7366765434514537
2025-10-09 16:36:34,113 - INFO - Generation = 36; Fitness    = 2.7366765434514537
2025-10-09 16:37:06,614 - INFO - Generation = 37; Fitness    = 2.7366765434514537
2025-10-09 16:37:39,281 - INFO - Generation = 38; Fitness    = 2.7366765434514537
2025-10-09 16:38:11,988 - INFO - Generation = 39; Fitness    = 2.7366765434514537
2025-10-09 16:38:44,744 - INFO - Generation = 40; Fitness    = 2.7366765434514537
2025-10-09 16:39:36,706 - INFO - Generation = 41; Fitness    = 2.7366765434514537
2025-10-09 16:40:28,996 - INFO - Generation = 42; Fitness    = 2.737955140091808
2025-10-09 16:42:00,149 - INFO - Generation = 43; Fitness    = 2.737955140091808
2025-10-09 16:42:52,141 - INFO - Generation = 44; Fitness    = 2.7392485799861745
2025-10-09 16:44:03,633 - INFO - Generation = 45; Fitness    = 2.742659327353022
2025-10-09 16:45:15,084 - INFO - Generation = 46; Fitness    = 2.742659327353022
2025-10-09 16:47:05,725 - INFO - Generation = 47; Fitness    = 2.745991160396888
2025-10-09 16:48:36,809 - INFO - Generation = 48; Fitness    = 2.745991160396888
2025-10-09 16:51:45,427 - INFO - Generation = 49; Fitness    = 2.745991160396888
2025-10-09 16:54:15,375 - INFO - Generation = 50; Fitness    = 2.745991160396888
2025-10-09 16:54:15,378 - INFO - ----------------------------------------------------------------------
2025-10-09 16:54:15,378 - INFO -                            PyGAD Lifecycle                           
2025-10-09 16:54:15,378 - INFO - ======================================================================
2025-10-09 16:54:15,378 - INFO - Step                 Handler                         Output Shape    
2025-10-09 16:54:15,378 - INFO - ======================================================================
2025-10-09 16:54:15,378 - INFO - Fitness Function     fitness_func()                  (1)             
2025-10-09 16:54:15,378 - INFO - Fitness batch size: 10
2025-10-09 16:54:15,378 - INFO - ----------------------------------------------------------------------
2025-10-09 16:54:15,378 - INFO - Parent Selection     tournament_selection()          (10, 203940)    
2025-10-09 16:54:15,378 - INFO - Number of Parents: 10
2025-10-09 16:54:15,378 - INFO - K Tournament: 3
2025-10-09 16:54:15,378 - INFO - ----------------------------------------------------------------------
2025-10-09 16:54:15,378 - INFO - Crossover            single_point_crossover()        (10, 203940)    
2025-10-09 16:54:15,378 - INFO - ----------------------------------------------------------------------
2025-10-09 16:54:15,378 - INFO - Mutation             random_mutation()               (10, 203940)    
2025-10-09 16:54:15,378 - INFO - Mutation Genes: 20394
2025-10-09 16:54:15,378 - INFO - Random Mutation Range: (-1.0, 1.0)
2025-10-09 16:54:15,378 - INFO - Mutation by Replacement: False
2025-10-09 16:54:15,378 - INFO - Allow Duplicated Genes: True
2025-10-09 16:54:15,378 - INFO - ----------------------------------------------------------------------
2025-10-09 16:54:15,378 - INFO - On Generation        on_gen()                        None            
2025-10-09 16:54:15,378 - INFO - ----------------------------------------------------------------------
2025-10-09 16:54:15,378 - INFO - ======================================================================
2025-10-09 16:54:15,378 - INFO - Population Size: (100, 203940)
2025-10-09 16:54:15,379 - INFO - Number of Generations: 50
2025-10-09 16:54:15,379 - INFO - Initial Population Range: (-4, 4)
2025-10-09 16:54:15,379 - INFO - Keep Elitism: 1
2025-10-09 16:54:15,379 - INFO - Gene DType: [<class 'float'>, None]
2025-10-09 16:54:15,379 - INFO - Parallel Processing: ['thread', 2]
2025-10-09 16:54:15,379 - INFO - Random Seed: 5
2025-10-09 16:54:15,379 - INFO - Save Best Solutions: False
2025-10-09 16:54:15,379 - INFO - Save Solutions: False
2025-10-09 16:54:15,379 - INFO - ======================================================================
2025-10-09 16:54:58,727 - INFO -  DONE 

2025-10-09 16:54:58,727 - INFO - Experiment 7 ---------------- 
2025-10-09 16:55:51,858 - INFO - Generation = 1; Fitness    = 1.5309838401173241
2025-10-09 16:56:24,253 - INFO - Generation = 2; Fitness    = 1.5309838401173241
2025-10-09 16:56:56,943 - INFO - Generation = 3; Fitness    = 1.5309838401173241
2025-10-09 16:57:29,695 - INFO - Generation = 4; Fitness    = 1.5309838401173241
2025-10-09 16:58:02,145 - INFO - Generation = 5; Fitness    = 1.5309838401173241
2025-10-09 16:58:34,839 - INFO - Generation = 6; Fitness    = 1.5309838401173241
2025-10-09 16:59:07,209 - INFO - Generation = 7; Fitness    = 1.5309838401173241
2025-10-09 16:59:39,765 - INFO - Generation = 8; Fitness    = 1.5309838401173241
2025-10-09 17:00:12,132 - INFO - Generation = 9; Fitness    = 1.5309838401173241
2025-10-09 17:00:44,732 - INFO - Generation = 10; Fitness    = 1.5309838401173241
2025-10-09 17:01:17,194 - INFO - Generation = 11; Fitness    = 1.5309838401173241
2025-10-09 17:01:49,625 - INFO - Generation = 12; Fitness    = 1.5309838401173241
2025-10-09 17:02:22,162 - INFO - Generation = 13; Fitness    = 1.5309838401173241
2025-10-09 17:02:54,743 - INFO - Generation = 14; Fitness    = 1.5309838401173241
2025-10-09 17:03:27,135 - INFO - Generation = 15; Fitness    = 1.5309838401173241
2025-10-09 17:03:59,451 - INFO - Generation = 16; Fitness    = 1.5309838401173241
2025-10-09 17:04:32,067 - INFO - Generation = 17; Fitness    = 1.5309838401173241
2025-10-09 17:05:04,867 - INFO - Generation = 18; Fitness    = 1.5309838401173241
2025-10-09 17:05:37,205 - INFO - Generation = 19; Fitness    = 1.5309838401173241
2025-10-09 17:06:09,798 - INFO - Generation = 20; Fitness    = 1.5309838401173241
2025-10-09 17:06:42,254 - INFO - Generation = 21; Fitness    = 1.5309838401173241
2025-10-09 17:07:14,964 - INFO - Generation = 22; Fitness    = 1.5309838401173241
2025-10-09 17:07:47,832 - INFO - Generation = 23; Fitness    = 1.5309838401173241
2025-10-09 17:08:20,593 - INFO - Generation = 24; Fitness    = 1.5309838401173241
2025-10-09 17:08:53,631 - INFO - Generation = 25; Fitness    = 1.5309838401173241
2025-10-09 17:09:26,490 - INFO - Generation = 26; Fitness    = 1.5309838401173241
2025-10-09 17:09:59,327 - INFO - Generation = 27; Fitness    = 1.5309838401173241
2025-10-09 17:10:32,164 - INFO - Generation = 28; Fitness    = 1.5309838401173241
2025-10-09 17:11:04,991 - INFO - Generation = 29; Fitness    = 1.5309838401173241
2025-10-09 17:11:37,762 - INFO - Generation = 30; Fitness    = 1.5309838401173241
2025-10-09 17:12:10,585 - INFO - Generation = 31; Fitness    = 1.5309838401173241
2025-10-09 17:12:43,064 - INFO - Generation = 32; Fitness    = 1.5309838401173241
2025-10-09 17:13:15,998 - INFO - Generation = 33; Fitness    = 1.5309838401173241
2025-10-09 17:13:49,338 - INFO - Generation = 34; Fitness    = 1.5309838401173241
2025-10-09 17:14:22,233 - INFO - Generation = 35; Fitness    = 1.5309838401173241
2025-10-09 17:14:55,307 - INFO - Generation = 36; Fitness    = 1.5309838401173241
2025-10-09 17:15:28,266 - INFO - Generation = 37; Fitness    = 1.5309838401173241
2025-10-09 17:16:01,150 - INFO - Generation = 38; Fitness    = 1.5309838401173241
2025-10-09 17:16:33,974 - INFO - Generation = 39; Fitness    = 1.5309838401173241
2025-10-09 17:17:06,980 - INFO - Generation = 40; Fitness    = 1.5309838401173241
2025-10-09 17:17:39,923 - INFO - Generation = 41; Fitness    = 1.5309838401173241
2025-10-09 17:18:12,933 - INFO - Generation = 42; Fitness    = 1.5309838401173241
2025-10-09 17:18:45,871 - INFO - Generation = 43; Fitness    = 1.5309838401173241
2025-10-09 17:19:18,769 - INFO - Generation = 44; Fitness    = 1.5309838401173241
2025-10-09 17:19:51,617 - INFO - Generation = 45; Fitness    = 1.5309838401173241
2025-10-09 17:20:24,244 - INFO - Generation = 46; Fitness    = 1.5309838401173241
2025-10-09 17:20:56,850 - INFO - Generation = 47; Fitness    = 1.5309838401173241
2025-10-09 17:21:29,656 - INFO - Generation = 48; Fitness    = 1.5309838401173241
2025-10-09 17:22:02,748 - INFO - Generation = 49; Fitness    = 1.5309838401173241
2025-10-09 17:22:35,403 - INFO - Generation = 50; Fitness    = 1.5309838401173241
2025-10-09 17:22:35,406 - INFO - ----------------------------------------------------------------------
2025-10-09 17:22:35,406 - INFO -                            PyGAD Lifecycle                           
2025-10-09 17:22:35,406 - INFO - ======================================================================
2025-10-09 17:22:35,406 - INFO - Step                 Handler                         Output Shape    
2025-10-09 17:22:35,406 - INFO - ======================================================================
2025-10-09 17:22:35,406 - INFO - Fitness Function     fitness_func()                  (1)             
2025-10-09 17:22:35,406 - INFO - Fitness batch size: 10
2025-10-09 17:22:35,406 - INFO - ----------------------------------------------------------------------
2025-10-09 17:22:35,406 - INFO - Parent Selection     tournament_selection()          (10, 203940)    
2025-10-09 17:22:35,406 - INFO - Number of Parents: 10
2025-10-09 17:22:35,406 - INFO - K Tournament: 3
2025-10-09 17:22:35,406 - INFO - ----------------------------------------------------------------------
2025-10-09 17:22:35,406 - INFO - Crossover            single_point_crossover()        (10, 203940)    
2025-10-09 17:22:35,406 - INFO - ----------------------------------------------------------------------
2025-10-09 17:22:35,406 - INFO - Mutation             random_mutation()               (10, 203940)    
2025-10-09 17:22:35,406 - INFO - Mutation Genes: 20394
2025-10-09 17:22:35,406 - INFO - Random Mutation Range: (-1.0, 1.0)
2025-10-09 17:22:35,406 - INFO - Mutation by Replacement: False
2025-10-09 17:22:35,406 - INFO - Allow Duplicated Genes: True
2025-10-09 17:22:35,406 - INFO - ----------------------------------------------------------------------
2025-10-09 17:22:35,406 - INFO - On Generation        on_gen()                        None            
2025-10-09 17:22:35,406 - INFO - ----------------------------------------------------------------------
2025-10-09 17:22:35,406 - INFO - ======================================================================
2025-10-09 17:22:35,406 - INFO - Population Size: (100, 203940)
2025-10-09 17:22:35,406 - INFO - Number of Generations: 50
2025-10-09 17:22:35,406 - INFO - Initial Population Range: (-4, 4)
2025-10-09 17:22:35,407 - INFO - Keep Elitism: 1
2025-10-09 17:22:35,407 - INFO - Gene DType: [<class 'float'>, None]
2025-10-09 17:22:35,407 - INFO - Parallel Processing: ['thread', 2]
2025-10-09 17:22:35,407 - INFO - Random Seed: 6
2025-10-09 17:22:35,407 - INFO - Save Best Solutions: False
2025-10-09 17:22:35,407 - INFO - Save Solutions: False
2025-10-09 17:22:35,407 - INFO - ======================================================================
2025-10-09 17:22:39,701 - INFO -  DONE 

2025-10-09 17:22:39,701 - INFO - Experiment 8 ---------------- 
2025-10-09 17:23:32,899 - INFO - Generation = 1; Fitness    = 1.5309838401173241
2025-10-09 17:24:05,491 - INFO - Generation = 2; Fitness    = 1.5309838401173241
2025-10-09 17:24:38,383 - INFO - Generation = 3; Fitness    = 1.5309838401173241
2025-10-09 17:25:10,767 - INFO - Generation = 4; Fitness    = 1.5309838401173241
2025-10-09 17:25:43,197 - INFO - Generation = 5; Fitness    = 1.5309838401173241
2025-10-09 17:26:15,746 - INFO - Generation = 6; Fitness    = 1.5309838401173241
2025-10-09 17:26:47,938 - INFO - Generation = 7; Fitness    = 1.5309838401173241
2025-10-09 17:27:20,731 - INFO - Generation = 8; Fitness    = 1.5309838401173241
2025-10-09 17:27:53,746 - INFO - Generation = 9; Fitness    = 1.5309838401173241
2025-10-09 17:28:26,820 - INFO - Generation = 10; Fitness    = 1.5309838401173241
2025-10-09 17:28:59,766 - INFO - Generation = 11; Fitness    = 1.5309838401173241
2025-10-09 17:29:32,623 - INFO - Generation = 12; Fitness    = 1.5309838401173241
2025-10-09 17:30:05,005 - INFO - Generation = 13; Fitness    = 1.5309838401173241
2025-10-09 17:30:37,583 - INFO - Generation = 14; Fitness    = 1.5309838401173241
2025-10-09 17:31:09,845 - INFO - Generation = 15; Fitness    = 1.5309838401173241
2025-10-09 17:31:42,433 - INFO - Generation = 16; Fitness    = 1.5309838401173241
2025-10-09 17:32:14,809 - INFO - Generation = 17; Fitness    = 1.5309838401173241
2025-10-09 17:32:47,363 - INFO - Generation = 18; Fitness    = 1.5309838401173241
2025-10-09 17:33:19,656 - INFO - Generation = 19; Fitness    = 1.5309838401173241
2025-10-09 17:34:11,450 - INFO - Generation = 20; Fitness    = 2.533223177385311
2025-10-09 17:34:43,986 - INFO - Generation = 21; Fitness    = 2.533223177385311
2025-10-09 17:35:35,847 - INFO - Generation = 22; Fitness    = 2.615310947807729
2025-10-09 17:36:08,575 - INFO - Generation = 23; Fitness    = 2.615310947807729
2025-10-09 17:36:40,989 - INFO - Generation = 24; Fitness    = 2.615310947807729
2025-10-09 17:37:13,917 - INFO - Generation = 25; Fitness    = 2.615310947807729
2025-10-09 17:37:46,619 - INFO - Generation = 26; Fitness    = 2.615310947807729
2025-10-09 17:38:19,294 - INFO - Generation = 27; Fitness    = 2.615310947807729
2025-10-09 17:38:52,124 - INFO - Generation = 28; Fitness    = 2.615310947807729
2025-10-09 17:39:24,688 - INFO - Generation = 29; Fitness    = 2.615310947807729
2025-10-09 17:39:57,468 - INFO - Generation = 30; Fitness    = 2.615310947807729
2025-10-09 17:40:30,264 - INFO - Generation = 31; Fitness    = 2.615310947807729
2025-10-09 17:41:22,312 - INFO - Generation = 32; Fitness    = 2.695785938536454
2025-10-09 17:41:55,019 - INFO - Generation = 33; Fitness    = 2.695785938536454
2025-10-09 17:42:46,592 - INFO - Generation = 34; Fitness    = 2.698692732612334
2025-10-09 17:43:19,373 - INFO - Generation = 35; Fitness    = 2.698692732612334
2025-10-09 17:44:10,933 - INFO - Generation = 36; Fitness    = 2.698692732612334
2025-10-09 17:45:03,083 - INFO - Generation = 37; Fitness    = 2.7013769388585747
2025-10-09 17:45:55,046 - INFO - Generation = 38; Fitness    = 2.7013769388585747
2025-10-09 17:46:27,705 - INFO - Generation = 39; Fitness    = 2.7013769388585747
2025-10-09 17:47:19,427 - INFO - Generation = 40; Fitness    = 2.7013769388585747
2025-10-09 17:47:51,944 - INFO - Generation = 41; Fitness    = 2.7013769388585747
2025-10-09 17:48:24,676 - INFO - Generation = 42; Fitness    = 2.7013769388585747
2025-10-09 17:49:16,351 - INFO - Generation = 43; Fitness    = 2.7013769388585747
2025-10-09 17:49:48,793 - INFO - Generation = 44; Fitness    = 2.7013769388585747
2025-10-09 17:50:21,511 - INFO - Generation = 45; Fitness    = 2.7013769388585747
2025-10-09 17:51:12,888 - INFO - Generation = 46; Fitness    = 2.7081824277419235
2025-10-09 17:52:04,744 - INFO - Generation = 47; Fitness    = 2.7096976422144508
2025-10-09 17:52:37,170 - INFO - Generation = 48; Fitness    = 2.7096976422144508
2025-10-09 17:53:09,977 - INFO - Generation = 49; Fitness    = 2.7096976422144508
2025-10-09 17:54:02,148 - INFO - Generation = 50; Fitness    = 2.7096976422144508
2025-10-09 17:54:02,150 - INFO - ----------------------------------------------------------------------
2025-10-09 17:54:02,151 - INFO -                            PyGAD Lifecycle                           
2025-10-09 17:54:02,151 - INFO - ======================================================================
2025-10-09 17:54:02,151 - INFO - Step                 Handler                         Output Shape    
2025-10-09 17:54:02,151 - INFO - ======================================================================
2025-10-09 17:54:02,151 - INFO - Fitness Function     fitness_func()                  (1)             
2025-10-09 17:54:02,151 - INFO - Fitness batch size: 10
2025-10-09 17:54:02,151 - INFO - ----------------------------------------------------------------------
2025-10-09 17:54:02,151 - INFO - Parent Selection     tournament_selection()          (10, 203940)    
2025-10-09 17:54:02,151 - INFO - Number of Parents: 10
2025-10-09 17:54:02,151 - INFO - K Tournament: 3
2025-10-09 17:54:02,151 - INFO - ----------------------------------------------------------------------
2025-10-09 17:54:02,151 - INFO - Crossover            single_point_crossover()        (10, 203940)    
2025-10-09 17:54:02,151 - INFO - ----------------------------------------------------------------------
2025-10-09 17:54:02,151 - INFO - Mutation             random_mutation()               (10, 203940)    
2025-10-09 17:54:02,151 - INFO - Mutation Genes: 20394
2025-10-09 17:54:02,151 - INFO - Random Mutation Range: (-1.0, 1.0)
2025-10-09 17:54:02,151 - INFO - Mutation by Replacement: False
2025-10-09 17:54:02,151 - INFO - Allow Duplicated Genes: True
2025-10-09 17:54:02,151 - INFO - ----------------------------------------------------------------------
2025-10-09 17:54:02,151 - INFO - On Generation        on_gen()                        None            
2025-10-09 17:54:02,151 - INFO - ----------------------------------------------------------------------
2025-10-09 17:54:02,151 - INFO - ======================================================================
2025-10-09 17:54:02,151 - INFO - Population Size: (100, 203940)
2025-10-09 17:54:02,151 - INFO - Number of Generations: 50
2025-10-09 17:54:02,151 - INFO - Initial Population Range: (-4, 4)
2025-10-09 17:54:02,151 - INFO - Keep Elitism: 1
2025-10-09 17:54:02,151 - INFO - Gene DType: [<class 'float'>, None]
2025-10-09 17:54:02,151 - INFO - Parallel Processing: ['thread', 2]
2025-10-09 17:54:02,151 - INFO - Random Seed: 7
2025-10-09 17:54:02,151 - INFO - Save Best Solutions: False
2025-10-09 17:54:02,151 - INFO - Save Solutions: False
2025-10-09 17:54:02,151 - INFO - ======================================================================
2025-10-09 17:54:15,996 - INFO -  DONE 

2025-10-09 17:54:15,996 - INFO - Experiment 9 ---------------- 
2025-10-09 17:55:09,241 - INFO - Generation = 1; Fitness    = 1.5309838401173241
2025-10-09 17:55:42,186 - INFO - Generation = 2; Fitness    = 1.5309838401173241
2025-10-09 17:56:15,077 - INFO - Generation = 3; Fitness    = 1.5309838401173241
2025-10-09 17:56:48,081 - INFO - Generation = 4; Fitness    = 1.5309838401173241
2025-10-09 17:57:21,084 - INFO - Generation = 5; Fitness    = 1.5309838401173241
2025-10-09 17:57:53,506 - INFO - Generation = 6; Fitness    = 1.5309838401173241
2025-10-09 17:58:26,069 - INFO - Generation = 7; Fitness    = 1.5309838401173241
2025-10-09 17:58:58,617 - INFO - Generation = 8; Fitness    = 1.5309838401173241
2025-10-09 17:59:31,310 - INFO - Generation = 9; Fitness    = 1.5309838401173241
2025-10-09 18:00:03,914 - INFO - Generation = 10; Fitness    = 1.5309838401173241
2025-10-09 18:00:36,609 - INFO - Generation = 11; Fitness    = 1.5309838401173241
2025-10-09 18:01:09,409 - INFO - Generation = 12; Fitness    = 1.5309838401173241
2025-10-09 18:01:42,041 - INFO - Generation = 13; Fitness    = 1.5309838401173241
2025-10-09 18:02:14,891 - INFO - Generation = 14; Fitness    = 1.5309838401173241
2025-10-09 18:02:47,421 - INFO - Generation = 15; Fitness    = 1.5309838401173241
2025-10-09 18:03:20,061 - INFO - Generation = 16; Fitness    = 1.5309838401173241
2025-10-09 18:03:52,656 - INFO - Generation = 17; Fitness    = 1.5309838401173241
2025-10-09 18:04:25,063 - INFO - Generation = 18; Fitness    = 1.5309838401173241
2025-10-09 18:04:57,818 - INFO - Generation = 19; Fitness    = 1.5309838401173241
2025-10-09 18:05:30,485 - INFO - Generation = 20; Fitness    = 1.5309838401173241
2025-10-09 18:06:03,154 - INFO - Generation = 21; Fitness    = 1.5309838401173241
2025-10-09 18:06:35,666 - INFO - Generation = 22; Fitness    = 1.5309838401173241
2025-10-09 18:07:08,165 - INFO - Generation = 23; Fitness    = 1.5309838401173241
2025-10-09 18:07:40,745 - INFO - Generation = 24; Fitness    = 1.5309838401173241
2025-10-09 18:08:13,344 - INFO - Generation = 25; Fitness    = 1.5309838401173241
2025-10-09 18:08:46,007 - INFO - Generation = 26; Fitness    = 1.5309838401173241
2025-10-09 18:09:18,584 - INFO - Generation = 27; Fitness    = 1.5309838401173241
2025-10-09 18:09:51,056 - INFO - Generation = 28; Fitness    = 1.5309838401173241
2025-10-09 18:10:23,572 - INFO - Generation = 29; Fitness    = 1.5309838401173241
2025-10-09 18:10:56,245 - INFO - Generation = 30; Fitness    = 1.5309838401173241
2025-10-09 18:11:28,710 - INFO - Generation = 31; Fitness    = 1.5309838401173241
2025-10-09 18:12:01,431 - INFO - Generation = 32; Fitness    = 1.5309838401173241
2025-10-09 18:12:34,050 - INFO - Generation = 33; Fitness    = 1.5309838401173241
2025-10-09 18:13:06,518 - INFO - Generation = 34; Fitness    = 1.5309838401173241
2025-10-09 18:13:58,316 - INFO - Generation = 35; Fitness    = 2.6189355013597866
2025-10-09 18:14:30,925 - INFO - Generation = 36; Fitness    = 2.6189355013597866
2025-10-09 18:15:03,577 - INFO - Generation = 37; Fitness    = 2.6189355013597866
2025-10-09 18:15:35,959 - INFO - Generation = 38; Fitness    = 2.6189355013597866
2025-10-09 18:16:08,599 - INFO - Generation = 39; Fitness    = 2.6189355013597866
2025-10-09 18:16:41,235 - INFO - Generation = 40; Fitness    = 2.6189355013597866
2025-10-09 18:17:13,749 - INFO - Generation = 41; Fitness    = 2.6189355013597866
2025-10-09 18:17:46,065 - INFO - Generation = 42; Fitness    = 2.6189355013597866
2025-10-09 18:18:18,694 - INFO - Generation = 43; Fitness    = 2.6189355013597866
2025-10-09 18:19:10,346 - INFO - Generation = 44; Fitness    = 2.6572871812504073
2025-10-09 18:19:42,660 - INFO - Generation = 45; Fitness    = 2.6572871812504073
2025-10-09 18:20:15,238 - INFO - Generation = 46; Fitness    = 2.6572871812504073
2025-10-09 18:20:47,683 - INFO - Generation = 47; Fitness    = 2.6572871812504073
2025-10-09 18:21:39,493 - INFO - Generation = 48; Fitness    = 2.696010302963535
2025-10-09 18:22:31,310 - INFO - Generation = 49; Fitness    = 2.697894498409922
2025-10-09 18:23:42,744 - INFO - Generation = 50; Fitness    = 2.7131558915314105
2025-10-09 18:23:42,746 - INFO - ----------------------------------------------------------------------
2025-10-09 18:23:42,747 - INFO -                            PyGAD Lifecycle                           
2025-10-09 18:23:42,747 - INFO - ======================================================================
2025-10-09 18:23:42,747 - INFO - Step                 Handler                         Output Shape    
2025-10-09 18:23:42,747 - INFO - ======================================================================
2025-10-09 18:23:42,747 - INFO - Fitness Function     fitness_func()                  (1)             
2025-10-09 18:23:42,747 - INFO - Fitness batch size: 10
2025-10-09 18:23:42,747 - INFO - ----------------------------------------------------------------------
2025-10-09 18:23:42,747 - INFO - Parent Selection     tournament_selection()          (10, 203940)    
2025-10-09 18:23:42,747 - INFO - Number of Parents: 10
2025-10-09 18:23:42,747 - INFO - K Tournament: 3
2025-10-09 18:23:42,747 - INFO - ----------------------------------------------------------------------
2025-10-09 18:23:42,747 - INFO - Crossover            single_point_crossover()        (10, 203940)    
2025-10-09 18:23:42,747 - INFO - ----------------------------------------------------------------------
2025-10-09 18:23:42,747 - INFO - Mutation             random_mutation()               (10, 203940)    
2025-10-09 18:23:42,747 - INFO - Mutation Genes: 20394
2025-10-09 18:23:42,747 - INFO - Random Mutation Range: (-1.0, 1.0)
2025-10-09 18:23:42,747 - INFO - Mutation by Replacement: False
2025-10-09 18:23:42,747 - INFO - Allow Duplicated Genes: True
2025-10-09 18:23:42,747 - INFO - ----------------------------------------------------------------------
2025-10-09 18:23:42,747 - INFO - On Generation        on_gen()                        None            
2025-10-09 18:23:42,747 - INFO - ----------------------------------------------------------------------
2025-10-09 18:23:42,747 - INFO - ======================================================================
2025-10-09 18:23:42,747 - INFO - Population Size: (100, 203940)
2025-10-09 18:23:42,747 - INFO - Number of Generations: 50
2025-10-09 18:23:42,747 - INFO - Initial Population Range: (-4, 4)
2025-10-09 18:23:42,747 - INFO - Keep Elitism: 1
2025-10-09 18:23:42,747 - INFO - Gene DType: [<class 'float'>, None]
2025-10-09 18:23:42,747 - INFO - Parallel Processing: ['thread', 2]
2025-10-09 18:23:42,747 - INFO - Random Seed: 8
2025-10-09 18:23:42,747 - INFO - Save Best Solutions: False
2025-10-09 18:23:42,747 - INFO - Save Solutions: False
2025-10-09 18:23:42,747 - INFO - ======================================================================
2025-10-09 18:24:06,297 - INFO -  DONE 

2025-10-09 18:24:06,298 - INFO - Experiment 10 ---------------- 
2025-10-09 18:24:59,872 - INFO - Generation = 1; Fitness    = 1.5309838401173241
2025-10-09 18:25:32,598 - INFO - Generation = 2; Fitness    = 1.5309838401173241
2025-10-09 18:26:04,986 - INFO - Generation = 3; Fitness    = 1.5309838401173241
2025-10-09 18:26:37,814 - INFO - Generation = 4; Fitness    = 1.5309838401173241
2025-10-09 18:27:10,619 - INFO - Generation = 5; Fitness    = 1.5309838401173241
2025-10-09 18:27:43,504 - INFO - Generation = 6; Fitness    = 1.5309838401173241
2025-10-09 18:28:16,306 - INFO - Generation = 7; Fitness    = 1.5309838401173241
2025-10-09 18:28:48,868 - INFO - Generation = 8; Fitness    = 1.5309838401173241
2025-10-09 18:29:21,834 - INFO - Generation = 9; Fitness    = 1.5309838401173241
2025-10-09 18:29:54,708 - INFO - Generation = 10; Fitness    = 1.5309838401173241
2025-10-09 18:30:27,520 - INFO - Generation = 11; Fitness    = 1.5309838401173241
2025-10-09 18:31:00,081 - INFO - Generation = 12; Fitness    = 1.5309838401173241
2025-10-09 18:31:32,968 - INFO - Generation = 13; Fitness    = 1.5309838401173241
2025-10-09 18:32:05,823 - INFO - Generation = 14; Fitness    = 1.5309838401173241
2025-10-09 18:32:58,215 - INFO - Generation = 15; Fitness    = 2.7194341906286033
2025-10-09 18:33:50,311 - INFO - Generation = 16; Fitness    = 2.7194341906286033
2025-10-09 18:34:22,971 - INFO - Generation = 17; Fitness    = 2.7194341906286033
2025-10-09 18:35:15,521 - INFO - Generation = 18; Fitness    = 2.7267269351697387
2025-10-09 18:35:48,065 - INFO - Generation = 19; Fitness    = 2.7267269351697387
2025-10-09 18:36:21,043 - INFO - Generation = 20; Fitness    = 2.7267269351697387
2025-10-09 18:37:13,115 - INFO - Generation = 21; Fitness    = 2.7267269351697387
2025-10-09 18:38:05,159 - INFO - Generation = 22; Fitness    = 2.7267269351697387
2025-10-09 18:38:37,803 - INFO - Generation = 23; Fitness    = 2.7267269351697387
2025-10-09 18:39:10,387 - INFO - Generation = 24; Fitness    = 2.7267269351697387
2025-10-09 18:40:02,434 - INFO - Generation = 25; Fitness    = 2.7300020890332775
2025-10-09 18:40:35,104 - INFO - Generation = 26; Fitness    = 2.7300020890332775
2025-10-09 18:41:07,754 - INFO - Generation = 27; Fitness    = 2.7300020890332775
2025-10-09 18:41:40,457 - INFO - Generation = 28; Fitness    = 2.7300020890332775
2025-10-09 18:42:13,460 - INFO - Generation = 29; Fitness    = 2.7300020890332775
2025-10-09 18:42:46,051 - INFO - Generation = 30; Fitness    = 2.7300020890332775
2025-10-09 18:43:19,032 - INFO - Generation = 31; Fitness    = 2.7300020890332775
2025-10-09 18:43:51,601 - INFO - Generation = 32; Fitness    = 2.7300020890332775
2025-10-09 18:44:24,335 - INFO - Generation = 33; Fitness    = 2.7300020890332775
2025-10-09 18:45:16,021 - INFO - Generation = 34; Fitness    = 2.7300020890332775
2025-10-09 18:45:48,512 - INFO - Generation = 35; Fitness    = 2.7300020890332775
2025-10-09 18:46:21,294 - INFO - Generation = 36; Fitness    = 2.7300020890332775
2025-10-09 18:46:53,828 - INFO - Generation = 37; Fitness    = 2.7300020890332775
2025-10-09 18:47:46,110 - INFO - Generation = 38; Fitness    = 2.733007614657614
2025-10-09 18:48:18,724 - INFO - Generation = 39; Fitness    = 2.733007614657614
2025-10-09 18:48:51,245 - INFO - Generation = 40; Fitness    = 2.733007614657614
2025-10-09 18:49:23,742 - INFO - Generation = 41; Fitness    = 2.733007614657614
2025-10-09 18:49:56,417 - INFO - Generation = 42; Fitness    = 2.733007614657614
2025-10-09 18:50:28,740 - INFO - Generation = 43; Fitness    = 2.733007614657614
2025-10-09 18:51:01,297 - INFO - Generation = 44; Fitness    = 2.733007614657614
2025-10-09 18:51:53,517 - INFO - Generation = 45; Fitness    = 2.737742935503446
2025-10-09 18:52:25,973 - INFO - Generation = 46; Fitness    = 2.737742935503446
2025-10-09 18:52:58,598 - INFO - Generation = 47; Fitness    = 2.737742935503446
2025-10-09 18:53:50,426 - INFO - Generation = 48; Fitness    = 2.737742935503446
2025-10-09 18:54:22,706 - INFO - Generation = 49; Fitness    = 2.737742935503446
2025-10-09 18:54:55,194 - INFO - Generation = 50; Fitness    = 2.737742935503446
2025-10-09 18:54:55,197 - INFO - ----------------------------------------------------------------------
2025-10-09 18:54:55,198 - INFO -                            PyGAD Lifecycle                           
2025-10-09 18:54:55,198 - INFO - ======================================================================
2025-10-09 18:54:55,198 - INFO - Step                 Handler                         Output Shape    
2025-10-09 18:54:55,198 - INFO - ======================================================================
2025-10-09 18:54:55,198 - INFO - Fitness Function     fitness_func()                  (1)             
2025-10-09 18:54:55,198 - INFO - Fitness batch size: 10
2025-10-09 18:54:55,198 - INFO - ----------------------------------------------------------------------
2025-10-09 18:54:55,198 - INFO - Parent Selection     tournament_selection()          (10, 203940)    
2025-10-09 18:54:55,198 - INFO - Number of Parents: 10
2025-10-09 18:54:55,198 - INFO - K Tournament: 3
2025-10-09 18:54:55,198 - INFO - ----------------------------------------------------------------------
2025-10-09 18:54:55,198 - INFO - Crossover            single_point_crossover()        (10, 203940)    
2025-10-09 18:54:55,198 - INFO - ----------------------------------------------------------------------
2025-10-09 18:54:55,198 - INFO - Mutation             random_mutation()               (10, 203940)    
2025-10-09 18:54:55,198 - INFO - Mutation Genes: 20394
2025-10-09 18:54:55,198 - INFO - Random Mutation Range: (-1.0, 1.0)
2025-10-09 18:54:55,198 - INFO - Mutation by Replacement: False
2025-10-09 18:54:55,198 - INFO - Allow Duplicated Genes: True
2025-10-09 18:54:55,198 - INFO - ----------------------------------------------------------------------
2025-10-09 18:54:55,198 - INFO - On Generation        on_gen()                        None            
2025-10-09 18:54:55,198 - INFO - ----------------------------------------------------------------------
2025-10-09 18:54:55,198 - INFO - ======================================================================
2025-10-09 18:54:55,198 - INFO - Population Size: (100, 203940)
2025-10-09 18:54:55,198 - INFO - Number of Generations: 50
2025-10-09 18:54:55,198 - INFO - Initial Population Range: (-4, 4)
2025-10-09 18:54:55,198 - INFO - Keep Elitism: 1
2025-10-09 18:54:55,198 - INFO - Gene DType: [<class 'float'>, None]
2025-10-09 18:54:55,198 - INFO - Parallel Processing: ['thread', 2]
2025-10-09 18:54:55,198 - INFO - Random Seed: 9
2025-10-09 18:54:55,198 - INFO - Save Best Solutions: False
2025-10-09 18:54:55,198 - INFO - Save Solutions: False
2025-10-09 18:54:55,198 - INFO - ======================================================================
2025-10-09 18:54:59,520 - INFO -  DONE 

