2025-10-07 00:44:13,928 - INFO - 
Solution 0-------
	KS Statistic Weights: 0.4996
	KS Statistic Biases: 0.0313
	Stats Score Weights: 0.6281
	Stats Score Biases: 0.17
	Unique Elems Score: 0.00
		TOTAL SCORE = 2.5982
2025-10-07 00:44:50,902 - INFO - Generation = 1
2025-10-07 00:44:56,106 - INFO - Fitness    = 2.5981686115264893
2025-10-07 00:45:30,431 - INFO - Generation = 2
2025-10-07 00:45:35,654 - INFO - Fitness    = 2.5981686115264893
2025-10-07 00:46:10,222 - INFO - Generation = 3
2025-10-07 00:46:15,416 - INFO - Fitness    = 2.5981686115264893
2025-10-07 00:46:49,884 - INFO - Generation = 4
2025-10-07 00:46:55,151 - INFO - Fitness    = 2.5981686115264893
2025-10-07 00:47:29,737 - INFO - Generation = 5
2025-10-07 00:47:34,989 - INFO - Fitness    = 2.5981686115264893
2025-10-07 00:48:09,537 - INFO - Generation = 6
2025-10-07 00:48:14,728 - INFO - Fitness    = 2.5981686115264893
2025-10-07 00:48:49,235 - INFO - Generation = 7
2025-10-07 00:48:54,396 - INFO - Fitness    = 2.5981686115264893
2025-10-07 00:49:28,499 - INFO - Generation = 8
2025-10-07 00:49:33,755 - INFO - Fitness    = 2.5981686115264893
2025-10-07 00:50:07,800 - INFO - Generation = 9
2025-10-07 00:50:12,948 - INFO - Fitness    = 2.5981686115264893
2025-10-07 00:50:46,893 - INFO - Generation = 10
2025-10-07 00:50:52,126 - INFO - Fitness    = 2.5981686115264893
