2025-10-07 07:04:37,771 - INFO - 
Solution 0-------
	KS Statistic Weights: 0.4996
	KS Statistic Biases: 0.0313
	Stats Score Weights: 0.6281
	Stats Score Biases: 0.17
	Unique Elems Score: 0.00
		TOTAL SCORE = 2.5982
2025-10-07 07:05:13,980 - INFO - Generation = 1
2025-10-07 07:05:19,196 - INFO - Fitness    = 2.5981686115264893
2025-10-07 07:05:52,562 - INFO - Generation = 2
2025-10-07 07:05:57,457 - INFO - Fitness    = 2.5981686115264893
2025-10-07 07:06:30,985 - INFO - Generation = 3
2025-10-07 07:06:36,078 - INFO - Fitness    = 2.5981686115264893
2025-10-07 07:07:09,555 - INFO - Generation = 4
2025-10-07 07:07:14,426 - INFO - Fitness    = 2.5981686115264893
2025-10-07 07:07:48,217 - INFO - Generation = 5
2025-10-07 07:07:53,339 - INFO - Fitness    = 2.5981686115264893
2025-10-07 07:08:26,659 - INFO - Generation = 6
2025-10-07 07:08:31,582 - INFO - Fitness    = 2.5981686115264893
2025-10-07 07:09:05,336 - INFO - Generation = 7
2025-10-07 07:09:10,464 - INFO - Fitness    = 2.5981686115264893
2025-10-07 07:09:43,852 - INFO - Generation = 8
2025-10-07 07:09:48,761 - INFO - Fitness    = 2.5981686115264893
2025-10-07 07:10:22,310 - INFO - Generation = 9
2025-10-07 07:10:27,470 - INFO - Fitness    = 2.5981686115264893
2025-10-07 07:11:00,786 - INFO - Generation = 10
2025-10-07 07:11:05,738 - INFO - Fitness    = 2.5981686115264893
