2025-10-07 05:46:01,671 - INFO - 
Solution 0-------
	KS Statistic Weights: 0.4996
	KS Statistic Biases: 0.0313
	Stats Score Weights: 0.6281
	Stats Score Biases: 0.17
	Unique Elems Score: 0.00
		TOTAL SCORE = 2.5982
2025-10-07 05:46:38,357 - INFO - Generation = 1
2025-10-07 05:46:43,527 - INFO - Fitness    = 2.5981686115264893
2025-10-07 05:47:17,631 - INFO - Generation = 2
2025-10-07 05:47:22,831 - INFO - Fitness    = 2.5981686115264893
2025-10-07 05:47:56,732 - INFO - Generation = 3
2025-10-07 05:48:01,918 - INFO - Fitness    = 2.5981686115264893
2025-10-07 05:48:35,336 - INFO - Generation = 4
2025-10-07 05:48:40,532 - INFO - Fitness    = 2.5981686115264893
2025-10-07 05:49:14,376 - INFO - Generation = 5
2025-10-07 05:49:19,530 - INFO - Fitness    = 2.5981686115264893
2025-10-07 05:49:53,041 - INFO - Generation = 6
2025-10-07 05:49:58,216 - INFO - Fitness    = 2.5981686115264893
2025-10-07 05:50:31,980 - INFO - Generation = 7
2025-10-07 05:50:37,149 - INFO - Fitness    = 2.5981686115264893
2025-10-07 05:51:11,092 - INFO - Generation = 8
2025-10-07 05:51:16,258 - INFO - Fitness    = 2.5981686115264893
2025-10-07 05:51:49,954 - INFO - Generation = 9
2025-10-07 05:51:55,142 - INFO - Fitness    = 2.5981686115264893
2025-10-07 05:52:28,863 - INFO - Generation = 10
2025-10-07 05:52:34,062 - INFO - Fitness    = 2.5981686115264893
