2025-10-07 04:16:32,426 - INFO - 
Solution 0-------
	KS Statistic Weights: 0.4996
	KS Statistic Biases: 0.0313
	Stats Score Weights: 0.6281
	Stats Score Biases: 0.17
	Unique Elems Score: 0.00
		TOTAL SCORE = 2.5982
2025-10-07 04:17:09,473 - INFO - Generation = 1
2025-10-07 04:17:14,719 - INFO - Fitness    = 2.5981686115264893
2025-10-07 04:17:49,204 - INFO - Generation = 2
2025-10-07 04:17:54,397 - INFO - Fitness    = 2.5981686115264893
2025-10-07 04:18:28,734 - INFO - Generation = 3
2025-10-07 04:18:33,945 - INFO - Fitness    = 2.5981686115264893
2025-10-07 04:19:08,234 - INFO - Generation = 4
2025-10-07 04:19:13,385 - INFO - Fitness    = 2.5981686115264893
2025-10-07 04:19:47,586 - INFO - Generation = 5
2025-10-07 04:19:52,872 - INFO - Fitness    = 2.5981686115264893
2025-10-07 04:20:27,254 - INFO - Generation = 6
2025-10-07 04:20:32,457 - INFO - Fitness    = 2.5981686115264893
2025-10-07 04:21:06,429 - INFO - Generation = 7
2025-10-07 04:21:11,637 - INFO - Fitness    = 2.5981686115264893
2025-10-07 04:21:53,589 - INFO - 
Solution 38-------
	KS Statistic Weights: 0.6918
	KS Statistic Biases: 0.1064
	Stats Score Weights: 0.5366
	Stats Score Biases: 0.17
	Unique Elems Score: 0.00
		TOTAL SCORE = 3.0337
2025-10-07 04:21:55,572 - INFO - Generation = 8
2025-10-07 04:22:08,518 - INFO - 
Solution 38-------
	KS Statistic Weights: 0.6918
	KS Statistic Biases: 0.1064
	Stats Score Weights: 0.5366
	Stats Score Biases: 0.17
	Unique Elems Score: 0.00
		TOTAL SCORE = 3.0337
2025-10-07 04:22:10,514 - INFO - Fitness    = 3.0336763858795166
2025-10-07 04:22:51,718 - INFO - 
Solution 15-------
	KS Statistic Weights: 0.6557
	KS Statistic Biases: 0.1035
	Stats Score Weights: 0.5280
	Stats Score Biases: 0.17
	Unique Elems Score: 0.00
		TOTAL SCORE = 3.0008
2025-10-07 04:23:03,700 - INFO - 
Solution 83-------
	KS Statistic Weights: 0.6244
	KS Statistic Biases: 0.1140
	Stats Score Weights: 0.5218
	Stats Score Biases: 0.17
	Unique Elems Score: 0.00
		TOTAL SCORE = 2.9981
2025-10-07 04:23:04,118 - INFO - Generation = 9
2025-10-07 04:23:16,434 - INFO - 
Solution 15-------
	KS Statistic Weights: 0.6557
	KS Statistic Biases: 0.1035
	Stats Score Weights: 0.5280
	Stats Score Biases: 0.17
	Unique Elems Score: 0.00
		TOTAL SCORE = 3.0008
2025-10-07 04:23:28,415 - INFO - 
Solution 83-------
	KS Statistic Weights: 0.6244
	KS Statistic Biases: 0.1140
	Stats Score Weights: 0.5218
	Stats Score Biases: 0.17
	Unique Elems Score: 0.00
		TOTAL SCORE = 2.9981
2025-10-07 04:23:28,833 - INFO - Fitness    = 3.0336763858795166
2025-10-07 04:24:11,969 - INFO - 
Solution 71-------
	KS Statistic Weights: 0.6311
	KS Statistic Biases: 0.1135
	Stats Score Weights: 0.5211
	Stats Score Biases: 0.17
	Unique Elems Score: 0.00
		TOTAL SCORE = 3.0040
2025-10-07 04:24:12,729 - INFO - Generation = 10
2025-10-07 04:24:26,928 - INFO - 
Solution 71-------
	KS Statistic Weights: 0.6311
	KS Statistic Biases: 0.1135
	Stats Score Weights: 0.5211
	Stats Score Biases: 0.17
	Unique Elems Score: 0.00
		TOTAL SCORE = 3.0040
2025-10-07 04:24:27,657 - INFO - Fitness    = 3.0336763858795166
2025-10-07 04:24:42,199 - INFO - 
Solution 71-------
	KS Statistic Weights: 0.6311
	KS Statistic Biases: 0.1135
	Stats Score Weights: 0.5211
	Stats Score Biases: 0.17
	Unique Elems Score: 0.00
		TOTAL SCORE = 3.0040
