2025-10-07 04:54:07,981 - INFO - 
Solution 0-------
	KS Statistic Weights: 0.4996
	KS Statistic Biases: 0.0313
	Stats Score Weights: 0.6281
	Stats Score Biases: 0.17
	Unique Elems Score: 0.00
		TOTAL SCORE = 2.5982
2025-10-07 04:54:44,885 - INFO - Generation = 1
2025-10-07 04:54:50,131 - INFO - Fitness    = 2.5981686115264893
2025-10-07 04:55:23,992 - INFO - Generation = 2
2025-10-07 04:55:29,180 - INFO - Fitness    = 2.5981686115264893
2025-10-07 04:56:05,041 - INFO - Generation = 3
2025-10-07 04:56:10,223 - INFO - Fitness    = 2.5981686115264893
2025-10-07 04:56:43,615 - INFO - Generation = 4
2025-10-07 04:56:48,813 - INFO - Fitness    = 2.5981686115264893
2025-10-07 04:57:22,397 - INFO - Generation = 5
2025-10-07 04:57:27,580 - INFO - Fitness    = 2.5981686115264893
2025-10-07 04:58:01,101 - INFO - Generation = 6
2025-10-07 04:58:06,267 - INFO - Fitness    = 2.5981686115264893
2025-10-07 04:58:39,750 - INFO - Generation = 7
2025-10-07 04:58:44,994 - INFO - Fitness    = 2.5981686115264893
2025-10-07 04:59:18,465 - INFO - Generation = 8
2025-10-07 04:59:23,660 - INFO - Fitness    = 2.5981686115264893
2025-10-07 04:59:57,300 - INFO - Generation = 9
2025-10-07 05:00:02,483 - INFO - Fitness    = 2.5981686115264893
2025-10-07 05:00:36,128 - INFO - Generation = 10
2025-10-07 05:00:41,337 - INFO - Fitness    = 2.5981686115264893
