2025-10-07 01:07:34,521 - INFO - 
Solution 0-------
	KS Statistic Weights: 0.4996
	KS Statistic Biases: 0.0313
	Stats Score Weights: 0.6281
	Stats Score Biases: 0.17
	Unique Elems Score: 0.00
		TOTAL SCORE = 2.5982
2025-10-07 01:08:11,417 - INFO - Generation = 1
2025-10-07 01:08:16,666 - INFO - Fitness    = 2.5981686115264893
2025-10-07 01:08:50,905 - INFO - Generation = 2
2025-10-07 01:08:56,102 - INFO - Fitness    = 2.5981686115264893
2025-10-07 01:09:29,864 - INFO - Generation = 3
2025-10-07 01:09:35,036 - INFO - Fitness    = 2.5981686115264893
2025-10-07 01:10:09,035 - INFO - Generation = 4
2025-10-07 01:10:14,237 - INFO - Fitness    = 2.5981686115264893
2025-10-07 01:10:56,186 - INFO - 
Solution 50-------
	KS Statistic Weights: 0.6185
	KS Statistic Biases: 0.1046
	Stats Score Weights: 0.5298
	Stats Score Biases: 0.17
	Unique Elems Score: 0.00
		TOTAL SCORE = 2.9651
2025-10-07 01:11:06,788 - INFO - 
Solution 78-------
	KS Statistic Weights: 0.6686
	KS Statistic Biases: 0.0726
	Stats Score Weights: 0.5728
	Stats Score Biases: 0.17
	Unique Elems Score: 0.00
		TOTAL SCORE = 2.9056
2025-10-07 01:11:16,779 - INFO - 
Solution 81-------
	KS Statistic Weights: 0.6172
	KS Statistic Biases: 0.1008
	Stats Score Weights: 0.5295
	Stats Score Biases: 0.17
	Unique Elems Score: 0.00
		TOTAL SCORE = 2.9562
2025-10-07 01:11:17,200 - INFO - Generation = 5
2025-10-07 01:11:30,401 - INFO - 
Solution 50-------
	KS Statistic Weights: 0.6185
	KS Statistic Biases: 0.1046
	Stats Score Weights: 0.5298
	Stats Score Biases: 0.17
	Unique Elems Score: 0.00
		TOTAL SCORE = 2.9651
2025-10-07 01:11:41,008 - INFO - 
Solution 78-------
	KS Statistic Weights: 0.6686
	KS Statistic Biases: 0.0726
	Stats Score Weights: 0.5728
	Stats Score Biases: 0.17
	Unique Elems Score: 0.00
		TOTAL SCORE = 2.9056
2025-10-07 01:11:50,996 - INFO - 
Solution 81-------
	KS Statistic Weights: 0.6172
	KS Statistic Biases: 0.1008
	Stats Score Weights: 0.5295
	Stats Score Biases: 0.17
	Unique Elems Score: 0.00
		TOTAL SCORE = 2.9562
2025-10-07 01:11:51,415 - INFO - Fitness    = 2.9651355743408203
2025-10-07 01:12:32,894 - INFO - 
Solution 21-------
	KS Statistic Weights: 0.6167
	KS Statistic Biases: 0.1131
	Stats Score Weights: 0.5266
	Stats Score Biases: 0.17
	Unique Elems Score: 0.00
		TOTAL SCORE = 2.9820
2025-10-07 01:12:42,595 - INFO - 
Solution 28-------
	KS Statistic Weights: 0.6172
	KS Statistic Biases: 0.1141
	Stats Score Weights: 0.5274
	Stats Score Biases: 0.17
	Unique Elems Score: 0.00
		TOTAL SCORE = 2.9840
2025-10-07 01:12:54,166 - INFO - 
Solution 81-------
	KS Statistic Weights: 0.6712
	KS Statistic Biases: 0.1066
	Stats Score Weights: 0.5363
	Stats Score Biases: 0.17
	Unique Elems Score: 0.00
		TOTAL SCORE = 3.0124
2025-10-07 01:12:54,583 - INFO - Generation = 6
2025-10-07 01:13:07,182 - INFO - 
Solution 21-------
	KS Statistic Weights: 0.6167
	KS Statistic Biases: 0.1131
	Stats Score Weights: 0.5266
	Stats Score Biases: 0.17
	Unique Elems Score: 0.00
		TOTAL SCORE = 2.9820
2025-10-07 01:13:16,887 - INFO - 
Solution 28-------
	KS Statistic Weights: 0.6172
	KS Statistic Biases: 0.1141
	Stats Score Weights: 0.5274
	Stats Score Biases: 0.17
	Unique Elems Score: 0.00
		TOTAL SCORE = 2.9840
2025-10-07 01:13:28,464 - INFO - 
Solution 81-------
	KS Statistic Weights: 0.6712
	KS Statistic Biases: 0.1066
	Stats Score Weights: 0.5363
	Stats Score Biases: 0.17
	Unique Elems Score: 0.00
		TOTAL SCORE = 3.0124
2025-10-07 01:13:28,881 - INFO - Fitness    = 3.0124237537384033
2025-10-07 01:14:09,943 - INFO - 
Solution 14-------
	KS Statistic Weights: 0.6163
	KS Statistic Biases: 0.1122
	Stats Score Weights: 0.5245
	Stats Score Biases: 0.17
	Unique Elems Score: 0.00
		TOTAL SCORE = 2.9807
2025-10-07 01:14:19,973 - INFO - 
Solution 30-------
	KS Statistic Weights: 0.6163
	KS Statistic Biases: 0.1162
	Stats Score Weights: 0.5242
	Stats Score Biases: 0.17
	Unique Elems Score: 0.00
		TOTAL SCORE = 2.9912
2025-10-07 01:14:30,917 - INFO - 
Solution 64-------
	KS Statistic Weights: 0.6667
	KS Statistic Biases: 0.0994
	Stats Score Weights: 0.5320
	Stats Score Biases: 0.17
	Unique Elems Score: 0.00
		TOTAL SCORE = 3.0001
2025-10-07 01:14:40,607 - INFO - 
Solution 65-------
	KS Statistic Weights: 0.6160
	KS Statistic Biases: 0.1101
	Stats Score Weights: 0.5243
	Stats Score Biases: 0.17
	Unique Elems Score: 0.00
		TOTAL SCORE = 2.9775
2025-10-07 01:14:50,609 - INFO - 
Solution 73-------
	KS Statistic Weights: 0.6156
	KS Statistic Biases: 0.1073
	Stats Score Weights: 0.5243
	Stats Score Biases: 0.17
	Unique Elems Score: 0.00
		TOTAL SCORE = 2.9738
2025-10-07 01:14:51,338 - INFO - Generation = 7
2025-10-07 01:15:03,580 - INFO - 
Solution 14-------
	KS Statistic Weights: 0.6163
	KS Statistic Biases: 0.1122
	Stats Score Weights: 0.5245
	Stats Score Biases: 0.17
	Unique Elems Score: 0.00
		TOTAL SCORE = 2.9807
2025-10-07 01:15:13,597 - INFO - 
Solution 30-------
	KS Statistic Weights: 0.6163
	KS Statistic Biases: 0.1162
	Stats Score Weights: 0.5242
	Stats Score Biases: 0.17
	Unique Elems Score: 0.00
		TOTAL SCORE = 2.9912
2025-10-07 01:15:24,597 - INFO - 
Solution 64-------
	KS Statistic Weights: 0.6667
	KS Statistic Biases: 0.0994
	Stats Score Weights: 0.5320
	Stats Score Biases: 0.17
	Unique Elems Score: 0.00
		TOTAL SCORE = 3.0001
2025-10-07 01:15:34,332 - INFO - 
Solution 65-------
	KS Statistic Weights: 0.6160
	KS Statistic Biases: 0.1101
	Stats Score Weights: 0.5243
	Stats Score Biases: 0.17
	Unique Elems Score: 0.00
		TOTAL SCORE = 2.9775
2025-10-07 01:15:44,337 - INFO - 
Solution 73-------
	KS Statistic Weights: 0.6156
	KS Statistic Biases: 0.1073
	Stats Score Weights: 0.5243
	Stats Score Biases: 0.17
	Unique Elems Score: 0.00
		TOTAL SCORE = 2.9738
2025-10-07 01:15:45,071 - INFO - Fitness    = 3.0124237537384033
2025-10-07 01:16:25,807 - INFO - 
Solution 2-------
	KS Statistic Weights: 0.6137
	KS Statistic Biases: 0.1135
	Stats Score Weights: 0.5212
	Stats Score Biases: 0.17
	Unique Elems Score: 0.00
		TOTAL SCORE = 2.9865
2025-10-07 01:16:36,450 - INFO - 
Solution 32-------
	KS Statistic Weights: 0.6438
	KS Statistic Biases: 0.1139
	Stats Score Weights: 0.5257
	Stats Score Biases: 0.17
	Unique Elems Score: 0.00
		TOTAL SCORE = 3.0135
2025-10-07 01:16:46,786 - INFO - 
Solution 57-------
	KS Statistic Weights: 0.6165
	KS Statistic Biases: 0.1138
	Stats Score Weights: 0.5223
	Stats Score Biases: 0.17
	Unique Elems Score: 0.00
		TOTAL SCORE = 2.9874
2025-10-07 01:16:57,116 - INFO - 
Solution 79-------
	KS Statistic Weights: 0.6149
	KS Statistic Biases: 0.1131
	Stats Score Weights: 0.5223
	Stats Score Biases: 0.17
	Unique Elems Score: 0.00
		TOTAL SCORE = 2.9846
2025-10-07 01:17:07,123 - INFO - 
Solution 87-------
	KS Statistic Weights: 0.6423
	KS Statistic Biases: 0.1154
	Stats Score Weights: 0.5258
	Stats Score Biases: 0.17
	Unique Elems Score: 0.00
		TOTAL SCORE = 3.0150
2025-10-07 01:17:07,529 - INFO - Generation = 8
2025-10-07 01:17:19,500 - INFO - 
Solution 2-------
	KS Statistic Weights: 0.6137
	KS Statistic Biases: 0.1135
	Stats Score Weights: 0.5212
	Stats Score Biases: 0.17
	Unique Elems Score: 0.00
		TOTAL SCORE = 2.9865
2025-10-07 01:17:30,140 - INFO - 
Solution 32-------
	KS Statistic Weights: 0.6438
	KS Statistic Biases: 0.1139
	Stats Score Weights: 0.5257
	Stats Score Biases: 0.17
	Unique Elems Score: 0.00
		TOTAL SCORE = 3.0135
2025-10-07 01:17:40,489 - INFO - 
Solution 57-------
	KS Statistic Weights: 0.6165
	KS Statistic Biases: 0.1138
	Stats Score Weights: 0.5223
	Stats Score Biases: 0.17
	Unique Elems Score: 0.00
		TOTAL SCORE = 2.9874
2025-10-07 01:17:50,848 - INFO - 
Solution 79-------
	KS Statistic Weights: 0.6149
	KS Statistic Biases: 0.1131
	Stats Score Weights: 0.5223
	Stats Score Biases: 0.17
	Unique Elems Score: 0.00
		TOTAL SCORE = 2.9846
2025-10-07 01:18:00,850 - INFO - 
Solution 87-------
	KS Statistic Weights: 0.6423
	KS Statistic Biases: 0.1154
	Stats Score Weights: 0.5258
	Stats Score Biases: 0.17
	Unique Elems Score: 0.00
		TOTAL SCORE = 3.0150
2025-10-07 01:18:01,256 - INFO - Fitness    = 3.014984607696533
2025-10-07 01:18:42,010 - INFO - 
Solution 1-------
	KS Statistic Weights: 0.6148
	KS Statistic Biases: 0.1101
	Stats Score Weights: 0.5190
	Stats Score Biases: 0.17
	Unique Elems Score: 0.00
		TOTAL SCORE = 2.9825
2025-10-07 01:18:52,025 - INFO - 
Solution 18-------
	KS Statistic Weights: 0.6297
	KS Statistic Biases: 0.1022
	Stats Score Weights: 0.5211
	Stats Score Biases: 0.17
	Unique Elems Score: 0.00
		TOTAL SCORE = 2.9797
2025-10-07 01:19:02,325 - INFO - 
Solution 31-------
	KS Statistic Weights: 0.6146
	KS Statistic Biases: 0.1159
	Stats Score Weights: 0.5199
	Stats Score Biases: 0.17
	Unique Elems Score: 0.00
		TOTAL SCORE = 2.9935
2025-10-07 01:19:12,024 - INFO - 
Solution 33-------
	KS Statistic Weights: 0.6879
	KS Statistic Biases: 0.1016
	Stats Score Weights: 0.5329
	Stats Score Biases: 0.17
	Unique Elems Score: 0.00
		TOTAL SCORE = 3.0246
2025-10-07 01:19:21,720 - INFO - 
Solution 37-------
	KS Statistic Weights: 0.6144
	KS Statistic Biases: 0.1164
	Stats Score Weights: 0.5200
	Stats Score Biases: 0.17
	Unique Elems Score: 0.00
		TOTAL SCORE = 2.9944
2025-10-07 01:19:31,414 - INFO - 
Solution 39-------
	KS Statistic Weights: 0.6147
	KS Statistic Biases: 0.1206
	Stats Score Weights: 0.5199
	Stats Score Biases: 0.17
	Unique Elems Score: 0.00
		TOTAL SCORE = 3.0019
2025-10-07 01:19:41,105 - INFO - 
Solution 40-------
	KS Statistic Weights: 0.6140
	KS Statistic Biases: 0.1172
	Stats Score Weights: 0.5191
	Stats Score Biases: 0.17
	Unique Elems Score: 0.00
		TOTAL SCORE = 2.9949
2025-10-07 01:19:51,101 - INFO - 
Solution 44-------
	KS Statistic Weights: 0.6341
	KS Statistic Biases: 0.1185
	Stats Score Weights: 0.5230
	Stats Score Biases: 0.17
	Unique Elems Score: 0.00
		TOTAL SCORE = 3.0160
2025-10-07 01:20:01,106 - INFO - 
Solution 53-------
	KS Statistic Weights: 0.6409
	KS Statistic Biases: 0.1170
	Stats Score Weights: 0.5244
	Stats Score Biases: 0.17
	Unique Elems Score: 0.00
		TOTAL SCORE = 3.0183
2025-10-07 01:20:11,748 - INFO - 
Solution 86-------
	KS Statistic Weights: 0.6626
	KS Statistic Biases: 0.1112
	Stats Score Weights: 0.5280
	Stats Score Biases: 0.17
	Unique Elems Score: 0.00
		TOTAL SCORE = 3.0219
2025-10-07 01:20:12,160 - INFO - Generation = 9
2025-10-07 01:20:24,130 - INFO - 
Solution 1-------
	KS Statistic Weights: 0.6148
	KS Statistic Biases: 0.1101
	Stats Score Weights: 0.5190
	Stats Score Biases: 0.17
	Unique Elems Score: 0.00
		TOTAL SCORE = 2.9825
2025-10-07 01:20:34,380 - INFO - 
Solution 18-------
	KS Statistic Weights: 0.6297
	KS Statistic Biases: 0.1022
	Stats Score Weights: 0.5211
	Stats Score Biases: 0.17
	Unique Elems Score: 0.00
		TOTAL SCORE = 2.9797
2025-10-07 01:20:44,746 - INFO - 
Solution 31-------
	KS Statistic Weights: 0.6146
	KS Statistic Biases: 0.1159
	Stats Score Weights: 0.5199
	Stats Score Biases: 0.17
	Unique Elems Score: 0.00
		TOTAL SCORE = 2.9935
2025-10-07 01:20:54,440 - INFO - 
Solution 33-------
	KS Statistic Weights: 0.6879
	KS Statistic Biases: 0.1016
	Stats Score Weights: 0.5329
	Stats Score Biases: 0.17
	Unique Elems Score: 0.00
		TOTAL SCORE = 3.0246
2025-10-07 01:21:04,129 - INFO - 
Solution 37-------
	KS Statistic Weights: 0.6144
	KS Statistic Biases: 0.1164
	Stats Score Weights: 0.5200
	Stats Score Biases: 0.17
	Unique Elems Score: 0.00
		TOTAL SCORE = 2.9944
2025-10-07 01:21:13,813 - INFO - 
Solution 39-------
	KS Statistic Weights: 0.6147
	KS Statistic Biases: 0.1206
	Stats Score Weights: 0.5199
	Stats Score Biases: 0.17
	Unique Elems Score: 0.00
		TOTAL SCORE = 3.0019
2025-10-07 01:21:23,501 - INFO - 
Solution 40-------
	KS Statistic Weights: 0.6140
	KS Statistic Biases: 0.1172
	Stats Score Weights: 0.5191
	Stats Score Biases: 0.17
	Unique Elems Score: 0.00
		TOTAL SCORE = 2.9949
2025-10-07 01:21:33,533 - INFO - 
Solution 44-------
	KS Statistic Weights: 0.6341
	KS Statistic Biases: 0.1185
	Stats Score Weights: 0.5230
	Stats Score Biases: 0.17
	Unique Elems Score: 0.00
		TOTAL SCORE = 3.0160
2025-10-07 01:21:43,538 - INFO - 
Solution 53-------
	KS Statistic Weights: 0.6409
	KS Statistic Biases: 0.1170
	Stats Score Weights: 0.5244
	Stats Score Biases: 0.17
	Unique Elems Score: 0.00
		TOTAL SCORE = 3.0183
2025-10-07 01:21:54,175 - INFO - 
Solution 86-------
	KS Statistic Weights: 0.6626
	KS Statistic Biases: 0.1112
	Stats Score Weights: 0.5280
	Stats Score Biases: 0.17
	Unique Elems Score: 0.00
		TOTAL SCORE = 3.0219
2025-10-07 01:21:54,587 - INFO - Fitness    = 3.0246145725250244
2025-10-07 01:22:35,255 - INFO - 
Solution 2-------
	KS Statistic Weights: 0.6139
	KS Statistic Biases: 0.1145
	Stats Score Weights: 0.5175
	Stats Score Biases: 0.17
	Unique Elems Score: 0.00
		TOTAL SCORE = 2.9926
2025-10-07 01:22:44,952 - INFO - 
Solution 7-------
	KS Statistic Weights: 0.6138
	KS Statistic Biases: 0.1243
	Stats Score Weights: 0.5176
	Stats Score Biases: 0.17
	Unique Elems Score: 0.00
		TOTAL SCORE = 3.0095
2025-10-07 01:22:54,640 - INFO - 
Solution 9-------
	KS Statistic Weights: 0.6132
	KS Statistic Biases: 0.1165
	Stats Score Weights: 0.5176
	Stats Score Biases: 0.17
	Unique Elems Score: 0.00
		TOTAL SCORE = 2.9936
2025-10-07 01:23:04,643 - INFO - 
Solution 18-------
	KS Statistic Weights: 0.6517
	KS Statistic Biases: 0.1089
	Stats Score Weights: 0.5239
	Stats Score Biases: 0.17
	Unique Elems Score: 0.00
		TOTAL SCORE = 3.0131
2025-10-07 01:23:14,638 - INFO - 
Solution 21-------
	KS Statistic Weights: 0.6130
	KS Statistic Biases: 0.1183
	Stats Score Weights: 0.5173
	Stats Score Biases: 0.17
	Unique Elems Score: 0.00
		TOTAL SCORE = 2.9992
2025-10-07 01:23:24,661 - INFO - 
Solution 35-------
	KS Statistic Weights: 0.6128
	KS Statistic Biases: 0.1186
	Stats Score Weights: 0.5172
	Stats Score Biases: 0.17
	Unique Elems Score: 0.00
		TOTAL SCORE = 2.9982
2025-10-07 01:23:34,360 - INFO - 
Solution 39-------
	KS Statistic Weights: 0.6312
	KS Statistic Biases: 0.1072
	Stats Score Weights: 0.5207
	Stats Score Biases: 0.17
	Unique Elems Score: 0.00
		TOTAL SCORE = 2.9896
2025-10-07 01:23:44,982 - INFO - 
Solution 61-------
	KS Statistic Weights: 0.6135
	KS Statistic Biases: 0.1209
	Stats Score Weights: 0.5170
	Stats Score Biases: 0.17
	Unique Elems Score: 0.00
		TOTAL SCORE = 3.0068
2025-10-07 01:23:54,672 - INFO - 
Solution 64-------
	KS Statistic Weights: 0.6138
	KS Statistic Biases: 0.1174
	Stats Score Weights: 0.5175
	Stats Score Biases: 0.17
	Unique Elems Score: 0.00
		TOTAL SCORE = 2.9960
2025-10-07 01:24:04,363 - INFO - 
Solution 67-------
	KS Statistic Weights: 0.6296
	KS Statistic Biases: 0.1048
	Stats Score Weights: 0.5201
	Stats Score Biases: 0.17
	Unique Elems Score: 0.00
		TOTAL SCORE = 2.9864
2025-10-07 01:24:14,694 - INFO - 
Solution 89-------
	KS Statistic Weights: 0.6139
	KS Statistic Biases: 0.1179
	Stats Score Weights: 0.5178
	Stats Score Biases: 0.17
	Unique Elems Score: 0.00
		TOTAL SCORE = 2.9989
2025-10-07 01:24:24,701 - INFO - 
Solution 95-------
	KS Statistic Weights: 0.6787
	KS Statistic Biases: 0.1004
	Stats Score Weights: 0.5298
	Stats Score Biases: 0.17
	Unique Elems Score: 0.00
		TOTAL SCORE = 3.0165
2025-10-07 01:24:24,799 - INFO - Generation = 10
2025-10-07 01:24:36,759 - INFO - 
Solution 2-------
	KS Statistic Weights: 0.6139
	KS Statistic Biases: 0.1145
	Stats Score Weights: 0.5175
	Stats Score Biases: 0.17
	Unique Elems Score: 0.00
		TOTAL SCORE = 2.9926
2025-10-07 01:24:46,498 - INFO - 
Solution 7-------
	KS Statistic Weights: 0.6138
	KS Statistic Biases: 0.1243
	Stats Score Weights: 0.5176
	Stats Score Biases: 0.17
	Unique Elems Score: 0.00
		TOTAL SCORE = 3.0095
2025-10-07 01:24:56,186 - INFO - 
Solution 9-------
	KS Statistic Weights: 0.6132
	KS Statistic Biases: 0.1165
	Stats Score Weights: 0.5176
	Stats Score Biases: 0.17
	Unique Elems Score: 0.00
		TOTAL SCORE = 2.9936
2025-10-07 01:25:06,190 - INFO - 
Solution 18-------
	KS Statistic Weights: 0.6517
	KS Statistic Biases: 0.1089
	Stats Score Weights: 0.5239
	Stats Score Biases: 0.17
	Unique Elems Score: 0.00
		TOTAL SCORE = 3.0131
2025-10-07 01:25:16,185 - INFO - 
Solution 21-------
	KS Statistic Weights: 0.6130
	KS Statistic Biases: 0.1183
	Stats Score Weights: 0.5173
	Stats Score Biases: 0.17
	Unique Elems Score: 0.00
		TOTAL SCORE = 2.9992
2025-10-07 01:25:26,197 - INFO - 
Solution 35-------
	KS Statistic Weights: 0.6128
	KS Statistic Biases: 0.1186
	Stats Score Weights: 0.5172
	Stats Score Biases: 0.17
	Unique Elems Score: 0.00
		TOTAL SCORE = 2.9982
2025-10-07 01:25:35,892 - INFO - 
Solution 39-------
	KS Statistic Weights: 0.6312
	KS Statistic Biases: 0.1072
	Stats Score Weights: 0.5207
	Stats Score Biases: 0.17
	Unique Elems Score: 0.00
		TOTAL SCORE = 2.9896
2025-10-07 01:25:46,510 - INFO - 
Solution 61-------
	KS Statistic Weights: 0.6135
	KS Statistic Biases: 0.1209
	Stats Score Weights: 0.5170
	Stats Score Biases: 0.17
	Unique Elems Score: 0.00
		TOTAL SCORE = 3.0068
2025-10-07 01:25:56,201 - INFO - 
Solution 64-------
	KS Statistic Weights: 0.6138
	KS Statistic Biases: 0.1174
	Stats Score Weights: 0.5175
	Stats Score Biases: 0.17
	Unique Elems Score: 0.00
		TOTAL SCORE = 2.9960
2025-10-07 01:26:05,893 - INFO - 
Solution 67-------
	KS Statistic Weights: 0.6296
	KS Statistic Biases: 0.1048
	Stats Score Weights: 0.5201
	Stats Score Biases: 0.17
	Unique Elems Score: 0.00
		TOTAL SCORE = 2.9864
2025-10-07 01:26:16,225 - INFO - 
Solution 89-------
	KS Statistic Weights: 0.6139
	KS Statistic Biases: 0.1179
	Stats Score Weights: 0.5178
	Stats Score Biases: 0.17
	Unique Elems Score: 0.00
		TOTAL SCORE = 2.9989
2025-10-07 01:26:26,298 - INFO - 
Solution 95-------
	KS Statistic Weights: 0.6787
	KS Statistic Biases: 0.1004
	Stats Score Weights: 0.5298
	Stats Score Biases: 0.17
	Unique Elems Score: 0.00
		TOTAL SCORE = 3.0165
2025-10-07 01:26:26,396 - INFO - Fitness    = 3.0246145725250244
2025-10-07 01:26:39,712 - INFO - 
Solution 18-------
	KS Statistic Weights: 0.6517
	KS Statistic Biases: 0.1089
	Stats Score Weights: 0.5239
	Stats Score Biases: 0.17
	Unique Elems Score: 0.00
		TOTAL SCORE = 3.0131
2025-10-07 01:26:50,691 - INFO - 
Solution 89-------
	KS Statistic Weights: 0.6139
	KS Statistic Biases: 0.1179
	Stats Score Weights: 0.5178
	Stats Score Biases: 0.17
	Unique Elems Score: 0.00
		TOTAL SCORE = 2.9989
