2025-10-07 06:56:23,381 - INFO - 
Solution 0-------
	KS Statistic Weights: 0.4996
	KS Statistic Biases: 0.0313
	Stats Score Weights: 0.6281
	Stats Score Biases: 0.17
	Unique Elems Score: 0.00
		TOTAL SCORE = 2.5982
2025-10-07 06:56:34,274 - INFO - 
Solution 49-------
	KS Statistic Weights: 0.6209
	KS Statistic Biases: 0.0938
	Stats Score Weights: 0.5467
	Stats Score Biases: 0.17
	Unique Elems Score: 0.00
		TOTAL SCORE = 2.9288
2025-10-07 06:57:09,227 - INFO - Generation = 1
2025-10-07 06:57:14,855 - INFO - Fitness    = 2.9287962913513184
2025-10-07 06:57:48,219 - INFO - Generation = 2
2025-10-07 06:57:53,409 - INFO - Fitness    = 2.9287962913513184
2025-10-07 06:58:26,662 - INFO - Generation = 3
2025-10-07 06:58:31,896 - INFO - Fitness    = 2.9287962913513184
2025-10-07 06:59:05,150 - INFO - Generation = 4
2025-10-07 06:59:10,379 - INFO - Fitness    = 2.9287962913513184
2025-10-07 06:59:53,210 - INFO - 
Solution 98-------
	KS Statistic Weights: 0.6197
	KS Statistic Biases: 0.1005
	Stats Score Weights: 0.5317
	Stats Score Biases: 0.17
	Unique Elems Score: 0.00
		TOTAL SCORE = 2.9555
2025-10-07 06:59:53,304 - INFO - Generation = 5
2025-10-07 07:00:08,119 - INFO - 
Solution 98-------
	KS Statistic Weights: 0.6197
	KS Statistic Biases: 0.1005
	Stats Score Weights: 0.5317
	Stats Score Biases: 0.17
	Unique Elems Score: 0.00
		TOTAL SCORE = 2.9555
2025-10-07 07:00:08,213 - INFO - Fitness    = 2.955470323562622
2025-10-07 07:00:41,386 - INFO - Generation = 6
2025-10-07 07:00:46,548 - INFO - Fitness    = 2.955470323562622
2025-10-07 07:01:27,879 - INFO - 
Solution 47-------
	KS Statistic Weights: 0.6184
	KS Statistic Biases: 0.1034
	Stats Score Weights: 0.5264
	Stats Score Biases: 0.17
	Unique Elems Score: 0.00
		TOTAL SCORE = 2.9652
2025-10-07 07:01:29,561 - INFO - Generation = 7
2025-10-07 07:01:42,782 - INFO - 
Solution 47-------
	KS Statistic Weights: 0.6184
	KS Statistic Biases: 0.1034
	Stats Score Weights: 0.5264
	Stats Score Biases: 0.17
	Unique Elems Score: 0.00
		TOTAL SCORE = 2.9652
2025-10-07 07:01:44,444 - INFO - Fitness    = 2.96524715423584
2025-10-07 07:02:25,828 - INFO - 
Solution 45-------
	KS Statistic Weights: 0.6162
	KS Statistic Biases: 0.1066
	Stats Score Weights: 0.5231
	Stats Score Biases: 0.17
	Unique Elems Score: 0.00
		TOTAL SCORE = 2.9736
2025-10-07 07:02:27,618 - INFO - Generation = 8
2025-10-07 07:02:40,835 - INFO - 
Solution 45-------
	KS Statistic Weights: 0.6162
	KS Statistic Biases: 0.1066
	Stats Score Weights: 0.5231
	Stats Score Biases: 0.17
	Unique Elems Score: 0.00
		TOTAL SCORE = 2.9736
2025-10-07 07:02:42,550 - INFO - Fitness    = 2.973630428314209
2025-10-07 07:03:15,820 - INFO - Generation = 9
2025-10-07 07:03:20,995 - INFO - Fitness    = 2.973630428314209
2025-10-07 07:03:54,308 - INFO - Generation = 10
2025-10-07 07:03:59,464 - INFO - Fitness    = 2.973630428314209
