2025-10-07 09:40:35,395 - INFO - 
Solution 0-------
	KS Statistic Weights: 0.4996
	KS Statistic Biases: 0.0313
	Stats Score Weights: 0.6281
	Stats Score Biases: 0.17
	Unique Elems Score: 0.00
		TOTAL SCORE = 2.5982
2025-10-07 09:41:19,091 - INFO - 
Solution 33-------
	KS Statistic Weights: 0.6233
	KS Statistic Biases: 0.1007
	Stats Score Weights: 0.5437
	Stats Score Biases: 0.17
	Unique Elems Score: 0.00
		TOTAL SCORE = 2.9463
2025-10-07 09:41:21,119 - INFO - Generation = 1
2025-10-07 09:41:34,178 - INFO - 
Solution 33-------
	KS Statistic Weights: 0.6233
	KS Statistic Biases: 0.1007
	Stats Score Weights: 0.5437
	Stats Score Biases: 0.17
	Unique Elems Score: 0.00
		TOTAL SCORE = 2.9463
2025-10-07 09:41:36,238 - INFO - Fitness    = 2.9462552070617676
2025-10-07 09:42:09,760 - INFO - Generation = 2
2025-10-07 09:42:14,973 - INFO - Fitness    = 2.9462552070617676
2025-10-07 09:42:48,348 - INFO - Generation = 3
2025-10-07 09:42:53,530 - INFO - Fitness    = 2.9462552070617676
2025-10-07 09:43:36,346 - INFO - 
Solution 83-------
	KS Statistic Weights: 0.6220
	KS Statistic Biases: 0.1075
	Stats Score Weights: 0.5374
	Stats Score Biases: 0.17
	Unique Elems Score: 0.00
		TOTAL SCORE = 2.9661
2025-10-07 09:43:36,759 - INFO - Generation = 4
2025-10-07 09:43:51,333 - INFO - 
Solution 83-------
	KS Statistic Weights: 0.6220
	KS Statistic Biases: 0.1075
	Stats Score Weights: 0.5374
	Stats Score Biases: 0.17
	Unique Elems Score: 0.00
		TOTAL SCORE = 2.9661
2025-10-07 09:43:51,769 - INFO - Fitness    = 2.966102361679077
2025-10-07 09:44:31,844 - INFO - 
Solution 18-------
	KS Statistic Weights: 0.6196
	KS Statistic Biases: 0.1129
	Stats Score Weights: 0.5303
	Stats Score Biases: 0.17
	Unique Elems Score: 0.00
		TOTAL SCORE = 2.9828
2025-10-07 09:44:41,552 - INFO - 
Solution 19-------
	KS Statistic Weights: 0.6213
	KS Statistic Biases: 0.1128
	Stats Score Weights: 0.5343
	Stats Score Biases: 0.17
	Unique Elems Score: 0.00
		TOTAL SCORE = 2.9791
2025-10-07 09:44:51,561 - INFO - 
Solution 22-------
	KS Statistic Weights: 0.6209
	KS Statistic Biases: 0.1089
	Stats Score Weights: 0.5348
	Stats Score Biases: 0.17
	Unique Elems Score: 0.00
		TOTAL SCORE = 2.9695
2025-10-07 09:45:02,902 - INFO - 
Solution 76-------
	KS Statistic Weights: 0.6542
	KS Statistic Biases: 0.1016
	Stats Score Weights: 0.5376
	Stats Score Biases: 0.17
	Unique Elems Score: 0.00
		TOTAL SCORE = 2.9866
2025-10-07 09:45:12,618 - INFO - 
Solution 78-------
	KS Statistic Weights: 0.6202
	KS Statistic Biases: 0.1044
	Stats Score Weights: 0.5323
	Stats Score Biases: 0.17
	Unique Elems Score: 0.00
		TOTAL SCORE = 2.9641
2025-10-07 09:45:13,340 - INFO - Generation = 5
2025-10-07 09:45:25,657 - INFO - 
Solution 18-------
	KS Statistic Weights: 0.6196
	KS Statistic Biases: 0.1129
	Stats Score Weights: 0.5303
	Stats Score Biases: 0.17
	Unique Elems Score: 0.00
		TOTAL SCORE = 2.9828
2025-10-07 09:45:35,373 - INFO - 
Solution 19-------
	KS Statistic Weights: 0.6213
	KS Statistic Biases: 0.1128
	Stats Score Weights: 0.5343
	Stats Score Biases: 0.17
	Unique Elems Score: 0.00
		TOTAL SCORE = 2.9791
2025-10-07 09:45:45,393 - INFO - 
Solution 22-------
	KS Statistic Weights: 0.6209
	KS Statistic Biases: 0.1089
	Stats Score Weights: 0.5348
	Stats Score Biases: 0.17
	Unique Elems Score: 0.00
		TOTAL SCORE = 2.9695
2025-10-07 09:45:56,740 - INFO - 
Solution 76-------
	KS Statistic Weights: 0.6542
	KS Statistic Biases: 0.1016
	Stats Score Weights: 0.5376
	Stats Score Biases: 0.17
	Unique Elems Score: 0.00
		TOTAL SCORE = 2.9866
2025-10-07 09:46:06,564 - INFO - 
Solution 78-------
	KS Statistic Weights: 0.6202
	KS Statistic Biases: 0.1044
	Stats Score Weights: 0.5323
	Stats Score Biases: 0.17
	Unique Elems Score: 0.00
		TOTAL SCORE = 2.9641
2025-10-07 09:46:07,288 - INFO - Fitness    = 2.986639976501465
2025-10-07 09:46:47,381 - INFO - 
Solution 2-------
	KS Statistic Weights: 0.6211
	KS Statistic Biases: 0.1045
	Stats Score Weights: 0.5327
	Stats Score Biases: 0.17
	Unique Elems Score: 0.00
		TOTAL SCORE = 2.9627
2025-10-07 09:46:57,717 - INFO - 
Solution 23-------
	KS Statistic Weights: 0.6199
	KS Statistic Biases: 0.1128
	Stats Score Weights: 0.5301
	Stats Score Biases: 0.17
	Unique Elems Score: 0.00
		TOTAL SCORE = 2.9817
2025-10-07 09:47:07,748 - INFO - 
Solution 33-------
	KS Statistic Weights: 0.6189
	KS Statistic Biases: 0.1083
	Stats Score Weights: 0.5293
	Stats Score Biases: 0.17
	Unique Elems Score: 0.00
		TOTAL SCORE = 2.9732
2025-10-07 09:47:17,775 - INFO - 
Solution 44-------
	KS Statistic Weights: 0.6189
	KS Statistic Biases: 0.1093
	Stats Score Weights: 0.5290
	Stats Score Biases: 0.17
	Unique Elems Score: 0.00
		TOTAL SCORE = 2.9755
2025-10-07 09:47:28,104 - INFO - 
Solution 61-------
	KS Statistic Weights: 0.6203
	KS Statistic Biases: 0.1133
	Stats Score Weights: 0.5335
	Stats Score Biases: 0.17
	Unique Elems Score: 0.00
		TOTAL SCORE = 2.9805
2025-10-07 09:47:38,125 - INFO - 
Solution 71-------
	KS Statistic Weights: 0.6199
	KS Statistic Biases: 0.1123
	Stats Score Weights: 0.5317
	Stats Score Biases: 0.17
	Unique Elems Score: 0.00
		TOTAL SCORE = 2.9783
2025-10-07 09:47:47,829 - INFO - 
Solution 72-------
	KS Statistic Weights: 0.6201
	KS Statistic Biases: 0.1085
	Stats Score Weights: 0.5298
	Stats Score Biases: 0.17
	Unique Elems Score: 0.00
		TOTAL SCORE = 2.9743
2025-10-07 09:47:57,851 - INFO - 
Solution 82-------
	KS Statistic Weights: 0.6194
	KS Statistic Biases: 0.1189
	Stats Score Weights: 0.5286
	Stats Score Biases: 0.17
	Unique Elems Score: 0.00
		TOTAL SCORE = 2.9950
2025-10-07 09:48:07,564 - INFO - 
Solution 89-------
	KS Statistic Weights: 0.6193
	KS Statistic Biases: 0.1062
	Stats Score Weights: 0.5294
	Stats Score Biases: 0.17
	Unique Elems Score: 0.00
		TOTAL SCORE = 2.9698
2025-10-07 09:48:17,580 - INFO - 
Solution 96-------
	KS Statistic Weights: 0.6198
	KS Statistic Biases: 0.1115
	Stats Score Weights: 0.5282
	Stats Score Biases: 0.17
	Unique Elems Score: 0.00
		TOTAL SCORE = 2.9814
2025-10-07 09:48:17,675 - INFO - Generation = 6
2025-10-07 09:48:29,632 - INFO - 
Solution 2-------
	KS Statistic Weights: 0.6211
	KS Statistic Biases: 0.1045
	Stats Score Weights: 0.5327
	Stats Score Biases: 0.17
	Unique Elems Score: 0.00
		TOTAL SCORE = 2.9627
2025-10-07 09:48:39,965 - INFO - 
Solution 23-------
	KS Statistic Weights: 0.6199
	KS Statistic Biases: 0.1128
	Stats Score Weights: 0.5301
	Stats Score Biases: 0.17
	Unique Elems Score: 0.00
		TOTAL SCORE = 2.9817
2025-10-07 09:48:49,982 - INFO - 
Solution 33-------
	KS Statistic Weights: 0.6189
	KS Statistic Biases: 0.1083
	Stats Score Weights: 0.5293
	Stats Score Biases: 0.17
	Unique Elems Score: 0.00
		TOTAL SCORE = 2.9732
2025-10-07 09:49:00,001 - INFO - 
Solution 44-------
	KS Statistic Weights: 0.6189
	KS Statistic Biases: 0.1093
	Stats Score Weights: 0.5290
	Stats Score Biases: 0.17
	Unique Elems Score: 0.00
		TOTAL SCORE = 2.9755
2025-10-07 09:49:10,326 - INFO - 
Solution 61-------
	KS Statistic Weights: 0.6203
	KS Statistic Biases: 0.1133
	Stats Score Weights: 0.5335
	Stats Score Biases: 0.17
	Unique Elems Score: 0.00
		TOTAL SCORE = 2.9805
2025-10-07 09:49:20,346 - INFO - 
Solution 71-------
	KS Statistic Weights: 0.6199
	KS Statistic Biases: 0.1123
	Stats Score Weights: 0.5317
	Stats Score Biases: 0.17
	Unique Elems Score: 0.00
		TOTAL SCORE = 2.9783
2025-10-07 09:49:30,051 - INFO - 
Solution 72-------
	KS Statistic Weights: 0.6201
	KS Statistic Biases: 0.1085
	Stats Score Weights: 0.5298
	Stats Score Biases: 0.17
	Unique Elems Score: 0.00
		TOTAL SCORE = 2.9743
2025-10-07 09:49:40,067 - INFO - 
Solution 82-------
	KS Statistic Weights: 0.6194
	KS Statistic Biases: 0.1189
	Stats Score Weights: 0.5286
	Stats Score Biases: 0.17
	Unique Elems Score: 0.00
		TOTAL SCORE = 2.9950
2025-10-07 09:49:49,779 - INFO - 
Solution 89-------
	KS Statistic Weights: 0.6193
	KS Statistic Biases: 0.1062
	Stats Score Weights: 0.5294
	Stats Score Biases: 0.17
	Unique Elems Score: 0.00
		TOTAL SCORE = 2.9698
2025-10-07 09:49:59,790 - INFO - 
Solution 96-------
	KS Statistic Weights: 0.6198
	KS Statistic Biases: 0.1115
	Stats Score Weights: 0.5282
	Stats Score Biases: 0.17
	Unique Elems Score: 0.00
		TOTAL SCORE = 2.9814
2025-10-07 09:49:59,884 - INFO - Fitness    = 2.9949638843536377
2025-10-07 09:50:39,861 - INFO - 
Solution 1-------
	KS Statistic Weights: 0.6198
	KS Statistic Biases: 0.1109
	Stats Score Weights: 0.5258
	Stats Score Biases: 0.17
	Unique Elems Score: 0.00
		TOTAL SCORE = 2.9833
2025-10-07 09:50:49,883 - INFO - 
Solution 12-------
	KS Statistic Weights: 0.6190
	KS Statistic Biases: 0.1194
	Stats Score Weights: 0.5256
	Stats Score Biases: 0.17
	Unique Elems Score: 0.00
		TOTAL SCORE = 2.9998
2025-10-07 09:50:59,586 - INFO - 
Solution 14-------
	KS Statistic Weights: 0.6191
	KS Statistic Biases: 0.1109
	Stats Score Weights: 0.5287
	Stats Score Biases: 0.17
	Unique Elems Score: 0.00
		TOTAL SCORE = 2.9792
2025-10-07 09:51:09,607 - INFO - 
Solution 24-------
	KS Statistic Weights: 0.6731
	KS Statistic Biases: 0.1087
	Stats Score Weights: 0.5346
	Stats Score Biases: 0.17
	Unique Elems Score: 0.00
		TOTAL SCORE = 3.0227
2025-10-07 09:51:19,314 - INFO - 
Solution 26-------
	KS Statistic Weights: 0.6189
	KS Statistic Biases: 0.1079
	Stats Score Weights: 0.5276
	Stats Score Biases: 0.17
	Unique Elems Score: 0.00
		TOTAL SCORE = 2.9747
2025-10-07 09:51:29,328 - INFO - 
Solution 31-------
	KS Statistic Weights: 0.6174
	KS Statistic Biases: 0.1146
	Stats Score Weights: 0.5255
	Stats Score Biases: 0.17
	Unique Elems Score: 0.00
		TOTAL SCORE = 2.9881
2025-10-07 09:51:39,037 - INFO - 
Solution 34-------
	KS Statistic Weights: 0.6333
	KS Statistic Biases: 0.1110
	Stats Score Weights: 0.5306
	Stats Score Biases: 0.17
	Unique Elems Score: 0.00
		TOTAL SCORE = 2.9915
2025-10-07 09:51:49,052 - INFO - 
Solution 42-------
	KS Statistic Weights: 0.6202
	KS Statistic Biases: 0.1065
	Stats Score Weights: 0.5278
	Stats Score Biases: 0.17
	Unique Elems Score: 0.00
		TOTAL SCORE = 2.9731
2025-10-07 09:51:59,089 - INFO - 
Solution 59-------
	KS Statistic Weights: 0.6200
	KS Statistic Biases: 0.1042
	Stats Score Weights: 0.5278
	Stats Score Biases: 0.17
	Unique Elems Score: 0.00
		TOTAL SCORE = 2.9668
2025-10-07 09:52:09,109 - INFO - 
Solution 67-------
	KS Statistic Weights: 0.6163
	KS Statistic Biases: 0.1193
	Stats Score Weights: 0.5250
	Stats Score Biases: 0.17
	Unique Elems Score: 0.00
		TOTAL SCORE = 2.9991
2025-10-07 09:52:18,819 - INFO - 
Solution 70-------
	KS Statistic Weights: 0.6192
	KS Statistic Biases: 0.1148
	Stats Score Weights: 0.5289
	Stats Score Biases: 0.17
	Unique Elems Score: 0.00
		TOTAL SCORE = 2.9861
2025-10-07 09:52:28,838 - INFO - 
Solution 76-------
	KS Statistic Weights: 0.6191
	KS Statistic Biases: 0.1102
	Stats Score Weights: 0.5262
	Stats Score Biases: 0.17
	Unique Elems Score: 0.00
		TOTAL SCORE = 2.9800
2025-10-07 09:52:39,168 - INFO - 
Solution 94-------
	KS Statistic Weights: 0.6505
	KS Statistic Biases: 0.1110
	Stats Score Weights: 0.5341
	Stats Score Biases: 0.17
	Unique Elems Score: 0.00
		TOTAL SCORE = 3.0055
2025-10-07 09:52:48,873 - INFO - 
Solution 95-------
	KS Statistic Weights: 0.6170
	KS Statistic Biases: 0.1137
	Stats Score Weights: 0.5254
	Stats Score Biases: 0.17
	Unique Elems Score: 0.00
		TOTAL SCORE = 2.9883
2025-10-07 09:52:48,970 - INFO - Generation = 7
2025-10-07 09:53:00,972 - INFO - 
Solution 1-------
	KS Statistic Weights: 0.6198
	KS Statistic Biases: 0.1109
	Stats Score Weights: 0.5258
	Stats Score Biases: 0.17
	Unique Elems Score: 0.00
		TOTAL SCORE = 2.9833
2025-10-07 09:53:10,998 - INFO - 
Solution 12-------
	KS Statistic Weights: 0.6190
	KS Statistic Biases: 0.1194
	Stats Score Weights: 0.5256
	Stats Score Biases: 0.17
	Unique Elems Score: 0.00
		TOTAL SCORE = 2.9998
2025-10-07 09:53:20,706 - INFO - 
Solution 14-------
	KS Statistic Weights: 0.6191
	KS Statistic Biases: 0.1109
	Stats Score Weights: 0.5287
	Stats Score Biases: 0.17
	Unique Elems Score: 0.00
		TOTAL SCORE = 2.9792
2025-10-07 09:53:30,734 - INFO - 
Solution 24-------
	KS Statistic Weights: 0.6731
	KS Statistic Biases: 0.1087
	Stats Score Weights: 0.5346
	Stats Score Biases: 0.17
	Unique Elems Score: 0.00
		TOTAL SCORE = 3.0227
2025-10-07 09:53:40,439 - INFO - 
Solution 26-------
	KS Statistic Weights: 0.6189
	KS Statistic Biases: 0.1079
	Stats Score Weights: 0.5276
	Stats Score Biases: 0.17
	Unique Elems Score: 0.00
		TOTAL SCORE = 2.9747
2025-10-07 09:53:50,451 - INFO - 
Solution 31-------
	KS Statistic Weights: 0.6174
	KS Statistic Biases: 0.1146
	Stats Score Weights: 0.5255
	Stats Score Biases: 0.17
	Unique Elems Score: 0.00
		TOTAL SCORE = 2.9881
2025-10-07 09:54:00,158 - INFO - 
Solution 34-------
	KS Statistic Weights: 0.6333
	KS Statistic Biases: 0.1110
	Stats Score Weights: 0.5306
	Stats Score Biases: 0.17
	Unique Elems Score: 0.00
		TOTAL SCORE = 2.9915
2025-10-07 09:54:10,176 - INFO - 
Solution 42-------
	KS Statistic Weights: 0.6202
	KS Statistic Biases: 0.1065
	Stats Score Weights: 0.5278
	Stats Score Biases: 0.17
	Unique Elems Score: 0.00
		TOTAL SCORE = 2.9731
2025-10-07 09:54:20,211 - INFO - 
Solution 59-------
	KS Statistic Weights: 0.6200
	KS Statistic Biases: 0.1042
	Stats Score Weights: 0.5278
	Stats Score Biases: 0.17
	Unique Elems Score: 0.00
		TOTAL SCORE = 2.9668
2025-10-07 09:54:30,230 - INFO - 
Solution 67-------
	KS Statistic Weights: 0.6163
	KS Statistic Biases: 0.1193
	Stats Score Weights: 0.5250
	Stats Score Biases: 0.17
	Unique Elems Score: 0.00
		TOTAL SCORE = 2.9991
2025-10-07 09:54:39,932 - INFO - 
Solution 70-------
	KS Statistic Weights: 0.6192
	KS Statistic Biases: 0.1148
	Stats Score Weights: 0.5289
	Stats Score Biases: 0.17
	Unique Elems Score: 0.00
		TOTAL SCORE = 2.9861
2025-10-07 09:54:49,944 - INFO - 
Solution 76-------
	KS Statistic Weights: 0.6191
	KS Statistic Biases: 0.1102
	Stats Score Weights: 0.5262
	Stats Score Biases: 0.17
	Unique Elems Score: 0.00
		TOTAL SCORE = 2.9800
2025-10-07 09:55:00,276 - INFO - 
Solution 94-------
	KS Statistic Weights: 0.6505
	KS Statistic Biases: 0.1110
	Stats Score Weights: 0.5341
	Stats Score Biases: 0.17
	Unique Elems Score: 0.00
		TOTAL SCORE = 3.0055
2025-10-07 09:55:09,976 - INFO - 
Solution 95-------
	KS Statistic Weights: 0.6170
	KS Statistic Biases: 0.1137
	Stats Score Weights: 0.5254
	Stats Score Biases: 0.17
	Unique Elems Score: 0.00
		TOTAL SCORE = 2.9883
2025-10-07 09:55:10,072 - INFO - Fitness    = 3.0226974487304688
2025-10-07 09:55:50,496 - INFO - 
Solution 16-------
	KS Statistic Weights: 0.6181
	KS Statistic Biases: 0.1121
	Stats Score Weights: 0.5243
	Stats Score Biases: 0.17
	Unique Elems Score: 0.00
		TOTAL SCORE = 2.9853
2025-10-07 09:56:00,826 - INFO - 
Solution 35-------
	KS Statistic Weights: 0.6175
	KS Statistic Biases: 0.1138
	Stats Score Weights: 0.5235
	Stats Score Biases: 0.17
	Unique Elems Score: 0.00
		TOTAL SCORE = 2.9906
2025-10-07 09:56:10,531 - INFO - 
Solution 38-------
	KS Statistic Weights: 0.6162
	KS Statistic Biases: 0.1121
	Stats Score Weights: 0.5230
	Stats Score Biases: 0.17
	Unique Elems Score: 0.00
		TOTAL SCORE = 2.9849
2025-10-07 09:56:20,232 - INFO - 
Solution 40-------
	KS Statistic Weights: 0.6182
	KS Statistic Biases: 0.1139
	Stats Score Weights: 0.5261
	Stats Score Biases: 0.17
	Unique Elems Score: 0.00
		TOTAL SCORE = 2.9871
2025-10-07 09:56:30,555 - INFO - 
Solution 53-------
	KS Statistic Weights: 0.6180
	KS Statistic Biases: 0.1199
	Stats Score Weights: 0.5238
	Stats Score Biases: 0.17
	Unique Elems Score: 0.00
		TOTAL SCORE = 3.0006
2025-10-07 09:56:40,583 - INFO - 
Solution 66-------
	KS Statistic Weights: 0.6173
	KS Statistic Biases: 0.1165
	Stats Score Weights: 0.5234
	Stats Score Biases: 0.17
	Unique Elems Score: 0.00
		TOTAL SCORE = 2.9945
2025-10-07 09:56:50,288 - INFO - 
Solution 68-------
	KS Statistic Weights: 0.6181
	KS Statistic Biases: 0.1139
	Stats Score Weights: 0.5263
	Stats Score Biases: 0.17
	Unique Elems Score: 0.00
		TOTAL SCORE = 2.9854
2025-10-07 09:57:00,292 - INFO - 
Solution 71-------
	KS Statistic Weights: 0.6191
	KS Statistic Biases: 0.1105
	Stats Score Weights: 0.5253
	Stats Score Biases: 0.17
	Unique Elems Score: 0.00
		TOTAL SCORE = 2.9826
2025-10-07 09:57:10,000 - INFO - 
Solution 74-------
	KS Statistic Weights: 0.6181
	KS Statistic Biases: 0.1104
	Stats Score Weights: 0.5253
	Stats Score Biases: 0.17
	Unique Elems Score: 0.00
		TOTAL SCORE = 2.9805
2025-10-07 09:57:19,712 - INFO - 
Solution 75-------
	KS Statistic Weights: 0.6175
	KS Statistic Biases: 0.1209
	Stats Score Weights: 0.5235
	Stats Score Biases: 0.17
	Unique Elems Score: 0.00
		TOTAL SCORE = 3.0028
2025-10-07 09:57:29,423 - INFO - 
Solution 78-------
	KS Statistic Weights: 0.6195
	KS Statistic Biases: 0.1160
	Stats Score Weights: 0.5259
	Stats Score Biases: 0.17
	Unique Elems Score: 0.00
		TOTAL SCORE = 2.9938
2025-10-07 09:57:30,140 - INFO - Generation = 8
2025-10-07 09:57:42,458 - INFO - 
Solution 16-------
	KS Statistic Weights: 0.6181
	KS Statistic Biases: 0.1121
	Stats Score Weights: 0.5243
	Stats Score Biases: 0.17
	Unique Elems Score: 0.00
		TOTAL SCORE = 2.9853
2025-10-07 09:57:52,794 - INFO - 
Solution 35-------
	KS Statistic Weights: 0.6175
	KS Statistic Biases: 0.1138
	Stats Score Weights: 0.5235
	Stats Score Biases: 0.17
	Unique Elems Score: 0.00
		TOTAL SCORE = 2.9906
2025-10-07 09:58:02,501 - INFO - 
Solution 38-------
	KS Statistic Weights: 0.6162
	KS Statistic Biases: 0.1121
	Stats Score Weights: 0.5230
	Stats Score Biases: 0.17
	Unique Elems Score: 0.00
		TOTAL SCORE = 2.9849
2025-10-07 09:58:12,211 - INFO - 
Solution 40-------
	KS Statistic Weights: 0.6182
	KS Statistic Biases: 0.1139
	Stats Score Weights: 0.5261
	Stats Score Biases: 0.17
	Unique Elems Score: 0.00
		TOTAL SCORE = 2.9871
2025-10-07 09:58:22,537 - INFO - 
Solution 53-------
	KS Statistic Weights: 0.6180
	KS Statistic Biases: 0.1199
	Stats Score Weights: 0.5238
	Stats Score Biases: 0.17
	Unique Elems Score: 0.00
		TOTAL SCORE = 3.0006
2025-10-07 09:58:32,566 - INFO - 
Solution 66-------
	KS Statistic Weights: 0.6173
	KS Statistic Biases: 0.1165
	Stats Score Weights: 0.5234
	Stats Score Biases: 0.17
	Unique Elems Score: 0.00
		TOTAL SCORE = 2.9945
2025-10-07 09:58:42,273 - INFO - 
Solution 68-------
	KS Statistic Weights: 0.6181
	KS Statistic Biases: 0.1139
	Stats Score Weights: 0.5263
	Stats Score Biases: 0.17
	Unique Elems Score: 0.00
		TOTAL SCORE = 2.9854
2025-10-07 09:58:52,282 - INFO - 
Solution 71-------
	KS Statistic Weights: 0.6191
	KS Statistic Biases: 0.1105
	Stats Score Weights: 0.5253
	Stats Score Biases: 0.17
	Unique Elems Score: 0.00
		TOTAL SCORE = 2.9826
2025-10-07 09:59:01,991 - INFO - 
Solution 74-------
	KS Statistic Weights: 0.6181
	KS Statistic Biases: 0.1104
	Stats Score Weights: 0.5253
	Stats Score Biases: 0.17
	Unique Elems Score: 0.00
		TOTAL SCORE = 2.9805
2025-10-07 09:59:11,695 - INFO - 
Solution 75-------
	KS Statistic Weights: 0.6175
	KS Statistic Biases: 0.1209
	Stats Score Weights: 0.5235
	Stats Score Biases: 0.17
	Unique Elems Score: 0.00
		TOTAL SCORE = 3.0028
2025-10-07 09:59:21,410 - INFO - 
Solution 78-------
	KS Statistic Weights: 0.6195
	KS Statistic Biases: 0.1160
	Stats Score Weights: 0.5259
	Stats Score Biases: 0.17
	Unique Elems Score: 0.00
		TOTAL SCORE = 2.9938
2025-10-07 09:59:22,128 - INFO - Fitness    = 3.0226974487304688
2025-10-07 10:00:02,266 - INFO - 
Solution 9-------
	KS Statistic Weights: 0.6177
	KS Statistic Biases: 0.1160
	Stats Score Weights: 0.5229
	Stats Score Biases: 0.17
	Unique Elems Score: 0.00
		TOTAL SCORE = 2.9946
2025-10-07 10:00:12,290 - INFO - 
Solution 20-------
	KS Statistic Weights: 0.6157
	KS Statistic Biases: 0.1121
	Stats Score Weights: 0.5225
	Stats Score Biases: 0.17
	Unique Elems Score: 0.00
		TOTAL SCORE = 2.9853
2025-10-07 10:00:22,333 - INFO - 
Solution 28-------
	KS Statistic Weights: 0.6150
	KS Statistic Biases: 0.1177
	Stats Score Weights: 0.5205
	Stats Score Biases: 0.17
	Unique Elems Score: 0.00
		TOTAL SCORE = 2.9988
2025-10-07 10:00:32,360 - INFO - 
Solution 37-------
	KS Statistic Weights: 0.6153
	KS Statistic Biases: 0.1200
	Stats Score Weights: 0.5212
	Stats Score Biases: 0.17
	Unique Elems Score: 0.00
		TOTAL SCORE = 3.0006
2025-10-07 10:00:42,691 - INFO - 
Solution 51-------
	KS Statistic Weights: 0.6177
	KS Statistic Biases: 0.1217
	Stats Score Weights: 0.5222
	Stats Score Biases: 0.17
	Unique Elems Score: 0.00
		TOTAL SCORE = 3.0057
2025-10-07 10:00:52,434 - INFO - 
Solution 54-------
	KS Statistic Weights: 0.6183
	KS Statistic Biases: 0.1195
	Stats Score Weights: 0.5216
	Stats Score Biases: 0.17
	Unique Elems Score: 0.00
		TOTAL SCORE = 3.0046
2025-10-07 10:01:02,141 - INFO - 
Solution 56-------
	KS Statistic Weights: 0.6686
	KS Statistic Biases: 0.1161
	Stats Score Weights: 0.5314
	Stats Score Biases: 0.17
	Unique Elems Score: 0.00
		TOTAL SCORE = 3.0382
2025-10-07 10:01:12,158 - INFO - 
Solution 62-------
	KS Statistic Weights: 0.6421
	KS Statistic Biases: 0.1119
	Stats Score Weights: 0.5280
	Stats Score Biases: 0.17
	Unique Elems Score: 0.00
		TOTAL SCORE = 3.0054
2025-10-07 10:01:21,868 - INFO - 
Solution 63-------
	KS Statistic Weights: 0.6432
	KS Statistic Biases: 0.1141
	Stats Score Weights: 0.5273
	Stats Score Biases: 0.17
	Unique Elems Score: 0.00
		TOTAL SCORE = 3.0125
2025-10-07 10:01:31,583 - INFO - 
Solution 67-------
	KS Statistic Weights: 0.6173
	KS Statistic Biases: 0.1224
	Stats Score Weights: 0.5213
	Stats Score Biases: 0.17
	Unique Elems Score: 0.00
		TOTAL SCORE = 3.0075
2025-10-07 10:01:41,668 - INFO - 
Solution 80-------
	KS Statistic Weights: 0.6191
	KS Statistic Biases: 0.1180
	Stats Score Weights: 0.5251
	Stats Score Biases: 0.17
	Unique Elems Score: 0.00
		TOTAL SCORE = 2.9980
2025-10-07 10:01:51,675 - INFO - 
Solution 82-------
	KS Statistic Weights: 0.6170
	KS Statistic Biases: 0.1175
	Stats Score Weights: 0.5218
	Stats Score Biases: 0.17
	Unique Elems Score: 0.00
		TOTAL SCORE = 2.9980
2025-10-07 10:02:01,701 - INFO - 
Solution 95-------
	KS Statistic Weights: 0.6161
	KS Statistic Biases: 0.1156
	Stats Score Weights: 0.5209
	Stats Score Biases: 0.17
	Unique Elems Score: 0.00
		TOTAL SCORE = 2.9938
2025-10-07 10:02:01,798 - INFO - Generation = 9
2025-10-07 10:02:13,799 - INFO - 
Solution 9-------
	KS Statistic Weights: 0.6177
	KS Statistic Biases: 0.1160
	Stats Score Weights: 0.5229
	Stats Score Biases: 0.17
	Unique Elems Score: 0.00
		TOTAL SCORE = 2.9946
2025-10-07 10:02:23,822 - INFO - 
Solution 20-------
	KS Statistic Weights: 0.6157
	KS Statistic Biases: 0.1121
	Stats Score Weights: 0.5225
	Stats Score Biases: 0.17
	Unique Elems Score: 0.00
		TOTAL SCORE = 2.9853
2025-10-07 10:02:33,841 - INFO - 
Solution 28-------
	KS Statistic Weights: 0.6150
	KS Statistic Biases: 0.1177
	Stats Score Weights: 0.5205
	Stats Score Biases: 0.17
	Unique Elems Score: 0.00
		TOTAL SCORE = 2.9988
2025-10-07 10:02:43,858 - INFO - 
Solution 37-------
	KS Statistic Weights: 0.6153
	KS Statistic Biases: 0.1200
	Stats Score Weights: 0.5212
	Stats Score Biases: 0.17
	Unique Elems Score: 0.00
		TOTAL SCORE = 3.0006
2025-10-07 10:02:54,179 - INFO - 
Solution 51-------
	KS Statistic Weights: 0.6177
	KS Statistic Biases: 0.1217
	Stats Score Weights: 0.5222
	Stats Score Biases: 0.17
	Unique Elems Score: 0.00
		TOTAL SCORE = 3.0057
2025-10-07 10:03:03,886 - INFO - 
Solution 54-------
	KS Statistic Weights: 0.6183
	KS Statistic Biases: 0.1195
	Stats Score Weights: 0.5216
	Stats Score Biases: 0.17
	Unique Elems Score: 0.00
		TOTAL SCORE = 3.0046
2025-10-07 10:03:13,592 - INFO - 
Solution 56-------
	KS Statistic Weights: 0.6686
	KS Statistic Biases: 0.1161
	Stats Score Weights: 0.5314
	Stats Score Biases: 0.17
	Unique Elems Score: 0.00
		TOTAL SCORE = 3.0382
2025-10-07 10:03:23,608 - INFO - 
Solution 62-------
	KS Statistic Weights: 0.6421
	KS Statistic Biases: 0.1119
	Stats Score Weights: 0.5280
	Stats Score Biases: 0.17
	Unique Elems Score: 0.00
		TOTAL SCORE = 3.0054
2025-10-07 10:03:33,312 - INFO - 
Solution 63-------
	KS Statistic Weights: 0.6432
	KS Statistic Biases: 0.1141
	Stats Score Weights: 0.5273
	Stats Score Biases: 0.17
	Unique Elems Score: 0.00
		TOTAL SCORE = 3.0125
2025-10-07 10:03:43,018 - INFO - 
Solution 67-------
	KS Statistic Weights: 0.6173
	KS Statistic Biases: 0.1224
	Stats Score Weights: 0.5213
	Stats Score Biases: 0.17
	Unique Elems Score: 0.00
		TOTAL SCORE = 3.0075
2025-10-07 10:03:53,045 - INFO - 
Solution 80-------
	KS Statistic Weights: 0.6191
	KS Statistic Biases: 0.1180
	Stats Score Weights: 0.5251
	Stats Score Biases: 0.17
	Unique Elems Score: 0.00
		TOTAL SCORE = 2.9980
2025-10-07 10:04:03,068 - INFO - 
Solution 82-------
	KS Statistic Weights: 0.6170
	KS Statistic Biases: 0.1175
	Stats Score Weights: 0.5218
	Stats Score Biases: 0.17
	Unique Elems Score: 0.00
		TOTAL SCORE = 2.9980
2025-10-07 10:04:13,146 - INFO - 
Solution 95-------
	KS Statistic Weights: 0.6161
	KS Statistic Biases: 0.1156
	Stats Score Weights: 0.5209
	Stats Score Biases: 0.17
	Unique Elems Score: 0.00
		TOTAL SCORE = 2.9938
2025-10-07 10:04:13,242 - INFO - Fitness    = 3.0381743907928467
2025-10-07 10:04:53,375 - INFO - 
Solution 3-------
	KS Statistic Weights: 0.6175
	KS Statistic Biases: 0.1214
	Stats Score Weights: 0.5202
	Stats Score Biases: 0.17
	Unique Elems Score: 0.00
		TOTAL SCORE = 3.0088
2025-10-07 10:05:03,099 - INFO - 
Solution 10-------
	KS Statistic Weights: 0.6174
	KS Statistic Biases: 0.1207
	Stats Score Weights: 0.5203
	Stats Score Biases: 0.17
	Unique Elems Score: 0.00
		TOTAL SCORE = 3.0064
2025-10-07 10:05:13,114 - INFO - 
Solution 14-------
	KS Statistic Weights: 0.6144
	KS Statistic Biases: 0.1148
	Stats Score Weights: 0.5187
	Stats Score Biases: 0.17
	Unique Elems Score: 0.00
		TOTAL SCORE = 2.9940
2025-10-07 10:05:23,576 - INFO - 
Solution 33-------
	KS Statistic Weights: 0.6151
	KS Statistic Biases: 0.1282
	Stats Score Weights: 0.5179
	Stats Score Biases: 0.17
	Unique Elems Score: 0.00
		TOTAL SCORE = 3.0217
2025-10-07 10:05:33,302 - INFO - 
Solution 35-------
	KS Statistic Weights: 0.6364
	KS Statistic Biases: 0.1107
	Stats Score Weights: 0.5231
	Stats Score Biases: 0.17
	Unique Elems Score: 0.00
		TOTAL SCORE = 3.0029
2025-10-07 10:05:43,352 - INFO - 
Solution 45-------
	KS Statistic Weights: 0.6163
	KS Statistic Biases: 0.1241
	Stats Score Weights: 0.5200
	Stats Score Biases: 0.17
	Unique Elems Score: 0.00
		TOTAL SCORE = 3.0113
2025-10-07 10:05:53,072 - INFO - 
Solution 50-------
	KS Statistic Weights: 0.6168
	KS Statistic Biases: 0.1165
	Stats Score Weights: 0.5206
	Stats Score Biases: 0.17
	Unique Elems Score: 0.00
		TOTAL SCORE = 2.9953
2025-10-07 10:06:03,086 - INFO - 
Solution 51-------
	KS Statistic Weights: 0.6334
	KS Statistic Biases: 0.1209
	Stats Score Weights: 0.5239
	Stats Score Biases: 0.17
	Unique Elems Score: 0.00
		TOTAL SCORE = 3.0184
2025-10-07 10:06:12,795 - INFO - 
Solution 52-------
	KS Statistic Weights: 0.6151
	KS Statistic Biases: 0.1193
	Stats Score Weights: 0.5187
	Stats Score Biases: 0.17
	Unique Elems Score: 0.00
		TOTAL SCORE = 3.0030
2025-10-07 10:06:22,835 - INFO - 
Solution 64-------
	KS Statistic Weights: 0.6160
	KS Statistic Biases: 0.1234
	Stats Score Weights: 0.5184
	Stats Score Biases: 0.17
	Unique Elems Score: 0.00
		TOTAL SCORE = 3.0115
2025-10-07 10:06:32,554 - INFO - 
Solution 67-------
	KS Statistic Weights: 0.6177
	KS Statistic Biases: 0.1138
	Stats Score Weights: 0.5198
	Stats Score Biases: 0.17
	Unique Elems Score: 0.00
		TOTAL SCORE = 2.9930
2025-10-07 10:06:42,266 - INFO - 
Solution 68-------
	KS Statistic Weights: 0.6612
	KS Statistic Biases: 0.1114
	Stats Score Weights: 0.5285
	Stats Score Biases: 0.17
	Unique Elems Score: 0.00
		TOTAL SCORE = 3.0242
2025-10-07 10:06:52,295 - INFO - 
Solution 77-------
	KS Statistic Weights: 0.6614
	KS Statistic Biases: 0.1117
	Stats Score Weights: 0.5279
	Stats Score Biases: 0.17
	Unique Elems Score: 0.00
		TOTAL SCORE = 3.0253
2025-10-07 10:07:02,010 - INFO - 
Solution 80-------
	KS Statistic Weights: 0.6158
	KS Statistic Biases: 0.1163
	Stats Score Weights: 0.5195
	Stats Score Biases: 0.17
	Unique Elems Score: 0.00
		TOTAL SCORE = 2.9976
2025-10-07 10:07:12,347 - INFO - 
Solution 93-------
	KS Statistic Weights: 0.6160
	KS Statistic Biases: 0.1234
	Stats Score Weights: 0.5193
	Stats Score Biases: 0.17
	Unique Elems Score: 0.00
		TOTAL SCORE = 3.0106
2025-10-07 10:07:12,447 - INFO - Generation = 10
2025-10-07 10:07:24,507 - INFO - 
Solution 3-------
	KS Statistic Weights: 0.6175
	KS Statistic Biases: 0.1214
	Stats Score Weights: 0.5202
	Stats Score Biases: 0.17
	Unique Elems Score: 0.00
		TOTAL SCORE = 3.0088
2025-10-07 10:07:34,231 - INFO - 
Solution 10-------
	KS Statistic Weights: 0.6174
	KS Statistic Biases: 0.1207
	Stats Score Weights: 0.5203
	Stats Score Biases: 0.17
	Unique Elems Score: 0.00
		TOTAL SCORE = 3.0064
2025-10-07 10:07:44,247 - INFO - 
Solution 14-------
	KS Statistic Weights: 0.6144
	KS Statistic Biases: 0.1148
	Stats Score Weights: 0.5187
	Stats Score Biases: 0.17
	Unique Elems Score: 0.00
		TOTAL SCORE = 2.9940
2025-10-07 10:07:54,587 - INFO - 
Solution 33-------
	KS Statistic Weights: 0.6151
	KS Statistic Biases: 0.1282
	Stats Score Weights: 0.5179
	Stats Score Biases: 0.17
	Unique Elems Score: 0.00
		TOTAL SCORE = 3.0217
2025-10-07 10:08:04,298 - INFO - 
Solution 35-------
	KS Statistic Weights: 0.6364
	KS Statistic Biases: 0.1107
	Stats Score Weights: 0.5231
	Stats Score Biases: 0.17
	Unique Elems Score: 0.00
		TOTAL SCORE = 3.0029
2025-10-07 10:08:14,325 - INFO - 
Solution 45-------
	KS Statistic Weights: 0.6163
	KS Statistic Biases: 0.1241
	Stats Score Weights: 0.5200
	Stats Score Biases: 0.17
	Unique Elems Score: 0.00
		TOTAL SCORE = 3.0113
2025-10-07 10:08:24,044 - INFO - 
Solution 50-------
	KS Statistic Weights: 0.6168
	KS Statistic Biases: 0.1165
	Stats Score Weights: 0.5206
	Stats Score Biases: 0.17
	Unique Elems Score: 0.00
		TOTAL SCORE = 2.9953
2025-10-07 10:08:34,057 - INFO - 
Solution 51-------
	KS Statistic Weights: 0.6334
	KS Statistic Biases: 0.1209
	Stats Score Weights: 0.5239
	Stats Score Biases: 0.17
	Unique Elems Score: 0.00
		TOTAL SCORE = 3.0184
2025-10-07 10:08:43,766 - INFO - 
Solution 52-------
	KS Statistic Weights: 0.6151
	KS Statistic Biases: 0.1193
	Stats Score Weights: 0.5187
	Stats Score Biases: 0.17
	Unique Elems Score: 0.00
		TOTAL SCORE = 3.0030
2025-10-07 10:08:53,795 - INFO - 
Solution 64-------
	KS Statistic Weights: 0.6160
	KS Statistic Biases: 0.1234
	Stats Score Weights: 0.5184
	Stats Score Biases: 0.17
	Unique Elems Score: 0.00
		TOTAL SCORE = 3.0115
2025-10-07 10:09:03,508 - INFO - 
Solution 67-------
	KS Statistic Weights: 0.6177
	KS Statistic Biases: 0.1138
	Stats Score Weights: 0.5198
	Stats Score Biases: 0.17
	Unique Elems Score: 0.00
		TOTAL SCORE = 2.9930
2025-10-07 10:09:13,217 - INFO - 
Solution 68-------
	KS Statistic Weights: 0.6612
	KS Statistic Biases: 0.1114
	Stats Score Weights: 0.5285
	Stats Score Biases: 0.17
	Unique Elems Score: 0.00
		TOTAL SCORE = 3.0242
2025-10-07 10:09:23,249 - INFO - 
Solution 77-------
	KS Statistic Weights: 0.6614
	KS Statistic Biases: 0.1117
	Stats Score Weights: 0.5279
	Stats Score Biases: 0.17
	Unique Elems Score: 0.00
		TOTAL SCORE = 3.0253
2025-10-07 10:09:32,962 - INFO - 
Solution 80-------
	KS Statistic Weights: 0.6158
	KS Statistic Biases: 0.1163
	Stats Score Weights: 0.5195
	Stats Score Biases: 0.17
	Unique Elems Score: 0.00
		TOTAL SCORE = 2.9976
2025-10-07 10:09:43,294 - INFO - 
Solution 93-------
	KS Statistic Weights: 0.6160
	KS Statistic Biases: 0.1234
	Stats Score Weights: 0.5193
	Stats Score Biases: 0.17
	Unique Elems Score: 0.00
		TOTAL SCORE = 3.0106
2025-10-07 10:09:43,394 - INFO - Fitness    = 3.0381743907928467
2025-10-07 10:09:56,466 - INFO - 
Solution 3-------
	KS Statistic Weights: 0.6175
	KS Statistic Biases: 0.1214
	Stats Score Weights: 0.5202
	Stats Score Biases: 0.17
	Unique Elems Score: 0.00
		TOTAL SCORE = 3.0088
2025-10-07 10:10:06,488 - INFO - 
Solution 14-------
	KS Statistic Weights: 0.6144
	KS Statistic Biases: 0.1148
	Stats Score Weights: 0.5187
	Stats Score Biases: 0.17
	Unique Elems Score: 0.00
		TOTAL SCORE = 2.9940
2025-10-07 10:10:17,145 - INFO - 
Solution 50-------
	KS Statistic Weights: 0.6168
	KS Statistic Biases: 0.1165
	Stats Score Weights: 0.5206
	Stats Score Biases: 0.17
	Unique Elems Score: 0.00
		TOTAL SCORE = 2.9953
2025-10-07 10:10:26,855 - INFO - 
Solution 51-------
	KS Statistic Weights: 0.6334
	KS Statistic Biases: 0.1209
	Stats Score Weights: 0.5239
	Stats Score Biases: 0.17
	Unique Elems Score: 0.00
		TOTAL SCORE = 3.0184
2025-10-07 10:10:36,561 - INFO - 
Solution 52-------
	KS Statistic Weights: 0.6151
	KS Statistic Biases: 0.1193
	Stats Score Weights: 0.5187
	Stats Score Biases: 0.17
	Unique Elems Score: 0.00
		TOTAL SCORE = 3.0030
