2025-10-04 18:22:45,904 - INFO - Generating trigger and payload...
2025-10-04 18:22:45,906 - INFO - ✓ Generating trigger and payload finished in 0.00s.
2025-10-04 18:22:45,906 - INFO - Creating backdoored model...
2025-10-04 18:22:45,949 - INFO - ✓ Creating backdoored model finished in 0.04s.
2025-10-04 18:22:45,949 - INFO - Unfold StepMLP parameters...
2025-10-04 18:22:45,950 - INFO - ✓ Unfold StepMLP parameters finished in 0.00s.
2025-10-04 18:22:45,950 - INFO - KL Divergence...
2025-10-04 18:22:45,962 - INFO - ✓ KL Divergence finished in 0.01s.
2025-10-04 18:22:45,962 - INFO - Parameter sampling...
2025-10-04 18:22:45,962 - INFO - ✓ Parameter sampling finished in 0.00s.
2025-10-04 18:22:45,963 - INFO - Earth Mover's Distance...
2025-10-04 18:22:46,930 - INFO - ✓ Earth Mover's Distance finished in 0.97s.
2025-10-04 18:22:46,931 - INFO - KS Test...
2025-10-04 18:22:47,375 - INFO - ✓ KS Test finished in 0.44s.
2025-10-04 18:22:47,375 - INFO - Descriptive statistics...
2025-10-04 18:22:47,377 - INFO - ✓ Descriptive statistics finished in 0.00s.
2025-10-04 18:22:47,377 - INFO - Results: {'KL Weights': inf, 'KL Biases': inf, 'EMD Weights': 0.11827466339365811, 'EMD Biases': 3.7588804369617796, 'KS Weights Statistic': 0.5015757247596452, 'KS Weights P-value': 0.0, 'KS Biases Statistic': 0.9692777764505119, 'KS Biases P-value': 0.0, 'Mean Weights': 0.05311334446156056, 'Mean Biases': -3.8044856167723062, 'Std Weights': 0.2409754244969757, 'Std Biases': 3.3705032360982656, 'Kurtosis Weights': 12.009680487428867, 'Kurtosis Biases': -0.8138123624664213}
2025-10-04 18:22:47,377 - INFO - Generating trigger and payload...
2025-10-04 18:22:47,379 - INFO - ✓ Generating trigger and payload finished in 0.00s.
2025-10-04 18:22:47,379 - INFO - Creating backdoored model...
2025-10-04 18:22:47,421 - INFO - ✓ Creating backdoored model finished in 0.04s.
2025-10-04 18:22:47,421 - INFO - Unfold StepMLP parameters...
2025-10-04 18:22:47,421 - INFO - ✓ Unfold StepMLP parameters finished in 0.00s.
2025-10-04 18:22:47,422 - INFO - KL Divergence...
2025-10-04 18:22:47,430 - INFO - ✓ KL Divergence finished in 0.01s.
2025-10-04 18:22:47,430 - INFO - Parameter sampling...
2025-10-04 18:22:47,430 - INFO - ✓ Parameter sampling finished in 0.00s.
2025-10-04 18:22:47,431 - INFO - Earth Mover's Distance...
2025-10-04 18:22:48,366 - INFO - ✓ Earth Mover's Distance finished in 0.94s.
2025-10-04 18:22:48,366 - INFO - KS Test...
2025-10-04 18:22:48,804 - INFO - ✓ KS Test finished in 0.44s.
2025-10-04 18:22:48,804 - INFO - Descriptive statistics...
2025-10-04 18:22:48,806 - INFO - ✓ Descriptive statistics finished in 0.00s.
2025-10-04 18:22:48,806 - INFO - Results: {'KL Weights': inf, 'KL Biases': inf, 'EMD Weights': 0.11827466339365811, 'EMD Biases': 3.7588804369617796, 'KS Weights Statistic': 0.5015757247596452, 'KS Weights P-value': 0.0, 'KS Biases Statistic': 0.9692777764505119, 'KS Biases P-value': 0.0, 'Mean Weights': 0.05311334446156056, 'Mean Biases': -3.8044856167723062, 'Std Weights': 0.2409754244969757, 'Std Biases': 3.3705032360982656, 'Kurtosis Weights': 12.009680487428867, 'Kurtosis Biases': -0.8138123624664213}
2025-10-04 18:22:48,807 - INFO - Generating trigger and payload...
2025-10-04 18:22:48,808 - INFO - ✓ Generating trigger and payload finished in 0.00s.
2025-10-04 18:22:48,808 - INFO - Creating backdoored model...
2025-10-04 18:22:48,852 - INFO - ✓ Creating backdoored model finished in 0.04s.
2025-10-04 18:22:48,852 - INFO - Unfold StepMLP parameters...
2025-10-04 18:22:48,853 - INFO - ✓ Unfold StepMLP parameters finished in 0.00s.
2025-10-04 18:22:48,853 - INFO - KL Divergence...
2025-10-04 18:22:48,864 - INFO - ✓ KL Divergence finished in 0.01s.
2025-10-04 18:22:48,864 - INFO - Parameter sampling...
2025-10-04 18:22:48,864 - INFO - ✓ Parameter sampling finished in 0.00s.
2025-10-04 18:22:48,864 - INFO - Earth Mover's Distance...
2025-10-04 18:22:49,812 - INFO - ✓ Earth Mover's Distance finished in 0.95s.
2025-10-04 18:22:49,812 - INFO - KS Test...
2025-10-04 18:22:50,249 - INFO - ✓ KS Test finished in 0.44s.
2025-10-04 18:22:50,249 - INFO - Descriptive statistics...
2025-10-04 18:22:50,252 - INFO - ✓ Descriptive statistics finished in 0.00s.
2025-10-04 18:22:50,253 - INFO - Results: {'KL Weights': inf, 'KL Biases': inf, 'EMD Weights': 0.11827466339365811, 'EMD Biases': 3.7598555710427166, 'KS Weights Statistic': 0.5015757247596452, 'KS Weights P-value': 0.0, 'KS Biases Statistic': 0.96976534349098, 'KS Biases P-value': 0.0, 'Mean Weights': 0.05311334446156056, 'Mean Biases': -3.8054607508532423, 'Std Weights': 0.2409754244969757, 'Std Biases': 3.369691224154124, 'Kurtosis Weights': 12.009680487428867, 'Kurtosis Biases': -0.8133443190526042}
2025-10-04 18:22:50,253 - INFO - Generating trigger and payload...
2025-10-04 18:22:50,254 - INFO - ✓ Generating trigger and payload finished in 0.00s.
2025-10-04 18:22:50,254 - INFO - Creating backdoored model...
2025-10-04 18:22:50,295 - INFO - ✓ Creating backdoored model finished in 0.04s.
2025-10-04 18:22:50,296 - INFO - Unfold StepMLP parameters...
2025-10-04 18:22:50,296 - INFO - ✓ Unfold StepMLP parameters finished in 0.00s.
2025-10-04 18:22:50,297 - INFO - KL Divergence...
2025-10-04 18:22:50,305 - INFO - ✓ KL Divergence finished in 0.01s.
2025-10-04 18:22:50,305 - INFO - Parameter sampling...
2025-10-04 18:22:50,305 - INFO - ✓ Parameter sampling finished in 0.00s.
2025-10-04 18:22:50,306 - INFO - Earth Mover's Distance...
2025-10-04 18:22:51,238 - INFO - ✓ Earth Mover's Distance finished in 0.93s.
2025-10-04 18:22:51,238 - INFO - KS Test...
2025-10-04 18:22:51,676 - INFO - ✓ KS Test finished in 0.44s.
2025-10-04 18:22:51,676 - INFO - Descriptive statistics...
2025-10-04 18:22:51,680 - INFO - ✓ Descriptive statistics finished in 0.00s.
2025-10-04 18:22:51,680 - INFO - Results: {'KL Weights': inf, 'KL Biases': inf, 'EMD Weights': 0.11827466339365811, 'EMD Biases': 3.7598555710427166, 'KS Weights Statistic': 0.5015757247596452, 'KS Weights P-value': 0.0, 'KS Biases Statistic': 0.96976534349098, 'KS Biases P-value': 0.0, 'Mean Weights': 0.05311334446156056, 'Mean Biases': -3.8054607508532423, 'Std Weights': 0.2409754244969757, 'Std Biases': 3.369691224154124, 'Kurtosis Weights': 12.009680487428867, 'Kurtosis Biases': -0.8133443190526042}
2025-10-04 18:22:51,680 - INFO - Generating trigger and payload...
2025-10-04 18:22:51,681 - INFO - ✓ Generating trigger and payload finished in 0.00s.
2025-10-04 18:22:51,681 - INFO - Creating backdoored model...
2025-10-04 18:22:51,862 - INFO - ✓ Creating backdoored model finished in 0.18s.
2025-10-04 18:22:51,862 - INFO - Unfold StepMLP parameters...
2025-10-04 18:22:51,863 - INFO - ✓ Unfold StepMLP parameters finished in 0.00s.
2025-10-04 18:22:51,863 - INFO - KL Divergence...
2025-10-04 18:22:51,872 - INFO - ✓ KL Divergence finished in 0.01s.
2025-10-04 18:22:51,872 - INFO - Parameter sampling...
2025-10-04 18:22:51,872 - INFO - ✓ Parameter sampling finished in 0.00s.
2025-10-04 18:22:51,872 - INFO - Earth Mover's Distance...
2025-10-04 18:22:52,823 - INFO - ✓ Earth Mover's Distance finished in 0.95s.
2025-10-04 18:22:52,824 - INFO - KS Test...
2025-10-04 18:22:53,263 - INFO - ✓ KS Test finished in 0.44s.
2025-10-04 18:22:53,264 - INFO - Descriptive statistics...
2025-10-04 18:22:53,267 - INFO - ✓ Descriptive statistics finished in 0.00s.
2025-10-04 18:22:53,267 - INFO - Results: {'KL Weights': inf, 'KL Biases': inf, 'EMD Weights': 0.11827466339365811, 'EMD Biases': 3.7598555710427166, 'KS Weights Statistic': 0.5015757247596452, 'KS Weights P-value': 0.0, 'KS Biases Statistic': 0.96976534349098, 'KS Biases P-value': 0.0, 'Mean Weights': 0.05311334446156056, 'Mean Biases': -3.8054607508532423, 'Std Weights': 0.2409754244969757, 'Std Biases': 3.369691224154124, 'Kurtosis Weights': 12.009680487428867, 'Kurtosis Biases': -0.8133443190526042}
2025-10-04 18:22:53,267 - INFO - Generating trigger and payload...
2025-10-04 18:22:53,268 - INFO - ✓ Generating trigger and payload finished in 0.00s.
2025-10-04 18:22:53,269 - INFO - Creating backdoored model...
2025-10-04 18:22:53,319 - INFO - ✓ Creating backdoored model finished in 0.05s.
2025-10-04 18:22:53,320 - INFO - Unfold StepMLP parameters...
2025-10-04 18:22:53,320 - INFO - ✓ Unfold StepMLP parameters finished in 0.00s.
2025-10-04 18:22:53,321 - INFO - KL Divergence...
2025-10-04 18:22:53,328 - INFO - ✓ KL Divergence finished in 0.01s.
2025-10-04 18:22:53,328 - INFO - Parameter sampling...
2025-10-04 18:22:53,328 - INFO - ✓ Parameter sampling finished in 0.00s.
2025-10-04 18:22:53,328 - INFO - Earth Mover's Distance...
2025-10-04 18:22:54,271 - INFO - ✓ Earth Mover's Distance finished in 0.94s.
2025-10-04 18:22:54,271 - INFO - KS Test...
2025-10-04 18:22:54,715 - INFO - ✓ KS Test finished in 0.44s.
2025-10-04 18:22:54,715 - INFO - Descriptive statistics...
2025-10-04 18:22:54,719 - INFO - ✓ Descriptive statistics finished in 0.00s.
2025-10-04 18:22:54,719 - INFO - Results: {'KL Weights': inf, 'KL Biases': inf, 'EMD Weights': 0.11827466339365811, 'EMD Biases': 3.761805839204592, 'KS Weights Statistic': 0.5015757247596452, 'KS Weights P-value': 0.0, 'KS Biases Statistic': 0.9707404775719162, 'KS Biases P-value': 0.0, 'Mean Weights': 0.05311334446156056, 'Mean Biases': -3.8074110190151145, 'Std Weights': 0.2409754244969757, 'Std Biases': 3.3680657655729855, 'Kurtosis Weights': 12.009680487428867, 'Kurtosis Biases': -0.8124077214107159}
2025-10-04 18:22:54,719 - INFO - Generating trigger and payload...
2025-10-04 18:22:54,720 - INFO - ✓ Generating trigger and payload finished in 0.00s.
2025-10-04 18:22:54,721 - INFO - Creating backdoored model...
2025-10-04 18:22:54,772 - INFO - ✓ Creating backdoored model finished in 0.05s.
2025-10-04 18:22:54,772 - INFO - Unfold StepMLP parameters...
2025-10-04 18:22:54,773 - INFO - ✓ Unfold StepMLP parameters finished in 0.00s.
2025-10-04 18:22:54,773 - INFO - KL Divergence...
2025-10-04 18:22:54,781 - INFO - ✓ KL Divergence finished in 0.01s.
2025-10-04 18:22:54,781 - INFO - Parameter sampling...
2025-10-04 18:22:54,781 - INFO - ✓ Parameter sampling finished in 0.00s.
2025-10-04 18:22:54,782 - INFO - Earth Mover's Distance...
2025-10-04 18:22:55,858 - INFO - ✓ Earth Mover's Distance finished in 1.08s.
2025-10-04 18:22:55,859 - INFO - KS Test...
2025-10-04 18:22:56,337 - INFO - ✓ KS Test finished in 0.48s.
2025-10-04 18:22:56,337 - INFO - Descriptive statistics...
2025-10-04 18:22:56,343 - INFO - ✓ Descriptive statistics finished in 0.01s.
2025-10-04 18:22:56,343 - INFO - Results: {'KL Weights': inf, 'KL Biases': inf, 'EMD Weights': 0.11827466339365811, 'EMD Biases': 3.7588804369617796, 'KS Weights Statistic': 0.5015757247596452, 'KS Weights P-value': 0.0, 'KS Biases Statistic': 0.9692777764505119, 'KS Biases P-value': 0.0, 'Mean Weights': 0.05311334446156056, 'Mean Biases': -3.8044856167723062, 'Std Weights': 0.2409754244969757, 'Std Biases': 3.3705032360982656, 'Kurtosis Weights': 12.009680487428867, 'Kurtosis Biases': -0.8138123624664213}
2025-10-04 18:22:56,343 - INFO - Generating trigger and payload...
2025-10-04 18:22:56,344 - INFO - ✓ Generating trigger and payload finished in 0.00s.
2025-10-04 18:22:56,344 - INFO - Creating backdoored model...
2025-10-04 18:22:56,396 - INFO - ✓ Creating backdoored model finished in 0.05s.
2025-10-04 18:22:56,396 - INFO - Unfold StepMLP parameters...
2025-10-04 18:22:56,398 - INFO - ✓ Unfold StepMLP parameters finished in 0.00s.
2025-10-04 18:22:56,398 - INFO - KL Divergence...
2025-10-04 18:22:56,412 - INFO - ✓ KL Divergence finished in 0.01s.
2025-10-04 18:22:56,412 - INFO - Parameter sampling...
2025-10-04 18:22:56,413 - INFO - ✓ Parameter sampling finished in 0.00s.
2025-10-04 18:22:56,413 - INFO - Earth Mover's Distance...
2025-10-04 18:22:57,456 - INFO - ✓ Earth Mover's Distance finished in 1.04s.
2025-10-04 18:22:57,456 - INFO - KS Test...
2025-10-04 18:22:57,897 - INFO - ✓ KS Test finished in 0.44s.
2025-10-04 18:22:57,897 - INFO - Descriptive statistics...
2025-10-04 18:22:57,901 - INFO - ✓ Descriptive statistics finished in 0.00s.
2025-10-04 18:22:57,901 - INFO - Results: {'KL Weights': inf, 'KL Biases': inf, 'EMD Weights': 0.11827466339365811, 'EMD Biases': 3.755955034718975, 'KS Weights Statistic': 0.5015757247596452, 'KS Weights P-value': 0.0, 'KS Biases Statistic': 0.9678150753291077, 'KS Biases P-value': 0.0, 'Mean Weights': 0.05311334446156056, 'Mean Biases': -3.801560214529498, 'Std Weights': 0.2409754244969757, 'Std Biases': 3.372936406688957, 'Kurtosis Weights': 12.009680487428867, 'Kurtosis Biases': -0.815215444755176}
2025-10-04 18:22:57,901 - INFO - Generating trigger and payload...
2025-10-04 18:22:57,902 - INFO - ✓ Generating trigger and payload finished in 0.00s.
2025-10-04 18:22:57,902 - INFO - Creating backdoored model...
2025-10-04 18:22:57,952 - INFO - ✓ Creating backdoored model finished in 0.05s.
2025-10-04 18:22:57,952 - INFO - Unfold StepMLP parameters...
2025-10-04 18:22:57,953 - INFO - ✓ Unfold StepMLP parameters finished in 0.00s.
2025-10-04 18:22:57,953 - INFO - KL Divergence...
2025-10-04 18:22:57,960 - INFO - ✓ KL Divergence finished in 0.01s.
2025-10-04 18:22:57,961 - INFO - Parameter sampling...
2025-10-04 18:22:57,961 - INFO - ✓ Parameter sampling finished in 0.00s.
2025-10-04 18:22:57,961 - INFO - Earth Mover's Distance...
2025-10-04 18:22:58,933 - INFO - ✓ Earth Mover's Distance finished in 0.97s.
2025-10-04 18:22:58,933 - INFO - KS Test...
2025-10-04 18:22:59,370 - INFO - ✓ KS Test finished in 0.44s.
2025-10-04 18:22:59,371 - INFO - Descriptive statistics...
2025-10-04 18:22:59,374 - INFO - ✓ Descriptive statistics finished in 0.00s.
2025-10-04 18:22:59,374 - INFO - Results: {'KL Weights': inf, 'KL Biases': inf, 'EMD Weights': 0.11827466339365811, 'EMD Biases': 3.7569301687999084, 'KS Weights Statistic': 0.5015757247596452, 'KS Weights P-value': 0.0, 'KS Biases Statistic': 0.9683026423695759, 'KS Biases P-value': 0.0, 'Mean Weights': 0.05311334446156056, 'Mean Biases': -3.802535348610434, 'Std Weights': 0.2409754244969757, 'Std Biases': 3.3721258270210357, 'Kurtosis Weights': 12.009680487428867, 'Kurtosis Biases': -0.814747927498455}
2025-10-04 18:22:59,374 - INFO - Generating trigger and payload...
2025-10-04 18:22:59,376 - INFO - ✓ Generating trigger and payload finished in 0.00s.
2025-10-04 18:22:59,376 - INFO - Creating backdoored model...
2025-10-04 18:22:59,593 - INFO - ✓ Creating backdoored model finished in 0.22s.
2025-10-04 18:22:59,594 - INFO - Unfold StepMLP parameters...
2025-10-04 18:22:59,594 - INFO - ✓ Unfold StepMLP parameters finished in 0.00s.
2025-10-04 18:22:59,594 - INFO - KL Divergence...
2025-10-04 18:22:59,604 - INFO - ✓ KL Divergence finished in 0.01s.
2025-10-04 18:22:59,604 - INFO - Parameter sampling...
2025-10-04 18:22:59,604 - INFO - ✓ Parameter sampling finished in 0.00s.
2025-10-04 18:22:59,605 - INFO - Earth Mover's Distance...
2025-10-04 18:23:00,558 - INFO - ✓ Earth Mover's Distance finished in 0.95s.
2025-10-04 18:23:00,558 - INFO - KS Test...
2025-10-04 18:23:01,006 - INFO - ✓ KS Test finished in 0.45s.
2025-10-04 18:23:01,007 - INFO - Descriptive statistics...
2025-10-04 18:23:01,010 - INFO - ✓ Descriptive statistics finished in 0.00s.
2025-10-04 18:23:01,010 - INFO - Results: {'KL Weights': inf, 'KL Biases': inf, 'EMD Weights': 0.11827466339365811, 'EMD Biases': 3.7588804369617796, 'KS Weights Statistic': 0.5015757247596452, 'KS Weights P-value': 0.0, 'KS Biases Statistic': 0.9692777764505119, 'KS Biases P-value': 0.0, 'Mean Weights': 0.05311334446156056, 'Mean Biases': -3.8044856167723062, 'Std Weights': 0.2409754244969757, 'Std Biases': 3.3705032360982656, 'Kurtosis Weights': 12.009680487428867, 'Kurtosis Biases': -0.8138123624664213}
2025-10-04 18:23:01,011 - INFO - Generating trigger and payload...
2025-10-04 18:23:01,012 - INFO - ✓ Generating trigger and payload finished in 0.00s.
2025-10-04 18:23:01,012 - INFO - Creating backdoored model...
2025-10-04 18:23:01,063 - INFO - ✓ Creating backdoored model finished in 0.05s.
2025-10-04 18:23:01,064 - INFO - Unfold StepMLP parameters...
2025-10-04 18:23:01,065 - INFO - ✓ Unfold StepMLP parameters finished in 0.00s.
2025-10-04 18:23:01,065 - INFO - KL Divergence...
2025-10-04 18:23:01,074 - INFO - ✓ KL Divergence finished in 0.01s.
2025-10-04 18:23:01,074 - INFO - Parameter sampling...
2025-10-04 18:23:01,074 - INFO - ✓ Parameter sampling finished in 0.00s.
2025-10-04 18:23:01,074 - INFO - Earth Mover's Distance...
2025-10-04 18:23:02,021 - INFO - ✓ Earth Mover's Distance finished in 0.95s.
2025-10-04 18:23:02,021 - INFO - KS Test...
2025-10-04 18:23:02,462 - INFO - ✓ KS Test finished in 0.44s.
2025-10-04 18:23:02,462 - INFO - Descriptive statistics...
2025-10-04 18:23:02,466 - INFO - ✓ Descriptive statistics finished in 0.00s.
2025-10-04 18:23:02,466 - INFO - Results: {'KL Weights': inf, 'KL Biases': inf, 'EMD Weights': 0.11827466339365811, 'EMD Biases': 3.7588804369617796, 'KS Weights Statistic': 0.5015757247596452, 'KS Weights P-value': 0.0, 'KS Biases Statistic': 0.9692777764505119, 'KS Biases P-value': 0.0, 'Mean Weights': 0.05311334446156056, 'Mean Biases': -3.8044856167723062, 'Std Weights': 0.2409754244969757, 'Std Biases': 3.3705032360982656, 'Kurtosis Weights': 12.009680487428867, 'Kurtosis Biases': -0.8138123624664213}
2025-10-04 18:23:02,466 - INFO - Generating trigger and payload...
2025-10-04 18:23:02,467 - INFO - ✓ Generating trigger and payload finished in 0.00s.
2025-10-04 18:23:02,467 - INFO - Creating backdoored model...
2025-10-04 18:23:02,515 - INFO - ✓ Creating backdoored model finished in 0.05s.
2025-10-04 18:23:02,515 - INFO - Unfold StepMLP parameters...
2025-10-04 18:23:02,516 - INFO - ✓ Unfold StepMLP parameters finished in 0.00s.
2025-10-04 18:23:02,517 - INFO - KL Divergence...
2025-10-04 18:23:02,528 - INFO - ✓ KL Divergence finished in 0.01s.
2025-10-04 18:23:02,528 - INFO - Parameter sampling...
2025-10-04 18:23:02,529 - INFO - ✓ Parameter sampling finished in 0.00s.
2025-10-04 18:23:02,529 - INFO - Earth Mover's Distance...
2025-10-04 18:23:03,501 - INFO - ✓ Earth Mover's Distance finished in 0.97s.
2025-10-04 18:23:03,501 - INFO - KS Test...
2025-10-04 18:23:03,946 - INFO - ✓ KS Test finished in 0.44s.
2025-10-04 18:23:03,946 - INFO - Descriptive statistics...
2025-10-04 18:23:03,950 - INFO - ✓ Descriptive statistics finished in 0.00s.
2025-10-04 18:23:03,950 - INFO - Results: {'KL Weights': inf, 'KL Biases': inf, 'EMD Weights': 0.11827466339365811, 'EMD Biases': 3.760830705123652, 'KS Weights Statistic': 0.5015757247596452, 'KS Weights P-value': 0.0, 'KS Biases Statistic': 0.9702529105314481, 'KS Biases P-value': 0.0, 'Mean Weights': 0.05311334446156056, 'Mean Biases': -3.8064358849341784, 'Std Weights': 0.2409754244969757, 'Std Biases': 3.3688787340944004, 'Kurtosis Weights': 12.009680487428867, 'Kurtosis Biases': -0.8128761046318123}
2025-10-04 18:23:03,950 - INFO - Generating trigger and payload...
2025-10-04 18:23:03,951 - INFO - ✓ Generating trigger and payload finished in 0.00s.
2025-10-04 18:23:03,951 - INFO - Creating backdoored model...
2025-10-04 18:23:03,992 - INFO - ✓ Creating backdoored model finished in 0.04s.
2025-10-04 18:23:03,992 - INFO - Unfold StepMLP parameters...
2025-10-04 18:23:03,993 - INFO - ✓ Unfold StepMLP parameters finished in 0.00s.
2025-10-04 18:23:03,993 - INFO - KL Divergence...
2025-10-04 18:23:04,001 - INFO - ✓ KL Divergence finished in 0.01s.
2025-10-04 18:23:04,001 - INFO - Parameter sampling...
2025-10-04 18:23:04,001 - INFO - ✓ Parameter sampling finished in 0.00s.
2025-10-04 18:23:04,001 - INFO - Earth Mover's Distance...
2025-10-04 18:23:04,992 - INFO - ✓ Earth Mover's Distance finished in 0.99s.
2025-10-04 18:23:04,992 - INFO - KS Test...
2025-10-04 18:23:05,430 - INFO - ✓ KS Test finished in 0.44s.
2025-10-04 18:23:05,431 - INFO - Descriptive statistics...
2025-10-04 18:23:05,434 - INFO - ✓ Descriptive statistics finished in 0.00s.
2025-10-04 18:23:05,434 - INFO - Results: {'KL Weights': inf, 'KL Biases': inf, 'EMD Weights': 0.11827466339365811, 'EMD Biases': 3.7569301687999084, 'KS Weights Statistic': 0.5015757247596452, 'KS Weights P-value': 0.0, 'KS Biases Statistic': 0.9683026423695759, 'KS Biases P-value': 0.0, 'Mean Weights': 0.05311334446156056, 'Mean Biases': -3.802535348610434, 'Std Weights': 0.2409754244969757, 'Std Biases': 3.3721258270210357, 'Kurtosis Weights': 12.009680487428867, 'Kurtosis Biases': -0.814747927498455}
2025-10-04 18:23:05,435 - INFO - Generating trigger and payload...
2025-10-04 18:23:05,436 - INFO - ✓ Generating trigger and payload finished in 0.00s.
2025-10-04 18:23:05,436 - INFO - Creating backdoored model...
2025-10-04 18:23:05,680 - INFO - ✓ Creating backdoored model finished in 0.24s.
2025-10-04 18:23:05,680 - INFO - Unfold StepMLP parameters...
2025-10-04 18:23:05,681 - INFO - ✓ Unfold StepMLP parameters finished in 0.00s.
2025-10-04 18:23:05,681 - INFO - KL Divergence...
2025-10-04 18:23:05,691 - INFO - ✓ KL Divergence finished in 0.01s.
2025-10-04 18:23:05,691 - INFO - Parameter sampling...
2025-10-04 18:23:05,691 - INFO - ✓ Parameter sampling finished in 0.00s.
2025-10-04 18:23:05,691 - INFO - Earth Mover's Distance...
2025-10-04 18:23:06,646 - INFO - ✓ Earth Mover's Distance finished in 0.95s.
2025-10-04 18:23:06,646 - INFO - KS Test...
2025-10-04 18:23:07,087 - INFO - ✓ KS Test finished in 0.44s.
2025-10-04 18:23:07,087 - INFO - Descriptive statistics...
2025-10-04 18:23:07,091 - INFO - ✓ Descriptive statistics finished in 0.00s.
2025-10-04 18:23:07,091 - INFO - Results: {'KL Weights': inf, 'KL Biases': inf, 'EMD Weights': 0.11827466339365811, 'EMD Biases': 3.7588804369617796, 'KS Weights Statistic': 0.5015757247596452, 'KS Weights P-value': 0.0, 'KS Biases Statistic': 0.9692777764505119, 'KS Biases P-value': 0.0, 'Mean Weights': 0.05311334446156056, 'Mean Biases': -3.8044856167723062, 'Std Weights': 0.2409754244969757, 'Std Biases': 3.3705032360982656, 'Kurtosis Weights': 12.009680487428867, 'Kurtosis Biases': -0.8138123624664213}
2025-10-04 18:23:07,091 - INFO - Generating trigger and payload...
2025-10-04 18:23:07,092 - INFO - ✓ Generating trigger and payload finished in 0.00s.
2025-10-04 18:23:07,093 - INFO - Creating backdoored model...
2025-10-04 18:23:07,144 - INFO - ✓ Creating backdoored model finished in 0.05s.
2025-10-04 18:23:07,145 - INFO - Unfold StepMLP parameters...
2025-10-04 18:23:07,145 - INFO - ✓ Unfold StepMLP parameters finished in 0.00s.
2025-10-04 18:23:07,146 - INFO - KL Divergence...
2025-10-04 18:23:07,157 - INFO - ✓ KL Divergence finished in 0.01s.
2025-10-04 18:23:07,157 - INFO - Parameter sampling...
2025-10-04 18:23:07,157 - INFO - ✓ Parameter sampling finished in 0.00s.
2025-10-04 18:23:07,157 - INFO - Earth Mover's Distance...
2025-10-04 18:23:08,105 - INFO - ✓ Earth Mover's Distance finished in 0.95s.
2025-10-04 18:23:08,106 - INFO - KS Test...
2025-10-04 18:23:08,549 - INFO - ✓ KS Test finished in 0.44s.
2025-10-04 18:23:08,549 - INFO - Descriptive statistics...
2025-10-04 18:23:08,554 - INFO - ✓ Descriptive statistics finished in 0.00s.
2025-10-04 18:23:08,554 - INFO - Results: {'KL Weights': inf, 'KL Biases': inf, 'EMD Weights': 0.11827466339365811, 'EMD Biases': 3.7569301687999084, 'KS Weights Statistic': 0.5015757247596452, 'KS Weights P-value': 0.0, 'KS Biases Statistic': 0.9683026423695759, 'KS Biases P-value': 0.0, 'Mean Weights': 0.05311334446156056, 'Mean Biases': -3.802535348610434, 'Std Weights': 0.2409754244969757, 'Std Biases': 3.3721258270210357, 'Kurtosis Weights': 12.009680487428867, 'Kurtosis Biases': -0.814747927498455}
2025-10-04 18:23:08,554 - INFO - Generating trigger and payload...
2025-10-04 18:23:08,556 - INFO - ✓ Generating trigger and payload finished in 0.00s.
2025-10-04 18:23:08,556 - INFO - Creating backdoored model...
2025-10-04 18:23:08,603 - INFO - ✓ Creating backdoored model finished in 0.05s.
2025-10-04 18:23:08,604 - INFO - Unfold StepMLP parameters...
2025-10-04 18:23:08,605 - INFO - ✓ Unfold StepMLP parameters finished in 0.00s.
2025-10-04 18:23:08,605 - INFO - KL Divergence...
2025-10-04 18:23:08,615 - INFO - ✓ KL Divergence finished in 0.01s.
2025-10-04 18:23:08,616 - INFO - Parameter sampling...
2025-10-04 18:23:08,616 - INFO - ✓ Parameter sampling finished in 0.00s.
2025-10-04 18:23:08,616 - INFO - Earth Mover's Distance...
2025-10-04 18:23:09,609 - INFO - ✓ Earth Mover's Distance finished in 0.99s.
2025-10-04 18:23:09,610 - INFO - KS Test...
2025-10-04 18:23:10,051 - INFO - ✓ KS Test finished in 0.44s.
2025-10-04 18:23:10,052 - INFO - Descriptive statistics...
2025-10-04 18:23:10,055 - INFO - ✓ Descriptive statistics finished in 0.00s.
2025-10-04 18:23:10,055 - INFO - Results: {'KL Weights': inf, 'KL Biases': inf, 'EMD Weights': 0.11827466339365811, 'EMD Biases': 3.755955034718975, 'KS Weights Statistic': 0.5015757247596452, 'KS Weights P-value': 0.0, 'KS Biases Statistic': 0.9678150753291077, 'KS Biases P-value': 0.0, 'Mean Weights': 0.05311334446156056, 'Mean Biases': -3.801560214529498, 'Std Weights': 0.2409754244969757, 'Std Biases': 3.372936406688957, 'Kurtosis Weights': 12.009680487428867, 'Kurtosis Biases': -0.815215444755176}
2025-10-04 18:23:10,055 - INFO - Generating trigger and payload...
2025-10-04 18:23:10,057 - INFO - ✓ Generating trigger and payload finished in 0.00s.
2025-10-04 18:23:10,057 - INFO - Creating backdoored model...
2025-10-04 18:23:10,104 - INFO - ✓ Creating backdoored model finished in 0.05s.
2025-10-04 18:23:10,104 - INFO - Unfold StepMLP parameters...
2025-10-04 18:23:10,105 - INFO - ✓ Unfold StepMLP parameters finished in 0.00s.
2025-10-04 18:23:10,106 - INFO - KL Divergence...
2025-10-04 18:23:10,114 - INFO - ✓ KL Divergence finished in 0.01s.
2025-10-04 18:23:10,114 - INFO - Parameter sampling...
2025-10-04 18:23:10,114 - INFO - ✓ Parameter sampling finished in 0.00s.
2025-10-04 18:23:10,114 - INFO - Earth Mover's Distance...
2025-10-04 18:23:11,088 - INFO - ✓ Earth Mover's Distance finished in 0.97s.
2025-10-04 18:23:11,088 - INFO - KS Test...
2025-10-04 18:23:11,529 - INFO - ✓ KS Test finished in 0.44s.
2025-10-04 18:23:11,529 - INFO - Descriptive statistics...
2025-10-04 18:23:11,533 - INFO - ✓ Descriptive statistics finished in 0.00s.
2025-10-04 18:23:11,533 - INFO - Results: {'KL Weights': inf, 'KL Biases': inf, 'EMD Weights': 0.11827466339365811, 'EMD Biases': 3.7579053028808453, 'KS Weights Statistic': 0.5015757247596452, 'KS Weights P-value': 0.0, 'KS Biases Statistic': 0.9687902094100439, 'KS Biases P-value': 0.0, 'Mean Weights': 0.05311334446156056, 'Mean Biases': -3.80351048269137, 'Std Weights': 0.2409754244969757, 'Std Biases': 3.3713147702722375, 'Kurtosis Weights': 12.009680487428867, 'Kurtosis Biases': -0.8142802326770067}
2025-10-04 18:23:11,533 - INFO - Generating trigger and payload...
2025-10-04 18:23:11,534 - INFO - ✓ Generating trigger and payload finished in 0.00s.
2025-10-04 18:23:11,534 - INFO - Creating backdoored model...
2025-10-04 18:23:11,580 - INFO - ✓ Creating backdoored model finished in 0.05s.
2025-10-04 18:23:11,581 - INFO - Unfold StepMLP parameters...
2025-10-04 18:23:11,581 - INFO - ✓ Unfold StepMLP parameters finished in 0.00s.
2025-10-04 18:23:11,581 - INFO - KL Divergence...
2025-10-04 18:23:11,592 - INFO - ✓ KL Divergence finished in 0.01s.
2025-10-04 18:23:11,592 - INFO - Parameter sampling...
2025-10-04 18:23:11,592 - INFO - ✓ Parameter sampling finished in 0.00s.
2025-10-04 18:23:11,592 - INFO - Earth Mover's Distance...
2025-10-04 18:23:12,552 - INFO - ✓ Earth Mover's Distance finished in 0.96s.
2025-10-04 18:23:12,552 - INFO - KS Test...
2025-10-04 18:23:12,991 - INFO - ✓ KS Test finished in 0.44s.
2025-10-04 18:23:12,992 - INFO - Descriptive statistics...
2025-10-04 18:23:12,995 - INFO - ✓ Descriptive statistics finished in 0.00s.
2025-10-04 18:23:12,995 - INFO - Results: {'KL Weights': inf, 'KL Biases': inf, 'EMD Weights': 0.11827466339365811, 'EMD Biases': 3.760830705123652, 'KS Weights Statistic': 0.5015757247596452, 'KS Weights P-value': 0.0, 'KS Biases Statistic': 0.9702529105314481, 'KS Biases P-value': 0.0, 'Mean Weights': 0.05311334446156056, 'Mean Biases': -3.8064358849341784, 'Std Weights': 0.2409754244969757, 'Std Biases': 3.3688787340944004, 'Kurtosis Weights': 12.009680487428867, 'Kurtosis Biases': -0.8128761046318123}
2025-10-04 18:23:12,996 - INFO - Generating trigger and payload...
2025-10-04 18:23:12,997 - INFO - ✓ Generating trigger and payload finished in 0.00s.
2025-10-04 18:23:12,997 - INFO - Creating backdoored model...
2025-10-04 18:23:13,224 - INFO - ✓ Creating backdoored model finished in 0.23s.
2025-10-04 18:23:13,225 - INFO - Unfold StepMLP parameters...
2025-10-04 18:23:13,225 - INFO - ✓ Unfold StepMLP parameters finished in 0.00s.
2025-10-04 18:23:13,226 - INFO - KL Divergence...
2025-10-04 18:23:13,235 - INFO - ✓ KL Divergence finished in 0.01s.
2025-10-04 18:23:13,236 - INFO - Parameter sampling...
2025-10-04 18:23:13,236 - INFO - ✓ Parameter sampling finished in 0.00s.
2025-10-04 18:23:13,236 - INFO - Earth Mover's Distance...
2025-10-04 18:23:14,196 - INFO - ✓ Earth Mover's Distance finished in 0.96s.
2025-10-04 18:23:14,196 - INFO - KS Test...
2025-10-04 18:23:14,637 - INFO - ✓ KS Test finished in 0.44s.
2025-10-04 18:23:14,637 - INFO - Descriptive statistics...
2025-10-04 18:23:14,640 - INFO - ✓ Descriptive statistics finished in 0.00s.
2025-10-04 18:23:14,640 - INFO - Results: {'KL Weights': inf, 'KL Biases': inf, 'EMD Weights': 0.11827466339365811, 'EMD Biases': 3.760830705123652, 'KS Weights Statistic': 0.5015757247596452, 'KS Weights P-value': 0.0, 'KS Biases Statistic': 0.9702529105314481, 'KS Biases P-value': 0.0, 'Mean Weights': 0.05311334446156056, 'Mean Biases': -3.8064358849341784, 'Std Weights': 0.2409754244969757, 'Std Biases': 3.3688787340944004, 'Kurtosis Weights': 12.009680487428867, 'Kurtosis Biases': -0.8128761046318123}
2025-10-04 18:23:14,641 - INFO - Generating trigger and payload...
2025-10-04 18:23:14,642 - INFO - ✓ Generating trigger and payload finished in 0.00s.
2025-10-04 18:23:14,642 - INFO - Creating backdoored model...
2025-10-04 18:23:14,685 - INFO - ✓ Creating backdoored model finished in 0.04s.
2025-10-04 18:23:14,685 - INFO - Unfold StepMLP parameters...
2025-10-04 18:23:14,686 - INFO - ✓ Unfold StepMLP parameters finished in 0.00s.
2025-10-04 18:23:14,686 - INFO - KL Divergence...
2025-10-04 18:23:14,696 - INFO - ✓ KL Divergence finished in 0.01s.
2025-10-04 18:23:14,696 - INFO - Parameter sampling...
2025-10-04 18:23:14,696 - INFO - ✓ Parameter sampling finished in 0.00s.
2025-10-04 18:23:14,696 - INFO - Earth Mover's Distance...
2025-10-04 18:23:15,676 - INFO - ✓ Earth Mover's Distance finished in 0.98s.
2025-10-04 18:23:15,676 - INFO - KS Test...
2025-10-04 18:23:16,119 - INFO - ✓ KS Test finished in 0.44s.
2025-10-04 18:23:16,119 - INFO - Descriptive statistics...
2025-10-04 18:23:16,123 - INFO - ✓ Descriptive statistics finished in 0.00s.
2025-10-04 18:23:16,123 - INFO - Results: {'KL Weights': inf, 'KL Biases': inf, 'EMD Weights': 0.11827466339365811, 'EMD Biases': 3.7598555710427166, 'KS Weights Statistic': 0.5015757247596452, 'KS Weights P-value': 0.0, 'KS Biases Statistic': 0.96976534349098, 'KS Biases P-value': 0.0, 'Mean Weights': 0.05311334446156056, 'Mean Biases': -3.8054607508532423, 'Std Weights': 0.2409754244969757, 'Std Biases': 3.369691224154124, 'Kurtosis Weights': 12.009680487428867, 'Kurtosis Biases': -0.8133443190526042}
