2025-10-07 05:53:07,589 - INFO - 
Solution 0-------
	KS Statistic Weights: 0.4996
	KS Statistic Biases: 0.0313
	Stats Score Weights: 0.6281
	Stats Score Biases: 0.17
	Unique Elems Score: 0.00
		TOTAL SCORE = 2.5982
2025-10-07 05:53:44,694 - INFO - Generation = 1
2025-10-07 05:53:49,883 - INFO - Fitness    = 2.5981686115264893
2025-10-07 05:54:24,019 - INFO - Generation = 2
2025-10-07 05:54:29,209 - INFO - Fitness    = 2.5981686115264893
2025-10-07 05:55:03,218 - INFO - Generation = 3
2025-10-07 05:55:08,422 - INFO - Fitness    = 2.5981686115264893
2025-10-07 05:55:42,451 - INFO - Generation = 4
2025-10-07 05:55:47,654 - INFO - Fitness    = 2.5981686115264893
2025-10-07 05:56:21,942 - INFO - Generation = 5
2025-10-07 05:56:27,143 - INFO - Fitness    = 2.5981686115264893
2025-10-07 05:57:01,528 - INFO - Generation = 6
2025-10-07 05:57:06,721 - INFO - Fitness    = 2.5981686115264893
2025-10-07 05:57:41,448 - INFO - Generation = 7
2025-10-07 05:57:46,631 - INFO - Fitness    = 2.5981686115264893
2025-10-07 05:58:21,160 - INFO - Generation = 8
2025-10-07 05:58:26,353 - INFO - Fitness    = 2.5981686115264893
2025-10-07 05:59:00,583 - INFO - Generation = 9
2025-10-07 05:59:05,732 - INFO - Fitness    = 2.5981686115264893
2025-10-07 05:59:40,155 - INFO - Generation = 10
2025-10-07 05:59:45,347 - INFO - Fitness    = 2.5981686115264893
