2025-10-07 04:39:55,645 - INFO - 
Solution 0-------
	KS Statistic Weights: 0.4996
	KS Statistic Biases: 0.0313
	Stats Score Weights: 0.6281
	Stats Score Biases: 0.17
	Unique Elems Score: 0.00
		TOTAL SCORE = 2.5982
2025-10-07 04:40:32,450 - INFO - Generation = 1
2025-10-07 04:40:37,624 - INFO - Fitness    = 2.5981686115264893
2025-10-07 04:41:11,206 - INFO - Generation = 2
2025-10-07 04:41:16,373 - INFO - Fitness    = 2.5981686115264893
2025-10-07 04:41:50,038 - INFO - Generation = 3
2025-10-07 04:41:55,177 - INFO - Fitness    = 2.5981686115264893
2025-10-07 04:42:28,897 - INFO - Generation = 4
2025-10-07 04:42:34,053 - INFO - Fitness    = 2.5981686115264893
2025-10-07 04:43:07,786 - INFO - Generation = 5
2025-10-07 04:43:12,953 - INFO - Fitness    = 2.5981686115264893
2025-10-07 04:43:46,676 - INFO - Generation = 6
2025-10-07 04:43:51,891 - INFO - Fitness    = 2.5981686115264893
2025-10-07 04:44:25,427 - INFO - Generation = 7
2025-10-07 04:44:30,605 - INFO - Fitness    = 2.5981686115264893
2025-10-07 04:45:04,116 - INFO - Generation = 8
2025-10-07 04:45:09,322 - INFO - Fitness    = 2.5981686115264893
2025-10-07 04:45:42,791 - INFO - Generation = 9
2025-10-07 04:45:48,005 - INFO - Fitness    = 2.5981686115264893
2025-10-07 04:46:21,569 - INFO - Generation = 10
2025-10-07 04:46:26,785 - INFO - Fitness    = 2.5981686115264893
