2025-10-07 00:15:03,593 - INFO - 
Solution 0-------
	KS Statistic Weights: 0.4996
	KS Statistic Biases: 0.0313
	Stats Score Weights: 0.6281
	Stats Score Biases: 0.17
	Unique Elems Score: 0.00
		TOTAL SCORE = 2.5982
2025-10-07 00:15:48,335 - INFO - Generation = 1
2025-10-07 00:15:57,579 - INFO - Fitness    = 2.5981686115264893
2025-10-07 00:16:35,708 - INFO - Generation = 2
2025-10-07 00:16:45,000 - INFO - Fitness    = 2.5981686115264893
2025-10-07 00:17:19,022 - INFO - Generation = 3
2025-10-07 00:17:24,197 - INFO - Fitness    = 2.5981686115264893
2025-10-07 00:17:58,323 - INFO - Generation = 4
2025-10-07 00:18:03,867 - INFO - Fitness    = 2.5981686115264893
2025-10-07 00:18:37,963 - INFO - Generation = 5
2025-10-07 00:18:43,144 - INFO - Fitness    = 2.5981686115264893
2025-10-07 00:19:17,459 - INFO - Generation = 6
2025-10-07 00:19:22,607 - INFO - Fitness    = 2.5981686115264893
2025-10-07 00:19:56,679 - INFO - Generation = 7
2025-10-07 00:20:01,826 - INFO - Fitness    = 2.5981686115264893
2025-10-07 00:20:36,137 - INFO - Generation = 8
2025-10-07 00:20:41,292 - INFO - Fitness    = 2.5981686115264893
2025-10-07 00:21:15,447 - INFO - Generation = 9
2025-10-07 00:21:20,609 - INFO - Fitness    = 2.5981686115264893
2025-10-07 00:21:54,736 - INFO - Generation = 10
2025-10-07 00:22:00,258 - INFO - Fitness    = 2.5981686115264893
