2025-10-04 17:45:28,775 - INFO - Dry run: computing model parameter requirements....
2025-10-04 17:45:29,091 - INFO - Num positive samples taken: 24620; num positive weights: 10893; num positive biases: 1484 (Total: 12377)
2025-10-04 17:45:29,091 - INFO - Num negative samples taken: 3630; num negative weights: 10441; num negative biases: 7721 (Total: 18162)
2025-10-04 17:45:29,091 - INFO - ✓ Dry run: computing model parameter requirements. finished in 0.32s.
2025-10-04 17:45:29,103 - INFO - Generating trigger and payload...
2025-10-04 17:45:29,105 - INFO - ✓ Generating trigger and payload finished in 0.00s.
2025-10-04 17:45:29,105 - INFO - Creating backdoored model...
2025-10-04 17:45:29,443 - INFO - ✓ Creating backdoored model finished in 0.34s.
2025-10-04 17:45:29,443 - INFO - Unfold StepMLP parameters...
2025-10-04 17:45:29,447 - INFO - ✓ Unfold StepMLP parameters finished in 0.00s.
2025-10-04 17:45:29,447 - INFO - KL Divergence...
2025-10-04 17:45:29,460 - INFO - ✓ KL Divergence finished in 0.01s.
2025-10-04 17:45:29,460 - INFO - Parameter sampling...
2025-10-04 17:45:29,460 - INFO - ✓ Parameter sampling finished in 0.00s.
2025-10-04 17:45:29,460 - INFO - Earth Mover's Distance...
2025-10-04 17:45:30,695 - INFO - ✓ Earth Mover's Distance finished in 1.23s.
2025-10-04 17:45:30,695 - INFO - KS Test...
2025-10-04 17:45:31,172 - INFO - ✓ KS Test finished in 0.48s.
2025-10-04 17:45:31,172 - INFO - Descriptive statistics...
2025-10-04 17:45:31,184 - INFO - ✓ Descriptive statistics finished in 0.01s.
2025-10-04 17:45:31,186 - INFO - Results: {'KL Weights': 4.715160369873047, 'KL Biases': inf, 'EMD Weights': 0.04533839731994432, 'EMD Biases': 0.038002258106234504, 'KS Weights Statistic': 0.4934288780074115, 'KS Weights P-value': 0.0, 'KS Biases Statistic': 0.4652744182509506, 'KS Biases P-value': 0.0, 'Mean Weights': 0.0005058785698078888, 'Mean Biases': -0.0379497031045359, 'Std Weights': 0.007690719199402749, 'Std Biases': 0.054293180414935506, 'Kurtosis Weights': 408.52217813308533, 'Kurtosis Biases': 7.239787205408923}
2025-10-04 17:45:31,197 - INFO - Num positive samples taken: 24620; num positive weights: 10893; num positive biases: 1484 (Total: 12377)
2025-10-04 17:45:31,197 - INFO - Num negative samples taken: 3630; num negative weights: 10441; num negative biases: 7721 (Total: 18162)
2025-10-04 17:45:32,089 - INFO - Generating trigger and payload...
2025-10-04 17:45:32,091 - INFO - ✓ Generating trigger and payload finished in 0.00s.
2025-10-04 17:45:32,091 - INFO - Creating backdoored model...
2025-10-04 17:45:32,471 - INFO - ✓ Creating backdoored model finished in 0.38s.
2025-10-04 17:45:32,471 - INFO - Unfold StepMLP parameters...
2025-10-04 17:45:32,476 - INFO - ✓ Unfold StepMLP parameters finished in 0.00s.
2025-10-04 17:45:32,476 - INFO - KL Divergence...
2025-10-04 17:45:32,487 - INFO - ✓ KL Divergence finished in 0.01s.
2025-10-04 17:45:32,487 - INFO - Parameter sampling...
2025-10-04 17:45:32,487 - INFO - ✓ Parameter sampling finished in 0.00s.
2025-10-04 17:45:32,487 - INFO - Earth Mover's Distance...
2025-10-04 17:45:33,771 - INFO - ✓ Earth Mover's Distance finished in 1.28s.
2025-10-04 17:45:33,771 - INFO - KS Test...
2025-10-04 17:45:34,243 - INFO - ✓ KS Test finished in 0.47s.
2025-10-04 17:45:34,243 - INFO - Descriptive statistics...
2025-10-04 17:45:34,253 - INFO - ✓ Descriptive statistics finished in 0.01s.
2025-10-04 17:45:34,255 - INFO - Results: {'KL Weights': 4.712846755981445, 'KL Biases': 0.7885342240333557, 'EMD Weights': 0.04534573315619839, 'EMD Biases': 0.03706929261547758, 'KS Weights Statistic': 0.4928069524734883, 'KS Weights P-value': 0.0, 'KS Biases Statistic': 0.46592964231395984, 'KS Biases P-value': 0.0, 'Mean Weights': 0.0004956583057774851, 'Mean Biases': -0.03701501172094086, 'Std Weights': 0.0076438645426426255, 'Std Biases': 0.05363003155457115, 'Kurtosis Weights': 453.1674181030813, 'Kurtosis Biases': 6.326245299748729}
2025-10-04 17:45:34,267 - INFO - Num positive samples taken: 24620; num positive weights: 10893; num positive biases: 1485 (Total: 12378)
2025-10-04 17:45:34,268 - INFO - Num negative samples taken: 3630; num negative weights: 10441; num negative biases: 7720 (Total: 18161)
2025-10-04 17:45:34,878 - INFO - Generating trigger and payload...
2025-10-04 17:45:34,880 - INFO - ✓ Generating trigger and payload finished in 0.00s.
2025-10-04 17:45:34,880 - INFO - Creating backdoored model...
2025-10-04 17:45:35,276 - INFO - ✓ Creating backdoored model finished in 0.40s.
2025-10-04 17:45:35,276 - INFO - Unfold StepMLP parameters...
2025-10-04 17:45:35,280 - INFO - ✓ Unfold StepMLP parameters finished in 0.00s.
2025-10-04 17:45:35,280 - INFO - KL Divergence...
2025-10-04 17:45:35,290 - INFO - ✓ KL Divergence finished in 0.01s.
2025-10-04 17:45:35,290 - INFO - Parameter sampling...
2025-10-04 17:45:35,290 - INFO - ✓ Parameter sampling finished in 0.00s.
2025-10-04 17:45:35,290 - INFO - Earth Mover's Distance...
2025-10-04 17:45:36,547 - INFO - ✓ Earth Mover's Distance finished in 1.26s.
2025-10-04 17:45:36,547 - INFO - KS Test...
2025-10-04 17:45:37,026 - INFO - ✓ KS Test finished in 0.48s.
2025-10-04 17:45:37,026 - INFO - Descriptive statistics...
2025-10-04 17:45:37,036 - INFO - ✓ Descriptive statistics finished in 0.01s.
2025-10-04 17:45:37,038 - INFO - Results: {'KL Weights': 4.714671611785889, 'KL Biases': inf, 'EMD Weights': 0.04533766457278409, 'EMD Biases': 0.03747681485051941, 'KS Weights Statistic': 0.4932198615575328, 'KS Weights P-value': 0.0, 'KS Biases Statistic': 0.465623098587724, 'KS Biases P-value': 0.0, 'Mean Weights': 0.0005027802060775464, 'Mean Biases': -0.037421884954376754, 'Std Weights': 0.0076996146098485645, 'Std Biases': 0.054047054990333916, 'Kurtosis Weights': 461.8775360950964, 'Kurtosis Biases': 7.297191980141971}
2025-10-04 17:45:37,050 - INFO - Num positive samples taken: 24620; num positive weights: 10893; num positive biases: 1486 (Total: 12379)
2025-10-04 17:45:37,050 - INFO - Num negative samples taken: 3630; num negative weights: 10441; num negative biases: 7719 (Total: 18160)
2025-10-04 17:45:37,645 - INFO - Generating trigger and payload...
2025-10-04 17:45:37,647 - INFO - ✓ Generating trigger and payload finished in 0.00s.
2025-10-04 17:45:37,647 - INFO - Creating backdoored model...
2025-10-04 17:45:38,022 - INFO - ✓ Creating backdoored model finished in 0.37s.
2025-10-04 17:45:38,022 - INFO - Unfold StepMLP parameters...
2025-10-04 17:45:38,027 - INFO - ✓ Unfold StepMLP parameters finished in 0.00s.
2025-10-04 17:45:38,027 - INFO - KL Divergence...
2025-10-04 17:45:38,038 - INFO - ✓ KL Divergence finished in 0.01s.
2025-10-04 17:45:38,038 - INFO - Parameter sampling...
2025-10-04 17:45:38,038 - INFO - ✓ Parameter sampling finished in 0.00s.
2025-10-04 17:45:38,038 - INFO - Earth Mover's Distance...
2025-10-04 17:45:39,346 - INFO - ✓ Earth Mover's Distance finished in 1.31s.
2025-10-04 17:45:39,346 - INFO - KS Test...
2025-10-04 17:45:39,820 - INFO - ✓ KS Test finished in 0.47s.
2025-10-04 17:45:39,821 - INFO - Descriptive statistics...
2025-10-04 17:45:39,830 - INFO - ✓ Descriptive statistics finished in 0.01s.
2025-10-04 17:45:39,831 - INFO - Results: {'KL Weights': 4.713228225708008, 'KL Biases': 0.7828077077865601, 'EMD Weights': 0.04533631974931041, 'EMD Biases': 0.03738875990349167, 'KS Weights Statistic': 0.4929494882683923, 'KS Weights P-value': 0.0, 'KS Biases Statistic': 0.4663557762085824, 'KS Biases P-value': 0.0, 'Mean Weights': 0.0005054531150825997, 'Mean Biases': -0.037330649584058725, 'Std Weights': 0.00769355263778786, 'Std Biases': 0.052764968173492494, 'Kurtosis Weights': 398.68510012785777, 'Kurtosis Biases': 5.8216128560176905}
2025-10-04 17:45:39,842 - INFO - Num positive samples taken: 24620; num positive weights: 10893; num positive biases: 1484 (Total: 12377)
2025-10-04 17:45:39,842 - INFO - Num negative samples taken: 3630; num negative weights: 10441; num negative biases: 7721 (Total: 18162)
2025-10-04 17:45:40,453 - INFO - Generating trigger and payload...
2025-10-04 17:45:40,455 - INFO - ✓ Generating trigger and payload finished in 0.00s.
2025-10-04 17:45:40,456 - INFO - Creating backdoored model...
2025-10-04 17:45:40,834 - INFO - ✓ Creating backdoored model finished in 0.38s.
2025-10-04 17:45:40,835 - INFO - Unfold StepMLP parameters...
2025-10-04 17:45:40,840 - INFO - ✓ Unfold StepMLP parameters finished in 0.01s.
2025-10-04 17:45:40,840 - INFO - KL Divergence...
2025-10-04 17:45:40,852 - INFO - ✓ KL Divergence finished in 0.01s.
2025-10-04 17:45:40,852 - INFO - Parameter sampling...
2025-10-04 17:45:40,852 - INFO - ✓ Parameter sampling finished in 0.00s.
2025-10-04 17:45:40,852 - INFO - Earth Mover's Distance...
2025-10-04 17:45:42,124 - INFO - ✓ Earth Mover's Distance finished in 1.27s.
2025-10-04 17:45:42,124 - INFO - KS Test...
2025-10-04 17:45:42,594 - INFO - ✓ KS Test finished in 0.47s.
2025-10-04 17:45:42,594 - INFO - Descriptive statistics...
2025-10-04 17:45:42,604 - INFO - ✓ Descriptive statistics finished in 0.01s.
2025-10-04 17:45:42,606 - INFO - Results: {'KL Weights': 4.714566230773926, 'KL Biases': inf, 'EMD Weights': 0.04533804457861839, 'EMD Biases': 0.03743647509331597, 'KS Weights Statistic': 0.49280610138676434, 'KS Weights P-value': 0.0, 'KS Biases Statistic': 0.46539091010320477, 'KS Biases P-value': 0.0, 'Mean Weights': 0.0005030134002687633, 'Mean Biases': -0.03738255817085619, 'Std Weights': 0.007725992359357818, 'Std Biases': 0.05367987173204206, 'Kurtosis Weights': 434.1383092769056, 'Kurtosis Biases': 7.286594000230048}
2025-10-04 17:45:42,618 - INFO - Num positive samples taken: 24620; num positive weights: 10893; num positive biases: 1486 (Total: 12379)
2025-10-04 17:45:42,618 - INFO - Num negative samples taken: 3630; num negative weights: 10441; num negative biases: 7719 (Total: 18160)
2025-10-04 17:45:43,229 - INFO - Generating trigger and payload...
2025-10-04 17:45:43,231 - INFO - ✓ Generating trigger and payload finished in 0.00s.
2025-10-04 17:45:43,231 - INFO - Creating backdoored model...
2025-10-04 17:45:43,634 - INFO - ✓ Creating backdoored model finished in 0.40s.
2025-10-04 17:45:43,635 - INFO - Unfold StepMLP parameters...
2025-10-04 17:45:43,640 - INFO - ✓ Unfold StepMLP parameters finished in 0.01s.
2025-10-04 17:45:43,640 - INFO - KL Divergence...
2025-10-04 17:45:43,650 - INFO - ✓ KL Divergence finished in 0.01s.
2025-10-04 17:45:43,651 - INFO - Parameter sampling...
2025-10-04 17:45:43,651 - INFO - ✓ Parameter sampling finished in 0.00s.
2025-10-04 17:45:43,651 - INFO - Earth Mover's Distance...
2025-10-04 17:45:44,988 - INFO - ✓ Earth Mover's Distance finished in 1.34s.
2025-10-04 17:45:44,989 - INFO - KS Test...
2025-10-04 17:45:45,462 - INFO - ✓ KS Test finished in 0.47s.
2025-10-04 17:45:45,463 - INFO - Descriptive statistics...
2025-10-04 17:45:45,472 - INFO - ✓ Descriptive statistics finished in 0.01s.
2025-10-04 17:45:45,473 - INFO - Results: {'KL Weights': 4.713996410369873, 'KL Biases': inf, 'EMD Weights': 0.04533723028201473, 'EMD Biases': 0.03750891540930824, 'KS Weights Statistic': 0.49306858301937306, 'KS Weights P-value': 0.0, 'KS Biases Statistic': 0.46571082536664854, 'KS Biases P-value': 0.0, 'Mean Weights': 0.0004986489191491498, 'Mean Biases': -0.03745601126571086, 'Std Weights': 0.007729921222315772, 'Std Biases': 0.05418428724679509, 'Kurtosis Weights': 435.5196004202424, 'Kurtosis Biases': 7.135143523661606}
2025-10-04 17:45:45,484 - INFO - Num positive samples taken: 24620; num positive weights: 10893; num positive biases: 1487 (Total: 12380)
2025-10-04 17:45:45,484 - INFO - Num negative samples taken: 3630; num negative weights: 10441; num negative biases: 7718 (Total: 18159)
2025-10-04 17:45:46,103 - INFO - Generating trigger and payload...
2025-10-04 17:45:46,104 - INFO - ✓ Generating trigger and payload finished in 0.00s.
2025-10-04 17:45:46,105 - INFO - Creating backdoored model...
2025-10-04 17:45:46,472 - INFO - ✓ Creating backdoored model finished in 0.37s.
2025-10-04 17:45:46,472 - INFO - Unfold StepMLP parameters...
2025-10-04 17:45:46,477 - INFO - ✓ Unfold StepMLP parameters finished in 0.00s.
2025-10-04 17:45:46,478 - INFO - KL Divergence...
2025-10-04 17:45:46,488 - INFO - ✓ KL Divergence finished in 0.01s.
2025-10-04 17:45:46,489 - INFO - Parameter sampling...
2025-10-04 17:45:46,489 - INFO - ✓ Parameter sampling finished in 0.00s.
2025-10-04 17:45:46,489 - INFO - Earth Mover's Distance...
2025-10-04 17:45:48,001 - INFO - ✓ Earth Mover's Distance finished in 1.51s.
2025-10-04 17:45:48,002 - INFO - KS Test...
2025-10-04 17:45:48,498 - INFO - ✓ KS Test finished in 0.50s.
2025-10-04 17:45:48,498 - INFO - Descriptive statistics...
2025-10-04 17:45:48,508 - INFO - ✓ Descriptive statistics finished in 0.01s.
2025-10-04 17:45:48,509 - INFO - Results: {'KL Weights': 4.715033531188965, 'KL Biases': 0.7806119918823242, 'EMD Weights': 0.04533516175426384, 'EMD Biases': 0.0377426439951647, 'KS Weights Statistic': 0.4933745946565925, 'KS Weights P-value': 0.0, 'KS Biases Statistic': 0.46608727892449753, 'KS Biases P-value': 0.0, 'Mean Weights': 0.0005032091635415709, 'Mean Biases': -0.037689819025566486, 'Std Weights': 0.007716922217120729, 'Std Biases': 0.053866411899097424, 'Kurtosis Weights': 413.4756201500319, 'Kurtosis Biases': 7.1411651264959914}
2025-10-04 17:45:48,520 - INFO - Num positive samples taken: 24620; num positive weights: 10893; num positive biases: 1484 (Total: 12377)
2025-10-04 17:45:48,520 - INFO - Num negative samples taken: 3630; num negative weights: 10441; num negative biases: 7721 (Total: 18162)
2025-10-04 17:45:49,386 - INFO - Generating trigger and payload...
2025-10-04 17:45:49,388 - INFO - ✓ Generating trigger and payload finished in 0.00s.
2025-10-04 17:45:49,388 - INFO - Creating backdoored model...
2025-10-04 17:45:49,564 - INFO - ✓ Creating backdoored model finished in 0.18s.
2025-10-04 17:45:49,564 - INFO - Unfold StepMLP parameters...
2025-10-04 17:45:49,569 - INFO - ✓ Unfold StepMLP parameters finished in 0.01s.
2025-10-04 17:45:49,569 - INFO - KL Divergence...
2025-10-04 17:45:49,579 - INFO - ✓ KL Divergence finished in 0.01s.
2025-10-04 17:45:49,579 - INFO - Parameter sampling...
2025-10-04 17:45:49,579 - INFO - ✓ Parameter sampling finished in 0.00s.
2025-10-04 17:45:49,579 - INFO - Earth Mover's Distance...
2025-10-04 17:45:50,983 - INFO - ✓ Earth Mover's Distance finished in 1.40s.
2025-10-04 17:45:50,984 - INFO - KS Test...
2025-10-04 17:45:51,477 - INFO - ✓ KS Test finished in 0.49s.
2025-10-04 17:45:51,477 - INFO - Descriptive statistics...
2025-10-04 17:45:51,487 - INFO - ✓ Descriptive statistics finished in 0.01s.
2025-10-04 17:45:51,489 - INFO - Results: {'KL Weights': 4.715303897857666, 'KL Biases': inf, 'EMD Weights': 0.04534621535075572, 'EMD Biases': 0.03717590686425001, 'KS Weights Statistic': 0.4931575046993933, 'KS Weights P-value': 0.0, 'KS Biases Statistic': 0.4649219592612711, 'KS Biases P-value': 0.0, 'Mean Weights': 0.0004946647001151889, 'Mean Biases': -0.03712003098642771, 'Std Weights': 0.0076557778442641715, 'Std Biases': 0.053406367071979835, 'Kurtosis Weights': 472.47635589919196, 'Kurtosis Biases': 6.434049722885495}
2025-10-04 17:45:51,501 - INFO - Num positive samples taken: 24620; num positive weights: 10893; num positive biases: 1487 (Total: 12380)
2025-10-04 17:45:51,501 - INFO - Num negative samples taken: 3630; num negative weights: 10441; num negative biases: 7718 (Total: 18159)
2025-10-04 17:45:52,391 - INFO - Generating trigger and payload...
2025-10-04 17:45:52,393 - INFO - ✓ Generating trigger and payload finished in 0.00s.
2025-10-04 17:45:52,394 - INFO - Creating backdoored model...
2025-10-04 17:45:52,809 - INFO - ✓ Creating backdoored model finished in 0.42s.
2025-10-04 17:45:52,809 - INFO - Unfold StepMLP parameters...
2025-10-04 17:45:52,815 - INFO - ✓ Unfold StepMLP parameters finished in 0.01s.
2025-10-04 17:45:52,815 - INFO - KL Divergence...
2025-10-04 17:45:52,828 - INFO - ✓ KL Divergence finished in 0.01s.
2025-10-04 17:45:52,829 - INFO - Parameter sampling...
2025-10-04 17:45:52,829 - INFO - ✓ Parameter sampling finished in 0.00s.
2025-10-04 17:45:52,829 - INFO - Earth Mover's Distance...
2025-10-04 17:45:54,138 - INFO - ✓ Earth Mover's Distance finished in 1.31s.
2025-10-04 17:45:54,139 - INFO - KS Test...
2025-10-04 17:45:54,615 - INFO - ✓ KS Test finished in 0.48s.
2025-10-04 17:45:54,615 - INFO - Descriptive statistics...
2025-10-04 17:45:54,625 - INFO - ✓ Descriptive statistics finished in 0.01s.
2025-10-04 17:45:54,625 - INFO - Results: {'KL Weights': 4.714195728302002, 'KL Biases': 0.7824901938438416, 'EMD Weights': 0.0453468895032525, 'EMD Biases': 0.03723764412406181, 'KS Weights Statistic': 0.493507433128463, 'KS Weights P-value': 0.0, 'KS Biases Statistic': 0.46443631721890277, 'KS Biases P-value': 0.0, 'Mean Weights': 0.0004931011049646246, 'Mean Biases': -0.03718120977867084, 'Std Weights': 0.00764705702368624, 'Std Biases': 0.05311977623688147, 'Kurtosis Weights': 414.23026750735545, 'Kurtosis Biases': 6.799202246171923}
2025-10-04 17:45:54,636 - INFO - Num positive samples taken: 24620; num positive weights: 10893; num positive biases: 1482 (Total: 12375)
2025-10-04 17:45:54,636 - INFO - Num negative samples taken: 3630; num negative weights: 10441; num negative biases: 7723 (Total: 18164)
2025-10-04 17:45:55,251 - INFO - Generating trigger and payload...
2025-10-04 17:45:55,253 - INFO - ✓ Generating trigger and payload finished in 0.00s.
2025-10-04 17:45:55,253 - INFO - Creating backdoored model...
2025-10-04 17:45:55,650 - INFO - ✓ Creating backdoored model finished in 0.40s.
2025-10-04 17:45:55,650 - INFO - Unfold StepMLP parameters...
2025-10-04 17:45:55,657 - INFO - ✓ Unfold StepMLP parameters finished in 0.01s.
2025-10-04 17:45:55,657 - INFO - KL Divergence...
2025-10-04 17:45:55,666 - INFO - ✓ KL Divergence finished in 0.01s.
2025-10-04 17:45:55,666 - INFO - Parameter sampling...
2025-10-04 17:45:55,666 - INFO - ✓ Parameter sampling finished in 0.00s.
2025-10-04 17:45:55,667 - INFO - Earth Mover's Distance...
2025-10-04 17:45:56,911 - INFO - ✓ Earth Mover's Distance finished in 1.24s.
2025-10-04 17:45:56,911 - INFO - KS Test...
2025-10-04 17:45:57,391 - INFO - ✓ KS Test finished in 0.48s.
2025-10-04 17:45:57,391 - INFO - Descriptive statistics...
2025-10-04 17:45:57,400 - INFO - ✓ Descriptive statistics finished in 0.01s.
2025-10-04 17:45:57,402 - INFO - Results: {'KL Weights': 4.719362258911133, 'KL Biases': inf, 'EMD Weights': 0.04534447555204724, 'EMD Biases': 0.03728830799224857, 'KS Weights Statistic': 0.49315340316160766, 'KS Weights P-value': 0.0, 'KS Biases Statistic': 0.4655210958718088, 'KS Biases P-value': 0.0, 'Mean Weights': 0.0004972260146028393, 'Mean Biases': -0.03723516625436649, 'Std Weights': 0.007618354840307317, 'Std Biases': 0.05233344847415101, 'Kurtosis Weights': 430.67218866501906, 'Kurtosis Biases': 7.036966887999721}
2025-10-04 17:45:57,414 - INFO - Num positive samples taken: 24620; num positive weights: 10893; num positive biases: 1484 (Total: 12377)
2025-10-04 17:45:57,414 - INFO - Num negative samples taken: 3630; num negative weights: 10441; num negative biases: 7721 (Total: 18162)
2025-10-04 17:45:58,019 - INFO - Generating trigger and payload...
2025-10-04 17:45:58,022 - INFO - ✓ Generating trigger and payload finished in 0.00s.
2025-10-04 17:45:58,022 - INFO - Creating backdoored model...
2025-10-04 17:45:58,413 - INFO - ✓ Creating backdoored model finished in 0.39s.
2025-10-04 17:45:58,414 - INFO - Unfold StepMLP parameters...
2025-10-04 17:45:58,418 - INFO - ✓ Unfold StepMLP parameters finished in 0.00s.
2025-10-04 17:45:58,418 - INFO - KL Divergence...
2025-10-04 17:45:58,430 - INFO - ✓ KL Divergence finished in 0.01s.
2025-10-04 17:45:58,430 - INFO - Parameter sampling...
2025-10-04 17:45:58,430 - INFO - ✓ Parameter sampling finished in 0.00s.
2025-10-04 17:45:58,431 - INFO - Earth Mover's Distance...
2025-10-04 17:45:59,738 - INFO - ✓ Earth Mover's Distance finished in 1.31s.
2025-10-04 17:45:59,738 - INFO - KS Test...
2025-10-04 17:46:00,221 - INFO - ✓ KS Test finished in 0.48s.
2025-10-04 17:46:00,221 - INFO - Descriptive statistics...
2025-10-04 17:46:00,231 - INFO - ✓ Descriptive statistics finished in 0.01s.
2025-10-04 17:46:00,231 - INFO - Results: {'KL Weights': 4.71644926071167, 'KL Biases': inf, 'EMD Weights': 0.045343408804269986, 'EMD Biases': 0.03752077501525799, 'KS Weights Statistic': 0.4931122909642366, 'KS Weights P-value': 0.0, 'KS Biases Statistic': 0.46565728164041276, 'KS Biases P-value': 0.0, 'Mean Weights': 0.0004979442080855701, 'Mean Biases': -0.0374656897922619, 'Std Weights': 0.007667970725358968, 'Std Biases': 0.05371951019469369, 'Kurtosis Weights': 440.9529017289825, 'Kurtosis Biases': 7.098701556934959}
2025-10-04 17:46:00,243 - INFO - Num positive samples taken: 24620; num positive weights: 10893; num positive biases: 1487 (Total: 12380)
2025-10-04 17:46:00,243 - INFO - Num negative samples taken: 3630; num negative weights: 10441; num negative biases: 7718 (Total: 18159)
2025-10-04 17:46:00,897 - INFO - Generating trigger and payload...
2025-10-04 17:46:00,899 - INFO - ✓ Generating trigger and payload finished in 0.00s.
2025-10-04 17:46:00,900 - INFO - Creating backdoored model...
2025-10-04 17:46:01,424 - INFO - ✓ Creating backdoored model finished in 0.52s.
2025-10-04 17:46:01,425 - INFO - Unfold StepMLP parameters...
2025-10-04 17:46:01,430 - INFO - ✓ Unfold StepMLP parameters finished in 0.01s.
2025-10-04 17:46:01,430 - INFO - KL Divergence...
2025-10-04 17:46:01,442 - INFO - ✓ KL Divergence finished in 0.01s.
2025-10-04 17:46:01,443 - INFO - Parameter sampling...
2025-10-04 17:46:01,443 - INFO - ✓ Parameter sampling finished in 0.00s.
2025-10-04 17:46:01,443 - INFO - Earth Mover's Distance...
2025-10-04 17:46:02,709 - INFO - ✓ Earth Mover's Distance finished in 1.27s.
2025-10-04 17:46:02,710 - INFO - KS Test...
2025-10-04 17:46:03,185 - INFO - ✓ KS Test finished in 0.48s.
2025-10-04 17:46:03,185 - INFO - Descriptive statistics...
2025-10-04 17:46:03,195 - INFO - ✓ Descriptive statistics finished in 0.01s.
2025-10-04 17:46:03,197 - INFO - Results: {'KL Weights': 4.712646007537842, 'KL Biases': 0.7931617498397827, 'EMD Weights': 0.045335240000373395, 'EMD Biases': 0.0381064541008351, 'KS Weights Statistic': 0.49228800374063697, 'KS Weights P-value': 0.0, 'KS Biases Statistic': 0.4667555494296578, 'KS Biases P-value': 0.0, 'Mean Weights': 0.0005095948179237975, 'Mean Biases': -0.038051947116530906, 'Std Weights': 0.007735369054132413, 'Std Biases': 0.05384729323277056, 'Kurtosis Weights': 420.38042944021737, 'Kurtosis Biases': 6.079627943017206}
2025-10-04 17:46:03,211 - INFO - Num positive samples taken: 24620; num positive weights: 10893; num positive biases: 1484 (Total: 12377)
2025-10-04 17:46:03,211 - INFO - Num negative samples taken: 3630; num negative weights: 10441; num negative biases: 7721 (Total: 18162)
2025-10-04 17:46:03,861 - INFO - Generating trigger and payload...
2025-10-04 17:46:03,863 - INFO - ✓ Generating trigger and payload finished in 0.00s.
2025-10-04 17:46:03,863 - INFO - Creating backdoored model...
2025-10-04 17:46:04,281 - INFO - ✓ Creating backdoored model finished in 0.42s.
2025-10-04 17:46:04,282 - INFO - Unfold StepMLP parameters...
2025-10-04 17:46:04,287 - INFO - ✓ Unfold StepMLP parameters finished in 0.00s.
2025-10-04 17:46:04,287 - INFO - KL Divergence...
2025-10-04 17:46:04,298 - INFO - ✓ KL Divergence finished in 0.01s.
2025-10-04 17:46:04,298 - INFO - Parameter sampling...
2025-10-04 17:46:04,298 - INFO - ✓ Parameter sampling finished in 0.00s.
2025-10-04 17:46:04,298 - INFO - Earth Mover's Distance...
2025-10-04 17:46:05,568 - INFO - ✓ Earth Mover's Distance finished in 1.27s.
2025-10-04 17:46:05,568 - INFO - KS Test...
2025-10-04 17:46:06,049 - INFO - ✓ KS Test finished in 0.48s.
2025-10-04 17:46:06,049 - INFO - Descriptive statistics...
2025-10-04 17:46:06,058 - INFO - ✓ Descriptive statistics finished in 0.01s.
2025-10-04 17:46:06,059 - INFO - Results: {'KL Weights': 4.71707820892334, 'KL Biases': inf, 'EMD Weights': 0.04534306050124254, 'EMD Biases': 0.037337412175315846, 'KS Weights Statistic': 0.4936619698821233, 'KS Weights P-value': 0.0, 'KS Biases Statistic': 0.46601177620858236, 'KS Biases P-value': 0.0, 'Mean Weights': 0.0005029057300822177, 'Mean Biases': -0.03728352171497695, 'Std Weights': 0.007653446735650484, 'Std Biases': 0.05266943725752106, 'Kurtosis Weights': 430.1321392653352, 'Kurtosis Biases': 7.299127092185634}
2025-10-04 17:46:06,071 - INFO - Num positive samples taken: 24620; num positive weights: 10893; num positive biases: 1481 (Total: 12374)
2025-10-04 17:46:06,071 - INFO - Num negative samples taken: 3630; num negative weights: 10441; num negative biases: 7724 (Total: 18165)
2025-10-04 17:46:06,858 - INFO - Generating trigger and payload...
2025-10-04 17:46:06,860 - INFO - ✓ Generating trigger and payload finished in 0.00s.
2025-10-04 17:46:06,860 - INFO - Creating backdoored model...
2025-10-04 17:46:07,209 - INFO - ✓ Creating backdoored model finished in 0.35s.
2025-10-04 17:46:07,209 - INFO - Unfold StepMLP parameters...
2025-10-04 17:46:07,214 - INFO - ✓ Unfold StepMLP parameters finished in 0.00s.
2025-10-04 17:46:07,214 - INFO - KL Divergence...
2025-10-04 17:46:07,224 - INFO - ✓ KL Divergence finished in 0.01s.
2025-10-04 17:46:07,224 - INFO - Parameter sampling...
2025-10-04 17:46:07,224 - INFO - ✓ Parameter sampling finished in 0.00s.
2025-10-04 17:46:07,224 - INFO - Earth Mover's Distance...
2025-10-04 17:46:08,421 - INFO - ✓ Earth Mover's Distance finished in 1.20s.
2025-10-04 17:46:08,421 - INFO - KS Test...
2025-10-04 17:46:08,903 - INFO - ✓ KS Test finished in 0.48s.
2025-10-04 17:46:08,903 - INFO - Descriptive statistics...
2025-10-04 17:46:08,912 - INFO - ✓ Descriptive statistics finished in 0.01s.
2025-10-04 17:46:08,914 - INFO - Results: {'KL Weights': 4.714088439941406, 'KL Biases': inf, 'EMD Weights': 0.04533592846584266, 'EMD Biases': 0.037455815436093616, 'KS Weights Statistic': 0.4923866797256218, 'KS Weights P-value': 0.0, 'KS Biases Statistic': 0.4650877297664313, 'KS Biases P-value': 0.0, 'Mean Weights': 0.0005002012086738462, 'Mean Biases': -0.03740060927457205, 'Std Weights': 0.007738012340555307, 'Std Biases': 0.05412791950108137, 'Kurtosis Weights': 416.3503933636867, 'Kurtosis Biases': 6.830994943127401}
2025-10-04 17:46:08,926 - INFO - Num positive samples taken: 24620; num positive weights: 10893; num positive biases: 1487 (Total: 12380)
2025-10-04 17:46:08,926 - INFO - Num negative samples taken: 3630; num negative weights: 10441; num negative biases: 7718 (Total: 18159)
2025-10-04 17:46:09,560 - INFO - Generating trigger and payload...
2025-10-04 17:46:09,562 - INFO - ✓ Generating trigger and payload finished in 0.00s.
2025-10-04 17:46:09,562 - INFO - Creating backdoored model...
2025-10-04 17:46:09,970 - INFO - ✓ Creating backdoored model finished in 0.41s.
2025-10-04 17:46:09,971 - INFO - Unfold StepMLP parameters...
2025-10-04 17:46:09,975 - INFO - ✓ Unfold StepMLP parameters finished in 0.00s.
2025-10-04 17:46:09,976 - INFO - KL Divergence...
2025-10-04 17:46:09,990 - INFO - ✓ KL Divergence finished in 0.01s.
2025-10-04 17:46:09,990 - INFO - Parameter sampling...
2025-10-04 17:46:09,990 - INFO - ✓ Parameter sampling finished in 0.00s.
2025-10-04 17:46:09,991 - INFO - Earth Mover's Distance...
2025-10-04 17:46:11,238 - INFO - ✓ Earth Mover's Distance finished in 1.25s.
2025-10-04 17:46:11,238 - INFO - KS Test...
2025-10-04 17:46:11,729 - INFO - ✓ KS Test finished in 0.49s.
2025-10-04 17:46:11,729 - INFO - Descriptive statistics...
2025-10-04 17:46:11,739 - INFO - ✓ Descriptive statistics finished in 0.01s.
2025-10-04 17:46:11,739 - INFO - Results: {'KL Weights': 4.715015888214111, 'KL Biases': inf, 'EMD Weights': 0.0453396026047767, 'EMD Biases': 0.037656016342713934, 'KS Weights Statistic': 0.4930810075567846, 'KS Weights P-value': 0.0, 'KS Biases Statistic': 0.4647732324823466, 'KS Biases P-value': 0.0, 'Mean Weights': 0.0005029480588872751, 'Mean Biases': -0.03759894073836165, 'Std Weights': 0.007615410673804378, 'Std Biases': 0.05248642825113701, 'Kurtosis Weights': 379.9233627536319, 'Kurtosis Biases': 5.360071072776602}
2025-10-04 17:46:11,751 - INFO - Num positive samples taken: 24620; num positive weights: 10893; num positive biases: 1486 (Total: 12379)
2025-10-04 17:46:11,751 - INFO - Num negative samples taken: 3630; num negative weights: 10441; num negative biases: 7719 (Total: 18160)
2025-10-04 17:46:12,370 - INFO - Generating trigger and payload...
2025-10-04 17:46:12,372 - INFO - ✓ Generating trigger and payload finished in 0.00s.
2025-10-04 17:46:12,372 - INFO - Creating backdoored model...
2025-10-04 17:46:12,788 - INFO - ✓ Creating backdoored model finished in 0.42s.
2025-10-04 17:46:12,789 - INFO - Unfold StepMLP parameters...
2025-10-04 17:46:12,793 - INFO - ✓ Unfold StepMLP parameters finished in 0.00s.
2025-10-04 17:46:12,793 - INFO - KL Divergence...
2025-10-04 17:46:12,804 - INFO - ✓ KL Divergence finished in 0.01s.
2025-10-04 17:46:12,805 - INFO - Parameter sampling...
2025-10-04 17:46:12,805 - INFO - ✓ Parameter sampling finished in 0.00s.
2025-10-04 17:46:12,805 - INFO - Earth Mover's Distance...
2025-10-04 17:46:14,148 - INFO - ✓ Earth Mover's Distance finished in 1.34s.
2025-10-04 17:46:14,149 - INFO - KS Test...
2025-10-04 17:46:14,628 - INFO - ✓ KS Test finished in 0.48s.
2025-10-04 17:46:14,628 - INFO - Descriptive statistics...
2025-10-04 17:46:14,638 - INFO - ✓ Descriptive statistics finished in 0.01s.
2025-10-04 17:46:14,640 - INFO - Results: {'KL Weights': 4.714560508728027, 'KL Biases': inf, 'EMD Weights': 0.04534798650332622, 'EMD Biases': 0.03720294851036273, 'KS Weights Statistic': 0.49297896792685536, 'KS Weights P-value': 0.0, 'KS Biases Statistic': 0.4669655931558935, 'KS Biases P-value': 0.0, 'Mean Weights': 0.0004984379116216616, 'Mean Biases': -0.037150263591236854, 'Std Weights': 0.007618918014773398, 'Std Biases': 0.052756160082492384, 'Kurtosis Weights': 440.2911279788061, 'Kurtosis Biases': 6.792530157908596}
2025-10-04 17:46:14,652 - INFO - Num positive samples taken: 24620; num positive weights: 10893; num positive biases: 1482 (Total: 12375)
2025-10-04 17:46:14,652 - INFO - Num negative samples taken: 3630; num negative weights: 10441; num negative biases: 7723 (Total: 18164)
2025-10-04 17:46:15,299 - INFO - Generating trigger and payload...
2025-10-04 17:46:15,301 - INFO - ✓ Generating trigger and payload finished in 0.00s.
2025-10-04 17:46:15,301 - INFO - Creating backdoored model...
2025-10-04 17:46:15,767 - INFO - ✓ Creating backdoored model finished in 0.47s.
2025-10-04 17:46:15,767 - INFO - Unfold StepMLP parameters...
2025-10-04 17:46:15,773 - INFO - ✓ Unfold StepMLP parameters finished in 0.01s.
2025-10-04 17:46:15,773 - INFO - KL Divergence...
2025-10-04 17:46:15,784 - INFO - ✓ KL Divergence finished in 0.01s.
2025-10-04 17:46:15,784 - INFO - Parameter sampling...
2025-10-04 17:46:15,784 - INFO - ✓ Parameter sampling finished in 0.00s.
2025-10-04 17:46:15,785 - INFO - Earth Mover's Distance...
2025-10-04 17:46:17,403 - INFO - ✓ Earth Mover's Distance finished in 1.62s.
2025-10-04 17:46:17,403 - INFO - KS Test...
2025-10-04 17:46:17,943 - INFO - ✓ KS Test finished in 0.54s.
2025-10-04 17:46:17,943 - INFO - Descriptive statistics...
2025-10-04 17:46:17,955 - INFO - ✓ Descriptive statistics finished in 0.01s.
2025-10-04 17:46:17,956 - INFO - Results: {'KL Weights': 4.716270923614502, 'KL Biases': inf, 'EMD Weights': 0.04534117756035128, 'EMD Biases': 0.0376906602540039, 'KS Weights Statistic': 0.4924983431523862, 'KS Weights P-value': 0.0, 'KS Biases Statistic': 0.4657535057034221, 'KS Biases P-value': 0.0, 'Mean Weights': 0.0005008658806452135, 'Mean Biases': -0.03763725153769583, 'Std Weights': 0.007611847586318133, 'Std Biases': 0.05335925661527066, 'Kurtosis Weights': 367.35944629057536, 'Kurtosis Biases': 6.191755439265913}
2025-10-04 17:46:17,968 - INFO - Num positive samples taken: 24620; num positive weights: 10893; num positive biases: 1486 (Total: 12379)
2025-10-04 17:46:17,968 - INFO - Num negative samples taken: 3630; num negative weights: 10441; num negative biases: 7719 (Total: 18160)
2025-10-04 17:46:18,648 - INFO - Generating trigger and payload...
2025-10-04 17:46:18,650 - INFO - ✓ Generating trigger and payload finished in 0.00s.
2025-10-04 17:46:18,650 - INFO - Creating backdoored model...
2025-10-04 17:46:19,110 - INFO - ✓ Creating backdoored model finished in 0.46s.
2025-10-04 17:46:19,110 - INFO - Unfold StepMLP parameters...
2025-10-04 17:46:19,115 - INFO - ✓ Unfold StepMLP parameters finished in 0.00s.
2025-10-04 17:46:19,115 - INFO - KL Divergence...
2025-10-04 17:46:19,126 - INFO - ✓ KL Divergence finished in 0.01s.
2025-10-04 17:46:19,127 - INFO - Parameter sampling...
2025-10-04 17:46:19,127 - INFO - ✓ Parameter sampling finished in 0.00s.
2025-10-04 17:46:19,127 - INFO - Earth Mover's Distance...
2025-10-04 17:46:20,601 - INFO - ✓ Earth Mover's Distance finished in 1.47s.
2025-10-04 17:46:20,602 - INFO - KS Test...
2025-10-04 17:46:21,114 - INFO - ✓ KS Test finished in 0.51s.
2025-10-04 17:46:21,114 - INFO - Descriptive statistics...
2025-10-04 17:46:21,126 - INFO - ✓ Descriptive statistics finished in 0.01s.
2025-10-04 17:46:21,128 - INFO - Results: {'KL Weights': 4.712527751922607, 'KL Biases': inf, 'EMD Weights': 0.04534420575428854, 'EMD Biases': 0.037572257271991906, 'KS Weights Statistic': 0.49252668168088976, 'KS Weights P-value': 0.0, 'KS Biases Statistic': 0.46580264231395985, 'KS Biases P-value': 0.0, 'Mean Weights': 0.0004935606164975928, 'Mean Biases': -0.03751964581690765, 'Std Weights': 0.00762460873298051, 'Std Biases': 0.054457685984056134, 'Kurtosis Weights': 407.55310861495747, 'Kurtosis Biases': 7.587347709677061}
2025-10-04 17:46:21,139 - INFO - Num positive samples taken: 24620; num positive weights: 10893; num positive biases: 1485 (Total: 12378)
2025-10-04 17:46:21,139 - INFO - Num negative samples taken: 3630; num negative weights: 10441; num negative biases: 7720 (Total: 18161)
2025-10-04 17:46:21,788 - INFO - Generating trigger and payload...
2025-10-04 17:46:21,790 - INFO - ✓ Generating trigger and payload finished in 0.00s.
2025-10-04 17:46:21,790 - INFO - Creating backdoored model...
2025-10-04 17:46:22,223 - INFO - ✓ Creating backdoored model finished in 0.43s.
2025-10-04 17:46:22,223 - INFO - Unfold StepMLP parameters...
2025-10-04 17:46:22,228 - INFO - ✓ Unfold StepMLP parameters finished in 0.00s.
2025-10-04 17:46:22,228 - INFO - KL Divergence...
2025-10-04 17:46:22,241 - INFO - ✓ KL Divergence finished in 0.01s.
2025-10-04 17:46:22,241 - INFO - Parameter sampling...
2025-10-04 17:46:22,241 - INFO - ✓ Parameter sampling finished in 0.00s.
2025-10-04 17:46:22,241 - INFO - Earth Mover's Distance...
2025-10-04 17:46:23,742 - INFO - ✓ Earth Mover's Distance finished in 1.50s.
2025-10-04 17:46:23,742 - INFO - KS Test...
2025-10-04 17:46:24,238 - INFO - ✓ KS Test finished in 0.50s.
2025-10-04 17:46:24,239 - INFO - Descriptive statistics...
2025-10-04 17:46:24,251 - INFO - ✓ Descriptive statistics finished in 0.01s.
2025-10-04 17:46:24,251 - INFO - Results: {'KL Weights': 4.712216377258301, 'KL Biases': inf, 'EMD Weights': 0.045334358053039356, 'EMD Biases': 0.0374195134618155, 'KS Weights Statistic': 0.49273415650781593, 'KS Weights P-value': 0.0, 'KS Biases Statistic': 0.463954819934818, 'KS Biases P-value': 0.0, 'Mean Weights': 0.0004993223717911972, 'Mean Biases': -0.037366892242143054, 'Std Weights': 0.007755830881560095, 'Std Biases': 0.053939250967700504, 'Kurtosis Weights': 409.40986740379566, 'Kurtosis Biases': 7.839691874185341}
2025-10-04 17:46:24,265 - INFO - Num positive samples taken: 24620; num positive weights: 10893; num positive biases: 1485 (Total: 12378)
2025-10-04 17:46:24,265 - INFO - Num negative samples taken: 3630; num negative weights: 10441; num negative biases: 7720 (Total: 18161)
2025-10-04 17:46:25,101 - INFO - Generating trigger and payload...
2025-10-04 17:46:25,103 - INFO - ✓ Generating trigger and payload finished in 0.00s.
2025-10-04 17:46:25,104 - INFO - Creating backdoored model...
2025-10-04 17:46:25,482 - INFO - ✓ Creating backdoored model finished in 0.38s.
2025-10-04 17:46:25,482 - INFO - Unfold StepMLP parameters...
2025-10-04 17:46:25,487 - INFO - ✓ Unfold StepMLP parameters finished in 0.00s.
2025-10-04 17:46:25,487 - INFO - KL Divergence...
2025-10-04 17:46:25,498 - INFO - ✓ KL Divergence finished in 0.01s.
2025-10-04 17:46:25,498 - INFO - Parameter sampling...
2025-10-04 17:46:25,498 - INFO - ✓ Parameter sampling finished in 0.00s.
2025-10-04 17:46:25,499 - INFO - Earth Mover's Distance...
2025-10-04 17:46:27,027 - INFO - ✓ Earth Mover's Distance finished in 1.53s.
2025-10-04 17:46:27,027 - INFO - KS Test...
2025-10-04 17:46:27,523 - INFO - ✓ KS Test finished in 0.50s.
2025-10-04 17:46:27,523 - INFO - Descriptive statistics...
2025-10-04 17:46:27,534 - INFO - ✓ Descriptive statistics finished in 0.01s.
2025-10-04 17:46:27,536 - INFO - Results: {'KL Weights': 4.717363357543945, 'KL Biases': inf, 'EMD Weights': 0.04533425332419566, 'EMD Biases': 0.03795538715062326, 'KS Weights Statistic': 0.4927198112680181, 'KS Weights P-value': 0.0, 'KS Biases Statistic': 0.4653568226507332, 'KS Biases P-value': 0.0, 'Mean Weights': 0.0005059607075869182, 'Mean Biases': -0.0378996965764642, 'Std Weights': 0.007805204996601476, 'Std Biases': 0.05445832463660232, 'Kurtosis Weights': 448.6754613941148, 'Kurtosis Biases': 6.859801690652025}
2025-10-04 17:46:27,549 - INFO - Num positive samples taken: 24620; num positive weights: 10893; num positive biases: 1485 (Total: 12378)
2025-10-04 17:46:27,549 - INFO - Num negative samples taken: 3630; num negative weights: 10441; num negative biases: 7720 (Total: 18161)
