2025-10-07 01:48:49,693 - INFO - 
Solution 0-------
	KS Statistic Weights: 0.4996
	KS Statistic Biases: 0.0313
	Stats Score Weights: 0.6281
	Stats Score Biases: 0.17
	Unique Elems Score: 0.00
		TOTAL SCORE = 2.5982
2025-10-07 01:49:25,660 - INFO - Generation = 1
2025-10-07 01:49:30,877 - INFO - Fitness    = 2.5981686115264893
2025-10-07 01:50:04,326 - INFO - Generation = 2
2025-10-07 01:50:09,539 - INFO - Fitness    = 2.5981686115264893
2025-10-07 01:50:42,995 - INFO - Generation = 3
2025-10-07 01:50:48,161 - INFO - Fitness    = 2.5981686115264893
2025-10-07 01:51:21,559 - INFO - Generation = 4
2025-10-07 01:51:26,710 - INFO - Fitness    = 2.5981686115264893
2025-10-07 01:51:59,817 - INFO - Generation = 5
2025-10-07 01:52:04,987 - INFO - Fitness    = 2.5981686115264893
2025-10-07 01:52:38,514 - INFO - Generation = 6
2025-10-07 01:52:43,670 - INFO - Fitness    = 2.5981686115264893
2025-10-07 01:53:17,120 - INFO - Generation = 7
2025-10-07 01:53:22,306 - INFO - Fitness    = 2.5981686115264893
2025-10-07 01:53:55,929 - INFO - Generation = 8
2025-10-07 01:54:01,096 - INFO - Fitness    = 2.5981686115264893
2025-10-07 01:54:34,412 - INFO - Generation = 9
2025-10-07 01:54:39,595 - INFO - Fitness    = 2.5981686115264893
2025-10-07 01:55:14,814 - INFO - Generation = 10
2025-10-07 01:55:20,385 - INFO - Fitness    = 2.5981686115264893
