2025-10-07 02:27:15,222 - INFO - 
Solution 0-------
	KS Statistic Weights: 0.4996
	KS Statistic Biases: 0.0313
	Stats Score Weights: 0.6281
	Stats Score Biases: 0.17
	Unique Elems Score: 0.00
		TOTAL SCORE = 2.5982
2025-10-07 02:27:51,565 - INFO - Generation = 1
2025-10-07 02:27:56,788 - INFO - Fitness    = 2.5981686115264893
2025-10-07 02:28:30,352 - INFO - Generation = 2
2025-10-07 02:28:35,570 - INFO - Fitness    = 2.5981686115264893
2025-10-07 02:29:09,183 - INFO - Generation = 3
2025-10-07 02:29:14,354 - INFO - Fitness    = 2.5981686115264893
2025-10-07 02:29:47,915 - INFO - Generation = 4
2025-10-07 02:29:53,071 - INFO - Fitness    = 2.5981686115264893
2025-10-07 02:30:26,702 - INFO - Generation = 5
2025-10-07 02:30:31,916 - INFO - Fitness    = 2.5981686115264893
2025-10-07 02:31:05,187 - INFO - Generation = 6
2025-10-07 02:31:10,379 - INFO - Fitness    = 2.5981686115264893
2025-10-07 02:31:44,056 - INFO - Generation = 7
2025-10-07 02:31:49,249 - INFO - Fitness    = 2.5981686115264893
2025-10-07 02:32:22,619 - INFO - Generation = 8
2025-10-07 02:32:27,819 - INFO - Fitness    = 2.5981686115264893
2025-10-07 02:33:01,098 - INFO - Generation = 9
2025-10-07 02:33:06,310 - INFO - Fitness    = 2.5981686115264893
2025-10-07 02:33:39,476 - INFO - Generation = 10
2025-10-07 02:33:44,637 - INFO - Fitness    = 2.5981686115264893
