2025-10-07 02:41:36,581 - INFO - 
Solution 0-------
	KS Statistic Weights: 0.4996
	KS Statistic Biases: 0.0313
	Stats Score Weights: 0.6281
	Stats Score Biases: 0.17
	Unique Elems Score: 0.00
		TOTAL SCORE = 2.5982
2025-10-07 02:42:13,336 - INFO - Generation = 1
2025-10-07 02:42:18,603 - INFO - Fitness    = 2.5981686115264893
2025-10-07 02:42:52,331 - INFO - Generation = 2
2025-10-07 02:42:57,513 - INFO - Fitness    = 2.5981686115264893
2025-10-07 02:43:31,309 - INFO - Generation = 3
2025-10-07 02:43:36,471 - INFO - Fitness    = 2.5981686115264893
2025-10-07 02:44:10,134 - INFO - Generation = 4
2025-10-07 02:44:15,272 - INFO - Fitness    = 2.5981686115264893
2025-10-07 02:44:49,114 - INFO - Generation = 5
2025-10-07 02:44:54,321 - INFO - Fitness    = 2.5981686115264893
2025-10-07 02:45:28,217 - INFO - Generation = 6
2025-10-07 02:45:33,397 - INFO - Fitness    = 2.5981686115264893
2025-10-07 02:46:07,315 - INFO - Generation = 7
2025-10-07 02:46:12,514 - INFO - Fitness    = 2.5981686115264893
2025-10-07 02:46:45,969 - INFO - Generation = 8
2025-10-07 02:46:51,115 - INFO - Fitness    = 2.5981686115264893
2025-10-07 02:47:24,971 - INFO - Generation = 9
2025-10-07 02:47:30,120 - INFO - Fitness    = 2.5981686115264893
2025-10-07 02:48:10,511 - INFO - 
Solution 5-------
	KS Statistic Weights: 0.7257
	KS Statistic Biases: 0.1104
	Stats Score Weights: 0.5376
	Stats Score Biases: 0.17
	Unique Elems Score: 0.00
		TOTAL SCORE = 3.0760
2025-10-07 02:48:13,470 - INFO - Generation = 10
2025-10-07 02:48:25,524 - INFO - 
Solution 5-------
	KS Statistic Weights: 0.7257
	KS Statistic Biases: 0.1104
	Stats Score Weights: 0.5376
	Stats Score Biases: 0.17
	Unique Elems Score: 0.00
		TOTAL SCORE = 3.0760
2025-10-07 02:48:28,438 - INFO - Fitness    = 3.07600998878479
